[2024-07-17 10:51:48.294 +03:00] [INF] [] [] [] [Starting role seeding] []
[2024-07-17 10:51:52.269 +03:00] [INF] [] [] [] [Executed DbCommand (118ms) [Parameters=[@__normalizedName_0='?' (Size = 256)], CommandType='"Text"', CommandTimeout='30']
SELECT `r`.`Id`, `r`.`ConcurrencyStamp`, `r`.`Name`, `r`.`NormalizedName`
FROM `Role` AS `r`
WHERE `r`.`NormalizedName` = @__normalizedName_0
LIMIT 1] []
[2024-07-17 10:51:52.596 +03:00] [INF] [] [] [] [Executed DbCommand (15ms) [Parameters=[@__normalizedName_0='?' (Size = 256)], CommandType='"Text"', CommandTimeout='30']
SELECT `r`.`Id`, `r`.`ConcurrencyStamp`, `r`.`Name`, `r`.`NormalizedName`
FROM `Role` AS `r`
WHERE `r`.`NormalizedName` = @__normalizedName_0
LIMIT 1] []
[2024-07-17 10:51:52.618 +03:00] [INF] [] [] [] [Executed DbCommand (5ms) [Parameters=[@__normalizedName_0='?' (Size = 256)], CommandType='"Text"', CommandTimeout='30']
SELECT `r`.`Id`, `r`.`ConcurrencyStamp`, `r`.`Name`, `r`.`NormalizedName`
FROM `Role` AS `r`
WHERE `r`.`NormalizedName` = @__normalizedName_0
LIMIT 1] []
[2024-07-17 10:51:52.652 +03:00] [INF] [] [] [] [Executed DbCommand (22ms) [Parameters=[@__normalizedName_0='?' (Size = 256)], CommandType='"Text"', CommandTimeout='30']
SELECT `r`.`Id`, `r`.`ConcurrencyStamp`, `r`.`Name`, `r`.`NormalizedName`
FROM `Role` AS `r`
WHERE `r`.`NormalizedName` = @__normalizedName_0
LIMIT 1] []
[2024-07-17 10:51:52.702 +03:00] [INF] [] [] [] [Role seeding completed] []
[2024-07-17 10:51:52.705 +03:00] [INF] [] [] [] [Starting super admin seeding] []
[2024-07-17 10:51:52.777 +03:00] [INF] [] [] [] [Executed DbCommand (3ms) [Parameters=[@__defaultUser_Email_0='?' (Size = 256)], CommandType='"Text"', CommandTimeout='30']
SELECT NOT EXISTS (
    SELECT 1
    FROM `User` AS `u`
    WHERE (`u`.`Email` = @__defaultUser_Email_0) AND `u`.`Email` IS NOT NULL)] []
[2024-07-17 10:51:52.798 +03:00] [INF] [] [] [] [Super admin seeding completed] []
[2024-07-17 10:51:53.712 +03:00] [WRN] [] [] [] [The WebRootPath was not found: C:\Users\Mwesh\source\repos\DarajaIntegration\DarajaAPI\wwwroot. Static files may be unavailable.] []
[2024-07-17 10:51:55.491 +03:00] [INF] [] [] [] [Now listening on: https://localhost:5003] []
[2024-07-17 10:51:56.646 +03:00] [INF] [] [] [] [Application started. Press Ctrl+C to shut down.] []
[2024-07-17 10:51:56.653 +03:00] [INF] [] [] [] [Hosting environment: Development] []
[2024-07-17 10:51:56.656 +03:00] [INF] [] [] [] [Content root path: C:\Users\Mwesh\source\repos\DarajaIntegration\DarajaAPI] []
[2024-07-17 10:51:57.163 +03:00] [INF] [] [0HN566LA2V1T5:00000001] [/swagger/index.html] [Request starting HTTP/2 GET https://localhost:5003/swagger/index.html - null null] []
[2024-07-17 10:51:58.528 +03:00] [INF] [] [0HN566LA2V1T5:00000001] [/swagger/index.html] [Request finished HTTP/2 GET https://localhost:5003/swagger/index.html - 200 null text/html;charset=utf-8 1378.9174ms] []
[2024-07-17 10:51:58.628 +03:00] [INF] [] [0HN566LA2V1T5:00000005] [/_vs/browserLink] [Request starting HTTP/2 GET https://localhost:5003/_vs/browserLink - null null] []
[2024-07-17 10:51:58.628 +03:00] [INF] [] [0HN566LA2V1T5:00000003] [/_framework/aspnetcore-browser-refresh.js] [Request starting HTTP/2 GET https://localhost:5003/_framework/aspnetcore-browser-refresh.js - null null] []
[2024-07-17 10:51:58.820 +03:00] [INF] [] [0HN566LA2V1T5:00000003] [/_framework/aspnetcore-browser-refresh.js] [Request finished HTTP/2 GET https://localhost:5003/_framework/aspnetcore-browser-refresh.js - 200 13754 application/javascript; charset=utf-8 191.5682ms] []
[2024-07-17 10:51:59.209 +03:00] [INF] [] [0HN566LA2V1T5:00000005] [/_vs/browserLink] [Request finished HTTP/2 GET https://localhost:5003/_vs/browserLink - 200 null text/javascript; charset=UTF-8 581.3364ms] []
[2024-07-17 10:51:59.943 +03:00] [INF] [] [0HN566LA2V1T5:00000007] [/swagger/v1/swagger.json] [Request starting HTTP/2 GET https://localhost:5003/swagger/v1/swagger.json - null null] []
[2024-07-17 10:52:01.196 +03:00] [INF] [] [0HN566LA2V1T5:00000007] [/swagger/v1/swagger.json] [Request finished HTTP/2 GET https://localhost:5003/swagger/v1/swagger.json - 200 null application/json;charset=utf-8 1253.7848ms] []
