[2025-05-18 09:05:56.181 +03:00] [INF] [] [] [] [Starting role seeding] []
[2025-05-18 09:05:57.696 +03:00] [INF] [] [] [] [Executed DbCommand (42ms) [Parameters=[@__normalizedName_0='?' (Size = 256)], CommandType='"Text"', CommandTimeout='30']
SELECT `r`.`Id`, `r`.`ConcurrencyStamp`, `r`.`Name`, `r`.`NormalizedName`
FROM `Role` AS `r`
WHERE `r`.`NormalizedName` = @__normalizedName_0
LIMIT 1] []
[2025-05-18 09:05:57.822 +03:00] [INF] [] [] [] [Executed DbCommand (6ms) [Parameters=[@__normalizedName_0='?' (Size = 256)], CommandType='"Text"', CommandTimeout='30']
SELECT `r`.`Id`, `r`.`ConcurrencyStamp`, `r`.`Name`, `r`.`NormalizedName`
FROM `Role` AS `r`
WHERE `r`.`NormalizedName` = @__normalizedName_0
LIMIT 1] []
[2025-05-18 09:05:57.832 +03:00] [INF] [] [] [] [Executed DbCommand (2ms) [Parameters=[@__normalizedName_0='?' (Size = 256)], CommandType='"Text"', CommandTimeout='30']
SELECT `r`.`Id`, `r`.`ConcurrencyStamp`, `r`.`Name`, `r`.`NormalizedName`
FROM `Role` AS `r`
WHERE `r`.`NormalizedName` = @__normalizedName_0
LIMIT 1] []
[2025-05-18 09:05:57.839 +03:00] [INF] [] [] [] [Executed DbCommand (2ms) [Parameters=[@__normalizedName_0='?' (Size = 256)], CommandType='"Text"', CommandTimeout='30']
SELECT `r`.`Id`, `r`.`ConcurrencyStamp`, `r`.`Name`, `r`.`NormalizedName`
FROM `Role` AS `r`
WHERE `r`.`NormalizedName` = @__normalizedName_0
LIMIT 1] []
[2025-05-18 09:05:57.842 +03:00] [INF] [] [] [] [Role seeding completed] []
[2025-05-18 09:05:57.843 +03:00] [INF] [] [] [] [Starting super admin seeding] []
[2025-05-18 09:05:57.869 +03:00] [INF] [] [] [] [Executed DbCommand (3ms) [Parameters=[@__defaultUser_Email_0='?' (Size = 256)], CommandType='"Text"', CommandTimeout='30']
SELECT NOT EXISTS (
    SELECT 1
    FROM `User` AS `u`
    WHERE (`u`.`Email` = @__defaultUser_Email_0) AND `u`.`Email` IS NOT NULL)] []
[2025-05-18 09:05:57.876 +03:00] [INF] [] [] [] [Super admin seeding completed] []
[2025-05-18 09:06:36.528 +03:00] [INF] [] [] [] [Executed DbCommand (5ms) [Parameters=[], CommandType='"Text"', CommandTimeout='30']
SELECT `m`.`Id`, `m`.`BillRefNumber`, `m`.`BusinessShortCode`, `m`.`CreatedAt`, `m`.`FirstName`, `m`.`InvoiceNumber`, `m`.`IsVerified`, `m`.`LastName`, `m`.`MSISDN`, `m`.`MiddleName`, `m`.`OrgAccountBalance`, `m`.`RetryCount`, `m`.`ThirdPartyTransID`, `m`.`TransAmount`, `m`.`TransID`, `m`.`TransTime`, `m`.`TransactionType`, `m`.`VerificationDate`, `m`.`VerificationResult`
FROM `MpesaC2Bs` AS `m`
WHERE NOT (`m`.`IsVerified`) AND (`m`.`CreatedAt` > DATE_ADD(UTC_TIMESTAMP(), INTERVAL CAST(-7.0 AS signed) day))] []
[2025-05-18 09:06:36.702 +03:00] [WRN] [] [] [] [The WebRootPath was not found: C:\Users\ianga\source\repos\DarajaIntegration\DarajaAPI\wwwroot. Static files may be unavailable.] []
[2025-05-18 09:06:36.792 +03:00] [INF] [] [] [] [Now listening on: https://localhost:5003] []
[2025-05-18 09:06:36.861 +03:00] [INF] [] [] [] [Application started. Press Ctrl+C to shut down.] []
[2025-05-18 09:06:36.869 +03:00] [INF] [] [] [] [Hosting environment: Development] []
[2025-05-18 09:06:36.872 +03:00] [INF] [] [] [] [Content root path: C:\Users\ianga\source\repos\DarajaIntegration\DarajaAPI] []
[2025-05-18 09:06:37.741 +03:00] [INF] [] [0HNCLQ8J1OV71:00000001] [/swagger/index.html] [Request starting HTTP/2 GET https://localhost:5003/swagger/index.html - null null] []
[2025-05-18 09:06:37.962 +03:00] [INF] [] [0HNCLQ8J1OV71:00000001] [/swagger/index.html] [Request finished HTTP/2 GET https://localhost:5003/swagger/index.html - 200 null text/html;charset=utf-8 230.8915ms] []
[2025-05-18 09:06:37.967 +03:00] [INF] [] [0HNCLQ8J1OV71:00000005] [/_vs/browserLink] [Request starting HTTP/2 GET https://localhost:5003/_vs/browserLink - null null] []
[2025-05-18 09:06:37.967 +03:00] [INF] [] [0HNCLQ8J1OV71:00000003] [/_framework/aspnetcore-browser-refresh.js] [Request starting HTTP/2 GET https://localhost:5003/_framework/aspnetcore-browser-refresh.js - null null] []
[2025-05-18 09:06:38.000 +03:00] [INF] [] [0HNCLQ8J1OV71:00000003] [/_framework/aspnetcore-browser-refresh.js] [Request finished HTTP/2 GET https://localhost:5003/_framework/aspnetcore-browser-refresh.js - 200 16503 application/javascript; charset=utf-8 33.4768ms] []
[2025-05-18 09:06:38.036 +03:00] [INF] [] [0HNCLQ8J1OV71:00000005] [/_vs/browserLink] [Request finished HTTP/2 GET https://localhost:5003/_vs/browserLink - 200 null text/javascript; charset=UTF-8 69.4935ms] []
[2025-05-18 09:06:38.097 +03:00] [INF] [] [0HNCLQ8J1OV71:00000007] [/swagger/v1/swagger.json] [Request starting HTTP/2 GET https://localhost:5003/swagger/v1/swagger.json - null null] []
[2025-05-18 09:06:38.119 +03:00] [INF] [] [0HNCLQ8J1OV71:00000007] [/swagger/v1/swagger.json] [Request finished HTTP/2 GET https://localhost:5003/swagger/v1/swagger.json - 200 null application/json;charset=utf-8 22.8489ms] []
[2025-05-18 09:19:30.397 +03:00] [INF] [] [0HNCLQ8J1OV72:00000001] [/swagger/index.html] [Request starting HTTP/1.1 GET https://a86e-41-81-46-57.ngrok-free.app/swagger/index.html - null null] []
[2025-05-18 09:19:30.436 +03:00] [INF] [] [0HNCLQ8J1OV72:00000001] [/swagger/index.html] [Request finished HTTP/1.1 GET https://a86e-41-81-46-57.ngrok-free.app/swagger/index.html - 200 null text/html;charset=utf-8 39.0932ms] []
[2025-05-18 09:19:31.386 +03:00] [INF] [] [0HNCLQ8J1OV72:00000002] [/swagger/swagger-ui.css] [Request starting HTTP/1.1 GET https://a86e-41-81-46-57.ngrok-free.app/swagger/swagger-ui.css - null null] []
[2025-05-18 09:19:31.459 +03:00] [INF] [] [0HNCLQ8J1OV73:00000001] [/swagger/swagger-ui-bundle.js] [Request starting HTTP/1.1 GET https://a86e-41-81-46-57.ngrok-free.app/swagger/swagger-ui-bundle.js - null null] []
[2025-05-18 09:19:31.562 +03:00] [INF] [] [0HNCLQ8J1OV74:00000001] [/swagger/swagger-ui-standalone-preset.js] [Request starting HTTP/1.1 GET https://a86e-41-81-46-57.ngrok-free.app/swagger/swagger-ui-standalone-preset.js - null null] []
[2025-05-18 09:19:31.586 +03:00] [INF] [] [0HNCLQ8J1OV75:00000001] [/_framework/aspnetcore-browser-refresh.js] [Request starting HTTP/1.1 GET https://a86e-41-81-46-57.ngrok-free.app/_framework/aspnetcore-browser-refresh.js - null null] []
[2025-05-18 09:19:31.596 +03:00] [INF] [] [0HNCLQ8J1OV72:00000002] [/swagger/swagger-ui.css] [Sending file. Request path: '/swagger-ui.css'. Physical path: 'N/A'] []
[2025-05-18 09:19:31.607 +03:00] [INF] [] [0HNCLQ8J1OV75:00000001] [/_framework/aspnetcore-browser-refresh.js] [Request finished HTTP/1.1 GET https://a86e-41-81-46-57.ngrok-free.app/_framework/aspnetcore-browser-refresh.js - 200 16503 application/javascript; charset=utf-8 21.3395ms] []
[2025-05-18 09:19:31.613 +03:00] [INF] [] [0HNCLQ8J1OV72:00000002] [/swagger/swagger-ui.css] [Request finished HTTP/1.1 GET https://a86e-41-81-46-57.ngrok-free.app/swagger/swagger-ui.css - 200 143943 text/css 227.9741ms] []
[2025-05-18 09:19:31.616 +03:00] [INF] [] [0HNCLQ8J1OV73:00000001] [/swagger/swagger-ui-bundle.js] [Sending file. Request path: '/swagger-ui-bundle.js'. Physical path: 'N/A'] []
[2025-05-18 09:19:31.613 +03:00] [INF] [] [0HNCLQ8J1OV74:00000001] [/swagger/swagger-ui-standalone-preset.js] [Sending file. Request path: '/swagger-ui-standalone-preset.js'. Physical path: 'N/A'] []
[2025-05-18 09:19:31.644 +03:00] [INF] [] [0HNCLQ8J1OV73:00000001] [/swagger/swagger-ui-bundle.js] [Request finished HTTP/1.1 GET https://a86e-41-81-46-57.ngrok-free.app/swagger/swagger-ui-bundle.js - 200 1096145 text/javascript 185.0629ms] []
[2025-05-18 09:19:31.647 +03:00] [INF] [] [0HNCLQ8J1OV74:00000001] [/swagger/swagger-ui-standalone-preset.js] [Request finished HTTP/1.1 GET https://a86e-41-81-46-57.ngrok-free.app/swagger/swagger-ui-standalone-preset.js - 200 339486 text/javascript 84.3478ms] []
[2025-05-18 09:19:46.129 +03:00] [INF] [] [0HNCLQ8J1OV72:00000003] [/_vs/browserLink] [Request starting HTTP/1.1 GET https://a86e-41-81-46-57.ngrok-free.app/_vs/browserLink - null null] []
[2025-05-18 09:19:46.193 +03:00] [INF] [] [0HNCLQ8J1OV72:00000003] [/_vs/browserLink] [Request finished HTTP/1.1 GET https://a86e-41-81-46-57.ngrok-free.app/_vs/browserLink - 200 null text/javascript; charset=UTF-8 64.2438ms] []
[2025-05-18 09:20:18.009 +03:00] [INF] [] [0HNCLQ8J1OV75:00000002] [/swagger/favicon-32x32.png] [Request starting HTTP/1.1 GET https://a86e-41-81-46-57.ngrok-free.app/swagger/favicon-32x32.png - null null] []
[2025-05-18 09:20:18.025 +03:00] [INF] [] [0HNCLQ8J1OV74:00000002] [/swagger/v1/swagger.json] [Request starting HTTP/1.1 GET https://a86e-41-81-46-57.ngrok-free.app/swagger/v1/swagger.json - null null] []
[2025-05-18 09:20:18.045 +03:00] [INF] [] [0HNCLQ8J1OV75:00000002] [/swagger/favicon-32x32.png] [Sending file. Request path: '/favicon-32x32.png'. Physical path: 'N/A'] []
[2025-05-18 09:20:18.058 +03:00] [INF] [] [0HNCLQ8J1OV75:00000002] [/swagger/favicon-32x32.png] [Request finished HTTP/1.1 GET https://a86e-41-81-46-57.ngrok-free.app/swagger/favicon-32x32.png - 200 628 image/png 49.232ms] []
[2025-05-18 09:20:18.094 +03:00] [INF] [] [0HNCLQ8J1OV74:00000002] [/swagger/v1/swagger.json] [Request finished HTTP/1.1 GET https://a86e-41-81-46-57.ngrok-free.app/swagger/v1/swagger.json - 200 null application/json;charset=utf-8 69.6662ms] []
[2025-05-18 09:21:36.789 +03:00] [INF] [] [] [] [Executed DbCommand (5ms) [Parameters=[], CommandType='"Text"', CommandTimeout='30']
SELECT `m`.`Id`, `m`.`BillRefNumber`, `m`.`BusinessShortCode`, `m`.`CreatedAt`, `m`.`FirstName`, `m`.`InvoiceNumber`, `m`.`IsVerified`, `m`.`LastName`, `m`.`MSISDN`, `m`.`MiddleName`, `m`.`OrgAccountBalance`, `m`.`RetryCount`, `m`.`ThirdPartyTransID`, `m`.`TransAmount`, `m`.`TransID`, `m`.`TransTime`, `m`.`TransactionType`, `m`.`VerificationDate`, `m`.`VerificationResult`
FROM `MpesaC2Bs` AS `m`
WHERE NOT (`m`.`IsVerified`) AND (`m`.`CreatedAt` > DATE_ADD(UTC_TIMESTAMP(), INTERVAL CAST(-7.0 AS signed) day))] []
[2025-05-18 09:22:21.647 +03:00] [INF] [] [0HNCLQ8J1OV76:00000001] [/api/v1/mpesa/registration/urls] [Request starting HTTP/1.1 POST https://a86e-41-81-46-57.ngrok-free.app/api/v1/mpesa/registration/urls - null 0] []
[2025-05-18 09:22:21.965 +03:00] [INF] [] [0HNCLQ8J1OV76:00000001] [/api/v1/mpesa/registration/urls] [CORS policy execution successful.] []
[2025-05-18 09:22:21.995 +03:00] [INF] [] [0HNCLQ8J1OV76:00000001] [/api/v1/mpesa/registration/urls] [Executing endpoint 'DarajaAPI.Controllers.v1.MpesaRegistrationController.RegisterUrls (DarajaAPI)'] []
[2025-05-18 09:22:22.036 +03:00] [INF] [] [0HNCLQ8J1OV76:00000001] [/api/v1/mpesa/registration/urls] [Route matched with {action = "RegisterUrls", controller = "MpesaRegistration"}. Executing controller action with signature System.Threading.Tasks.Task`1[Microsoft.AspNetCore.Mvc.IActionResult] RegisterUrls() on controller DarajaAPI.Controllers.v1.MpesaRegistrationController (DarajaAPI).] []
[2025-05-18 09:22:45.727 +03:00] [INF] [] [0HNCLQ8J1OV76:00000001] [/api/v1/mpesa/registration/urls] [Executed action DarajaAPI.Controllers.v1.MpesaRegistrationController.RegisterUrls (DarajaAPI) in 23665.0048ms] []
[2025-05-18 09:22:45.760 +03:00] [INF] [] [0HNCLQ8J1OV76:00000001] [/api/v1/mpesa/registration/urls] [Executed endpoint 'DarajaAPI.Controllers.v1.MpesaRegistrationController.RegisterUrls (DarajaAPI)'] []
[2025-05-18 09:22:45.809 +03:00] [ERR] [] [0HNCLQ8J1OV76:00000001] [/api/v1/mpesa/registration/urls] [An unhandled exception has occurred while executing the request.] [System.ArgumentNullException: Value cannot be null. (Parameter 'uriString')
   at System.ArgumentNullException.Throw(String paramName)
   at System.ArgumentNullException.ThrowIfNull(Object argument, String paramName)
   at System.Uri..ctor(String uriString)
   at Program.<>c__DisplayClass0_0.<<Main>$>b__1(HttpClient client) in C:\Users\ianga\source\repos\DarajaIntegration\DarajaAPI\Program.cs:line 49
   at Microsoft.Extensions.Http.DefaultHttpClientFactory.CreateClient(String name)
   at DarajaAPI.Services.Daraja.DarajaAuthService.GetAccessTokenAsync() in C:\Users\ianga\source\repos\DarajaIntegration\DarajaAPI\Services\Daraja\DarajaAuthService.cs:line 22
   at DarajaAPI.Services.Daraja.DarajaRegistrationService.RegisterUrlsAsync() in C:\Users\ianga\source\repos\DarajaIntegration\DarajaAPI\Services\Daraja\DarajaRegistrationService.cs:line 24
   at DarajaAPI.Controllers.v1.MpesaRegistrationController.RegisterUrls() in C:\Users\ianga\source\repos\DarajaIntegration\DarajaAPI\Controllers\v1\MpesaRegistrationController.cs:line 31
   at Microsoft.AspNetCore.Mvc.Infrastructure.ActionMethodExecutor.TaskOfIActionResultExecutor.Execute(ActionContext actionContext, IActionResultTypeMapper mapper, ObjectMethodExecutor executor, Object controller, Object[] arguments)
   at Microsoft.AspNetCore.Mvc.Infrastructure.ControllerActionInvoker.<InvokeActionMethodAsync>g__Awaited|12_0(ControllerActionInvoker invoker, ValueTask`1 actionResultValueTask)
   at Microsoft.AspNetCore.Mvc.Infrastructure.ControllerActionInvoker.<InvokeNextActionFilterAsync>g__Awaited|10_0(ControllerActionInvoker invoker, Task lastTask, State next, Scope scope, Object state, Boolean isCompleted)
   at Microsoft.AspNetCore.Mvc.Infrastructure.ControllerActionInvoker.Rethrow(ActionExecutedContextSealed context)
   at Microsoft.AspNetCore.Mvc.Infrastructure.ControllerActionInvoker.Next(State& next, Scope& scope, Object& state, Boolean& isCompleted)
   at Microsoft.AspNetCore.Mvc.Infrastructure.ControllerActionInvoker.InvokeInnerFilterAsync()
--- End of stack trace from previous location ---
   at Microsoft.AspNetCore.Mvc.Infrastructure.ResourceInvoker.<InvokeFilterPipelineAsync>g__Awaited|20_0(ResourceInvoker invoker, Task lastTask, State next, Scope scope, Object state, Boolean isCompleted)
   at Microsoft.AspNetCore.Mvc.Infrastructure.ResourceInvoker.<InvokeAsync>g__Logged|17_1(ResourceInvoker invoker)
   at Microsoft.AspNetCore.Mvc.Infrastructure.ResourceInvoker.<InvokeAsync>g__Logged|17_1(ResourceInvoker invoker)
   at Microsoft.AspNetCore.Routing.EndpointMiddleware.<Invoke>g__AwaitRequestTask|7_0(Endpoint endpoint, Task requestTask, ILogger logger)
   at Microsoft.AspNetCore.Authorization.AuthorizationMiddleware.Invoke(HttpContext context)
   at Microsoft.AspNetCore.Authentication.AuthenticationMiddleware.Invoke(HttpContext context)
   at Swashbuckle.AspNetCore.SwaggerUI.SwaggerUIMiddleware.Invoke(HttpContext httpContext)
   at Swashbuckle.AspNetCore.Swagger.SwaggerMiddleware.Invoke(HttpContext httpContext, ISwaggerProvider swaggerProvider)
   at Microsoft.AspNetCore.Diagnostics.DeveloperExceptionPageMiddlewareImpl.Invoke(HttpContext context)
]
[2025-05-18 09:22:46.123 +03:00] [INF] [] [0HNCLQ8J1OV76:00000001] [/api/v1/mpesa/registration/urls] [Request finished HTTP/1.1 POST https://a86e-41-81-46-57.ngrok-free.app/api/v1/mpesa/registration/urls - 500 null text/plain; charset=utf-8 24476.2607ms] []
[2025-05-18 09:25:16.443 +03:00] [INF] [] [0HNCLQ8J1OV77:00000001] [/api/v1/mpesa/registration/urls] [Request starting HTTP/1.1 POST https://a86e-41-81-46-57.ngrok-free.app/api/v1/mpesa/registration/urls - null 0] []
[2025-05-18 09:25:16.473 +03:00] [INF] [] [0HNCLQ8J1OV77:00000001] [/api/v1/mpesa/registration/urls] [CORS policy execution successful.] []
[2025-05-18 09:25:16.487 +03:00] [INF] [] [0HNCLQ8J1OV77:00000001] [/api/v1/mpesa/registration/urls] [Executing endpoint 'DarajaAPI.Controllers.v1.MpesaRegistrationController.RegisterUrls (DarajaAPI)'] []
[2025-05-18 09:25:16.497 +03:00] [INF] [] [0HNCLQ8J1OV77:00000001] [/api/v1/mpesa/registration/urls] [Route matched with {action = "RegisterUrls", controller = "MpesaRegistration"}. Executing controller action with signature System.Threading.Tasks.Task`1[Microsoft.AspNetCore.Mvc.IActionResult] RegisterUrls() on controller DarajaAPI.Controllers.v1.MpesaRegistrationController (DarajaAPI).] []
[2025-05-18 09:33:19.591 +03:00] [INF] [] [] [] [Starting role seeding] []
[2025-05-18 09:33:22.813 +03:00] [INF] [] [] [] [Executed DbCommand (96ms) [Parameters=[@__normalizedName_0='?' (Size = 256)], CommandType='"Text"', CommandTimeout='30']
SELECT `r`.`Id`, `r`.`ConcurrencyStamp`, `r`.`Name`, `r`.`NormalizedName`
FROM `Role` AS `r`
WHERE `r`.`NormalizedName` = @__normalizedName_0
LIMIT 1] []
[2025-05-18 09:33:23.145 +03:00] [INF] [] [] [] [Executed DbCommand (36ms) [Parameters=[@__normalizedName_0='?' (Size = 256)], CommandType='"Text"', CommandTimeout='30']
SELECT `r`.`Id`, `r`.`ConcurrencyStamp`, `r`.`Name`, `r`.`NormalizedName`
FROM `Role` AS `r`
WHERE `r`.`NormalizedName` = @__normalizedName_0
LIMIT 1] []
[2025-05-18 09:33:23.172 +03:00] [INF] [] [] [] [Executed DbCommand (4ms) [Parameters=[@__normalizedName_0='?' (Size = 256)], CommandType='"Text"', CommandTimeout='30']
SELECT `r`.`Id`, `r`.`ConcurrencyStamp`, `r`.`Name`, `r`.`NormalizedName`
FROM `Role` AS `r`
WHERE `r`.`NormalizedName` = @__normalizedName_0
LIMIT 1] []
[2025-05-18 09:33:23.198 +03:00] [INF] [] [] [] [Executed DbCommand (4ms) [Parameters=[@__normalizedName_0='?' (Size = 256)], CommandType='"Text"', CommandTimeout='30']
SELECT `r`.`Id`, `r`.`ConcurrencyStamp`, `r`.`Name`, `r`.`NormalizedName`
FROM `Role` AS `r`
WHERE `r`.`NormalizedName` = @__normalizedName_0
LIMIT 1] []
[2025-05-18 09:33:23.210 +03:00] [INF] [] [] [] [Role seeding completed] []
[2025-05-18 09:33:23.213 +03:00] [INF] [] [] [] [Starting super admin seeding] []
[2025-05-18 09:33:23.264 +03:00] [INF] [] [] [] [Executed DbCommand (4ms) [Parameters=[@__defaultUser_Email_0='?' (Size = 256)], CommandType='"Text"', CommandTimeout='30']
SELECT NOT EXISTS (
    SELECT 1
    FROM `User` AS `u`
    WHERE (`u`.`Email` = @__defaultUser_Email_0) AND `u`.`Email` IS NOT NULL)] []
[2025-05-18 09:33:23.277 +03:00] [INF] [] [] [] [Super admin seeding completed] []
[2025-05-18 09:33:42.335 +03:00] [INF] [] [] [] [Executed DbCommand (4ms) [Parameters=[], CommandType='"Text"', CommandTimeout='30']
SELECT `m`.`Id`, `m`.`BillRefNumber`, `m`.`BusinessShortCode`, `m`.`CreatedAt`, `m`.`FirstName`, `m`.`InvoiceNumber`, `m`.`IsVerified`, `m`.`LastName`, `m`.`MSISDN`, `m`.`MiddleName`, `m`.`OrgAccountBalance`, `m`.`RetryCount`, `m`.`ThirdPartyTransID`, `m`.`TransAmount`, `m`.`TransID`, `m`.`TransTime`, `m`.`TransactionType`, `m`.`VerificationDate`, `m`.`VerificationResult`
FROM `MpesaC2Bs` AS `m`
WHERE NOT (`m`.`IsVerified`) AND (`m`.`CreatedAt` > DATE_ADD(UTC_TIMESTAMP(), INTERVAL CAST(-7.0 AS signed) day))] []
[2025-05-18 09:33:42.529 +03:00] [WRN] [] [] [] [The WebRootPath was not found: C:\Users\ianga\source\repos\DarajaIntegration\DarajaAPI\wwwroot. Static files may be unavailable.] []
[2025-05-18 09:33:42.710 +03:00] [INF] [] [] [] [Now listening on: https://localhost:5003] []
[2025-05-18 09:33:43.044 +03:00] [INF] [] [] [] [Application started. Press Ctrl+C to shut down.] []
[2025-05-18 09:33:43.049 +03:00] [INF] [] [] [] [Hosting environment: Development] []
[2025-05-18 09:33:43.058 +03:00] [INF] [] [] [] [Content root path: C:\Users\ianga\source\repos\DarajaIntegration\DarajaAPI] []
[2025-05-18 09:33:44.147 +03:00] [INF] [] [0HNCLQNNGAUM9:00000001] [/swagger/index.html] [Request starting HTTP/2 GET https://localhost:5003/swagger/index.html - null null] []
[2025-05-18 09:33:44.745 +03:00] [INF] [] [0HNCLQNNGAUM9:00000001] [/swagger/index.html] [Request finished HTTP/2 GET https://localhost:5003/swagger/index.html - 200 null text/html;charset=utf-8 614.1821ms] []
[2025-05-18 09:33:44.769 +03:00] [INF] [] [0HNCLQNNGAUM9:00000003] [/_framework/aspnetcore-browser-refresh.js] [Request starting HTTP/2 GET https://localhost:5003/_framework/aspnetcore-browser-refresh.js - null null] []
[2025-05-18 09:33:44.774 +03:00] [INF] [] [0HNCLQNNGAUM9:00000005] [/_vs/browserLink] [Request starting HTTP/2 GET https://localhost:5003/_vs/browserLink - null null] []
[2025-05-18 09:33:45.085 +03:00] [INF] [] [0HNCLQNNGAUM9:00000003] [/_framework/aspnetcore-browser-refresh.js] [Request finished HTTP/2 GET https://localhost:5003/_framework/aspnetcore-browser-refresh.js - 200 16503 application/javascript; charset=utf-8 315.2148ms] []
[2025-05-18 09:33:45.346 +03:00] [INF] [] [0HNCLQNNGAUM9:00000005] [/_vs/browserLink] [Request finished HTTP/2 GET https://localhost:5003/_vs/browserLink - 200 null text/javascript; charset=UTF-8 572.0162ms] []
[2025-05-18 09:33:45.462 +03:00] [INF] [] [0HNCLQNNGAUM9:00000007] [/swagger/v1/swagger.json] [Request starting HTTP/2 GET https://localhost:5003/swagger/v1/swagger.json - null null] []
[2025-05-18 09:33:45.621 +03:00] [INF] [] [0HNCLQNNGAUM9:00000007] [/swagger/v1/swagger.json] [Request finished HTTP/2 GET https://localhost:5003/swagger/v1/swagger.json - 200 null application/json;charset=utf-8 158.3194ms] []
[2025-05-18 09:34:44.240 +03:00] [INF] [] [0HNCLQNNGAUM9:00000009] [/api/v1/mpesa/registration/urls] [Request starting HTTP/2 POST https://localhost:5003/api/v1/mpesa/registration/urls - null 0] []
[2025-05-18 09:34:44.586 +03:00] [INF] [] [0HNCLQNNGAUM9:00000009] [/api/v1/mpesa/registration/urls] [CORS policy execution successful.] []
[2025-05-18 09:34:44.655 +03:00] [INF] [] [0HNCLQNNGAUM9:00000009] [/api/v1/mpesa/registration/urls] [Executing endpoint 'DarajaAPI.Controllers.v1.MpesaRegistrationController.RegisterUrls (DarajaAPI)'] []
[2025-05-18 09:34:44.721 +03:00] [INF] [] [0HNCLQNNGAUM9:00000009] [/api/v1/mpesa/registration/urls] [Route matched with {action = "RegisterUrls", controller = "MpesaRegistration"}. Executing controller action with signature System.Threading.Tasks.Task`1[Microsoft.AspNetCore.Mvc.IActionResult] RegisterUrls() on controller DarajaAPI.Controllers.v1.MpesaRegistrationController (DarajaAPI).] []
[2025-05-18 09:35:18.825 +03:00] [INF] [] [0HNCLQNNGAUM9:00000009] [/api/v1/mpesa/registration/urls] [Start processing HTTP request GET https://sandbox.safaricom.co.ke/oauth/v1/generate?grant_type=client_credentials] []
[2025-05-18 09:35:18.856 +03:00] [INF] [] [0HNCLQNNGAUM9:00000009] [/api/v1/mpesa/registration/urls] [Sending HTTP request GET https://sandbox.safaricom.co.ke/oauth/v1/generate?grant_type=client_credentials] []
[2025-05-18 09:35:20.041 +03:00] [INF] [] [0HNCLQNNGAUM9:00000009] [/api/v1/mpesa/registration/urls] [Received HTTP response headers after 1154.1412ms - 200] []
[2025-05-18 09:35:20.051 +03:00] [INF] [] [0HNCLQNNGAUM9:00000009] [/api/v1/mpesa/registration/urls] [End processing HTTP request after 1242.2077ms - 200] []
[2025-05-18 09:35:30.500 +03:00] [INF] [] [0HNCLQNNGAUM9:00000009] [/api/v1/mpesa/registration/urls] [Start processing HTTP request POST https://sandbox.safaricom.co.ke/] []
[2025-05-18 09:35:30.507 +03:00] [INF] [] [0HNCLQNNGAUM9:00000009] [/api/v1/mpesa/registration/urls] [Sending HTTP request POST https://sandbox.safaricom.co.ke/] []
[2025-05-18 09:35:30.774 +03:00] [INF] [] [0HNCLQNNGAUM9:00000009] [/api/v1/mpesa/registration/urls] [Received HTTP response headers after 261.38ms - 404] []
[2025-05-18 09:35:30.786 +03:00] [INF] [] [0HNCLQNNGAUM9:00000009] [/api/v1/mpesa/registration/urls] [End processing HTTP request after 286.3942ms - 404] []
[2025-05-18 09:35:33.723 +03:00] [ERR] [] [0HNCLQNNGAUM9:00000009] [/api/v1/mpesa/registration/urls] [URL registration failed: ] []
[2025-05-18 09:35:42.149 +03:00] [INF] [] [0HNCLQNNGAUM9:00000009] [/api/v1/mpesa/registration/urls] [Executing OkObjectResult, writing value of type 'System.String'.] []
[2025-05-18 09:35:42.185 +03:00] [INF] [] [0HNCLQNNGAUM9:00000009] [/api/v1/mpesa/registration/urls] [Executed action DarajaAPI.Controllers.v1.MpesaRegistrationController.RegisterUrls (DarajaAPI) in 57430.5609ms] []
[2025-05-18 09:35:42.201 +03:00] [INF] [] [0HNCLQNNGAUM9:00000009] [/api/v1/mpesa/registration/urls] [Executed endpoint 'DarajaAPI.Controllers.v1.MpesaRegistrationController.RegisterUrls (DarajaAPI)'] []
[2025-05-18 09:35:42.241 +03:00] [INF] [] [0HNCLQNNGAUM9:00000009] [/api/v1/mpesa/registration/urls] [Request finished HTTP/2 POST https://localhost:5003/api/v1/mpesa/registration/urls - 200 0 text/plain; charset=utf-8 58002.6739ms] []
