[2025-05-18 14:05:51.309 +03:00] [INF] [] [] [] [Executed DbCommand (4ms) [Parameters=[], CommandType='"Text"', CommandTimeout='30']
SELECT `m`.`Id`, `m`.`BillRefNumber`, `m`.`BusinessShortCode`, `m`.`CreatedAt`, `m`.`FirstName`, `m`.`InvoiceNumber`, `m`.`IsVerified`, `m`.`LastName`, `m`.`MSISDN`, `m`.`MiddleName`, `m`.`OrgAccountBalance`, `m`.`RetryCount`, `m`.`ThirdPartyTransID`, `m`.`TransAmount`, `m`.`TransID`, `m`.`TransTime`, `m`.`TransactionType`, `m`.`VerificationDate`, `m`.`VerificationResult`
FROM `MpesaC2Bs` AS `m`
WHERE NOT (`m`.`IsVerified`) AND (`m`.`CreatedAt` > DATE_ADD(UTC_TIMESTAMP(), INTERVAL CAST(-7.0 AS signed) day))] []
[2025-05-18 14:12:36.138 +03:00] [INF] [] [0HNCLU5SMUD3H:00000001] [/api/v1/mpesa/registration/urls] [Request starting HTTP/1.1 POST https://a86e-41-81-46-57.ngrok-free.app/api/v1/mpesa/registration/urls - null 0] []
[2025-05-18 14:12:36.144 +03:00] [INF] [] [0HNCLU5SMUD3H:00000001] [/api/v1/mpesa/registration/urls] [CORS policy execution successful.] []
[2025-05-18 14:12:36.147 +03:00] [INF] [] [0HNCLU5SMUD3H:00000001] [/api/v1/mpesa/registration/urls] [Executing endpoint 'DarajaAPI.Controllers.v1.MpesaRegistrationController.RegisterUrls (DarajaAPI)'] []
[2025-05-18 14:12:36.152 +03:00] [INF] [] [0HNCLU5SMUD3H:00000001] [/api/v1/mpesa/registration/urls] [Route matched with {action = "RegisterUrls", controller = "MpesaRegistration"}. Executing controller action with signature System.Threading.Tasks.Task`1[Microsoft.AspNetCore.Mvc.IActionResult] RegisterUrls() on controller DarajaAPI.Controllers.v1.MpesaRegistrationController (DarajaAPI).] []
[2025-05-18 14:13:01.294 +03:00] [INF] [] [0HNCLU5SMUD3H:00000001] [/api/v1/mpesa/registration/urls] [Start processing HTTP request GET https://sandbox.safaricom.co.ke/oauth/v1/generate?grant_type=client_credentials] []
[2025-05-18 14:13:01.302 +03:00] [INF] [] [0HNCLU5SMUD3H:00000001] [/api/v1/mpesa/registration/urls] [Sending HTTP request GET https://sandbox.safaricom.co.ke/oauth/v1/generate?grant_type=client_credentials] []
[2025-05-18 14:13:02.875 +03:00] [INF] [] [0HNCLU5SMUD3H:00000001] [/api/v1/mpesa/registration/urls] [Received HTTP response headers after 1568.0794ms - 200] []
[2025-05-18 14:13:02.878 +03:00] [INF] [] [0HNCLU5SMUD3H:00000001] [/api/v1/mpesa/registration/urls] [End processing HTTP request after 1585.4167ms - 200] []
[2025-05-18 14:13:02.945 +03:00] [INF] [] [0HNCLU5SMUD3H:00000001] [/api/v1/mpesa/registration/urls] [Start processing HTTP request POST https://sandbox.safaricom.co.ke/] []
[2025-05-18 14:13:02.948 +03:00] [INF] [] [0HNCLU5SMUD3H:00000001] [/api/v1/mpesa/registration/urls] [Sending HTTP request POST https://sandbox.safaricom.co.ke/] []
[2025-05-18 14:13:03.320 +03:00] [INF] [] [0HNCLU5SMUD3H:00000001] [/api/v1/mpesa/registration/urls] [Received HTTP response headers after 370.8655ms - 404] []
[2025-05-18 14:13:03.324 +03:00] [INF] [] [0HNCLU5SMUD3H:00000001] [/api/v1/mpesa/registration/urls] [End processing HTTP request after 378.5864ms - 404] []
[2025-05-18 14:13:03.327 +03:00] [ERR] [] [0HNCLU5SMUD3H:00000001] [/api/v1/mpesa/registration/urls] [URL registration failed: ] []
[2025-05-18 14:13:03.332 +03:00] [INF] [] [0HNCLU5SMUD3H:00000001] [/api/v1/mpesa/registration/urls] [Executing OkObjectResult, writing value of type 'System.String'.] []
[2025-05-18 14:13:03.335 +03:00] [INF] [] [0HNCLU5SMUD3H:00000001] [/api/v1/mpesa/registration/urls] [Executed action DarajaAPI.Controllers.v1.MpesaRegistrationController.RegisterUrls (DarajaAPI) in 27179.6146ms] []
[2025-05-18 14:13:03.337 +03:00] [INF] [] [0HNCLU5SMUD3H:00000001] [/api/v1/mpesa/registration/urls] [Executed endpoint 'DarajaAPI.Controllers.v1.MpesaRegistrationController.RegisterUrls (DarajaAPI)'] []
[2025-05-18 14:13:03.341 +03:00] [INF] [] [0HNCLU5SMUD3H:00000001] [/api/v1/mpesa/registration/urls] [Request finished HTTP/1.1 POST https://a86e-41-81-46-57.ngrok-free.app/api/v1/mpesa/registration/urls - 200 0 text/plain; charset=utf-8 27205.5565ms] []
[2025-05-18 14:20:51.406 +03:00] [INF] [] [] [] [Executed DbCommand (2ms) [Parameters=[], CommandType='"Text"', CommandTimeout='30']
SELECT `m`.`Id`, `m`.`BillRefNumber`, `m`.`BusinessShortCode`, `m`.`CreatedAt`, `m`.`FirstName`, `m`.`InvoiceNumber`, `m`.`IsVerified`, `m`.`LastName`, `m`.`MSISDN`, `m`.`MiddleName`, `m`.`OrgAccountBalance`, `m`.`RetryCount`, `m`.`ThirdPartyTransID`, `m`.`TransAmount`, `m`.`TransID`, `m`.`TransTime`, `m`.`TransactionType`, `m`.`VerificationDate`, `m`.`VerificationResult`
FROM `MpesaC2Bs` AS `m`
WHERE NOT (`m`.`IsVerified`) AND (`m`.`CreatedAt` > DATE_ADD(UTC_TIMESTAMP(), INTERVAL CAST(-7.0 AS signed) day))] []
[2025-05-18 14:35:51.483 +03:00] [INF] [] [] [] [Executed DbCommand (3ms) [Parameters=[], CommandType='"Text"', CommandTimeout='30']
SELECT `m`.`Id`, `m`.`BillRefNumber`, `m`.`BusinessShortCode`, `m`.`CreatedAt`, `m`.`FirstName`, `m`.`InvoiceNumber`, `m`.`IsVerified`, `m`.`LastName`, `m`.`MSISDN`, `m`.`MiddleName`, `m`.`OrgAccountBalance`, `m`.`RetryCount`, `m`.`ThirdPartyTransID`, `m`.`TransAmount`, `m`.`TransID`, `m`.`TransTime`, `m`.`TransactionType`, `m`.`VerificationDate`, `m`.`VerificationResult`
FROM `MpesaC2Bs` AS `m`
WHERE NOT (`m`.`IsVerified`) AND (`m`.`CreatedAt` > DATE_ADD(UTC_TIMESTAMP(), INTERVAL CAST(-7.0 AS signed) day))] []
[2025-05-18 14:50:51.626 +03:00] [INF] [] [] [] [Executed DbCommand (2ms) [Parameters=[], CommandType='"Text"', CommandTimeout='30']
SELECT `m`.`Id`, `m`.`BillRefNumber`, `m`.`BusinessShortCode`, `m`.`CreatedAt`, `m`.`FirstName`, `m`.`InvoiceNumber`, `m`.`IsVerified`, `m`.`LastName`, `m`.`MSISDN`, `m`.`MiddleName`, `m`.`OrgAccountBalance`, `m`.`RetryCount`, `m`.`ThirdPartyTransID`, `m`.`TransAmount`, `m`.`TransID`, `m`.`TransTime`, `m`.`TransactionType`, `m`.`VerificationDate`, `m`.`VerificationResult`
FROM `MpesaC2Bs` AS `m`
WHERE NOT (`m`.`IsVerified`) AND (`m`.`CreatedAt` > DATE_ADD(UTC_TIMESTAMP(), INTERVAL CAST(-7.0 AS signed) day))] []
