[2025-05-18 20:03:32.340 +03:00] [INF] [] [] [] [Executed DbCommand (15ms) [Parameters=[], CommandType='"Text"', CommandTimeout='30']
SELECT `m`.`Id`, `m`.`BillRefNumber`, `m`.`BusinessShortCode`, `m`.`CreatedAt`, `m`.`FirstName`, `m`.`InvoiceNumber`, `m`.`IsVerified`, `m`.`LastName`, `m`.`MSISDN`, `m`.`MiddleName`, `m`.`OrgAccountBalance`, `m`.`RetryCount`, `m`.`ThirdPartyTransID`, `m`.`TransAmount`, `m`.`TransID`, `m`.`TransTime`, `m`.`TransactionType`, `m`.`VerificationDate`, `m`.`VerificationResult`
FROM `MpesaC2Bs` AS `m`
WHERE NOT (`m`.`IsVerified`) AND (`m`.`CreatedAt` > DATE_ADD(UTC_TIMESTAMP(), INTERVAL CAST(-7.0 AS signed) day))] []
[2025-05-18 20:18:32.594 +03:00] [INF] [] [] [] [Executed DbCommand (15ms) [Parameters=[], CommandType='"Text"', CommandTimeout='30']
SELECT `m`.`Id`, `m`.`BillRefNumber`, `m`.`BusinessShortCode`, `m`.`CreatedAt`, `m`.`FirstName`, `m`.`InvoiceNumber`, `m`.`IsVerified`, `m`.`LastName`, `m`.`MSISDN`, `m`.`MiddleName`, `m`.`OrgAccountBalance`, `m`.`RetryCount`, `m`.`ThirdPartyTransID`, `m`.`TransAmount`, `m`.`TransID`, `m`.`TransTime`, `m`.`TransactionType`, `m`.`VerificationDate`, `m`.`VerificationResult`
FROM `MpesaC2Bs` AS `m`
WHERE NOT (`m`.`IsVerified`) AND (`m`.`CreatedAt` > DATE_ADD(UTC_TIMESTAMP(), INTERVAL CAST(-7.0 AS signed) day))] []
[2025-05-18 20:33:32.773 +03:00] [INF] [] [] [] [Executed DbCommand (11ms) [Parameters=[], CommandType='"Text"', CommandTimeout='30']
SELECT `m`.`Id`, `m`.`BillRefNumber`, `m`.`BusinessShortCode`, `m`.`CreatedAt`, `m`.`FirstName`, `m`.`InvoiceNumber`, `m`.`IsVerified`, `m`.`LastName`, `m`.`MSISDN`, `m`.`MiddleName`, `m`.`OrgAccountBalance`, `m`.`RetryCount`, `m`.`ThirdPartyTransID`, `m`.`TransAmount`, `m`.`TransID`, `m`.`TransTime`, `m`.`TransactionType`, `m`.`VerificationDate`, `m`.`VerificationResult`
FROM `MpesaC2Bs` AS `m`
WHERE NOT (`m`.`IsVerified`) AND (`m`.`CreatedAt` > DATE_ADD(UTC_TIMESTAMP(), INTERVAL CAST(-7.0 AS signed) day))] []
[2025-05-18 20:34:27.512 +03:00] [INF] [] [0HNCM0U9QDF7U:00000001] [/swagger/index.html] [Request starting HTTP/1.1 GET https://a86e-41-81-46-57.ngrok-free.app/swagger/index.html - null null] []
[2025-05-18 20:34:27.587 +03:00] [INF] [] [0HNCM0U9QDF7U:00000001] [/swagger/index.html] [Request finished HTTP/1.1 GET https://a86e-41-81-46-57.ngrok-free.app/swagger/index.html - 200 null text/html;charset=utf-8 76.2423ms] []
[2025-05-18 20:34:28.016 +03:00] [INF] [] [0HNCM0U9QDF7U:00000002] [/_framework/aspnetcore-browser-refresh.js] [Request starting HTTP/1.1 GET https://a86e-41-81-46-57.ngrok-free.app/_framework/aspnetcore-browser-refresh.js - null null] []
[2025-05-18 20:34:28.040 +03:00] [INF] [] [0HNCM0U9QDF7U:00000002] [/_framework/aspnetcore-browser-refresh.js] [Request finished HTTP/1.1 GET https://a86e-41-81-46-57.ngrok-free.app/_framework/aspnetcore-browser-refresh.js - 200 16503 application/javascript; charset=utf-8 23.6815ms] []
[2025-05-18 20:34:28.047 +03:00] [INF] [] [0HNCM0U9QDF7V:00000001] [/_vs/browserLink] [Request starting HTTP/1.1 GET https://a86e-41-81-46-57.ngrok-free.app/_vs/browserLink - null null] []
[2025-05-18 20:34:28.117 +03:00] [INF] [] [0HNCM0U9QDF7V:00000001] [/_vs/browserLink] [Request finished HTTP/1.1 GET https://a86e-41-81-46-57.ngrok-free.app/_vs/browserLink - 200 null text/javascript; charset=UTF-8 69.6017ms] []
[2025-05-18 20:34:30.604 +03:00] [INF] [] [0HNCM0U9QDF7V:00000002] [/swagger/v1/swagger.json] [Request starting HTTP/1.1 GET https://a86e-41-81-46-57.ngrok-free.app/swagger/v1/swagger.json - null null] []
[2025-05-18 20:34:30.660 +03:00] [INF] [] [0HNCM0U9QDF7V:00000002] [/swagger/v1/swagger.json] [Request finished HTTP/1.1 GET https://a86e-41-81-46-57.ngrok-free.app/swagger/v1/swagger.json - 200 null application/json;charset=utf-8 56.046ms] []
[2025-05-18 20:34:53.381 +03:00] [INF] [] [0HNCM0U9QDF7V:00000003] [/api/v1/mpesa/registration/urls] [Request starting HTTP/1.1 POST https://a86e-41-81-46-57.ngrok-free.app/api/v1/mpesa/registration/urls - null 0] []
[2025-05-18 20:34:53.669 +03:00] [INF] [] [0HNCM0U9QDF7V:00000003] [/api/v1/mpesa/registration/urls] [CORS policy execution successful.] []
[2025-05-18 20:34:53.746 +03:00] [INF] [] [0HNCM0U9QDF7V:00000003] [/api/v1/mpesa/registration/urls] [Executing endpoint 'DarajaAPI.Controllers.v1.MpesaRegistrationController.RegisterUrls (DarajaAPI)'] []
[2025-05-18 20:34:53.832 +03:00] [INF] [] [0HNCM0U9QDF7V:00000003] [/api/v1/mpesa/registration/urls] [Route matched with {action = "RegisterUrls", controller = "MpesaRegistration"}. Executing controller action with signature System.Threading.Tasks.Task`1[Microsoft.AspNetCore.Mvc.IActionResult] RegisterUrls() on controller DarajaAPI.Controllers.v1.MpesaRegistrationController (DarajaAPI).] []
[2025-05-18 20:34:53.972 +03:00] [INF] [] [0HNCM0U9QDF7V:00000003] [/api/v1/mpesa/registration/urls] [Start processing HTTP request GET https://sandbox.safaricom.co.ke/oauth/v1/generate?grant_type=client_credentials] []
[2025-05-18 20:34:53.993 +03:00] [INF] [] [0HNCM0U9QDF7V:00000003] [/api/v1/mpesa/registration/urls] [Sending HTTP request GET https://sandbox.safaricom.co.ke/oauth/v1/generate?grant_type=client_credentials] []
[2025-05-18 20:34:54.983 +03:00] [INF] [] [0HNCM0U9QDF7V:00000003] [/api/v1/mpesa/registration/urls] [Received HTTP response headers after 968.7102ms - 200] []
[2025-05-18 20:34:54.997 +03:00] [INF] [] [0HNCM0U9QDF7V:00000003] [/api/v1/mpesa/registration/urls] [End processing HTTP request after 1045.0215ms - 200] []
[2025-05-18 20:34:55.379 +03:00] [INF] [] [0HNCM0U9QDF7V:00000003] [/api/v1/mpesa/registration/urls] [Start processing HTTP request POST https://sandbox.safaricom.co.ke/] []
[2025-05-18 20:34:55.389 +03:00] [INF] [] [0HNCM0U9QDF7V:00000003] [/api/v1/mpesa/registration/urls] [Sending HTTP request POST https://sandbox.safaricom.co.ke/] []
[2025-05-18 20:34:55.693 +03:00] [INF] [] [0HNCM0U9QDF7V:00000003] [/api/v1/mpesa/registration/urls] [Received HTTP response headers after 294.6705ms - 404] []
[2025-05-18 20:34:55.702 +03:00] [INF] [] [0HNCM0U9QDF7V:00000003] [/api/v1/mpesa/registration/urls] [End processing HTTP request after 323.4972ms - 404] []
[2025-05-18 20:34:55.715 +03:00] [ERR] [] [0HNCM0U9QDF7V:00000003] [/api/v1/mpesa/registration/urls] [URL registration failed: ] []
[2025-05-18 20:34:55.759 +03:00] [INF] [] [0HNCM0U9QDF7V:00000003] [/api/v1/mpesa/registration/urls] [Executing OkObjectResult, writing value of type 'System.String'.] []
[2025-05-18 20:34:55.790 +03:00] [INF] [] [0HNCM0U9QDF7V:00000003] [/api/v1/mpesa/registration/urls] [Executed action DarajaAPI.Controllers.v1.MpesaRegistrationController.RegisterUrls (DarajaAPI) in 1922.4939ms] []
[2025-05-18 20:34:55.825 +03:00] [INF] [] [0HNCM0U9QDF7V:00000003] [/api/v1/mpesa/registration/urls] [Executed endpoint 'DarajaAPI.Controllers.v1.MpesaRegistrationController.RegisterUrls (DarajaAPI)'] []
[2025-05-18 20:34:55.853 +03:00] [INF] [] [0HNCM0U9QDF7V:00000003] [/api/v1/mpesa/registration/urls] [Request finished HTTP/1.1 POST https://a86e-41-81-46-57.ngrok-free.app/api/v1/mpesa/registration/urls - 200 0 text/plain; charset=utf-8 2483.6991ms] []
[2025-05-18 20:35:54.891 +03:00] [INF] [] [0HNCM0U9QDF7V:00000004] [/api/v1/mpesa/payments/initiate] [Request starting HTTP/1.1 POST https://a86e-41-81-46-57.ngrok-free.app/api/v1/mpesa/payments/initiate - application/json 83] []
[2025-05-18 20:35:54.959 +03:00] [INF] [] [0HNCM0U9QDF7V:00000004] [/api/v1/mpesa/payments/initiate] [CORS policy execution successful.] []
[2025-05-18 20:35:54.975 +03:00] [INF] [] [0HNCM0U9QDF7V:00000004] [/api/v1/mpesa/payments/initiate] [Executing endpoint 'DarajaAPI.Controllers.v1.MpesaPaymentController.InitiatePayment (DarajaAPI)'] []
[2025-05-18 20:35:55.030 +03:00] [INF] [] [0HNCM0U9QDF7V:00000004] [/api/v1/mpesa/payments/initiate] [Route matched with {action = "InitiatePayment", controller = "MpesaPayment"}. Executing controller action with signature System.Threading.Tasks.Task`1[Microsoft.AspNetCore.Mvc.IActionResult] InitiatePayment(DarajaAPI.Models.Dto.PaymentRequestDto) on controller DarajaAPI.Controllers.v1.MpesaPaymentController (DarajaAPI).] []
[2025-05-18 20:36:04.248 +03:00] [INF] [] [0HNCM0U9QDF7V:00000004] [/api/v1/mpesa/payments/initiate] [Start processing HTTP request GET https://sandbox.safaricom.co.ke/oauth/v1/generate?grant_type=client_credentials] []
[2025-05-18 20:36:04.252 +03:00] [INF] [] [0HNCM0U9QDF7V:00000004] [/api/v1/mpesa/payments/initiate] [Sending HTTP request GET https://sandbox.safaricom.co.ke/oauth/v1/generate?grant_type=client_credentials] []
[2025-05-18 20:36:05.120 +03:00] [INF] [] [0HNCM0U9QDF7V:00000004] [/api/v1/mpesa/payments/initiate] [Received HTTP response headers after 862.3549ms - 200] []
[2025-05-18 20:36:05.124 +03:00] [INF] [] [0HNCM0U9QDF7V:00000004] [/api/v1/mpesa/payments/initiate] [End processing HTTP request after 876.6082ms - 200] []
[2025-05-18 20:36:23.648 +03:00] [INF] [] [0HNCM0U9QDF7V:00000004] [/api/v1/mpesa/payments/initiate] [Start processing HTTP request POST https://sandbox.safaricom.co.ke/mpesa/stkpush/v1/processrequest] []
[2025-05-18 20:36:23.656 +03:00] [INF] [] [0HNCM0U9QDF7V:00000004] [/api/v1/mpesa/payments/initiate] [Sending HTTP request POST https://sandbox.safaricom.co.ke/mpesa/stkpush/v1/processrequest] []
[2025-05-18 20:36:23.918 +03:00] [INF] [] [0HNCM0U9QDF7V:00000004] [/api/v1/mpesa/payments/initiate] [Received HTTP response headers after 252.7015ms - 400] []
[2025-05-18 20:36:23.928 +03:00] [INF] [] [0HNCM0U9QDF7V:00000004] [/api/v1/mpesa/payments/initiate] [End processing HTTP request after 280.3024ms - 400] []
[2025-05-18 20:36:24.304 +03:00] [INF] [] [0HNCM0U9QDF7V:00000004] [/api/v1/mpesa/payments/initiate] [Payment processed: 254708374149, 10] []
[2025-05-18 20:36:29.106 +03:00] [INF] [] [0HNCM0U9QDF7V:00000004] [/api/v1/mpesa/payments/initiate] [Executing OkObjectResult, writing value of type 'System.String'.] []
[2025-05-18 20:36:29.114 +03:00] [INF] [] [0HNCM0U9QDF7V:00000004] [/api/v1/mpesa/payments/initiate] [Executed action DarajaAPI.Controllers.v1.MpesaPaymentController.InitiatePayment (DarajaAPI) in 34066.0231ms] []
[2025-05-18 20:36:29.124 +03:00] [INF] [] [0HNCM0U9QDF7V:00000004] [/api/v1/mpesa/payments/initiate] [Executed endpoint 'DarajaAPI.Controllers.v1.MpesaPaymentController.InitiatePayment (DarajaAPI)'] []
[2025-05-18 20:36:29.131 +03:00] [INF] [] [0HNCM0U9QDF7V:00000004] [/api/v1/mpesa/payments/initiate] [Request finished HTTP/1.1 POST https://a86e-41-81-46-57.ngrok-free.app/api/v1/mpesa/payments/initiate - 200 null text/plain; charset=utf-8 34240.5075ms] []
[2025-05-18 20:39:57.905 +03:00] [INF] [] [] [] [Starting role seeding] []
[2025-05-18 20:40:01.134 +03:00] [INF] [] [] [] [Executed DbCommand (189ms) [Parameters=[@__normalizedName_0='?' (Size = 256)], CommandType='"Text"', CommandTimeout='30']
SELECT `r`.`Id`, `r`.`ConcurrencyStamp`, `r`.`Name`, `r`.`NormalizedName`
FROM `Role` AS `r`
WHERE `r`.`NormalizedName` = @__normalizedName_0
LIMIT 1] []
[2025-05-18 20:40:01.638 +03:00] [INF] [] [] [] [Executed DbCommand (19ms) [Parameters=[@__normalizedName_0='?' (Size = 256)], CommandType='"Text"', CommandTimeout='30']
SELECT `r`.`Id`, `r`.`ConcurrencyStamp`, `r`.`Name`, `r`.`NormalizedName`
FROM `Role` AS `r`
WHERE `r`.`NormalizedName` = @__normalizedName_0
LIMIT 1] []
[2025-05-18 20:40:01.668 +03:00] [INF] [] [] [] [Executed DbCommand (6ms) [Parameters=[@__normalizedName_0='?' (Size = 256)], CommandType='"Text"', CommandTimeout='30']
SELECT `r`.`Id`, `r`.`ConcurrencyStamp`, `r`.`Name`, `r`.`NormalizedName`
FROM `Role` AS `r`
WHERE `r`.`NormalizedName` = @__normalizedName_0
LIMIT 1] []
[2025-05-18 20:40:01.693 +03:00] [INF] [] [] [] [Executed DbCommand (6ms) [Parameters=[@__normalizedName_0='?' (Size = 256)], CommandType='"Text"', CommandTimeout='30']
SELECT `r`.`Id`, `r`.`ConcurrencyStamp`, `r`.`Name`, `r`.`NormalizedName`
FROM `Role` AS `r`
WHERE `r`.`NormalizedName` = @__normalizedName_0
LIMIT 1] []
[2025-05-18 20:40:01.702 +03:00] [INF] [] [] [] [Role seeding completed] []
[2025-05-18 20:40:01.706 +03:00] [INF] [] [] [] [Starting super admin seeding] []
[2025-05-18 20:40:01.785 +03:00] [INF] [] [] [] [Executed DbCommand (9ms) [Parameters=[@__defaultUser_Email_0='?' (Size = 256)], CommandType='"Text"', CommandTimeout='30']
SELECT NOT EXISTS (
    SELECT 1
    FROM `User` AS `u`
    WHERE (`u`.`Email` = @__defaultUser_Email_0) AND `u`.`Email` IS NOT NULL)] []
[2025-05-18 20:40:01.796 +03:00] [INF] [] [] [] [Super admin seeding completed] []
[2025-05-18 20:40:08.401 +03:00] [INF] [] [] [] [Executed DbCommand (6ms) [Parameters=[], CommandType='"Text"', CommandTimeout='30']
SELECT `m`.`Id`, `m`.`BillRefNumber`, `m`.`BusinessShortCode`, `m`.`CreatedAt`, `m`.`FirstName`, `m`.`InvoiceNumber`, `m`.`IsVerified`, `m`.`LastName`, `m`.`MSISDN`, `m`.`MiddleName`, `m`.`OrgAccountBalance`, `m`.`RetryCount`, `m`.`ThirdPartyTransID`, `m`.`TransAmount`, `m`.`TransID`, `m`.`TransTime`, `m`.`TransactionType`, `m`.`VerificationDate`, `m`.`VerificationResult`
FROM `MpesaC2Bs` AS `m`
WHERE NOT (`m`.`IsVerified`) AND (`m`.`CreatedAt` > DATE_ADD(UTC_TIMESTAMP(), INTERVAL CAST(-7.0 AS signed) day))] []
[2025-05-18 20:40:08.613 +03:00] [WRN] [] [] [] [The WebRootPath was not found: C:\Users\ianga\source\repos\DarajaIntegration\DarajaAPI\wwwroot. Static files may be unavailable.] []
[2025-05-18 20:40:08.807 +03:00] [INF] [] [] [] [Now listening on: https://localhost:5003] []
[2025-05-18 20:40:09.084 +03:00] [INF] [] [] [] [Application started. Press Ctrl+C to shut down.] []
[2025-05-18 20:40:09.212 +03:00] [INF] [] [] [] [Hosting environment: Development] []
[2025-05-18 20:40:09.287 +03:00] [INF] [] [] [] [Content root path: C:\Users\ianga\source\repos\DarajaIntegration\DarajaAPI] []
[2025-05-18 20:40:10.049 +03:00] [INF] [] [0HNCM6C49GA5G:00000001] [/swagger/index.html] [Request starting HTTP/2 GET https://localhost:5003/swagger/index.html - null null] []
[2025-05-18 20:40:11.205 +03:00] [INF] [] [0HNCM6C49GA5G:00000001] [/swagger/index.html] [Request finished HTTP/2 GET https://localhost:5003/swagger/index.html - 200 null text/html;charset=utf-8 1172.8318ms] []
[2025-05-18 20:40:11.261 +03:00] [INF] [] [0HNCM6C49GA5G:00000003] [/_framework/aspnetcore-browser-refresh.js] [Request starting HTTP/2 GET https://localhost:5003/_framework/aspnetcore-browser-refresh.js - null null] []
[2025-05-18 20:40:11.262 +03:00] [INF] [] [0HNCM6C49GA5G:00000005] [/_vs/browserLink] [Request starting HTTP/2 GET https://localhost:5003/_vs/browserLink - null null] []
[2025-05-18 20:40:11.354 +03:00] [INF] [] [0HNCM6C49GA5G:00000003] [/_framework/aspnetcore-browser-refresh.js] [Request finished HTTP/2 GET https://localhost:5003/_framework/aspnetcore-browser-refresh.js - 200 16503 application/javascript; charset=utf-8 92.9105ms] []
[2025-05-18 20:40:11.560 +03:00] [INF] [] [0HNCM6C49GA5G:00000005] [/_vs/browserLink] [Request finished HTTP/2 GET https://localhost:5003/_vs/browserLink - 200 null text/javascript; charset=UTF-8 298.5405ms] []
[2025-05-18 20:40:11.704 +03:00] [INF] [] [0HNCM6C49GA5G:00000007] [/swagger/v1/swagger.json] [Request starting HTTP/2 GET https://localhost:5003/swagger/v1/swagger.json - null null] []
[2025-05-18 20:40:11.818 +03:00] [INF] [] [0HNCM6C49GA5G:00000007] [/swagger/v1/swagger.json] [Request finished HTTP/2 GET https://localhost:5003/swagger/v1/swagger.json - 200 null application/json;charset=utf-8 140.7404ms] []
[2025-05-18 20:40:57.418 +03:00] [INF] [] [0HNCM6C49GA5H:00000001] [/api/v1/mpesa/payments/initiate] [Request starting HTTP/1.1 POST https://a86e-41-81-46-57.ngrok-free.app/api/v1/mpesa/payments/initiate - application/json 83] []
[2025-05-18 20:40:57.634 +03:00] [INF] [] [0HNCM6C49GA5H:00000001] [/api/v1/mpesa/payments/initiate] [CORS policy execution successful.] []
[2025-05-18 20:40:57.681 +03:00] [INF] [] [0HNCM6C49GA5H:00000001] [/api/v1/mpesa/payments/initiate] [Executing endpoint 'DarajaAPI.Controllers.v1.MpesaPaymentController.InitiatePayment (DarajaAPI)'] []
[2025-05-18 20:40:57.748 +03:00] [INF] [] [0HNCM6C49GA5H:00000001] [/api/v1/mpesa/payments/initiate] [Route matched with {action = "InitiatePayment", controller = "MpesaPayment"}. Executing controller action with signature System.Threading.Tasks.Task`1[Microsoft.AspNetCore.Mvc.IActionResult] InitiatePayment(DarajaAPI.Models.Dto.PaymentRequestDto) on controller DarajaAPI.Controllers.v1.MpesaPaymentController (DarajaAPI).] []
[2025-05-18 20:41:05.771 +03:00] [INF] [] [0HNCM6C49GA5H:00000001] [/api/v1/mpesa/payments/initiate] [Start processing HTTP request GET https://sandbox.safaricom.co.ke/oauth/v1/generate?grant_type=client_credentials] []
[2025-05-18 20:41:05.781 +03:00] [INF] [] [0HNCM6C49GA5H:00000001] [/api/v1/mpesa/payments/initiate] [Sending HTTP request GET https://sandbox.safaricom.co.ke/oauth/v1/generate?grant_type=client_credentials] []
[2025-05-18 20:41:06.702 +03:00] [INF] [] [0HNCM6C49GA5H:00000001] [/api/v1/mpesa/payments/initiate] [Received HTTP response headers after 909.0033ms - 200] []
[2025-05-18 20:41:06.710 +03:00] [INF] [] [0HNCM6C49GA5H:00000001] [/api/v1/mpesa/payments/initiate] [End processing HTTP request after 945.6754ms - 200] []
[2025-05-18 20:41:12.568 +03:00] [INF] [] [0HNCM6C49GA5H:00000001] [/api/v1/mpesa/payments/initiate] [Start processing HTTP request POST https://sandbox.safaricom.co.ke/mpesa/stkpush/v1/processrequest] []
[2025-05-18 20:41:12.579 +03:00] [INF] [] [0HNCM6C49GA5H:00000001] [/api/v1/mpesa/payments/initiate] [Sending HTTP request POST https://sandbox.safaricom.co.ke/mpesa/stkpush/v1/processrequest] []
[2025-05-18 20:41:12.930 +03:00] [INF] [] [0HNCM6C49GA5H:00000001] [/api/v1/mpesa/payments/initiate] [Received HTTP response headers after 341.3035ms - 400] []
[2025-05-18 20:41:12.943 +03:00] [INF] [] [0HNCM6C49GA5H:00000001] [/api/v1/mpesa/payments/initiate] [End processing HTTP request after 375.4256ms - 400] []
[2025-05-18 20:41:19.221 +03:00] [INF] [] [0HNCM6C49GA5H:00000001] [/api/v1/mpesa/payments/initiate] [Payment processed: 254708374149, 10] []
[2025-05-18 20:41:21.930 +03:00] [INF] [] [0HNCM6C49GA5H:00000001] [/api/v1/mpesa/payments/initiate] [Executing OkObjectResult, writing value of type 'System.String'.] []
[2025-05-18 20:41:21.956 +03:00] [INF] [] [0HNCM6C49GA5H:00000001] [/api/v1/mpesa/payments/initiate] [Executed action DarajaAPI.Controllers.v1.MpesaPaymentController.InitiatePayment (DarajaAPI) in 24192.3667ms] []
[2025-05-18 20:41:21.967 +03:00] [INF] [] [0HNCM6C49GA5H:00000001] [/api/v1/mpesa/payments/initiate] [Executed endpoint 'DarajaAPI.Controllers.v1.MpesaPaymentController.InitiatePayment (DarajaAPI)'] []
[2025-05-18 20:41:21.975 +03:00] [INF] [] [0HNCM6C49GA5H:00000001] [/api/v1/mpesa/payments/initiate] [Request finished HTTP/1.1 POST https://a86e-41-81-46-57.ngrok-free.app/api/v1/mpesa/payments/initiate - 200 null text/plain; charset=utf-8 24557.4519ms] []
[2025-05-18 20:55:08.715 +03:00] [INF] [] [] [] [Executed DbCommand (5ms) [Parameters=[], CommandType='"Text"', CommandTimeout='30']
SELECT `m`.`Id`, `m`.`BillRefNumber`, `m`.`BusinessShortCode`, `m`.`CreatedAt`, `m`.`FirstName`, `m`.`InvoiceNumber`, `m`.`IsVerified`, `m`.`LastName`, `m`.`MSISDN`, `m`.`MiddleName`, `m`.`OrgAccountBalance`, `m`.`RetryCount`, `m`.`ThirdPartyTransID`, `m`.`TransAmount`, `m`.`TransID`, `m`.`TransTime`, `m`.`TransactionType`, `m`.`VerificationDate`, `m`.`VerificationResult`
FROM `MpesaC2Bs` AS `m`
WHERE NOT (`m`.`IsVerified`) AND (`m`.`CreatedAt` > DATE_ADD(UTC_TIMESTAMP(), INTERVAL CAST(-7.0 AS signed) day))] []
