[2025-05-14 04:01:08.655 +03:00] [INF] [] [] [] [Starting role seeding] []
[2025-05-14 04:01:10.161 +03:00] [INF] [] [] [] [Executed DbCommand (55ms) [Parameters=[@__normalizedName_0='?' (Size = 256)], CommandType='"Text"', CommandTimeout='30']
SELECT `r`.`Id`, `r`.`ConcurrencyStamp`, `r`.`Name`, `r`.`NormalizedName`
FROM `Role` AS `r`
WHERE `r`.`NormalizedName` = @__normalizedName_0
LIMIT 1] []
[2025-05-14 04:01:10.274 +03:00] [INF] [] [] [] [Executed DbCommand (6ms) [Parameters=[@__normalizedName_0='?' (Size = 256)], CommandType='"Text"', CommandTimeout='30']
SELECT `r`.`Id`, `r`.`ConcurrencyStamp`, `r`.`Name`, `r`.`NormalizedName`
FROM `Role` AS `r`
WHERE `r`.`NormalizedName` = @__normalizedName_0
LIMIT 1] []
[2025-05-14 04:01:10.282 +03:00] [INF] [] [] [] [Executed DbCommand (1ms) [Parameters=[@__normalizedName_0='?' (Size = 256)], CommandType='"Text"', CommandTimeout='30']
SELECT `r`.`Id`, `r`.`ConcurrencyStamp`, `r`.`Name`, `r`.`NormalizedName`
FROM `Role` AS `r`
WHERE `r`.`NormalizedName` = @__normalizedName_0
LIMIT 1] []
[2025-05-14 04:01:10.288 +03:00] [INF] [] [] [] [Executed DbCommand (1ms) [Parameters=[@__normalizedName_0='?' (Size = 256)], CommandType='"Text"', CommandTimeout='30']
SELECT `r`.`Id`, `r`.`ConcurrencyStamp`, `r`.`Name`, `r`.`NormalizedName`
FROM `Role` AS `r`
WHERE `r`.`NormalizedName` = @__normalizedName_0
LIMIT 1] []
[2025-05-14 04:01:10.291 +03:00] [INF] [] [] [] [Role seeding completed] []
[2025-05-14 04:01:10.291 +03:00] [INF] [] [] [] [Starting super admin seeding] []
[2025-05-14 04:01:10.314 +03:00] [INF] [] [] [] [Executed DbCommand (2ms) [Parameters=[@__defaultUser_Email_0='?' (Size = 256)], CommandType='"Text"', CommandTimeout='30']
SELECT NOT EXISTS (
    SELECT 1
    FROM `User` AS `u`
    WHERE (`u`.`Email` = @__defaultUser_Email_0) AND `u`.`Email` IS NOT NULL)] []
[2025-05-14 04:01:10.321 +03:00] [INF] [] [] [] [Super admin seeding completed] []
[2025-05-14 04:01:10.416 +03:00] [WRN] [] [] [] [The WebRootPath was not found: C:\Users\ianga\source\repos\DarajaIntegration\DarajaAPI\wwwroot. Static files may be unavailable.] []
[2025-05-14 04:01:10.491 +03:00] [INF] [] [] [] [Now listening on: https://localhost:5003] []
[2025-05-14 04:01:10.565 +03:00] [INF] [] [] [] [Application started. Press Ctrl+C to shut down.] []
[2025-05-14 04:01:10.574 +03:00] [INF] [] [] [] [Hosting environment: Development] []
[2025-05-14 04:01:10.575 +03:00] [INF] [] [] [] [Content root path: C:\Users\ianga\source\repos\DarajaIntegration\DarajaAPI] []
[2025-05-14 04:01:11.626 +03:00] [INF] [] [0HNCIGB8I3CSB:00000001] [/swagger/index.html] [Request starting HTTP/2 GET https://localhost:5003/swagger/index.html - null null] []
[2025-05-14 04:01:12.242 +03:00] [INF] [] [0HNCIGB8I3CSB:00000001] [/swagger/index.html] [Request finished HTTP/2 GET https://localhost:5003/swagger/index.html - 200 null text/html;charset=utf-8 632.4074ms] []
[2025-05-14 04:01:12.275 +03:00] [INF] [] [0HNCIGB8I3CSB:00000003] [/_framework/aspnetcore-browser-refresh.js] [Request starting HTTP/2 GET https://localhost:5003/_framework/aspnetcore-browser-refresh.js - null null] []
[2025-05-14 04:01:12.411 +03:00] [INF] [] [0HNCIGB8I3CSB:00000005] [/_vs/browserLink] [Request starting HTTP/2 GET https://localhost:5003/_vs/browserLink - null null] []
[2025-05-14 04:01:12.498 +03:00] [INF] [] [0HNCIGB8I3CSB:00000003] [/_framework/aspnetcore-browser-refresh.js] [Request finished HTTP/2 GET https://localhost:5003/_framework/aspnetcore-browser-refresh.js - 200 16503 application/javascript; charset=utf-8 223.3603ms] []
[2025-05-14 04:01:12.593 +03:00] [INF] [] [0HNCIGB8I3CSB:00000005] [/_vs/browserLink] [Request finished HTTP/2 GET https://localhost:5003/_vs/browserLink - 200 null text/javascript; charset=UTF-8 182.8552ms] []
[2025-05-14 04:01:12.773 +03:00] [INF] [] [0HNCIGB8I3CSB:00000007] [/swagger/v1/swagger.json] [Request starting HTTP/2 GET https://localhost:5003/swagger/v1/swagger.json - null null] []
[2025-05-14 04:01:12.847 +03:00] [INF] [] [0HNCIGB8I3CSB:00000007] [/swagger/v1/swagger.json] [Request finished HTTP/2 GET https://localhost:5003/swagger/v1/swagger.json - 200 null application/json;charset=utf-8 74.3216ms] []
[2025-05-14 04:01:53.768 +03:00] [INF] [] [0HNCIGB8I3CSB:00000009] [/api/v1/Daraja/simulate-c2b-payment] [Request starting HTTP/2 POST https://localhost:5003/api/v1/Daraja/simulate-c2b-payment - application/json 81] []
[2025-05-14 04:01:53.845 +03:00] [INF] [] [0HNCIGB8I3CSB:00000009] [/api/v1/Daraja/simulate-c2b-payment] [CORS policy execution successful.] []
[2025-05-14 04:01:53.861 +03:00] [INF] [] [0HNCIGB8I3CSB:00000009] [/api/v1/Daraja/simulate-c2b-payment] [Executing endpoint 'DarajaAPI.Controllers.v1.DarajaController.SimulateC2BPayment (DarajaAPI)'] []
[2025-05-14 04:01:53.886 +03:00] [INF] [] [0HNCIGB8I3CSB:00000009] [/api/v1/Daraja/simulate-c2b-payment] [Route matched with {action = "SimulateC2BPayment", controller = "Daraja"}. Executing controller action with signature System.Threading.Tasks.Task`1[Microsoft.AspNetCore.Mvc.IActionResult] SimulateC2BPayment(DarajaAPI.Models.Dto.C2BRequestDto) on controller DarajaAPI.Controllers.v1.DarajaController (DarajaAPI).] []
[2025-05-14 04:02:00.800 +03:00] [INF] [] [0HNCIGB8I3CSB:00000009] [/api/v1/Daraja/simulate-c2b-payment] [Start processing HTTP request GET https://sandbox.safaricom.co.ke/oauth/v1/generate?grant_type=client_credentials] []
[2025-05-14 04:02:00.804 +03:00] [INF] [] [0HNCIGB8I3CSB:00000009] [/api/v1/Daraja/simulate-c2b-payment] [Sending HTTP request GET https://sandbox.safaricom.co.ke/oauth/v1/generate?grant_type=client_credentials] []
[2025-05-14 04:02:01.650 +03:00] [INF] [] [0HNCIGB8I3CSB:00000009] [/api/v1/Daraja/simulate-c2b-payment] [Received HTTP response headers after 840.5958ms - 200] []
[2025-05-14 04:02:01.654 +03:00] [INF] [] [0HNCIGB8I3CSB:00000009] [/api/v1/Daraja/simulate-c2b-payment] [End processing HTTP request after 856.7959ms - 200] []
[2025-05-14 04:02:04.968 +03:00] [INF] [] [0HNCIGB8I3CSB:00000009] [/api/v1/Daraja/simulate-c2b-payment] [Start processing HTTP request POST https://sandbox.safaricom.co.ke/mpesa/c2b/v1/simulate] []
[2025-05-14 04:02:04.971 +03:00] [INF] [] [0HNCIGB8I3CSB:00000009] [/api/v1/Daraja/simulate-c2b-payment] [Sending HTTP request POST https://sandbox.safaricom.co.ke/mpesa/c2b/v1/simulate] []
[2025-05-14 04:02:05.706 +03:00] [INF] [] [0HNCIGB8I3CSB:00000009] [/api/v1/Daraja/simulate-c2b-payment] [Received HTTP response headers after 733.9586ms - 500] []
[2025-05-14 04:02:05.709 +03:00] [INF] [] [0HNCIGB8I3CSB:00000009] [/api/v1/Daraja/simulate-c2b-payment] [End processing HTTP request after 741.6958ms - 500] []
[2025-05-14 04:02:06.382 +03:00] [INF] [] [0HNCIGB8I3CSB:00000009] [/api/v1/Daraja/simulate-c2b-payment] [Request to Daraja: {"ShortCode":"600988","CommandID":"CustomerPayBillOnline","Amount":"100","Msisdn":"254708374149","BillRefNumber":"TEST"}] []
[2025-05-14 04:02:08.037 +03:00] [INF] [] [0HNCIGB8I3CSB:00000009] [/api/v1/Daraja/simulate-c2b-payment] [Executing ObjectResult, writing value of type 'System.String'.] []
[2025-05-14 04:02:08.045 +03:00] [INF] [] [0HNCIGB8I3CSB:00000009] [/api/v1/Daraja/simulate-c2b-payment] [Executed action DarajaAPI.Controllers.v1.DarajaController.SimulateC2BPayment (DarajaAPI) in 14152.2686ms] []
[2025-05-14 04:02:08.050 +03:00] [INF] [] [0HNCIGB8I3CSB:00000009] [/api/v1/Daraja/simulate-c2b-payment] [Executed endpoint 'DarajaAPI.Controllers.v1.DarajaController.SimulateC2BPayment (DarajaAPI)'] []
[2025-05-14 04:02:08.053 +03:00] [INF] [] [0HNCIGB8I3CSB:00000009] [/api/v1/Daraja/simulate-c2b-payment] [Request finished HTTP/2 POST https://localhost:5003/api/v1/Daraja/simulate-c2b-payment - 500 null text/plain; charset=utf-8 14285.2584ms] []
[2025-05-14 04:06:04.849 +03:00] [INF] [] [] [] [Starting role seeding] []
[2025-05-14 04:06:06.098 +03:00] [INF] [] [] [] [Executed DbCommand (44ms) [Parameters=[@__normalizedName_0='?' (Size = 256)], CommandType='"Text"', CommandTimeout='30']
SELECT `r`.`Id`, `r`.`ConcurrencyStamp`, `r`.`Name`, `r`.`NormalizedName`
FROM `Role` AS `r`
WHERE `r`.`NormalizedName` = @__normalizedName_0
LIMIT 1] []
[2025-05-14 04:06:06.215 +03:00] [INF] [] [] [] [Executed DbCommand (6ms) [Parameters=[@__normalizedName_0='?' (Size = 256)], CommandType='"Text"', CommandTimeout='30']
SELECT `r`.`Id`, `r`.`ConcurrencyStamp`, `r`.`Name`, `r`.`NormalizedName`
FROM `Role` AS `r`
WHERE `r`.`NormalizedName` = @__normalizedName_0
LIMIT 1] []
[2025-05-14 04:06:06.223 +03:00] [INF] [] [] [] [Executed DbCommand (2ms) [Parameters=[@__normalizedName_0='?' (Size = 256)], CommandType='"Text"', CommandTimeout='30']
SELECT `r`.`Id`, `r`.`ConcurrencyStamp`, `r`.`Name`, `r`.`NormalizedName`
FROM `Role` AS `r`
WHERE `r`.`NormalizedName` = @__normalizedName_0
LIMIT 1] []
[2025-05-14 04:06:06.230 +03:00] [INF] [] [] [] [Executed DbCommand (1ms) [Parameters=[@__normalizedName_0='?' (Size = 256)], CommandType='"Text"', CommandTimeout='30']
SELECT `r`.`Id`, `r`.`ConcurrencyStamp`, `r`.`Name`, `r`.`NormalizedName`
FROM `Role` AS `r`
WHERE `r`.`NormalizedName` = @__normalizedName_0
LIMIT 1] []
[2025-05-14 04:06:06.232 +03:00] [INF] [] [] [] [Role seeding completed] []
[2025-05-14 04:06:06.233 +03:00] [INF] [] [] [] [Starting super admin seeding] []
[2025-05-14 04:06:06.260 +03:00] [INF] [] [] [] [Executed DbCommand (2ms) [Parameters=[@__defaultUser_Email_0='?' (Size = 256)], CommandType='"Text"', CommandTimeout='30']
SELECT NOT EXISTS (
    SELECT 1
    FROM `User` AS `u`
    WHERE (`u`.`Email` = @__defaultUser_Email_0) AND `u`.`Email` IS NOT NULL)] []
[2025-05-14 04:06:06.267 +03:00] [INF] [] [] [] [Super admin seeding completed] []
[2025-05-14 04:06:06.356 +03:00] [WRN] [] [] [] [The WebRootPath was not found: C:\Users\ianga\source\repos\DarajaIntegration\DarajaAPI\wwwroot. Static files may be unavailable.] []
[2025-05-14 04:06:06.418 +03:00] [INF] [] [] [] [Now listening on: https://localhost:5003] []
[2025-05-14 04:06:06.497 +03:00] [INF] [] [] [] [Application started. Press Ctrl+C to shut down.] []
[2025-05-14 04:06:06.505 +03:00] [INF] [] [] [] [Hosting environment: Development] []
[2025-05-14 04:06:06.508 +03:00] [INF] [] [] [] [Content root path: C:\Users\ianga\source\repos\DarajaIntegration\DarajaAPI] []
[2025-05-14 04:06:07.711 +03:00] [INF] [] [0HNCIGE0P3F52:00000001] [/swagger/index.html] [Request starting HTTP/2 GET https://localhost:5003/swagger/index.html - null null] []
[2025-05-14 04:06:08.197 +03:00] [INF] [] [0HNCIGE0P3F52:00000003] [/_framework/aspnetcore-browser-refresh.js] [Request starting HTTP/2 GET https://localhost:5003/_framework/aspnetcore-browser-refresh.js - null null] []
[2025-05-14 04:06:08.197 +03:00] [INF] [] [0HNCIGE0P3F52:00000005] [/_vs/browserLink] [Request starting HTTP/2 GET https://localhost:5003/_vs/browserLink - null null] []
[2025-05-14 04:06:08.209 +03:00] [INF] [] [0HNCIGE0P3F52:00000001] [/swagger/index.html] [Request finished HTTP/2 GET https://localhost:5003/swagger/index.html - 200 null text/html;charset=utf-8 513.4117ms] []
[2025-05-14 04:06:08.258 +03:00] [INF] [] [0HNCIGE0P3F52:00000003] [/_framework/aspnetcore-browser-refresh.js] [Request finished HTTP/2 GET https://localhost:5003/_framework/aspnetcore-browser-refresh.js - 200 16503 application/javascript; charset=utf-8 60.5787ms] []
[2025-05-14 04:06:08.398 +03:00] [INF] [] [0HNCIGE0P3F52:00000005] [/_vs/browserLink] [Request finished HTTP/2 GET https://localhost:5003/_vs/browserLink - 200 null text/javascript; charset=UTF-8 201.6601ms] []
[2025-05-14 04:06:08.488 +03:00] [INF] [] [0HNCIGE0P3F52:00000007] [/swagger/v1/swagger.json] [Request starting HTTP/2 GET https://localhost:5003/swagger/v1/swagger.json - null null] []
[2025-05-14 04:06:08.578 +03:00] [INF] [] [0HNCIGE0P3F52:00000007] [/swagger/v1/swagger.json] [Request finished HTTP/2 GET https://localhost:5003/swagger/v1/swagger.json - 200 null application/json;charset=utf-8 90.3607ms] []
[2025-05-14 04:07:05.670 +03:00] [INF] [] [0HNCIGE0P3F52:00000009] [/api/v1/Daraja/simulate-c2b-payment] [Request starting HTTP/2 POST https://localhost:5003/api/v1/Daraja/simulate-c2b-payment - application/json 81] []
[2025-05-14 04:07:05.744 +03:00] [INF] [] [0HNCIGE0P3F52:00000009] [/api/v1/Daraja/simulate-c2b-payment] [CORS policy execution successful.] []
[2025-05-14 04:07:05.771 +03:00] [INF] [] [0HNCIGE0P3F52:00000009] [/api/v1/Daraja/simulate-c2b-payment] [Executing endpoint 'DarajaAPI.Controllers.v1.DarajaController.SimulateC2BPayment (DarajaAPI)'] []
[2025-05-14 04:07:05.812 +03:00] [INF] [] [0HNCIGE0P3F52:00000009] [/api/v1/Daraja/simulate-c2b-payment] [Route matched with {action = "SimulateC2BPayment", controller = "Daraja"}. Executing controller action with signature System.Threading.Tasks.Task`1[Microsoft.AspNetCore.Mvc.IActionResult] SimulateC2BPayment(DarajaAPI.Models.Dto.C2BRequestDto) on controller DarajaAPI.Controllers.v1.DarajaController (DarajaAPI).] []
[2025-05-14 04:07:20.540 +03:00] [INF] [] [0HNCIGE0P3F52:00000009] [/api/v1/Daraja/simulate-c2b-payment] [Start processing HTTP request GET https://sandbox.safaricom.co.ke/oauth/v1/generate?grant_type=client_credentials] []
[2025-05-14 04:07:20.546 +03:00] [INF] [] [0HNCIGE0P3F52:00000009] [/api/v1/Daraja/simulate-c2b-payment] [Sending HTTP request GET https://sandbox.safaricom.co.ke/oauth/v1/generate?grant_type=client_credentials] []
[2025-05-14 04:07:21.362 +03:00] [INF] [] [0HNCIGE0P3F52:00000009] [/api/v1/Daraja/simulate-c2b-payment] [Received HTTP response headers after 808.9726ms - 200] []
[2025-05-14 04:07:21.367 +03:00] [INF] [] [0HNCIGE0P3F52:00000009] [/api/v1/Daraja/simulate-c2b-payment] [End processing HTTP request after 832.8165ms - 200] []
[2025-05-14 04:07:21.653 +03:00] [INF] [] [0HNCIGE0P3F52:00000009] [/api/v1/Daraja/simulate-c2b-payment] [Start processing HTTP request POST https://sandbox.safaricom.co.ke/mpesa/c2b/v1/simulate] []
[2025-05-14 04:07:21.657 +03:00] [INF] [] [0HNCIGE0P3F52:00000009] [/api/v1/Daraja/simulate-c2b-payment] [Sending HTTP request POST https://sandbox.safaricom.co.ke/mpesa/c2b/v1/simulate] []
[2025-05-14 04:07:22.830 +03:00] [INF] [] [0HNCIGE0P3F52:00000009] [/api/v1/Daraja/simulate-c2b-payment] [Received HTTP response headers after 1170.3124ms - 500] []
[2025-05-14 04:07:22.836 +03:00] [INF] [] [0HNCIGE0P3F52:00000009] [/api/v1/Daraja/simulate-c2b-payment] [End processing HTTP request after 1182.7574ms - 500] []
[2025-05-14 04:07:22.844 +03:00] [INF] [] [0HNCIGE0P3F52:00000009] [/api/v1/Daraja/simulate-c2b-payment] [Request to Daraja: {"ShortCode":"600988","CommandID":"CustomerPayBillOnline","Amount":"100","Msisdn":"254708374149","BillRefNumber":"TEST"}] []
[2025-05-14 04:07:22.866 +03:00] [INF] [] [0HNCIGE0P3F52:00000009] [/api/v1/Daraja/simulate-c2b-payment] [Executing ObjectResult, writing value of type 'System.String'.] []
[2025-05-14 04:07:22.885 +03:00] [INF] [] [0HNCIGE0P3F52:00000009] [/api/v1/Daraja/simulate-c2b-payment] [Executed action DarajaAPI.Controllers.v1.DarajaController.SimulateC2BPayment (DarajaAPI) in 17059.3107ms] []
[2025-05-14 04:07:22.889 +03:00] [INF] [] [0HNCIGE0P3F52:00000009] [/api/v1/Daraja/simulate-c2b-payment] [Executed endpoint 'DarajaAPI.Controllers.v1.DarajaController.SimulateC2BPayment (DarajaAPI)'] []
[2025-05-14 04:07:22.895 +03:00] [INF] [] [0HNCIGE0P3F52:00000009] [/api/v1/Daraja/simulate-c2b-payment] [Request finished HTTP/2 POST https://localhost:5003/api/v1/Daraja/simulate-c2b-payment - 500 null text/plain; charset=utf-8 17225.2205ms] []
[2025-05-14 04:12:59.516 +03:00] [INF] [] [0HNCIGE0P3F52:0000000B] [/api/v1/Daraja/simulate-c2b-payment] [Request starting HTTP/2 POST https://localhost:5003/api/v1/Daraja/simulate-c2b-payment - application/json 81] []
[2025-05-14 04:12:59.530 +03:00] [INF] [] [0HNCIGE0P3F52:0000000B] [/api/v1/Daraja/simulate-c2b-payment] [CORS policy execution successful.] []
[2025-05-14 04:12:59.535 +03:00] [INF] [] [0HNCIGE0P3F52:0000000B] [/api/v1/Daraja/simulate-c2b-payment] [Executing endpoint 'DarajaAPI.Controllers.v1.DarajaController.SimulateC2BPayment (DarajaAPI)'] []
[2025-05-14 04:12:59.538 +03:00] [INF] [] [0HNCIGE0P3F52:0000000B] [/api/v1/Daraja/simulate-c2b-payment] [Route matched with {action = "SimulateC2BPayment", controller = "Daraja"}. Executing controller action with signature System.Threading.Tasks.Task`1[Microsoft.AspNetCore.Mvc.IActionResult] SimulateC2BPayment(DarajaAPI.Models.Dto.C2BRequestDto) on controller DarajaAPI.Controllers.v1.DarajaController (DarajaAPI).] []
[2025-05-14 04:12:59.543 +03:00] [INF] [] [0HNCIGE0P3F52:0000000B] [/api/v1/Daraja/simulate-c2b-payment] [Start processing HTTP request GET https://sandbox.safaricom.co.ke/oauth/v1/generate?grant_type=client_credentials] []
[2025-05-14 04:12:59.546 +03:00] [INF] [] [0HNCIGE0P3F52:0000000B] [/api/v1/Daraja/simulate-c2b-payment] [Sending HTTP request GET https://sandbox.safaricom.co.ke/oauth/v1/generate?grant_type=client_credentials] []
[2025-05-14 04:13:00.276 +03:00] [INF] [] [0HNCIGE0P3F52:0000000B] [/api/v1/Daraja/simulate-c2b-payment] [Received HTTP response headers after 728.7096ms - 200] []
[2025-05-14 04:13:00.279 +03:00] [INF] [] [0HNCIGE0P3F52:0000000B] [/api/v1/Daraja/simulate-c2b-payment] [End processing HTTP request after 735.3105ms - 200] []
[2025-05-14 04:13:00.280 +03:00] [INF] [] [0HNCIGE0P3F52:0000000B] [/api/v1/Daraja/simulate-c2b-payment] [Start processing HTTP request POST https://sandbox.safaricom.co.ke/mpesa/c2b/v1/simulate] []
[2025-05-14 04:13:00.282 +03:00] [INF] [] [0HNCIGE0P3F52:0000000B] [/api/v1/Daraja/simulate-c2b-payment] [Sending HTTP request POST https://sandbox.safaricom.co.ke/mpesa/c2b/v1/simulate] []
[2025-05-14 04:13:00.753 +03:00] [INF] [] [0HNCIGE0P3F52:0000000B] [/api/v1/Daraja/simulate-c2b-payment] [Received HTTP response headers after 469.1727ms - 500] []
[2025-05-14 04:13:00.757 +03:00] [INF] [] [0HNCIGE0P3F52:0000000B] [/api/v1/Daraja/simulate-c2b-payment] [End processing HTTP request after 476.0903ms - 500] []
[2025-05-14 04:13:00.759 +03:00] [INF] [] [0HNCIGE0P3F52:0000000B] [/api/v1/Daraja/simulate-c2b-payment] [Request to Daraja: {"ShortCode":"600988","CommandID":"CustomerPayBillOnline","Amount":"100","Msisdn":"254708374149","BillRefNumber":"TEST"}] []
[2025-05-14 04:13:00.762 +03:00] [INF] [] [0HNCIGE0P3F52:0000000B] [/api/v1/Daraja/simulate-c2b-payment] [Executing ObjectResult, writing value of type 'System.String'.] []
[2025-05-14 04:13:00.768 +03:00] [INF] [] [0HNCIGE0P3F52:0000000B] [/api/v1/Daraja/simulate-c2b-payment] [Executed action DarajaAPI.Controllers.v1.DarajaController.SimulateC2BPayment (DarajaAPI) in 1227.2208ms] []
[2025-05-14 04:13:00.771 +03:00] [INF] [] [0HNCIGE0P3F52:0000000B] [/api/v1/Daraja/simulate-c2b-payment] [Executed endpoint 'DarajaAPI.Controllers.v1.DarajaController.SimulateC2BPayment (DarajaAPI)'] []
[2025-05-14 04:13:00.774 +03:00] [INF] [] [0HNCIGE0P3F52:0000000B] [/api/v1/Daraja/simulate-c2b-payment] [Request finished HTTP/2 POST https://localhost:5003/api/v1/Daraja/simulate-c2b-payment - 500 null text/plain; charset=utf-8 1259.442ms] []
[2025-05-14 04:13:27.650 +03:00] [INF] [] [] [] [Starting role seeding] []
[2025-05-14 04:13:28.824 +03:00] [INF] [] [] [] [Executed DbCommand (43ms) [Parameters=[@__normalizedName_0='?' (Size = 256)], CommandType='"Text"', CommandTimeout='30']
SELECT `r`.`Id`, `r`.`ConcurrencyStamp`, `r`.`Name`, `r`.`NormalizedName`
FROM `Role` AS `r`
WHERE `r`.`NormalizedName` = @__normalizedName_0
LIMIT 1] []
[2025-05-14 04:13:28.940 +03:00] [INF] [] [] [] [Executed DbCommand (5ms) [Parameters=[@__normalizedName_0='?' (Size = 256)], CommandType='"Text"', CommandTimeout='30']
SELECT `r`.`Id`, `r`.`ConcurrencyStamp`, `r`.`Name`, `r`.`NormalizedName`
FROM `Role` AS `r`
WHERE `r`.`NormalizedName` = @__normalizedName_0
LIMIT 1] []
[2025-05-14 04:13:28.948 +03:00] [INF] [] [] [] [Executed DbCommand (2ms) [Parameters=[@__normalizedName_0='?' (Size = 256)], CommandType='"Text"', CommandTimeout='30']
SELECT `r`.`Id`, `r`.`ConcurrencyStamp`, `r`.`Name`, `r`.`NormalizedName`
FROM `Role` AS `r`
WHERE `r`.`NormalizedName` = @__normalizedName_0
LIMIT 1] []
[2025-05-14 04:13:28.954 +03:00] [INF] [] [] [] [Executed DbCommand (1ms) [Parameters=[@__normalizedName_0='?' (Size = 256)], CommandType='"Text"', CommandTimeout='30']
SELECT `r`.`Id`, `r`.`ConcurrencyStamp`, `r`.`Name`, `r`.`NormalizedName`
FROM `Role` AS `r`
WHERE `r`.`NormalizedName` = @__normalizedName_0
LIMIT 1] []
[2025-05-14 04:13:28.957 +03:00] [INF] [] [] [] [Role seeding completed] []
[2025-05-14 04:13:28.958 +03:00] [INF] [] [] [] [Starting super admin seeding] []
[2025-05-14 04:13:28.982 +03:00] [INF] [] [] [] [Executed DbCommand (2ms) [Parameters=[@__defaultUser_Email_0='?' (Size = 256)], CommandType='"Text"', CommandTimeout='30']
SELECT NOT EXISTS (
    SELECT 1
    FROM `User` AS `u`
    WHERE (`u`.`Email` = @__defaultUser_Email_0) AND `u`.`Email` IS NOT NULL)] []
[2025-05-14 04:13:28.989 +03:00] [INF] [] [] [] [Super admin seeding completed] []
[2025-05-14 04:13:29.080 +03:00] [WRN] [] [] [] [The WebRootPath was not found: C:\Users\ianga\source\repos\DarajaIntegration\DarajaAPI\wwwroot. Static files may be unavailable.] []
[2025-05-14 04:13:29.146 +03:00] [INF] [] [] [] [Now listening on: https://localhost:5003] []
[2025-05-14 04:13:29.220 +03:00] [INF] [] [] [] [Application started. Press Ctrl+C to shut down.] []
[2025-05-14 04:13:29.228 +03:00] [INF] [] [] [] [Hosting environment: Development] []
[2025-05-14 04:13:29.230 +03:00] [INF] [] [] [] [Content root path: C:\Users\ianga\source\repos\DarajaIntegration\DarajaAPI] []
[2025-05-14 04:13:30.211 +03:00] [INF] [] [0HNCIGI4KJ292:00000001] [/swagger/index.html] [Request starting HTTP/2 GET https://localhost:5003/swagger/index.html - null null] []
[2025-05-14 04:13:30.658 +03:00] [INF] [] [0HNCIGI4KJ292:00000001] [/swagger/index.html] [Request finished HTTP/2 GET https://localhost:5003/swagger/index.html - 200 null text/html;charset=utf-8 461.7458ms] []
[2025-05-14 04:13:30.708 +03:00] [INF] [] [0HNCIGI4KJ292:00000005] [/_vs/browserLink] [Request starting HTTP/2 GET https://localhost:5003/_vs/browserLink - null null] []
[2025-05-14 04:13:30.708 +03:00] [INF] [] [0HNCIGI4KJ292:00000003] [/_framework/aspnetcore-browser-refresh.js] [Request starting HTTP/2 GET https://localhost:5003/_framework/aspnetcore-browser-refresh.js - null null] []
[2025-05-14 04:13:30.837 +03:00] [INF] [] [0HNCIGI4KJ292:00000003] [/_framework/aspnetcore-browser-refresh.js] [Request finished HTTP/2 GET https://localhost:5003/_framework/aspnetcore-browser-refresh.js - 200 16503 application/javascript; charset=utf-8 128.9882ms] []
[2025-05-14 04:13:30.937 +03:00] [INF] [] [0HNCIGI4KJ292:00000005] [/_vs/browserLink] [Request finished HTTP/2 GET https://localhost:5003/_vs/browserLink - 200 null text/javascript; charset=UTF-8 230.5363ms] []
[2025-05-14 04:13:31.007 +03:00] [INF] [] [0HNCIGI4KJ292:00000007] [/swagger/v1/swagger.json] [Request starting HTTP/2 GET https://localhost:5003/swagger/v1/swagger.json - null null] []
[2025-05-14 04:13:31.063 +03:00] [INF] [] [0HNCIGI4KJ292:00000007] [/swagger/v1/swagger.json] [Request finished HTTP/2 GET https://localhost:5003/swagger/v1/swagger.json - 200 null application/json;charset=utf-8 53.2833ms] []
[2025-05-14 04:14:20.480 +03:00] [INF] [] [0HNCIGI4KJ292:00000009] [/api/v1/Daraja/simulate-c2b-payment] [Request starting HTTP/2 POST https://localhost:5003/api/v1/Daraja/simulate-c2b-payment - application/json 84] []
[2025-05-14 04:14:20.541 +03:00] [INF] [] [0HNCIGI4KJ292:00000009] [/api/v1/Daraja/simulate-c2b-payment] [CORS policy execution successful.] []
[2025-05-14 04:14:20.555 +03:00] [INF] [] [0HNCIGI4KJ292:00000009] [/api/v1/Daraja/simulate-c2b-payment] [Executing endpoint 'DarajaAPI.Controllers.v1.DarajaController.SimulateC2BPayment (DarajaAPI)'] []
[2025-05-14 04:14:20.577 +03:00] [INF] [] [0HNCIGI4KJ292:00000009] [/api/v1/Daraja/simulate-c2b-payment] [Route matched with {action = "SimulateC2BPayment", controller = "Daraja"}. Executing controller action with signature System.Threading.Tasks.Task`1[Microsoft.AspNetCore.Mvc.IActionResult] SimulateC2BPayment(DarajaAPI.Models.Dto.C2BRequestDto) on controller DarajaAPI.Controllers.v1.DarajaController (DarajaAPI).] []
[2025-05-14 04:14:20.637 +03:00] [INF] [] [0HNCIGI4KJ292:00000009] [/api/v1/Daraja/simulate-c2b-payment] [Start processing HTTP request GET https://sandbox.safaricom.co.ke/oauth/v1/generate?grant_type=client_credentials] []
[2025-05-14 04:14:20.641 +03:00] [INF] [] [0HNCIGI4KJ292:00000009] [/api/v1/Daraja/simulate-c2b-payment] [Sending HTTP request GET https://sandbox.safaricom.co.ke/oauth/v1/generate?grant_type=client_credentials] []
[2025-05-14 04:14:21.355 +03:00] [INF] [] [0HNCIGI4KJ292:00000009] [/api/v1/Daraja/simulate-c2b-payment] [Received HTTP response headers after 710.0801ms - 200] []
[2025-05-14 04:14:21.358 +03:00] [INF] [] [0HNCIGI4KJ292:00000009] [/api/v1/Daraja/simulate-c2b-payment] [End processing HTTP request after 724.156ms - 200] []
[2025-05-14 04:14:21.462 +03:00] [INF] [] [0HNCIGI4KJ292:00000009] [/api/v1/Daraja/simulate-c2b-payment] [Start processing HTTP request POST https://sandbox.safaricom.co.ke/mpesa/c2b/v1/simulate] []
[2025-05-14 04:14:21.464 +03:00] [INF] [] [0HNCIGI4KJ292:00000009] [/api/v1/Daraja/simulate-c2b-payment] [Sending HTTP request POST https://sandbox.safaricom.co.ke/mpesa/c2b/v1/simulate] []
[2025-05-14 04:14:22.780 +03:00] [INF] [] [0HNCIGI4KJ292:00000009] [/api/v1/Daraja/simulate-c2b-payment] [Received HTTP response headers after 1314.4475ms - 500] []
[2025-05-14 04:14:22.793 +03:00] [INF] [] [0HNCIGI4KJ292:00000009] [/api/v1/Daraja/simulate-c2b-payment] [End processing HTTP request after 1331.2066ms - 500] []
[2025-05-14 04:14:22.806 +03:00] [INF] [] [0HNCIGI4KJ292:00000009] [/api/v1/Daraja/simulate-c2b-payment] [Request to Daraja: {"ShortCode":"600988","CommandID":"CustomerPayBillOnline","Amount":"100","Msisdn":"254708374149","BillRefNumber":"2173219"}] []
[2025-05-14 04:14:22.819 +03:00] [INF] [] [0HNCIGI4KJ292:00000009] [/api/v1/Daraja/simulate-c2b-payment] [Executing ObjectResult, writing value of type 'System.String'.] []
[2025-05-14 04:14:22.828 +03:00] [INF] [] [0HNCIGI4KJ292:00000009] [/api/v1/Daraja/simulate-c2b-payment] [Executed action DarajaAPI.Controllers.v1.DarajaController.SimulateC2BPayment (DarajaAPI) in 2243.6158ms] []
[2025-05-14 04:14:22.839 +03:00] [INF] [] [0HNCIGI4KJ292:00000009] [/api/v1/Daraja/simulate-c2b-payment] [Executed endpoint 'DarajaAPI.Controllers.v1.DarajaController.SimulateC2BPayment (DarajaAPI)'] []
[2025-05-14 04:14:22.844 +03:00] [INF] [] [0HNCIGI4KJ292:00000009] [/api/v1/Daraja/simulate-c2b-payment] [Request finished HTTP/2 POST https://localhost:5003/api/v1/Daraja/simulate-c2b-payment - 500 null text/plain; charset=utf-8 2364.2629ms] []
