[2024-07-17 11:30:36.655 +03:00] [INF] [] [] [] [Starting role seeding] []
[2024-07-17 11:30:43.587 +03:00] [INF] [] [] [] [Executed DbCommand (255ms) [Parameters=[@__normalizedName_0='?' (Size = 256)], CommandType='"Text"', CommandTimeout='30']
SELECT `r`.`Id`, `r`.`ConcurrencyStamp`, `r`.`Name`, `r`.`NormalizedName`
FROM `Role` AS `r`
WHERE `r`.`NormalizedName` = @__normalizedName_0
LIMIT 1] []
[2024-07-17 11:30:44.445 +03:00] [INF] [] [] [] [Executed DbCommand (3ms) [Parameters=[@__normalizedName_0='?' (Size = 256)], CommandType='"Text"', CommandTimeout='30']
SELECT `r`.`Id`, `r`.`ConcurrencyStamp`, `r`.`Name`, `r`.`NormalizedName`
FROM `Role` AS `r`
WHERE `r`.`NormalizedName` = @__normalizedName_0
LIMIT 1] []
[2024-07-17 11:30:45.554 +03:00] [INF] [] [] [] [Executed DbCommand (39ms) [Parameters=[@__normalizedName_0='?' (Size = 256)], CommandType='"Text"', CommandTimeout='30']
SELECT `r`.`Id`, `r`.`ConcurrencyStamp`, `r`.`Name`, `r`.`NormalizedName`
FROM `Role` AS `r`
WHERE `r`.`NormalizedName` = @__normalizedName_0
LIMIT 1] []
[2024-07-17 11:30:45.587 +03:00] [INF] [] [] [] [Executed DbCommand (9ms) [Parameters=[@__normalizedName_0='?' (Size = 256)], CommandType='"Text"', CommandTimeout='30']
SELECT `r`.`Id`, `r`.`ConcurrencyStamp`, `r`.`Name`, `r`.`NormalizedName`
FROM `Role` AS `r`
WHERE `r`.`NormalizedName` = @__normalizedName_0
LIMIT 1] []
[2024-07-17 11:30:45.616 +03:00] [INF] [] [] [] [Role seeding completed] []
[2024-07-17 11:30:45.618 +03:00] [INF] [] [] [] [Starting super admin seeding] []
[2024-07-17 11:30:45.723 +03:00] [INF] [] [] [] [Executed DbCommand (5ms) [Parameters=[@__defaultUser_Email_0='?' (Size = 256)], CommandType='"Text"', CommandTimeout='30']
SELECT NOT EXISTS (
    SELECT 1
    FROM `User` AS `u`
    WHERE (`u`.`Email` = @__defaultUser_Email_0) AND `u`.`Email` IS NOT NULL)] []
[2024-07-17 11:30:45.750 +03:00] [INF] [] [] [] [Super admin seeding completed] []
[2024-07-17 11:30:46.211 +03:00] [WRN] [] [] [] [The WebRootPath was not found: C:\Users\Mwesh\source\repos\DarajaIntegration\DarajaAPI\wwwroot. Static files may be unavailable.] []
[2024-07-17 11:30:46.651 +03:00] [INF] [] [] [] [Now listening on: https://localhost:5003] []
[2024-07-17 11:30:46.655 +03:00] [INF] [] [] [] [Application started. Press Ctrl+C to shut down.] []
[2024-07-17 11:30:46.658 +03:00] [INF] [] [] [] [Hosting environment: Development] []
[2024-07-17 11:30:46.660 +03:00] [INF] [] [] [] [Content root path: C:\Users\Mwesh\source\repos\DarajaIntegration\DarajaAPI] []
[2024-07-17 11:30:49.600 +03:00] [INF] [] [0HN567B0T60DN:00000001] [/swagger/index.html] [Request starting HTTP/2 GET https://localhost:5003/swagger/index.html - null null] []
[2024-07-17 11:30:50.411 +03:00] [INF] [] [0HN567B0T60DN:00000001] [/swagger/index.html] [Request finished HTTP/2 GET https://localhost:5003/swagger/index.html - 200 null text/html;charset=utf-8 821.6563ms] []
[2024-07-17 11:30:50.429 +03:00] [INF] [] [0HN567B0T60DN:00000003] [/_framework/aspnetcore-browser-refresh.js] [Request starting HTTP/2 GET https://localhost:5003/_framework/aspnetcore-browser-refresh.js - null null] []
[2024-07-17 11:30:50.429 +03:00] [INF] [] [0HN567B0T60DN:00000005] [/_vs/browserLink] [Request starting HTTP/2 GET https://localhost:5003/_vs/browserLink - null null] []
[2024-07-17 11:30:50.462 +03:00] [INF] [] [0HN567B0T60DN:00000003] [/_framework/aspnetcore-browser-refresh.js] [Request finished HTTP/2 GET https://localhost:5003/_framework/aspnetcore-browser-refresh.js - 200 13754 application/javascript; charset=utf-8 33.5207ms] []
[2024-07-17 11:30:50.650 +03:00] [INF] [] [0HN567B0T60DN:00000005] [/_vs/browserLink] [Request finished HTTP/2 GET https://localhost:5003/_vs/browserLink - 200 null text/javascript; charset=UTF-8 221.8663ms] []
[2024-07-17 11:30:50.818 +03:00] [INF] [] [0HN567B0T60DN:00000007] [/swagger/v1/swagger.json] [Request starting HTTP/2 GET https://localhost:5003/swagger/v1/swagger.json - null null] []
[2024-07-17 11:30:51.341 +03:00] [INF] [] [0HN567B0T60DN:00000007] [/swagger/v1/swagger.json] [Request finished HTTP/2 GET https://localhost:5003/swagger/v1/swagger.json - 200 null application/json;charset=utf-8 523.5169ms] []
[2024-07-17 11:44:39.039 +03:00] [INF] [] [] [] [Starting role seeding] []
[2024-07-17 11:44:42.707 +03:00] [INF] [] [] [] [Executed DbCommand (136ms) [Parameters=[@__normalizedName_0='?' (Size = 256)], CommandType='"Text"', CommandTimeout='30']
SELECT `r`.`Id`, `r`.`ConcurrencyStamp`, `r`.`Name`, `r`.`NormalizedName`
FROM `Role` AS `r`
WHERE `r`.`NormalizedName` = @__normalizedName_0
LIMIT 1] []
[2024-07-17 11:44:44.332 +03:00] [INF] [] [] [] [Executed DbCommand (102ms) [Parameters=[@__normalizedName_0='?' (Size = 256)], CommandType='"Text"', CommandTimeout='30']
SELECT `r`.`Id`, `r`.`ConcurrencyStamp`, `r`.`Name`, `r`.`NormalizedName`
FROM `Role` AS `r`
WHERE `r`.`NormalizedName` = @__normalizedName_0
LIMIT 1] []
[2024-07-17 11:44:44.660 +03:00] [INF] [] [] [] [Executed DbCommand (4ms) [Parameters=[@__normalizedName_0='?' (Size = 256)], CommandType='"Text"', CommandTimeout='30']
SELECT `r`.`Id`, `r`.`ConcurrencyStamp`, `r`.`Name`, `r`.`NormalizedName`
FROM `Role` AS `r`
WHERE `r`.`NormalizedName` = @__normalizedName_0
LIMIT 1] []
[2024-07-17 11:44:44.681 +03:00] [INF] [] [] [] [Executed DbCommand (4ms) [Parameters=[@__normalizedName_0='?' (Size = 256)], CommandType='"Text"', CommandTimeout='30']
SELECT `r`.`Id`, `r`.`ConcurrencyStamp`, `r`.`Name`, `r`.`NormalizedName`
FROM `Role` AS `r`
WHERE `r`.`NormalizedName` = @__normalizedName_0
LIMIT 1] []
[2024-07-17 11:44:44.689 +03:00] [INF] [] [] [] [Role seeding completed] []
[2024-07-17 11:44:44.691 +03:00] [INF] [] [] [] [Starting super admin seeding] []
[2024-07-17 11:44:44.817 +03:00] [INF] [] [] [] [Executed DbCommand (3ms) [Parameters=[@__defaultUser_Email_0='?' (Size = 256)], CommandType='"Text"', CommandTimeout='30']
SELECT NOT EXISTS (
    SELECT 1
    FROM `User` AS `u`
    WHERE (`u`.`Email` = @__defaultUser_Email_0) AND `u`.`Email` IS NOT NULL)] []
[2024-07-17 11:44:44.831 +03:00] [INF] [] [] [] [Super admin seeding completed] []
[2024-07-17 11:44:45.149 +03:00] [WRN] [] [] [] [The WebRootPath was not found: C:\Users\Mwesh\source\repos\DarajaIntegration\DarajaAPI\wwwroot. Static files may be unavailable.] []
[2024-07-17 11:44:45.401 +03:00] [INF] [] [] [] [Now listening on: https://localhost:5003] []
[2024-07-17 11:44:45.781 +03:00] [INF] [] [] [] [Application started. Press Ctrl+C to shut down.] []
[2024-07-17 11:44:45.785 +03:00] [INF] [] [] [] [Hosting environment: Development] []
[2024-07-17 11:44:45.790 +03:00] [INF] [] [] [] [Content root path: C:\Users\Mwesh\source\repos\DarajaIntegration\DarajaAPI] []
[2024-07-17 11:44:47.403 +03:00] [INF] [] [0HN567IQRUPKE:00000001] [/swagger/index.html] [Request starting HTTP/2 GET https://localhost:5003/swagger/index.html - null null] []
[2024-07-17 11:44:48.573 +03:00] [INF] [] [0HN567IQRUPKE:00000001] [/swagger/index.html] [Request finished HTTP/2 GET https://localhost:5003/swagger/index.html - 200 null text/html;charset=utf-8 1179.9993ms] []
[2024-07-17 11:44:48.661 +03:00] [INF] [] [0HN567IQRUPKE:00000003] [/_framework/aspnetcore-browser-refresh.js] [Request starting HTTP/2 GET https://localhost:5003/_framework/aspnetcore-browser-refresh.js - null null] []
[2024-07-17 11:44:48.678 +03:00] [INF] [] [0HN567IQRUPKE:00000005] [/_vs/browserLink] [Request starting HTTP/2 GET https://localhost:5003/_vs/browserLink - null null] []
[2024-07-17 11:44:48.764 +03:00] [INF] [] [0HN567IQRUPKE:00000003] [/_framework/aspnetcore-browser-refresh.js] [Request finished HTTP/2 GET https://localhost:5003/_framework/aspnetcore-browser-refresh.js - 200 13754 application/javascript; charset=utf-8 102.723ms] []
[2024-07-17 11:44:48.875 +03:00] [INF] [] [0HN567IQRUPKE:00000005] [/_vs/browserLink] [Request finished HTTP/2 GET https://localhost:5003/_vs/browserLink - 200 null text/javascript; charset=UTF-8 197.3621ms] []
[2024-07-17 11:44:49.038 +03:00] [INF] [] [0HN567IQRUPKE:00000007] [/swagger/v1/swagger.json] [Request starting HTTP/2 GET https://localhost:5003/swagger/v1/swagger.json - null null] []
[2024-07-17 11:44:49.746 +03:00] [INF] [] [0HN567IQRUPKE:00000007] [/swagger/v1/swagger.json] [Request finished HTTP/2 GET https://localhost:5003/swagger/v1/swagger.json - 200 null application/json;charset=utf-8 708.2009ms] []
[2024-07-17 11:51:38.910 +03:00] [INF] [] [] [] [Starting role seeding] []
[2024-07-17 11:51:47.199 +03:00] [INF] [] [] [] [Executed DbCommand (200ms) [Parameters=[@__normalizedName_0='?' (Size = 256)], CommandType='"Text"', CommandTimeout='30']
SELECT `r`.`Id`, `r`.`ConcurrencyStamp`, `r`.`Name`, `r`.`NormalizedName`
FROM `Role` AS `r`
WHERE `r`.`NormalizedName` = @__normalizedName_0
LIMIT 1] []
[2024-07-17 11:51:47.921 +03:00] [INF] [] [] [] [Executed DbCommand (3ms) [Parameters=[@__normalizedName_0='?' (Size = 256)], CommandType='"Text"', CommandTimeout='30']
SELECT `r`.`Id`, `r`.`ConcurrencyStamp`, `r`.`Name`, `r`.`NormalizedName`
FROM `Role` AS `r`
WHERE `r`.`NormalizedName` = @__normalizedName_0
LIMIT 1] []
[2024-07-17 11:51:48.352 +03:00] [INF] [] [] [] [Executed DbCommand (34ms) [Parameters=[@__normalizedName_0='?' (Size = 256)], CommandType='"Text"', CommandTimeout='30']
SELECT `r`.`Id`, `r`.`ConcurrencyStamp`, `r`.`Name`, `r`.`NormalizedName`
FROM `Role` AS `r`
WHERE `r`.`NormalizedName` = @__normalizedName_0
LIMIT 1] []
[2024-07-17 11:51:48.382 +03:00] [INF] [] [] [] [Executed DbCommand (11ms) [Parameters=[@__normalizedName_0='?' (Size = 256)], CommandType='"Text"', CommandTimeout='30']
SELECT `r`.`Id`, `r`.`ConcurrencyStamp`, `r`.`Name`, `r`.`NormalizedName`
FROM `Role` AS `r`
WHERE `r`.`NormalizedName` = @__normalizedName_0
LIMIT 1] []
[2024-07-17 11:51:48.388 +03:00] [INF] [] [] [] [Role seeding completed] []
[2024-07-17 11:51:48.390 +03:00] [INF] [] [] [] [Starting super admin seeding] []
[2024-07-17 11:51:48.466 +03:00] [INF] [] [] [] [Executed DbCommand (4ms) [Parameters=[@__defaultUser_Email_0='?' (Size = 256)], CommandType='"Text"', CommandTimeout='30']
SELECT NOT EXISTS (
    SELECT 1
    FROM `User` AS `u`
    WHERE (`u`.`Email` = @__defaultUser_Email_0) AND `u`.`Email` IS NOT NULL)] []
[2024-07-17 11:51:48.522 +03:00] [INF] [] [] [] [Super admin seeding completed] []
[2024-07-17 11:51:49.170 +03:00] [WRN] [] [] [] [The WebRootPath was not found: C:\Users\Mwesh\source\repos\DarajaIntegration\DarajaAPI\wwwroot. Static files may be unavailable.] []
[2024-07-17 11:51:49.999 +03:00] [INF] [] [] [] [Now listening on: https://localhost:5003] []
[2024-07-17 11:51:50.002 +03:00] [INF] [] [] [] [Application started. Press Ctrl+C to shut down.] []
[2024-07-17 11:51:50.005 +03:00] [INF] [] [] [] [Hosting environment: Development] []
[2024-07-17 11:51:50.009 +03:00] [INF] [] [] [] [Content root path: C:\Users\Mwesh\source\repos\DarajaIntegration\DarajaAPI] []
[2024-07-17 11:51:52.612 +03:00] [INF] [] [0HN567MPCMCOG:00000001] [/swagger/index.html] [Request starting HTTP/2 GET https://localhost:5003/swagger/index.html - null null] []
[2024-07-17 11:51:53.635 +03:00] [INF] [] [0HN567MPCMCOG:00000001] [/swagger/index.html] [Request finished HTTP/2 GET https://localhost:5003/swagger/index.html - 200 null text/html;charset=utf-8 1036.3932ms] []
[2024-07-17 11:51:53.669 +03:00] [INF] [] [0HN567MPCMCOG:00000003] [/_framework/aspnetcore-browser-refresh.js] [Request starting HTTP/2 GET https://localhost:5003/_framework/aspnetcore-browser-refresh.js - null null] []
[2024-07-17 11:51:53.671 +03:00] [INF] [] [0HN567MPCMCOG:00000005] [/_vs/browserLink] [Request starting HTTP/2 GET https://localhost:5003/_vs/browserLink - null null] []
[2024-07-17 11:51:53.833 +03:00] [INF] [] [0HN567MPCMCOG:00000003] [/_framework/aspnetcore-browser-refresh.js] [Request finished HTTP/2 GET https://localhost:5003/_framework/aspnetcore-browser-refresh.js - 200 13754 application/javascript; charset=utf-8 164.4267ms] []
[2024-07-17 11:51:53.938 +03:00] [INF] [] [0HN567MPCMCOG:00000005] [/_vs/browserLink] [Request finished HTTP/2 GET https://localhost:5003/_vs/browserLink - 200 null text/javascript; charset=UTF-8 266.2567ms] []
[2024-07-17 11:51:54.114 +03:00] [INF] [] [0HN567MPCMCOG:00000007] [/swagger/v1/swagger.json] [Request starting HTTP/2 GET https://localhost:5003/swagger/v1/swagger.json - null null] []
[2024-07-17 11:51:55.683 +03:00] [INF] [] [0HN567MPCMCOG:00000007] [/swagger/v1/swagger.json] [Request finished HTTP/2 GET https://localhost:5003/swagger/v1/swagger.json - 200 null application/json;charset=utf-8 1568.542ms] []
