[2024-07-17 13:37:12.131 +03:00] [INF] [] [0HN5689J9FC3T:00000001] [/swagger/index.html] [Request starting HTTP/2 GET https://localhost:5003/swagger/index.html - null null] []
[2024-07-17 13:37:12.217 +03:00] [INF] [] [0HN5689J9FC3T:00000001] [/swagger/index.html] [Request finished HTTP/2 GET https://localhost:5003/swagger/index.html - 200 null text/html;charset=utf-8 86.8499ms] []
[2024-07-17 13:37:40.262 +03:00] [INF] [] [] [] [Starting role seeding] []
[2024-07-17 13:37:43.777 +03:00] [INF] [] [] [] [Executed DbCommand (97ms) [Parameters=[@__normalizedName_0='?' (Size = 256)], CommandType='"Text"', CommandTimeout='30']
SELECT `r`.`Id`, `r`.`ConcurrencyStamp`, `r`.`Name`, `r`.`NormalizedName`
FROM `Role` AS `r`
WHERE `r`.`NormalizedName` = @__normalizedName_0
LIMIT 1] []
[2024-07-17 13:37:43.990 +03:00] [INF] [] [] [] [Executed DbCommand (11ms) [Parameters=[@__normalizedName_0='?' (Size = 256)], CommandType='"Text"', CommandTimeout='30']
SELECT `r`.`Id`, `r`.`ConcurrencyStamp`, `r`.`Name`, `r`.`NormalizedName`
FROM `Role` AS `r`
WHERE `r`.`NormalizedName` = @__normalizedName_0
LIMIT 1] []
[2024-07-17 13:37:44.001 +03:00] [INF] [] [] [] [Executed DbCommand (3ms) [Parameters=[@__normalizedName_0='?' (Size = 256)], CommandType='"Text"', CommandTimeout='30']
SELECT `r`.`Id`, `r`.`ConcurrencyStamp`, `r`.`Name`, `r`.`NormalizedName`
FROM `Role` AS `r`
WHERE `r`.`NormalizedName` = @__normalizedName_0
LIMIT 1] []
[2024-07-17 13:37:44.186 +03:00] [INF] [] [] [] [Executed DbCommand (3ms) [Parameters=[@__normalizedName_0='?' (Size = 256)], CommandType='"Text"', CommandTimeout='30']
SELECT `r`.`Id`, `r`.`ConcurrencyStamp`, `r`.`Name`, `r`.`NormalizedName`
FROM `Role` AS `r`
WHERE `r`.`NormalizedName` = @__normalizedName_0
LIMIT 1] []
[2024-07-17 13:37:44.509 +03:00] [INF] [] [] [] [Role seeding completed] []
[2024-07-17 13:37:44.512 +03:00] [INF] [] [] [] [Starting super admin seeding] []
[2024-07-17 13:37:44.589 +03:00] [INF] [] [] [] [Executed DbCommand (4ms) [Parameters=[@__defaultUser_Email_0='?' (Size = 256)], CommandType='"Text"', CommandTimeout='30']
SELECT NOT EXISTS (
    SELECT 1
    FROM `User` AS `u`
    WHERE (`u`.`Email` = @__defaultUser_Email_0) AND `u`.`Email` IS NOT NULL)] []
[2024-07-17 13:37:44.602 +03:00] [INF] [] [] [] [Super admin seeding completed] []
[2024-07-17 13:37:44.829 +03:00] [WRN] [] [] [] [The WebRootPath was not found: C:\Users\Mwesh\source\repos\DarajaIntegration\DarajaAPI\wwwroot. Static files may be unavailable.] []
[2024-07-17 13:37:44.990 +03:00] [INF] [] [] [] [Now listening on: https://localhost:5003] []
[2024-07-17 13:37:44.993 +03:00] [INF] [] [] [] [Application started. Press Ctrl+C to shut down.] []
[2024-07-17 13:37:44.995 +03:00] [INF] [] [] [] [Hosting environment: Development] []
[2024-07-17 13:37:44.997 +03:00] [INF] [] [] [] [Content root path: C:\Users\Mwesh\source\repos\DarajaIntegration\DarajaAPI] []
[2024-07-17 13:37:50.423 +03:00] [INF] [] [0HN569HV8S29E:00000001] [/swagger/index.html] [Request starting HTTP/2 GET https://localhost:5003/swagger/index.html - null null] []
[2024-07-17 13:37:51.348 +03:00] [INF] [] [0HN569HV8S29E:00000001] [/swagger/index.html] [Request finished HTTP/2 GET https://localhost:5003/swagger/index.html - 200 null text/html;charset=utf-8 938.0942ms] []
[2024-07-17 13:37:51.464 +03:00] [INF] [] [0HN569HV8S29E:00000003] [/_framework/aspnetcore-browser-refresh.js] [Request starting HTTP/2 GET https://localhost:5003/_framework/aspnetcore-browser-refresh.js - null null] []
[2024-07-17 13:37:51.583 +03:00] [INF] [] [0HN569HV8S29E:00000005] [/_vs/browserLink] [Request starting HTTP/2 GET https://localhost:5003/_vs/browserLink - null null] []
[2024-07-17 13:37:51.853 +03:00] [INF] [] [0HN569HV8S29E:00000003] [/_framework/aspnetcore-browser-refresh.js] [Request finished HTTP/2 GET https://localhost:5003/_framework/aspnetcore-browser-refresh.js - 200 13754 application/javascript; charset=utf-8 389.0101ms] []
[2024-07-17 13:37:52.252 +03:00] [INF] [] [0HN569HV8S29E:00000005] [/_vs/browserLink] [Request finished HTTP/2 GET https://localhost:5003/_vs/browserLink - 200 null text/javascript; charset=UTF-8 668.9278ms] []
[2024-07-17 13:37:52.860 +03:00] [INF] [] [0HN569HV8S29E:00000007] [/swagger/v1/swagger.json] [Request starting HTTP/2 GET https://localhost:5003/swagger/v1/swagger.json - null null] []
[2024-07-17 13:37:55.883 +03:00] [INF] [] [0HN569HV8S29E:00000007] [/swagger/v1/swagger.json] [Request finished HTTP/2 GET https://localhost:5003/swagger/v1/swagger.json - 200 null application/json;charset=utf-8 3023.4067ms] []
