[2025-05-28 15:11:33.992 +03:00] [INF] [] [] [] [Executed DbCommand (2ms) [Parameters=[], CommandType='"Text"', CommandTimeout='30']
SELECT `m`.`Id`, `m`.`BillRefNumber`, `m`.`BusinessShortCode`, `m`.`CreatedAt`, `m`.`FirstName`, `m`.`InvoiceNumber`, `m`.`IsVerified`, `m`.`LastName`, `m`.`MSISDN`, `m`.`MiddleName`, `m`.`OrgAccountBalance`, `m`.`RetryCount`, `m`.`ThirdPartyTransID`, `m`.`TransAmount`, `m`.`TransID`, `m`.`TransTime`, `m`.`TransactionType`, `m`.`VerificationDate`, `m`.`VerificationResult`
FROM `MpesaC2Bs` AS `m`
WHERE NOT (`m`.`IsVerified`) AND (`m`.`CreatedAt` > DATE_ADD(UTC_TIMESTAMP(), INTERVAL CAST(-7.0 AS signed) day))] []
[2025-05-28 15:26:34.301 +03:00] [INF] [] [] [] [Executed DbCommand (164ms) [Parameters=[], CommandType='"Text"', CommandTimeout='30']
SELECT `m`.`Id`, `m`.`BillRefNumber`, `m`.`BusinessShortCode`, `m`.`CreatedAt`, `m`.`FirstName`, `m`.`InvoiceNumber`, `m`.`IsVerified`, `m`.`LastName`, `m`.`MSISDN`, `m`.`MiddleName`, `m`.`OrgAccountBalance`, `m`.`RetryCount`, `m`.`ThirdPartyTransID`, `m`.`TransAmount`, `m`.`TransID`, `m`.`TransTime`, `m`.`TransactionType`, `m`.`VerificationDate`, `m`.`VerificationResult`
FROM `MpesaC2Bs` AS `m`
WHERE NOT (`m`.`IsVerified`) AND (`m`.`CreatedAt` > DATE_ADD(UTC_TIMESTAMP(), INTERVAL CAST(-7.0 AS signed) day))] []
[2025-05-28 15:41:34.481 +03:00] [INF] [] [] [] [Executed DbCommand (3ms) [Parameters=[], CommandType='"Text"', CommandTimeout='30']
SELECT `m`.`Id`, `m`.`BillRefNumber`, `m`.`BusinessShortCode`, `m`.`CreatedAt`, `m`.`FirstName`, `m`.`InvoiceNumber`, `m`.`IsVerified`, `m`.`LastName`, `m`.`MSISDN`, `m`.`MiddleName`, `m`.`OrgAccountBalance`, `m`.`RetryCount`, `m`.`ThirdPartyTransID`, `m`.`TransAmount`, `m`.`TransID`, `m`.`TransTime`, `m`.`TransactionType`, `m`.`VerificationDate`, `m`.`VerificationResult`
FROM `MpesaC2Bs` AS `m`
WHERE NOT (`m`.`IsVerified`) AND (`m`.`CreatedAt` > DATE_ADD(UTC_TIMESTAMP(), INTERVAL CAST(-7.0 AS signed) day))] []
[2025-05-28 15:55:28.529 +03:00] [INF] [] [] [] [Executed DbCommand (175ms) [Parameters=[], CommandType='"Text"', CommandTimeout='30']
SELECT 1 FROM INFORMATION_SCHEMA.TABLES WHERE TABLE_SCHEMA='DarajaDB' AND TABLE_NAME='__EFMigrationsHistory';] []
[2025-05-28 15:55:28.695 +03:00] [INF] [] [] [] [Executed DbCommand (3ms) [Parameters=[], CommandType='"Text"', CommandTimeout='30']
SELECT 1 FROM INFORMATION_SCHEMA.TABLES WHERE TABLE_SCHEMA='DarajaDB' AND TABLE_NAME='__EFMigrationsHistory';] []
[2025-05-28 15:55:28.768 +03:00] [INF] [] [] [] [Executed DbCommand (31ms) [Parameters=[], CommandType='"Text"', CommandTimeout='30']
SELECT `MigrationId`, `ProductVersion`
FROM `__EFMigrationsHistory`
ORDER BY `MigrationId`;] []
[2025-05-28 15:55:28.792 +03:00] [INF] [] [] [] [Applying migration '20250528125502_AddStatusAndLastUpdatedToMpesaC2B'.] []
[2025-05-28 15:55:29.138 +03:00] [INF] [] [] [] [Executed DbCommand (221ms) [Parameters=[], CommandType='"Text"', CommandTimeout='30']
ALTER TABLE `MpesaC2Bs` ADD `LastUpdated` datetime(6) NULL;] []
[2025-05-28 15:55:29.232 +03:00] [INF] [] [] [] [Executed DbCommand (93ms) [Parameters=[], CommandType='"Text"', CommandTimeout='30']
ALTER TABLE `MpesaC2Bs` ADD `Status` longtext CHARACTER SET utf8mb4 NULL;] []
[2025-05-28 15:55:29.245 +03:00] [INF] [] [] [] [Executed DbCommand (13ms) [Parameters=[], CommandType='"Text"', CommandTimeout='30']
INSERT INTO `__EFMigrationsHistory` (`MigrationId`, `ProductVersion`)
VALUES ('20250528125502_AddStatusAndLastUpdatedToMpesaC2B', '8.0.2');] []
[2025-05-28 15:55:46.374 +03:00] [INF] [] [] [] [Starting role seeding] []
[2025-05-28 15:55:49.074 +03:00] [INF] [] [] [] [Executed DbCommand (111ms) [Parameters=[@__normalizedName_0='?' (Size = 256)], CommandType='"Text"', CommandTimeout='30']
SELECT `r`.`Id`, `r`.`ConcurrencyStamp`, `r`.`Name`, `r`.`NormalizedName`
FROM `Role` AS `r`
WHERE `r`.`NormalizedName` = @__normalizedName_0
LIMIT 1] []
[2025-05-28 15:55:49.717 +03:00] [INF] [] [] [] [Executed DbCommand (71ms) [Parameters=[@__normalizedName_0='?' (Size = 256)], CommandType='"Text"', CommandTimeout='30']
SELECT `r`.`Id`, `r`.`ConcurrencyStamp`, `r`.`Name`, `r`.`NormalizedName`
FROM `Role` AS `r`
WHERE `r`.`NormalizedName` = @__normalizedName_0
LIMIT 1] []
[2025-05-28 15:55:49.784 +03:00] [INF] [] [] [] [Executed DbCommand (11ms) [Parameters=[@__normalizedName_0='?' (Size = 256)], CommandType='"Text"', CommandTimeout='30']
SELECT `r`.`Id`, `r`.`ConcurrencyStamp`, `r`.`Name`, `r`.`NormalizedName`
FROM `Role` AS `r`
WHERE `r`.`NormalizedName` = @__normalizedName_0
LIMIT 1] []
[2025-05-28 15:55:50.179 +03:00] [INF] [] [] [] [Executed DbCommand (11ms) [Parameters=[@__normalizedName_0='?' (Size = 256)], CommandType='"Text"', CommandTimeout='30']
SELECT `r`.`Id`, `r`.`ConcurrencyStamp`, `r`.`Name`, `r`.`NormalizedName`
FROM `Role` AS `r`
WHERE `r`.`NormalizedName` = @__normalizedName_0
LIMIT 1] []
[2025-05-28 15:55:50.199 +03:00] [INF] [] [] [] [Role seeding completed] []
[2025-05-28 15:55:50.202 +03:00] [INF] [] [] [] [Starting super admin seeding] []
[2025-05-28 15:55:50.319 +03:00] [INF] [] [] [] [Executed DbCommand (15ms) [Parameters=[@__defaultUser_Email_0='?' (Size = 256)], CommandType='"Text"', CommandTimeout='30']
SELECT NOT EXISTS (
    SELECT 1
    FROM `User` AS `u`
    WHERE (`u`.`Email` = @__defaultUser_Email_0) AND `u`.`Email` IS NOT NULL)] []
[2025-05-28 15:55:50.341 +03:00] [INF] [] [] [] [Super admin seeding completed] []
[2025-05-28 15:55:51.640 +03:00] [INF] [] [] [] [Executed DbCommand (56ms) [Parameters=[], CommandType='"Text"', CommandTimeout='30']
SELECT `m`.`Id`, `m`.`BillRefNumber`, `m`.`BusinessShortCode`, `m`.`CreatedAt`, `m`.`FirstName`, `m`.`InvoiceNumber`, `m`.`IsVerified`, `m`.`LastName`, `m`.`LastUpdated`, `m`.`MSISDN`, `m`.`MiddleName`, `m`.`OrgAccountBalance`, `m`.`RetryCount`, `m`.`Status`, `m`.`ThirdPartyTransID`, `m`.`TransAmount`, `m`.`TransID`, `m`.`TransTime`, `m`.`TransactionType`, `m`.`VerificationDate`, `m`.`VerificationResult`
FROM `MpesaC2Bs` AS `m`
WHERE NOT (`m`.`IsVerified`) AND (`m`.`CreatedAt` > DATE_ADD(UTC_TIMESTAMP(), INTERVAL CAST(-7.0 AS signed) day))] []
[2025-05-28 15:55:52.354 +03:00] [WRN] [] [] [] [The WebRootPath was not found: C:\Users\ianga\source\repos\DarajaIntegration\DarajaAPI\wwwroot. Static files may be unavailable.] []
[2025-05-28 15:55:53.505 +03:00] [INF] [] [] [] [Now listening on: https://localhost:5003] []
[2025-05-28 15:55:54.049 +03:00] [INF] [] [] [] [Application started. Press Ctrl+C to shut down.] []
[2025-05-28 15:55:54.080 +03:00] [INF] [] [] [] [Hosting environment: Development] []
[2025-05-28 15:55:54.084 +03:00] [INF] [] [] [] [Content root path: C:\Users\ianga\source\repos\DarajaIntegration\DarajaAPI] []
[2025-05-28 15:55:55.932 +03:00] [INF] [] [0HNCTSRTFKR5U:00000001] [/swagger/index.html] [Request starting HTTP/2 GET https://localhost:5003/swagger/index.html - null null] []
[2025-05-28 15:55:56.791 +03:00] [INF] [] [0HNCTSRTFKR5U:00000001] [/swagger/index.html] [Request finished HTTP/2 GET https://localhost:5003/swagger/index.html - 200 null text/html;charset=utf-8 874.0914ms] []
[2025-05-28 15:55:56.831 +03:00] [INF] [] [0HNCTSRTFKR5U:00000005] [/_vs/browserLink] [Request starting HTTP/2 GET https://localhost:5003/_vs/browserLink - null null] []
[2025-05-28 15:55:56.831 +03:00] [INF] [] [0HNCTSRTFKR5U:00000003] [/_framework/aspnetcore-browser-refresh.js] [Request starting HTTP/2 GET https://localhost:5003/_framework/aspnetcore-browser-refresh.js - null null] []
[2025-05-28 15:55:56.904 +03:00] [INF] [] [0HNCTSRTFKR5U:00000003] [/_framework/aspnetcore-browser-refresh.js] [Request finished HTTP/2 GET https://localhost:5003/_framework/aspnetcore-browser-refresh.js - 200 16503 application/javascript; charset=utf-8 73.3643ms] []
[2025-05-28 15:55:57.028 +03:00] [INF] [] [0HNCTSRTFKR5U:00000005] [/_vs/browserLink] [Request finished HTTP/2 GET https://localhost:5003/_vs/browserLink - 200 null text/javascript; charset=UTF-8 197.3177ms] []
[2025-05-28 15:55:57.158 +03:00] [INF] [] [0HNCTSRTFKR5U:00000007] [/swagger/v1/swagger.json] [Request starting HTTP/2 GET https://localhost:5003/swagger/v1/swagger.json - null null] []
[2025-05-28 15:55:57.375 +03:00] [INF] [] [0HNCTSRTFKR5U:00000007] [/swagger/v1/swagger.json] [Request finished HTTP/2 GET https://localhost:5003/swagger/v1/swagger.json - 200 null application/json;charset=utf-8 220.4221ms] []
[2025-05-28 15:56:27.568 +03:00] [INF] [] [0HNCTSRTFKR5V:00000001] [/swagger/index.html] [Request starting HTTP/1.1 GET https://c3ac-197-232-41-24.ngrok-free.app/swagger/index.html - null null] []
[2025-05-28 15:56:27.718 +03:00] [INF] [] [0HNCTSRTFKR5V:00000001] [/swagger/index.html] [Request finished HTTP/1.1 GET https://c3ac-197-232-41-24.ngrok-free.app/swagger/index.html - 200 null text/html;charset=utf-8 151.1887ms] []
[2025-05-28 15:56:28.147 +03:00] [INF] [] [0HNCTSRTFKR5V:00000002] [/_framework/aspnetcore-browser-refresh.js] [Request starting HTTP/1.1 GET https://c3ac-197-232-41-24.ngrok-free.app/_framework/aspnetcore-browser-refresh.js - null null] []
[2025-05-28 15:56:28.184 +03:00] [INF] [] [0HNCTSRTFKR5V:00000002] [/_framework/aspnetcore-browser-refresh.js] [Request finished HTTP/1.1 GET https://c3ac-197-232-41-24.ngrok-free.app/_framework/aspnetcore-browser-refresh.js - 200 16503 application/javascript; charset=utf-8 37.2403ms] []
[2025-05-28 15:56:28.247 +03:00] [INF] [] [0HNCTSRTFKR60:00000001] [/_vs/browserLink] [Request starting HTTP/1.1 GET https://c3ac-197-232-41-24.ngrok-free.app/_vs/browserLink - null null] []
[2025-05-28 15:56:28.298 +03:00] [INF] [] [0HNCTSRTFKR60:00000001] [/_vs/browserLink] [Request finished HTTP/1.1 GET https://c3ac-197-232-41-24.ngrok-free.app/_vs/browserLink - 200 null text/javascript; charset=UTF-8 50.699ms] []
[2025-05-28 15:56:29.862 +03:00] [INF] [] [0HNCTSRTFKR60:00000002] [/swagger/v1/swagger.json] [Request starting HTTP/1.1 GET https://c3ac-197-232-41-24.ngrok-free.app/swagger/v1/swagger.json - null null] []
[2025-05-28 15:56:30.675 +03:00] [INF] [] [0HNCTSRTFKR60:00000002] [/swagger/v1/swagger.json] [Request finished HTTP/1.1 GET https://c3ac-197-232-41-24.ngrok-free.app/swagger/v1/swagger.json - 200 null application/json;charset=utf-8 812.8672ms] []
[2025-05-28 15:57:00.192 +03:00] [INF] [] [0HNCTSRTFKR60:00000003] [/api/v1/mpesa/registration/urls] [Request starting HTTP/1.1 POST https://c3ac-197-232-41-24.ngrok-free.app/api/v1/mpesa/registration/urls - null 0] []
[2025-05-28 15:57:00.384 +03:00] [INF] [] [0HNCTSRTFKR60:00000003] [/api/v1/mpesa/registration/urls] [CORS policy execution successful.] []
[2025-05-28 15:57:00.427 +03:00] [INF] [] [0HNCTSRTFKR60:00000003] [/api/v1/mpesa/registration/urls] [Executing endpoint 'DarajaAPI.Controllers.v1.MpesaRegistrationController.RegisterUrls (DarajaAPI)'] []
[2025-05-28 15:57:00.489 +03:00] [INF] [] [0HNCTSRTFKR60:00000003] [/api/v1/mpesa/registration/urls] [Route matched with {action = "RegisterUrls", controller = "MpesaRegistration"}. Executing controller action with signature System.Threading.Tasks.Task`1[Microsoft.AspNetCore.Mvc.IActionResult] RegisterUrls() on controller DarajaAPI.Controllers.v1.MpesaRegistrationController (DarajaAPI).] []
[2025-05-28 15:57:08.129 +03:00] [INF] [] [0HNCTSRTFKR60:00000003] [/api/v1/mpesa/registration/urls] [Start processing HTTP request GET https://sandbox.safaricom.co.ke/oauth/v1/generate?grant_type=client_credentials] []
[2025-05-28 15:57:08.182 +03:00] [INF] [] [0HNCTSRTFKR60:00000003] [/api/v1/mpesa/registration/urls] [Sending HTTP request GET https://sandbox.safaricom.co.ke/oauth/v1/generate?grant_type=client_credentials] []
[2025-05-28 15:57:09.043 +03:00] [INF] [] [0HNCTSRTFKR60:00000003] [/api/v1/mpesa/registration/urls] [Received HTTP response headers after 834.6601ms - 200] []
[2025-05-28 15:57:09.052 +03:00] [INF] [] [0HNCTSRTFKR60:00000003] [/api/v1/mpesa/registration/urls] [End processing HTTP request after 931.6766ms - 200] []
[2025-05-28 15:57:09.630 +03:00] [INF] [] [0HNCTSRTFKR60:00000003] [/api/v1/mpesa/registration/urls] [Start processing HTTP request POST https://sandbox.safaricom.co.ke/mpesa/c2b/v1/registerurl] []
[2025-05-28 15:57:09.635 +03:00] [INF] [] [0HNCTSRTFKR60:00000003] [/api/v1/mpesa/registration/urls] [Sending HTTP request POST https://sandbox.safaricom.co.ke/mpesa/c2b/v1/registerurl] []
[2025-05-28 15:57:09.860 +03:00] [INF] [] [0HNCTSRTFKR60:00000003] [/api/v1/mpesa/registration/urls] [Received HTTP response headers after 221.5674ms - 400] []
[2025-05-28 15:57:09.864 +03:00] [INF] [] [0HNCTSRTFKR60:00000003] [/api/v1/mpesa/registration/urls] [End processing HTTP request after 234.3998ms - 400] []
[2025-05-28 15:57:09.880 +03:00] [ERR] [] [0HNCTSRTFKR60:00000003] [/api/v1/mpesa/registration/urls] [URL registration failed: {
                    "requestId":"b18f-4a07-9aff-d6e1fb096b51199082",
                    "errorCode": "400.003.02",
                    "errorMessage": "Bad Request - Invalid ResponseType"
                }
            ] []
[2025-05-28 15:57:09.913 +03:00] [INF] [] [0HNCTSRTFKR60:00000003] [/api/v1/mpesa/registration/urls] [Executing OkObjectResult, writing value of type 'DarajaAPI.Models.Dto.DarajaResponseDto'.] []
[2025-05-28 15:57:09.953 +03:00] [INF] [] [0HNCTSRTFKR60:00000003] [/api/v1/mpesa/registration/urls] [Executed action DarajaAPI.Controllers.v1.MpesaRegistrationController.RegisterUrls (DarajaAPI) in 9441.5748ms] []
[2025-05-28 15:57:09.961 +03:00] [INF] [] [0HNCTSRTFKR60:00000003] [/api/v1/mpesa/registration/urls] [Executed endpoint 'DarajaAPI.Controllers.v1.MpesaRegistrationController.RegisterUrls (DarajaAPI)'] []
[2025-05-28 15:57:09.968 +03:00] [INF] [] [0HNCTSRTFKR60:00000003] [/api/v1/mpesa/registration/urls] [Request finished HTTP/1.1 POST https://c3ac-197-232-41-24.ngrok-free.app/api/v1/mpesa/registration/urls - 200 null application/json; charset=utf-8 9776.8328ms] []
