[2025-05-27 10:00:54.560 +03:00] [INF] [] [0HNCSTFIIT12J:00000001] [/swagger/index.html] [Request starting HTTP/1.1 GET https://69a8-197-232-41-24.ngrok-free.app/swagger/index.html - null null] []
[2025-05-27 10:00:54.607 +03:00] [INF] [] [0HNCSTFIIT12J:00000001] [/swagger/index.html] [Request finished HTTP/1.1 GET https://69a8-197-232-41-24.ngrok-free.app/swagger/index.html - 200 null text/html;charset=utf-8 47.6281ms] []
[2025-05-27 10:00:54.901 +03:00] [INF] [] [0HNCSTFIIT12J:00000002] [/_framework/aspnetcore-browser-refresh.js] [Request starting HTTP/1.1 GET https://69a8-197-232-41-24.ngrok-free.app/_framework/aspnetcore-browser-refresh.js - null null] []
[2025-05-27 10:00:54.910 +03:00] [INF] [] [0HNCSTFIIT12J:00000002] [/_framework/aspnetcore-browser-refresh.js] [Request finished HTTP/1.1 GET https://69a8-197-232-41-24.ngrok-free.app/_framework/aspnetcore-browser-refresh.js - 200 16503 application/javascript; charset=utf-8 9.5564ms] []
[2025-05-27 10:00:54.947 +03:00] [INF] [] [0HNCSTFIIT12K:00000001] [/_vs/browserLink] [Request starting HTTP/1.1 GET https://69a8-197-232-41-24.ngrok-free.app/_vs/browserLink - null null] []
[2025-05-27 10:00:54.977 +03:00] [INF] [] [0HNCSTFIIT12K:00000001] [/_vs/browserLink] [Request finished HTTP/1.1 GET https://69a8-197-232-41-24.ngrok-free.app/_vs/browserLink - 200 null text/javascript; charset=UTF-8 29.7673ms] []
[2025-05-27 10:00:56.327 +03:00] [INF] [] [0HNCSTFIIT12K:00000002] [/swagger/v1/swagger.json] [Request starting HTTP/1.1 GET https://69a8-197-232-41-24.ngrok-free.app/swagger/v1/swagger.json - null null] []
[2025-05-27 10:00:56.349 +03:00] [INF] [] [0HNCSTFIIT12K:00000002] [/swagger/v1/swagger.json] [Request finished HTTP/1.1 GET https://69a8-197-232-41-24.ngrok-free.app/swagger/v1/swagger.json - 200 null application/json;charset=utf-8 22.3775ms] []
[2025-05-27 10:01:05.959 +03:00] [INF] [] [0HNCSTFIIT12K:00000003] [/api/v1/mpesa/registration/urls] [Request starting HTTP/1.1 POST https://69a8-197-232-41-24.ngrok-free.app/api/v1/mpesa/registration/urls - null 0] []
[2025-05-27 10:01:06.071 +03:00] [INF] [] [0HNCSTFIIT12K:00000003] [/api/v1/mpesa/registration/urls] [CORS policy execution successful.] []
[2025-05-27 10:01:06.095 +03:00] [INF] [] [0HNCSTFIIT12K:00000003] [/api/v1/mpesa/registration/urls] [Executing endpoint 'DarajaAPI.Controllers.v1.MpesaRegistrationController.RegisterUrls (DarajaAPI)'] []
[2025-05-27 10:01:06.121 +03:00] [INF] [] [0HNCSTFIIT12K:00000003] [/api/v1/mpesa/registration/urls] [Route matched with {action = "RegisterUrls", controller = "MpesaRegistration"}. Executing controller action with signature System.Threading.Tasks.Task`1[Microsoft.AspNetCore.Mvc.IActionResult] RegisterUrls() on controller DarajaAPI.Controllers.v1.MpesaRegistrationController (DarajaAPI).] []
[2025-05-27 10:01:06.164 +03:00] [INF] [] [0HNCSTFIIT12K:00000003] [/api/v1/mpesa/registration/urls] [Start processing HTTP request GET https://sandbox.safaricom.co.ke/oauth/v1/generate?grant_type=client_credentials] []
[2025-05-27 10:01:06.173 +03:00] [INF] [] [0HNCSTFIIT12K:00000003] [/api/v1/mpesa/registration/urls] [Sending HTTP request GET https://sandbox.safaricom.co.ke/oauth/v1/generate?grant_type=client_credentials] []
[2025-05-27 10:01:07.106 +03:00] [INF] [] [0HNCSTFIIT12K:00000003] [/api/v1/mpesa/registration/urls] [Received HTTP response headers after 926.1018ms - 200] []
[2025-05-27 10:01:07.110 +03:00] [INF] [] [0HNCSTFIIT12K:00000003] [/api/v1/mpesa/registration/urls] [End processing HTTP request after 948.9495ms - 200] []
[2025-05-27 10:01:07.301 +03:00] [INF] [] [0HNCSTFIIT12K:00000003] [/api/v1/mpesa/registration/urls] [Start processing HTTP request POST https://sandbox.safaricom.co.ke/] []
[2025-05-27 10:01:07.304 +03:00] [INF] [] [0HNCSTFIIT12K:00000003] [/api/v1/mpesa/registration/urls] [Sending HTTP request POST https://sandbox.safaricom.co.ke/] []
[2025-05-27 10:01:07.489 +03:00] [INF] [] [0HNCSTFIIT12K:00000003] [/api/v1/mpesa/registration/urls] [Received HTTP response headers after 181.9507ms - 404] []
[2025-05-27 10:01:07.492 +03:00] [INF] [] [0HNCSTFIIT12K:00000003] [/api/v1/mpesa/registration/urls] [End processing HTTP request after 191.3729ms - 404] []
[2025-05-27 10:01:07.499 +03:00] [ERR] [] [0HNCSTFIIT12K:00000003] [/api/v1/mpesa/registration/urls] [URL registration failed: ] []
[2025-05-27 10:01:07.514 +03:00] [INF] [] [0HNCSTFIIT12K:00000003] [/api/v1/mpesa/registration/urls] [Executing OkObjectResult, writing value of type 'null'.] []
[2025-05-27 10:01:07.522 +03:00] [INF] [] [0HNCSTFIIT12K:00000003] [/api/v1/mpesa/registration/urls] [Executed action DarajaAPI.Controllers.v1.MpesaRegistrationController.RegisterUrls (DarajaAPI) in 1389.9181ms] []
[2025-05-27 10:01:07.527 +03:00] [INF] [] [0HNCSTFIIT12K:00000003] [/api/v1/mpesa/registration/urls] [Executed endpoint 'DarajaAPI.Controllers.v1.MpesaRegistrationController.RegisterUrls (DarajaAPI)'] []
[2025-05-27 10:01:07.538 +03:00] [INF] [] [0HNCSTFIIT12K:00000003] [/api/v1/mpesa/registration/urls] [Request finished HTTP/1.1 POST https://69a8-197-232-41-24.ngrok-free.app/api/v1/mpesa/registration/urls - 204 null null 1579.1574ms] []
[2025-05-27 10:13:48.290 +03:00] [ERR] [] [] [] [An error occurred using the connection to database 'DarajaDB' on server 'localhost'.] []
[2025-05-27 10:13:48.299 +03:00] [INF] [] [] [] [A transient exception occurred during execution. The operation will be retried after 0ms.
MySqlConnector.MySqlException (0x80004005): Unable to connect to any of the specified MySQL hosts.
   at MySqlConnector.Core.ServerSession.OpenTcpSocketAsync(ConnectionSettings cs, ILoadBalancer loadBalancer, Activity activity, IOBehavior ioBehavior, CancellationToken cancellationToken) in /_/src/MySqlConnector/Core/ServerSession.cs:line 1063
   at MySqlConnector.Core.ServerSession.ConnectAsync(ConnectionSettings cs, MySqlConnection connection, Int64 startingTimestamp, ILoadBalancer loadBalancer, Activity activity, IOBehavior ioBehavior, CancellationToken cancellationToken) in /_/src/MySqlConnector/Core/ServerSession.cs:line 425
   at MySqlConnector.Core.ConnectionPool.ConnectSessionAsync(MySqlConnection connection, Action`4 logMessage, Int64 startingTimestamp, Activity activity, IOBehavior ioBehavior, CancellationToken cancellationToken) in /_/src/MySqlConnector/Core/ConnectionPool.cs:line 428
   at MySqlConnector.Core.ConnectionPool.ConnectSessionAsync(MySqlConnection connection, Action`4 logMessage, Int64 startingTimestamp, Activity activity, IOBehavior ioBehavior, CancellationToken cancellationToken) in /_/src/MySqlConnector/Core/ConnectionPool.cs:line 433
   at MySqlConnector.Core.ConnectionPool.GetSessionAsync(MySqlConnection connection, Int64 startingTimestamp, Int32 timeoutMilliseconds, Activity activity, IOBehavior ioBehavior, CancellationToken cancellationToken) in /_/src/MySqlConnector/Core/ConnectionPool.cs:line 111
   at MySqlConnector.Core.ConnectionPool.GetSessionAsync(MySqlConnection connection, Int64 startingTimestamp, Int32 timeoutMilliseconds, Activity activity, IOBehavior ioBehavior, CancellationToken cancellationToken) in /_/src/MySqlConnector/Core/ConnectionPool.cs:line 144
   at MySqlConnector.MySqlConnection.CreateSessionAsync(ConnectionPool pool, Int64 startingTimestamp, Activity activity, Nullable`1 ioBehavior, CancellationToken cancellationToken) in /_/src/MySqlConnector/MySqlConnection.cs:line 919
   at MySqlConnector.MySqlConnection.OpenAsync(Nullable`1 ioBehavior, CancellationToken cancellationToken) in /_/src/MySqlConnector/MySqlConnection.cs:line 419
   at Microsoft.EntityFrameworkCore.Storage.RelationalConnection.OpenInternalAsync(Boolean errorsExpected, CancellationToken cancellationToken)
   at Microsoft.EntityFrameworkCore.Storage.RelationalConnection.OpenInternalAsync(Boolean errorsExpected, CancellationToken cancellationToken)
   at Microsoft.EntityFrameworkCore.Storage.RelationalConnection.OpenAsync(CancellationToken cancellationToken, Boolean errorsExpected)
   at Pomelo.EntityFrameworkCore.MySql.Storage.Internal.MySqlRelationalConnection.OpenAsync(CancellationToken cancellationToken, Boolean errorsExpected)
   at Microsoft.EntityFrameworkCore.Storage.RelationalCommand.ExecuteReaderAsync(RelationalCommandParameterObject parameterObject, CancellationToken cancellationToken)
   at Microsoft.EntityFrameworkCore.Query.Internal.SingleQueryingEnumerable`1.AsyncEnumerator.InitializeReaderAsync(AsyncEnumerator enumerator, CancellationToken cancellationToken)
   at Microsoft.EntityFrameworkCore.Storage.ExecutionStrategy.<>c__DisplayClass30_0`2.<<ExecuteAsync>b__0>d.MoveNext()
--- End of stack trace from previous location ---
   at Microsoft.EntityFrameworkCore.Storage.ExecutionStrategy.ExecuteImplementationAsync[TState,TResult](Func`4 operation, Func`4 verifySucceeded, TState state, CancellationToken cancellationToken)] [MySqlConnector.MySqlException (0x80004005): Unable to connect to any of the specified MySQL hosts.
   at MySqlConnector.Core.ServerSession.OpenTcpSocketAsync(ConnectionSettings cs, ILoadBalancer loadBalancer, Activity activity, IOBehavior ioBehavior, CancellationToken cancellationToken) in /_/src/MySqlConnector/Core/ServerSession.cs:line 1063
   at MySqlConnector.Core.ServerSession.ConnectAsync(ConnectionSettings cs, MySqlConnection connection, Int64 startingTimestamp, ILoadBalancer loadBalancer, Activity activity, IOBehavior ioBehavior, CancellationToken cancellationToken) in /_/src/MySqlConnector/Core/ServerSession.cs:line 425
   at MySqlConnector.Core.ConnectionPool.ConnectSessionAsync(MySqlConnection connection, Action`4 logMessage, Int64 startingTimestamp, Activity activity, IOBehavior ioBehavior, CancellationToken cancellationToken) in /_/src/MySqlConnector/Core/ConnectionPool.cs:line 428
   at MySqlConnector.Core.ConnectionPool.ConnectSessionAsync(MySqlConnection connection, Action`4 logMessage, Int64 startingTimestamp, Activity activity, IOBehavior ioBehavior, CancellationToken cancellationToken) in /_/src/MySqlConnector/Core/ConnectionPool.cs:line 433
   at MySqlConnector.Core.ConnectionPool.GetSessionAsync(MySqlConnection connection, Int64 startingTimestamp, Int32 timeoutMilliseconds, Activity activity, IOBehavior ioBehavior, CancellationToken cancellationToken) in /_/src/MySqlConnector/Core/ConnectionPool.cs:line 111
   at MySqlConnector.Core.ConnectionPool.GetSessionAsync(MySqlConnection connection, Int64 startingTimestamp, Int32 timeoutMilliseconds, Activity activity, IOBehavior ioBehavior, CancellationToken cancellationToken) in /_/src/MySqlConnector/Core/ConnectionPool.cs:line 144
   at MySqlConnector.MySqlConnection.CreateSessionAsync(ConnectionPool pool, Int64 startingTimestamp, Activity activity, Nullable`1 ioBehavior, CancellationToken cancellationToken) in /_/src/MySqlConnector/MySqlConnection.cs:line 919
   at MySqlConnector.MySqlConnection.OpenAsync(Nullable`1 ioBehavior, CancellationToken cancellationToken) in /_/src/MySqlConnector/MySqlConnection.cs:line 419
   at Microsoft.EntityFrameworkCore.Storage.RelationalConnection.OpenInternalAsync(Boolean errorsExpected, CancellationToken cancellationToken)
   at Microsoft.EntityFrameworkCore.Storage.RelationalConnection.OpenInternalAsync(Boolean errorsExpected, CancellationToken cancellationToken)
   at Microsoft.EntityFrameworkCore.Storage.RelationalConnection.OpenAsync(CancellationToken cancellationToken, Boolean errorsExpected)
   at Pomelo.EntityFrameworkCore.MySql.Storage.Internal.MySqlRelationalConnection.OpenAsync(CancellationToken cancellationToken, Boolean errorsExpected)
   at Microsoft.EntityFrameworkCore.Storage.RelationalCommand.ExecuteReaderAsync(RelationalCommandParameterObject parameterObject, CancellationToken cancellationToken)
   at Microsoft.EntityFrameworkCore.Query.Internal.SingleQueryingEnumerable`1.AsyncEnumerator.InitializeReaderAsync(AsyncEnumerator enumerator, CancellationToken cancellationToken)
   at Microsoft.EntityFrameworkCore.Storage.ExecutionStrategy.<>c__DisplayClass30_0`2.<<ExecuteAsync>b__0>d.MoveNext()
--- End of stack trace from previous location ---
   at Microsoft.EntityFrameworkCore.Storage.ExecutionStrategy.ExecuteImplementationAsync[TState,TResult](Func`4 operation, Func`4 verifySucceeded, TState state, CancellationToken cancellationToken)
]
[2025-05-27 10:13:52.403 +03:00] [ERR] [] [] [] [An error occurred using the connection to database 'DarajaDB' on server 'localhost'.] []
[2025-05-27 10:13:52.415 +03:00] [ERR] [] [] [] [An exception occurred while iterating over the results of a query for context type 'Daraja.DbContext.DarajaDbContext'.
Microsoft.EntityFrameworkCore.Storage.RetryLimitExceededException: The maximum number of retries (1) was exceeded while executing database operations with 'MySqlRetryingExecutionStrategy'. See the inner exception for the most recent failure.
 ---> MySqlConnector.MySqlException (0x80004005): Unable to connect to any of the specified MySQL hosts.
   at MySqlConnector.Core.ServerSession.OpenTcpSocketAsync(ConnectionSettings cs, ILoadBalancer loadBalancer, Activity activity, IOBehavior ioBehavior, CancellationToken cancellationToken) in /_/src/MySqlConnector/Core/ServerSession.cs:line 1063
   at MySqlConnector.Core.ServerSession.ConnectAsync(ConnectionSettings cs, MySqlConnection connection, Int64 startingTimestamp, ILoadBalancer loadBalancer, Activity activity, IOBehavior ioBehavior, CancellationToken cancellationToken) in /_/src/MySqlConnector/Core/ServerSession.cs:line 425
   at MySqlConnector.Core.ConnectionPool.ConnectSessionAsync(MySqlConnection connection, Action`4 logMessage, Int64 startingTimestamp, Activity activity, IOBehavior ioBehavior, CancellationToken cancellationToken) in /_/src/MySqlConnector/Core/ConnectionPool.cs:line 428
   at MySqlConnector.Core.ConnectionPool.ConnectSessionAsync(MySqlConnection connection, Action`4 logMessage, Int64 startingTimestamp, Activity activity, IOBehavior ioBehavior, CancellationToken cancellationToken) in /_/src/MySqlConnector/Core/ConnectionPool.cs:line 433
   at MySqlConnector.Core.ConnectionPool.GetSessionAsync(MySqlConnection connection, Int64 startingTimestamp, Int32 timeoutMilliseconds, Activity activity, IOBehavior ioBehavior, CancellationToken cancellationToken) in /_/src/MySqlConnector/Core/ConnectionPool.cs:line 111
   at MySqlConnector.Core.ConnectionPool.GetSessionAsync(MySqlConnection connection, Int64 startingTimestamp, Int32 timeoutMilliseconds, Activity activity, IOBehavior ioBehavior, CancellationToken cancellationToken) in /_/src/MySqlConnector/Core/ConnectionPool.cs:line 144
   at MySqlConnector.MySqlConnection.CreateSessionAsync(ConnectionPool pool, Int64 startingTimestamp, Activity activity, Nullable`1 ioBehavior, CancellationToken cancellationToken) in /_/src/MySqlConnector/MySqlConnection.cs:line 919
   at MySqlConnector.MySqlConnection.OpenAsync(Nullable`1 ioBehavior, CancellationToken cancellationToken) in /_/src/MySqlConnector/MySqlConnection.cs:line 419
   at Microsoft.EntityFrameworkCore.Storage.RelationalConnection.OpenInternalAsync(Boolean errorsExpected, CancellationToken cancellationToken)
   at Microsoft.EntityFrameworkCore.Storage.RelationalConnection.OpenInternalAsync(Boolean errorsExpected, CancellationToken cancellationToken)
   at Microsoft.EntityFrameworkCore.Storage.RelationalConnection.OpenAsync(CancellationToken cancellationToken, Boolean errorsExpected)
   at Pomelo.EntityFrameworkCore.MySql.Storage.Internal.MySqlRelationalConnection.OpenAsync(CancellationToken cancellationToken, Boolean errorsExpected)
   at Microsoft.EntityFrameworkCore.Storage.RelationalCommand.ExecuteReaderAsync(RelationalCommandParameterObject parameterObject, CancellationToken cancellationToken)
   at Microsoft.EntityFrameworkCore.Query.Internal.SingleQueryingEnumerable`1.AsyncEnumerator.InitializeReaderAsync(AsyncEnumerator enumerator, CancellationToken cancellationToken)
   at Microsoft.EntityFrameworkCore.Storage.ExecutionStrategy.<>c__DisplayClass30_0`2.<<ExecuteAsync>b__0>d.MoveNext()
--- End of stack trace from previous location ---
   at Microsoft.EntityFrameworkCore.Storage.ExecutionStrategy.ExecuteImplementationAsync[TState,TResult](Func`4 operation, Func`4 verifySucceeded, TState state, CancellationToken cancellationToken)
   --- End of inner exception stack trace ---
   at Microsoft.EntityFrameworkCore.Storage.ExecutionStrategy.ExecuteImplementationAsync[TState,TResult](Func`4 operation, Func`4 verifySucceeded, TState state, CancellationToken cancellationToken)
   at Microsoft.EntityFrameworkCore.Storage.ExecutionStrategy.ExecuteAsync[TState,TResult](TState state, Func`4 operation, Func`4 verifySucceeded, CancellationToken cancellationToken)
   at Microsoft.EntityFrameworkCore.Query.Internal.SingleQueryingEnumerable`1.AsyncEnumerator.MoveNextAsync()] [Microsoft.EntityFrameworkCore.Storage.RetryLimitExceededException: The maximum number of retries (1) was exceeded while executing database operations with 'MySqlRetryingExecutionStrategy'. See the inner exception for the most recent failure.
 ---> MySqlConnector.MySqlException (0x80004005): Unable to connect to any of the specified MySQL hosts.
   at MySqlConnector.Core.ServerSession.OpenTcpSocketAsync(ConnectionSettings cs, ILoadBalancer loadBalancer, Activity activity, IOBehavior ioBehavior, CancellationToken cancellationToken) in /_/src/MySqlConnector/Core/ServerSession.cs:line 1063
   at MySqlConnector.Core.ServerSession.ConnectAsync(ConnectionSettings cs, MySqlConnection connection, Int64 startingTimestamp, ILoadBalancer loadBalancer, Activity activity, IOBehavior ioBehavior, CancellationToken cancellationToken) in /_/src/MySqlConnector/Core/ServerSession.cs:line 425
   at MySqlConnector.Core.ConnectionPool.ConnectSessionAsync(MySqlConnection connection, Action`4 logMessage, Int64 startingTimestamp, Activity activity, IOBehavior ioBehavior, CancellationToken cancellationToken) in /_/src/MySqlConnector/Core/ConnectionPool.cs:line 428
   at MySqlConnector.Core.ConnectionPool.ConnectSessionAsync(MySqlConnection connection, Action`4 logMessage, Int64 startingTimestamp, Activity activity, IOBehavior ioBehavior, CancellationToken cancellationToken) in /_/src/MySqlConnector/Core/ConnectionPool.cs:line 433
   at MySqlConnector.Core.ConnectionPool.GetSessionAsync(MySqlConnection connection, Int64 startingTimestamp, Int32 timeoutMilliseconds, Activity activity, IOBehavior ioBehavior, CancellationToken cancellationToken) in /_/src/MySqlConnector/Core/ConnectionPool.cs:line 111
   at MySqlConnector.Core.ConnectionPool.GetSessionAsync(MySqlConnection connection, Int64 startingTimestamp, Int32 timeoutMilliseconds, Activity activity, IOBehavior ioBehavior, CancellationToken cancellationToken) in /_/src/MySqlConnector/Core/ConnectionPool.cs:line 144
   at MySqlConnector.MySqlConnection.CreateSessionAsync(ConnectionPool pool, Int64 startingTimestamp, Activity activity, Nullable`1 ioBehavior, CancellationToken cancellationToken) in /_/src/MySqlConnector/MySqlConnection.cs:line 919
   at MySqlConnector.MySqlConnection.OpenAsync(Nullable`1 ioBehavior, CancellationToken cancellationToken) in /_/src/MySqlConnector/MySqlConnection.cs:line 419
   at Microsoft.EntityFrameworkCore.Storage.RelationalConnection.OpenInternalAsync(Boolean errorsExpected, CancellationToken cancellationToken)
   at Microsoft.EntityFrameworkCore.Storage.RelationalConnection.OpenInternalAsync(Boolean errorsExpected, CancellationToken cancellationToken)
   at Microsoft.EntityFrameworkCore.Storage.RelationalConnection.OpenAsync(CancellationToken cancellationToken, Boolean errorsExpected)
   at Pomelo.EntityFrameworkCore.MySql.Storage.Internal.MySqlRelationalConnection.OpenAsync(CancellationToken cancellationToken, Boolean errorsExpected)
   at Microsoft.EntityFrameworkCore.Storage.RelationalCommand.ExecuteReaderAsync(RelationalCommandParameterObject parameterObject, CancellationToken cancellationToken)
   at Microsoft.EntityFrameworkCore.Query.Internal.SingleQueryingEnumerable`1.AsyncEnumerator.InitializeReaderAsync(AsyncEnumerator enumerator, CancellationToken cancellationToken)
   at Microsoft.EntityFrameworkCore.Storage.ExecutionStrategy.<>c__DisplayClass30_0`2.<<ExecuteAsync>b__0>d.MoveNext()
--- End of stack trace from previous location ---
   at Microsoft.EntityFrameworkCore.Storage.ExecutionStrategy.ExecuteImplementationAsync[TState,TResult](Func`4 operation, Func`4 verifySucceeded, TState state, CancellationToken cancellationToken)
   --- End of inner exception stack trace ---
   at Microsoft.EntityFrameworkCore.Storage.ExecutionStrategy.ExecuteImplementationAsync[TState,TResult](Func`4 operation, Func`4 verifySucceeded, TState state, CancellationToken cancellationToken)
   at Microsoft.EntityFrameworkCore.Storage.ExecutionStrategy.ExecuteAsync[TState,TResult](TState state, Func`4 operation, Func`4 verifySucceeded, CancellationToken cancellationToken)
   at Microsoft.EntityFrameworkCore.Query.Internal.SingleQueryingEnumerable`1.AsyncEnumerator.MoveNextAsync()
]
[2025-05-27 10:13:52.799 +03:00] [ERR] [] [] [] [Payment reconciliation failed] [Microsoft.EntityFrameworkCore.Storage.RetryLimitExceededException: The maximum number of retries (1) was exceeded while executing database operations with 'MySqlRetryingExecutionStrategy'. See the inner exception for the most recent failure.
 ---> MySqlConnector.MySqlException (0x80004005): Unable to connect to any of the specified MySQL hosts.
   at MySqlConnector.Core.ServerSession.OpenTcpSocketAsync(ConnectionSettings cs, ILoadBalancer loadBalancer, Activity activity, IOBehavior ioBehavior, CancellationToken cancellationToken) in /_/src/MySqlConnector/Core/ServerSession.cs:line 1063
   at MySqlConnector.Core.ServerSession.ConnectAsync(ConnectionSettings cs, MySqlConnection connection, Int64 startingTimestamp, ILoadBalancer loadBalancer, Activity activity, IOBehavior ioBehavior, CancellationToken cancellationToken) in /_/src/MySqlConnector/Core/ServerSession.cs:line 425
   at MySqlConnector.Core.ConnectionPool.ConnectSessionAsync(MySqlConnection connection, Action`4 logMessage, Int64 startingTimestamp, Activity activity, IOBehavior ioBehavior, CancellationToken cancellationToken) in /_/src/MySqlConnector/Core/ConnectionPool.cs:line 428
   at MySqlConnector.Core.ConnectionPool.ConnectSessionAsync(MySqlConnection connection, Action`4 logMessage, Int64 startingTimestamp, Activity activity, IOBehavior ioBehavior, CancellationToken cancellationToken) in /_/src/MySqlConnector/Core/ConnectionPool.cs:line 433
   at MySqlConnector.Core.ConnectionPool.GetSessionAsync(MySqlConnection connection, Int64 startingTimestamp, Int32 timeoutMilliseconds, Activity activity, IOBehavior ioBehavior, CancellationToken cancellationToken) in /_/src/MySqlConnector/Core/ConnectionPool.cs:line 111
   at MySqlConnector.Core.ConnectionPool.GetSessionAsync(MySqlConnection connection, Int64 startingTimestamp, Int32 timeoutMilliseconds, Activity activity, IOBehavior ioBehavior, CancellationToken cancellationToken) in /_/src/MySqlConnector/Core/ConnectionPool.cs:line 144
   at MySqlConnector.MySqlConnection.CreateSessionAsync(ConnectionPool pool, Int64 startingTimestamp, Activity activity, Nullable`1 ioBehavior, CancellationToken cancellationToken) in /_/src/MySqlConnector/MySqlConnection.cs:line 919
   at MySqlConnector.MySqlConnection.OpenAsync(Nullable`1 ioBehavior, CancellationToken cancellationToken) in /_/src/MySqlConnector/MySqlConnection.cs:line 419
   at Microsoft.EntityFrameworkCore.Storage.RelationalConnection.OpenInternalAsync(Boolean errorsExpected, CancellationToken cancellationToken)
   at Microsoft.EntityFrameworkCore.Storage.RelationalConnection.OpenInternalAsync(Boolean errorsExpected, CancellationToken cancellationToken)
   at Microsoft.EntityFrameworkCore.Storage.RelationalConnection.OpenAsync(CancellationToken cancellationToken, Boolean errorsExpected)
   at Pomelo.EntityFrameworkCore.MySql.Storage.Internal.MySqlRelationalConnection.OpenAsync(CancellationToken cancellationToken, Boolean errorsExpected)
   at Microsoft.EntityFrameworkCore.Storage.RelationalCommand.ExecuteReaderAsync(RelationalCommandParameterObject parameterObject, CancellationToken cancellationToken)
   at Microsoft.EntityFrameworkCore.Query.Internal.SingleQueryingEnumerable`1.AsyncEnumerator.InitializeReaderAsync(AsyncEnumerator enumerator, CancellationToken cancellationToken)
   at Microsoft.EntityFrameworkCore.Storage.ExecutionStrategy.<>c__DisplayClass30_0`2.<<ExecuteAsync>b__0>d.MoveNext()
--- End of stack trace from previous location ---
   at Microsoft.EntityFrameworkCore.Storage.ExecutionStrategy.ExecuteImplementationAsync[TState,TResult](Func`4 operation, Func`4 verifySucceeded, TState state, CancellationToken cancellationToken)
   --- End of inner exception stack trace ---
   at Microsoft.EntityFrameworkCore.Storage.ExecutionStrategy.ExecuteImplementationAsync[TState,TResult](Func`4 operation, Func`4 verifySucceeded, TState state, CancellationToken cancellationToken)
   at Microsoft.EntityFrameworkCore.Storage.ExecutionStrategy.ExecuteAsync[TState,TResult](TState state, Func`4 operation, Func`4 verifySucceeded, CancellationToken cancellationToken)
   at Microsoft.EntityFrameworkCore.Query.Internal.SingleQueryingEnumerable`1.AsyncEnumerator.MoveNextAsync()
   at Microsoft.EntityFrameworkCore.EntityFrameworkQueryableExtensions.ToListAsync[TSource](IQueryable`1 source, CancellationToken cancellationToken)
   at Microsoft.EntityFrameworkCore.EntityFrameworkQueryableExtensions.ToListAsync[TSource](IQueryable`1 source, CancellationToken cancellationToken)
   at DarajaAPI.Repositories.MpesaTransactionRepository.GetUnverifiedTransactionsAsync() in C:\Users\ianga\source\repos\DarajaIntegration\DarajaAPI\Repositories\MpesaTransactionRepository.cs:line 19
   at DarajaAPI.Services.Background.PaymentReconciliationService.ExecuteAsync(CancellationToken stoppingToken) in C:\Users\ianga\source\repos\DarajaIntegration\DarajaAPI\Services\Background\PaymentReconciliationService.cs:line 30
]
[2025-05-27 10:21:31.236 +03:00] [INF] [] [] [] [Starting role seeding] []
[2025-05-27 10:21:37.664 +03:00] [ERR] [] [] [] [An error occurred using the connection to database 'DarajaDB' on server 'localhost'.] []
[2025-05-27 10:21:37.744 +03:00] [INF] [] [] [] [A transient exception occurred during execution. The operation will be retried after 0ms.
MySqlConnector.MySqlException (0x80004005): Unable to connect to any of the specified MySQL hosts.
   at MySqlConnector.Core.ServerSession.OpenTcpSocketAsync(ConnectionSettings cs, ILoadBalancer loadBalancer, Activity activity, IOBehavior ioBehavior, CancellationToken cancellationToken) in /_/src/MySqlConnector/Core/ServerSession.cs:line 1063
   at MySqlConnector.Core.ServerSession.ConnectAsync(ConnectionSettings cs, MySqlConnection connection, Int64 startingTimestamp, ILoadBalancer loadBalancer, Activity activity, IOBehavior ioBehavior, CancellationToken cancellationToken) in /_/src/MySqlConnector/Core/ServerSession.cs:line 425
   at MySqlConnector.Core.ConnectionPool.ConnectSessionAsync(MySqlConnection connection, Action`4 logMessage, Int64 startingTimestamp, Activity activity, IOBehavior ioBehavior, CancellationToken cancellationToken) in /_/src/MySqlConnector/Core/ConnectionPool.cs:line 428
   at MySqlConnector.Core.ConnectionPool.ConnectSessionAsync(MySqlConnection connection, Action`4 logMessage, Int64 startingTimestamp, Activity activity, IOBehavior ioBehavior, CancellationToken cancellationToken) in /_/src/MySqlConnector/Core/ConnectionPool.cs:line 433
   at MySqlConnector.Core.ConnectionPool.GetSessionAsync(MySqlConnection connection, Int64 startingTimestamp, Int32 timeoutMilliseconds, Activity activity, IOBehavior ioBehavior, CancellationToken cancellationToken) in /_/src/MySqlConnector/Core/ConnectionPool.cs:line 111
   at MySqlConnector.Core.ConnectionPool.GetSessionAsync(MySqlConnection connection, Int64 startingTimestamp, Int32 timeoutMilliseconds, Activity activity, IOBehavior ioBehavior, CancellationToken cancellationToken) in /_/src/MySqlConnector/Core/ConnectionPool.cs:line 144
   at MySqlConnector.MySqlConnection.CreateSessionAsync(ConnectionPool pool, Int64 startingTimestamp, Activity activity, Nullable`1 ioBehavior, CancellationToken cancellationToken) in /_/src/MySqlConnector/MySqlConnection.cs:line 919
   at MySqlConnector.MySqlConnection.OpenAsync(Nullable`1 ioBehavior, CancellationToken cancellationToken) in /_/src/MySqlConnector/MySqlConnection.cs:line 419
   at Microsoft.EntityFrameworkCore.Storage.RelationalConnection.OpenInternalAsync(Boolean errorsExpected, CancellationToken cancellationToken)
   at Microsoft.EntityFrameworkCore.Storage.RelationalConnection.OpenInternalAsync(Boolean errorsExpected, CancellationToken cancellationToken)
   at Microsoft.EntityFrameworkCore.Storage.RelationalConnection.OpenAsync(CancellationToken cancellationToken, Boolean errorsExpected)
   at Pomelo.EntityFrameworkCore.MySql.Storage.Internal.MySqlRelationalConnection.OpenAsync(CancellationToken cancellationToken, Boolean errorsExpected)
   at Microsoft.EntityFrameworkCore.Storage.RelationalCommand.ExecuteReaderAsync(RelationalCommandParameterObject parameterObject, CancellationToken cancellationToken)
   at Microsoft.EntityFrameworkCore.Query.Internal.SingleQueryingEnumerable`1.AsyncEnumerator.InitializeReaderAsync(AsyncEnumerator enumerator, CancellationToken cancellationToken)
   at Microsoft.EntityFrameworkCore.Storage.ExecutionStrategy.<>c__DisplayClass30_0`2.<<ExecuteAsync>b__0>d.MoveNext()
--- End of stack trace from previous location ---
   at Microsoft.EntityFrameworkCore.Storage.ExecutionStrategy.ExecuteImplementationAsync[TState,TResult](Func`4 operation, Func`4 verifySucceeded, TState state, CancellationToken cancellationToken)] [MySqlConnector.MySqlException (0x80004005): Unable to connect to any of the specified MySQL hosts.
   at MySqlConnector.Core.ServerSession.OpenTcpSocketAsync(ConnectionSettings cs, ILoadBalancer loadBalancer, Activity activity, IOBehavior ioBehavior, CancellationToken cancellationToken) in /_/src/MySqlConnector/Core/ServerSession.cs:line 1063
   at MySqlConnector.Core.ServerSession.ConnectAsync(ConnectionSettings cs, MySqlConnection connection, Int64 startingTimestamp, ILoadBalancer loadBalancer, Activity activity, IOBehavior ioBehavior, CancellationToken cancellationToken) in /_/src/MySqlConnector/Core/ServerSession.cs:line 425
   at MySqlConnector.Core.ConnectionPool.ConnectSessionAsync(MySqlConnection connection, Action`4 logMessage, Int64 startingTimestamp, Activity activity, IOBehavior ioBehavior, CancellationToken cancellationToken) in /_/src/MySqlConnector/Core/ConnectionPool.cs:line 428
   at MySqlConnector.Core.ConnectionPool.ConnectSessionAsync(MySqlConnection connection, Action`4 logMessage, Int64 startingTimestamp, Activity activity, IOBehavior ioBehavior, CancellationToken cancellationToken) in /_/src/MySqlConnector/Core/ConnectionPool.cs:line 433
   at MySqlConnector.Core.ConnectionPool.GetSessionAsync(MySqlConnection connection, Int64 startingTimestamp, Int32 timeoutMilliseconds, Activity activity, IOBehavior ioBehavior, CancellationToken cancellationToken) in /_/src/MySqlConnector/Core/ConnectionPool.cs:line 111
   at MySqlConnector.Core.ConnectionPool.GetSessionAsync(MySqlConnection connection, Int64 startingTimestamp, Int32 timeoutMilliseconds, Activity activity, IOBehavior ioBehavior, CancellationToken cancellationToken) in /_/src/MySqlConnector/Core/ConnectionPool.cs:line 144
   at MySqlConnector.MySqlConnection.CreateSessionAsync(ConnectionPool pool, Int64 startingTimestamp, Activity activity, Nullable`1 ioBehavior, CancellationToken cancellationToken) in /_/src/MySqlConnector/MySqlConnection.cs:line 919
   at MySqlConnector.MySqlConnection.OpenAsync(Nullable`1 ioBehavior, CancellationToken cancellationToken) in /_/src/MySqlConnector/MySqlConnection.cs:line 419
   at Microsoft.EntityFrameworkCore.Storage.RelationalConnection.OpenInternalAsync(Boolean errorsExpected, CancellationToken cancellationToken)
   at Microsoft.EntityFrameworkCore.Storage.RelationalConnection.OpenInternalAsync(Boolean errorsExpected, CancellationToken cancellationToken)
   at Microsoft.EntityFrameworkCore.Storage.RelationalConnection.OpenAsync(CancellationToken cancellationToken, Boolean errorsExpected)
   at Pomelo.EntityFrameworkCore.MySql.Storage.Internal.MySqlRelationalConnection.OpenAsync(CancellationToken cancellationToken, Boolean errorsExpected)
   at Microsoft.EntityFrameworkCore.Storage.RelationalCommand.ExecuteReaderAsync(RelationalCommandParameterObject parameterObject, CancellationToken cancellationToken)
   at Microsoft.EntityFrameworkCore.Query.Internal.SingleQueryingEnumerable`1.AsyncEnumerator.InitializeReaderAsync(AsyncEnumerator enumerator, CancellationToken cancellationToken)
   at Microsoft.EntityFrameworkCore.Storage.ExecutionStrategy.<>c__DisplayClass30_0`2.<<ExecuteAsync>b__0>d.MoveNext()
--- End of stack trace from previous location ---
   at Microsoft.EntityFrameworkCore.Storage.ExecutionStrategy.ExecuteImplementationAsync[TState,TResult](Func`4 operation, Func`4 verifySucceeded, TState state, CancellationToken cancellationToken)
]
[2025-05-27 10:21:41.836 +03:00] [ERR] [] [] [] [An error occurred using the connection to database 'DarajaDB' on server 'localhost'.] []
[2025-05-27 10:21:41.856 +03:00] [ERR] [] [] [] [An exception occurred while iterating over the results of a query for context type 'Daraja.DbContext.DarajaDbContext'.
Microsoft.EntityFrameworkCore.Storage.RetryLimitExceededException: The maximum number of retries (1) was exceeded while executing database operations with 'MySqlRetryingExecutionStrategy'. See the inner exception for the most recent failure.
 ---> MySqlConnector.MySqlException (0x80004005): Unable to connect to any of the specified MySQL hosts.
   at MySqlConnector.Core.ServerSession.OpenTcpSocketAsync(ConnectionSettings cs, ILoadBalancer loadBalancer, Activity activity, IOBehavior ioBehavior, CancellationToken cancellationToken) in /_/src/MySqlConnector/Core/ServerSession.cs:line 1063
   at MySqlConnector.Core.ServerSession.ConnectAsync(ConnectionSettings cs, MySqlConnection connection, Int64 startingTimestamp, ILoadBalancer loadBalancer, Activity activity, IOBehavior ioBehavior, CancellationToken cancellationToken) in /_/src/MySqlConnector/Core/ServerSession.cs:line 425
   at MySqlConnector.Core.ConnectionPool.ConnectSessionAsync(MySqlConnection connection, Action`4 logMessage, Int64 startingTimestamp, Activity activity, IOBehavior ioBehavior, CancellationToken cancellationToken) in /_/src/MySqlConnector/Core/ConnectionPool.cs:line 428
   at MySqlConnector.Core.ConnectionPool.ConnectSessionAsync(MySqlConnection connection, Action`4 logMessage, Int64 startingTimestamp, Activity activity, IOBehavior ioBehavior, CancellationToken cancellationToken) in /_/src/MySqlConnector/Core/ConnectionPool.cs:line 433
   at MySqlConnector.Core.ConnectionPool.GetSessionAsync(MySqlConnection connection, Int64 startingTimestamp, Int32 timeoutMilliseconds, Activity activity, IOBehavior ioBehavior, CancellationToken cancellationToken) in /_/src/MySqlConnector/Core/ConnectionPool.cs:line 111
   at MySqlConnector.Core.ConnectionPool.GetSessionAsync(MySqlConnection connection, Int64 startingTimestamp, Int32 timeoutMilliseconds, Activity activity, IOBehavior ioBehavior, CancellationToken cancellationToken) in /_/src/MySqlConnector/Core/ConnectionPool.cs:line 144
   at MySqlConnector.MySqlConnection.CreateSessionAsync(ConnectionPool pool, Int64 startingTimestamp, Activity activity, Nullable`1 ioBehavior, CancellationToken cancellationToken) in /_/src/MySqlConnector/MySqlConnection.cs:line 919
   at MySqlConnector.MySqlConnection.OpenAsync(Nullable`1 ioBehavior, CancellationToken cancellationToken) in /_/src/MySqlConnector/MySqlConnection.cs:line 419
   at Microsoft.EntityFrameworkCore.Storage.RelationalConnection.OpenInternalAsync(Boolean errorsExpected, CancellationToken cancellationToken)
   at Microsoft.EntityFrameworkCore.Storage.RelationalConnection.OpenInternalAsync(Boolean errorsExpected, CancellationToken cancellationToken)
   at Microsoft.EntityFrameworkCore.Storage.RelationalConnection.OpenAsync(CancellationToken cancellationToken, Boolean errorsExpected)
   at Pomelo.EntityFrameworkCore.MySql.Storage.Internal.MySqlRelationalConnection.OpenAsync(CancellationToken cancellationToken, Boolean errorsExpected)
   at Microsoft.EntityFrameworkCore.Storage.RelationalCommand.ExecuteReaderAsync(RelationalCommandParameterObject parameterObject, CancellationToken cancellationToken)
   at Microsoft.EntityFrameworkCore.Query.Internal.SingleQueryingEnumerable`1.AsyncEnumerator.InitializeReaderAsync(AsyncEnumerator enumerator, CancellationToken cancellationToken)
   at Microsoft.EntityFrameworkCore.Storage.ExecutionStrategy.<>c__DisplayClass30_0`2.<<ExecuteAsync>b__0>d.MoveNext()
--- End of stack trace from previous location ---
   at Microsoft.EntityFrameworkCore.Storage.ExecutionStrategy.ExecuteImplementationAsync[TState,TResult](Func`4 operation, Func`4 verifySucceeded, TState state, CancellationToken cancellationToken)
   --- End of inner exception stack trace ---
   at Microsoft.EntityFrameworkCore.Storage.ExecutionStrategy.ExecuteImplementationAsync[TState,TResult](Func`4 operation, Func`4 verifySucceeded, TState state, CancellationToken cancellationToken)
   at Microsoft.EntityFrameworkCore.Storage.ExecutionStrategy.ExecuteAsync[TState,TResult](TState state, Func`4 operation, Func`4 verifySucceeded, CancellationToken cancellationToken)
   at Microsoft.EntityFrameworkCore.Query.Internal.SingleQueryingEnumerable`1.AsyncEnumerator.MoveNextAsync()] [Microsoft.EntityFrameworkCore.Storage.RetryLimitExceededException: The maximum number of retries (1) was exceeded while executing database operations with 'MySqlRetryingExecutionStrategy'. See the inner exception for the most recent failure.
 ---> MySqlConnector.MySqlException (0x80004005): Unable to connect to any of the specified MySQL hosts.
   at MySqlConnector.Core.ServerSession.OpenTcpSocketAsync(ConnectionSettings cs, ILoadBalancer loadBalancer, Activity activity, IOBehavior ioBehavior, CancellationToken cancellationToken) in /_/src/MySqlConnector/Core/ServerSession.cs:line 1063
   at MySqlConnector.Core.ServerSession.ConnectAsync(ConnectionSettings cs, MySqlConnection connection, Int64 startingTimestamp, ILoadBalancer loadBalancer, Activity activity, IOBehavior ioBehavior, CancellationToken cancellationToken) in /_/src/MySqlConnector/Core/ServerSession.cs:line 425
   at MySqlConnector.Core.ConnectionPool.ConnectSessionAsync(MySqlConnection connection, Action`4 logMessage, Int64 startingTimestamp, Activity activity, IOBehavior ioBehavior, CancellationToken cancellationToken) in /_/src/MySqlConnector/Core/ConnectionPool.cs:line 428
   at MySqlConnector.Core.ConnectionPool.ConnectSessionAsync(MySqlConnection connection, Action`4 logMessage, Int64 startingTimestamp, Activity activity, IOBehavior ioBehavior, CancellationToken cancellationToken) in /_/src/MySqlConnector/Core/ConnectionPool.cs:line 433
   at MySqlConnector.Core.ConnectionPool.GetSessionAsync(MySqlConnection connection, Int64 startingTimestamp, Int32 timeoutMilliseconds, Activity activity, IOBehavior ioBehavior, CancellationToken cancellationToken) in /_/src/MySqlConnector/Core/ConnectionPool.cs:line 111
   at MySqlConnector.Core.ConnectionPool.GetSessionAsync(MySqlConnection connection, Int64 startingTimestamp, Int32 timeoutMilliseconds, Activity activity, IOBehavior ioBehavior, CancellationToken cancellationToken) in /_/src/MySqlConnector/Core/ConnectionPool.cs:line 144
   at MySqlConnector.MySqlConnection.CreateSessionAsync(ConnectionPool pool, Int64 startingTimestamp, Activity activity, Nullable`1 ioBehavior, CancellationToken cancellationToken) in /_/src/MySqlConnector/MySqlConnection.cs:line 919
   at MySqlConnector.MySqlConnection.OpenAsync(Nullable`1 ioBehavior, CancellationToken cancellationToken) in /_/src/MySqlConnector/MySqlConnection.cs:line 419
   at Microsoft.EntityFrameworkCore.Storage.RelationalConnection.OpenInternalAsync(Boolean errorsExpected, CancellationToken cancellationToken)
   at Microsoft.EntityFrameworkCore.Storage.RelationalConnection.OpenInternalAsync(Boolean errorsExpected, CancellationToken cancellationToken)
   at Microsoft.EntityFrameworkCore.Storage.RelationalConnection.OpenAsync(CancellationToken cancellationToken, Boolean errorsExpected)
   at Pomelo.EntityFrameworkCore.MySql.Storage.Internal.MySqlRelationalConnection.OpenAsync(CancellationToken cancellationToken, Boolean errorsExpected)
   at Microsoft.EntityFrameworkCore.Storage.RelationalCommand.ExecuteReaderAsync(RelationalCommandParameterObject parameterObject, CancellationToken cancellationToken)
   at Microsoft.EntityFrameworkCore.Query.Internal.SingleQueryingEnumerable`1.AsyncEnumerator.InitializeReaderAsync(AsyncEnumerator enumerator, CancellationToken cancellationToken)
   at Microsoft.EntityFrameworkCore.Storage.ExecutionStrategy.<>c__DisplayClass30_0`2.<<ExecuteAsync>b__0>d.MoveNext()
--- End of stack trace from previous location ---
   at Microsoft.EntityFrameworkCore.Storage.ExecutionStrategy.ExecuteImplementationAsync[TState,TResult](Func`4 operation, Func`4 verifySucceeded, TState state, CancellationToken cancellationToken)
   --- End of inner exception stack trace ---
   at Microsoft.EntityFrameworkCore.Storage.ExecutionStrategy.ExecuteImplementationAsync[TState,TResult](Func`4 operation, Func`4 verifySucceeded, TState state, CancellationToken cancellationToken)
   at Microsoft.EntityFrameworkCore.Storage.ExecutionStrategy.ExecuteAsync[TState,TResult](TState state, Func`4 operation, Func`4 verifySucceeded, CancellationToken cancellationToken)
   at Microsoft.EntityFrameworkCore.Query.Internal.SingleQueryingEnumerable`1.AsyncEnumerator.MoveNextAsync()
]
[2025-05-27 10:21:42.171 +03:00] [INF] [] [] [] [Role seeding completed] []
[2025-05-27 10:21:42.175 +03:00] [INF] [] [] [] [Starting super admin seeding] []
[2025-05-27 10:21:46.271 +03:00] [ERR] [] [] [] [An error occurred using the connection to database 'DarajaDB' on server 'localhost'.] []
[2025-05-27 10:21:46.276 +03:00] [INF] [] [] [] [A transient exception occurred during execution. The operation will be retried after 0ms.
MySqlConnector.MySqlException (0x80004005): Unable to connect to any of the specified MySQL hosts.
   at MySqlConnector.Core.ServerSession.OpenTcpSocketAsync(ConnectionSettings cs, ILoadBalancer loadBalancer, Activity activity, IOBehavior ioBehavior, CancellationToken cancellationToken) in /_/src/MySqlConnector/Core/ServerSession.cs:line 1063
   at MySqlConnector.Core.ServerSession.ConnectAsync(ConnectionSettings cs, MySqlConnection connection, Int64 startingTimestamp, ILoadBalancer loadBalancer, Activity activity, IOBehavior ioBehavior, CancellationToken cancellationToken) in /_/src/MySqlConnector/Core/ServerSession.cs:line 425
   at MySqlConnector.Core.ConnectionPool.ConnectSessionAsync(MySqlConnection connection, Action`4 logMessage, Int64 startingTimestamp, Activity activity, IOBehavior ioBehavior, CancellationToken cancellationToken) in /_/src/MySqlConnector/Core/ConnectionPool.cs:line 428
   at MySqlConnector.Core.ConnectionPool.ConnectSessionAsync(MySqlConnection connection, Action`4 logMessage, Int64 startingTimestamp, Activity activity, IOBehavior ioBehavior, CancellationToken cancellationToken) in /_/src/MySqlConnector/Core/ConnectionPool.cs:line 433
   at MySqlConnector.Core.ConnectionPool.GetSessionAsync(MySqlConnection connection, Int64 startingTimestamp, Int32 timeoutMilliseconds, Activity activity, IOBehavior ioBehavior, CancellationToken cancellationToken) in /_/src/MySqlConnector/Core/ConnectionPool.cs:line 111
   at MySqlConnector.Core.ConnectionPool.GetSessionAsync(MySqlConnection connection, Int64 startingTimestamp, Int32 timeoutMilliseconds, Activity activity, IOBehavior ioBehavior, CancellationToken cancellationToken) in /_/src/MySqlConnector/Core/ConnectionPool.cs:line 144
   at MySqlConnector.MySqlConnection.CreateSessionAsync(ConnectionPool pool, Int64 startingTimestamp, Activity activity, Nullable`1 ioBehavior, CancellationToken cancellationToken) in /_/src/MySqlConnector/MySqlConnection.cs:line 919
   at MySqlConnector.MySqlConnection.OpenAsync(Nullable`1 ioBehavior, CancellationToken cancellationToken) in /_/src/MySqlConnector/MySqlConnection.cs:line 419
   at MySqlConnector.MySqlConnection.Open() in /_/src/MySqlConnector/MySqlConnection.cs:line 381
   at Microsoft.EntityFrameworkCore.Storage.RelationalConnection.OpenDbConnection(Boolean errorsExpected)
   at Microsoft.EntityFrameworkCore.Storage.RelationalConnection.OpenInternal(Boolean errorsExpected)
   at Microsoft.EntityFrameworkCore.Storage.RelationalConnection.Open(Boolean errorsExpected)
   at Pomelo.EntityFrameworkCore.MySql.Storage.Internal.MySqlRelationalConnection.Open(Boolean errorsExpected)
   at Microsoft.EntityFrameworkCore.Storage.RelationalCommand.ExecuteReader(RelationalCommandParameterObject parameterObject)
   at Microsoft.EntityFrameworkCore.Query.Internal.SingleQueryingEnumerable`1.Enumerator.InitializeReader(Enumerator enumerator)
   at Microsoft.EntityFrameworkCore.Query.Internal.SingleQueryingEnumerable`1.Enumerator.<>c.<MoveNext>b__21_0(DbContext _, Enumerator enumerator)
   at Microsoft.EntityFrameworkCore.Storage.ExecutionStrategy.<>c__DisplayClass28_0`2.<Execute>b__0(DbContext context, TState state)
   at Microsoft.EntityFrameworkCore.Storage.ExecutionStrategy.ExecuteImplementation[TState,TResult](Func`3 operation, Func`3 verifySucceeded, TState state)] [MySqlConnector.MySqlException (0x80004005): Unable to connect to any of the specified MySQL hosts.
   at MySqlConnector.Core.ServerSession.OpenTcpSocketAsync(ConnectionSettings cs, ILoadBalancer loadBalancer, Activity activity, IOBehavior ioBehavior, CancellationToken cancellationToken) in /_/src/MySqlConnector/Core/ServerSession.cs:line 1063
   at MySqlConnector.Core.ServerSession.ConnectAsync(ConnectionSettings cs, MySqlConnection connection, Int64 startingTimestamp, ILoadBalancer loadBalancer, Activity activity, IOBehavior ioBehavior, CancellationToken cancellationToken) in /_/src/MySqlConnector/Core/ServerSession.cs:line 425
   at MySqlConnector.Core.ConnectionPool.ConnectSessionAsync(MySqlConnection connection, Action`4 logMessage, Int64 startingTimestamp, Activity activity, IOBehavior ioBehavior, CancellationToken cancellationToken) in /_/src/MySqlConnector/Core/ConnectionPool.cs:line 428
   at MySqlConnector.Core.ConnectionPool.ConnectSessionAsync(MySqlConnection connection, Action`4 logMessage, Int64 startingTimestamp, Activity activity, IOBehavior ioBehavior, CancellationToken cancellationToken) in /_/src/MySqlConnector/Core/ConnectionPool.cs:line 433
   at MySqlConnector.Core.ConnectionPool.GetSessionAsync(MySqlConnection connection, Int64 startingTimestamp, Int32 timeoutMilliseconds, Activity activity, IOBehavior ioBehavior, CancellationToken cancellationToken) in /_/src/MySqlConnector/Core/ConnectionPool.cs:line 111
   at MySqlConnector.Core.ConnectionPool.GetSessionAsync(MySqlConnection connection, Int64 startingTimestamp, Int32 timeoutMilliseconds, Activity activity, IOBehavior ioBehavior, CancellationToken cancellationToken) in /_/src/MySqlConnector/Core/ConnectionPool.cs:line 144
   at MySqlConnector.MySqlConnection.CreateSessionAsync(ConnectionPool pool, Int64 startingTimestamp, Activity activity, Nullable`1 ioBehavior, CancellationToken cancellationToken) in /_/src/MySqlConnector/MySqlConnection.cs:line 919
   at MySqlConnector.MySqlConnection.OpenAsync(Nullable`1 ioBehavior, CancellationToken cancellationToken) in /_/src/MySqlConnector/MySqlConnection.cs:line 419
   at MySqlConnector.MySqlConnection.Open() in /_/src/MySqlConnector/MySqlConnection.cs:line 381
   at Microsoft.EntityFrameworkCore.Storage.RelationalConnection.OpenDbConnection(Boolean errorsExpected)
   at Microsoft.EntityFrameworkCore.Storage.RelationalConnection.OpenInternal(Boolean errorsExpected)
   at Microsoft.EntityFrameworkCore.Storage.RelationalConnection.Open(Boolean errorsExpected)
   at Pomelo.EntityFrameworkCore.MySql.Storage.Internal.MySqlRelationalConnection.Open(Boolean errorsExpected)
   at Microsoft.EntityFrameworkCore.Storage.RelationalCommand.ExecuteReader(RelationalCommandParameterObject parameterObject)
   at Microsoft.EntityFrameworkCore.Query.Internal.SingleQueryingEnumerable`1.Enumerator.InitializeReader(Enumerator enumerator)
   at Microsoft.EntityFrameworkCore.Query.Internal.SingleQueryingEnumerable`1.Enumerator.<>c.<MoveNext>b__21_0(DbContext _, Enumerator enumerator)
   at Microsoft.EntityFrameworkCore.Storage.ExecutionStrategy.<>c__DisplayClass28_0`2.<Execute>b__0(DbContext context, TState state)
   at Microsoft.EntityFrameworkCore.Storage.ExecutionStrategy.ExecuteImplementation[TState,TResult](Func`3 operation, Func`3 verifySucceeded, TState state)
]
[2025-05-27 10:21:50.385 +03:00] [ERR] [] [] [] [An error occurred using the connection to database 'DarajaDB' on server 'localhost'.] []
[2025-05-27 10:21:50.391 +03:00] [ERR] [] [] [] [An exception occurred while iterating over the results of a query for context type 'Daraja.DbContext.DarajaDbContext'.
Microsoft.EntityFrameworkCore.Storage.RetryLimitExceededException: The maximum number of retries (1) was exceeded while executing database operations with 'MySqlRetryingExecutionStrategy'. See the inner exception for the most recent failure.
 ---> MySqlConnector.MySqlException (0x80004005): Unable to connect to any of the specified MySQL hosts.
   at MySqlConnector.Core.ServerSession.OpenTcpSocketAsync(ConnectionSettings cs, ILoadBalancer loadBalancer, Activity activity, IOBehavior ioBehavior, CancellationToken cancellationToken) in /_/src/MySqlConnector/Core/ServerSession.cs:line 1063
   at MySqlConnector.Core.ServerSession.ConnectAsync(ConnectionSettings cs, MySqlConnection connection, Int64 startingTimestamp, ILoadBalancer loadBalancer, Activity activity, IOBehavior ioBehavior, CancellationToken cancellationToken) in /_/src/MySqlConnector/Core/ServerSession.cs:line 425
   at MySqlConnector.Core.ConnectionPool.ConnectSessionAsync(MySqlConnection connection, Action`4 logMessage, Int64 startingTimestamp, Activity activity, IOBehavior ioBehavior, CancellationToken cancellationToken) in /_/src/MySqlConnector/Core/ConnectionPool.cs:line 428
   at MySqlConnector.Core.ConnectionPool.ConnectSessionAsync(MySqlConnection connection, Action`4 logMessage, Int64 startingTimestamp, Activity activity, IOBehavior ioBehavior, CancellationToken cancellationToken) in /_/src/MySqlConnector/Core/ConnectionPool.cs:line 433
   at MySqlConnector.Core.ConnectionPool.GetSessionAsync(MySqlConnection connection, Int64 startingTimestamp, Int32 timeoutMilliseconds, Activity activity, IOBehavior ioBehavior, CancellationToken cancellationToken) in /_/src/MySqlConnector/Core/ConnectionPool.cs:line 111
   at MySqlConnector.Core.ConnectionPool.GetSessionAsync(MySqlConnection connection, Int64 startingTimestamp, Int32 timeoutMilliseconds, Activity activity, IOBehavior ioBehavior, CancellationToken cancellationToken) in /_/src/MySqlConnector/Core/ConnectionPool.cs:line 144
   at MySqlConnector.MySqlConnection.CreateSessionAsync(ConnectionPool pool, Int64 startingTimestamp, Activity activity, Nullable`1 ioBehavior, CancellationToken cancellationToken) in /_/src/MySqlConnector/MySqlConnection.cs:line 919
   at MySqlConnector.MySqlConnection.OpenAsync(Nullable`1 ioBehavior, CancellationToken cancellationToken) in /_/src/MySqlConnector/MySqlConnection.cs:line 419
   at MySqlConnector.MySqlConnection.Open() in /_/src/MySqlConnector/MySqlConnection.cs:line 381
   at Microsoft.EntityFrameworkCore.Storage.RelationalConnection.OpenDbConnection(Boolean errorsExpected)
   at Microsoft.EntityFrameworkCore.Storage.RelationalConnection.OpenInternal(Boolean errorsExpected)
   at Microsoft.EntityFrameworkCore.Storage.RelationalConnection.Open(Boolean errorsExpected)
   at Pomelo.EntityFrameworkCore.MySql.Storage.Internal.MySqlRelationalConnection.Open(Boolean errorsExpected)
   at Microsoft.EntityFrameworkCore.Storage.RelationalCommand.ExecuteReader(RelationalCommandParameterObject parameterObject)
   at Microsoft.EntityFrameworkCore.Query.Internal.SingleQueryingEnumerable`1.Enumerator.InitializeReader(Enumerator enumerator)
   at Microsoft.EntityFrameworkCore.Query.Internal.SingleQueryingEnumerable`1.Enumerator.<>c.<MoveNext>b__21_0(DbContext _, Enumerator enumerator)
   at Microsoft.EntityFrameworkCore.Storage.ExecutionStrategy.<>c__DisplayClass28_0`2.<Execute>b__0(DbContext context, TState state)
   at Microsoft.EntityFrameworkCore.Storage.ExecutionStrategy.ExecuteImplementation[TState,TResult](Func`3 operation, Func`3 verifySucceeded, TState state)
   --- End of inner exception stack trace ---
   at Microsoft.EntityFrameworkCore.Storage.ExecutionStrategy.ExecuteImplementation[TState,TResult](Func`3 operation, Func`3 verifySucceeded, TState state)
   at Microsoft.EntityFrameworkCore.Storage.ExecutionStrategy.Execute[TState,TResult](TState state, Func`3 operation, Func`3 verifySucceeded)
   at Microsoft.EntityFrameworkCore.Query.Internal.SingleQueryingEnumerable`1.Enumerator.MoveNext()] [Microsoft.EntityFrameworkCore.Storage.RetryLimitExceededException: The maximum number of retries (1) was exceeded while executing database operations with 'MySqlRetryingExecutionStrategy'. See the inner exception for the most recent failure.
 ---> MySqlConnector.MySqlException (0x80004005): Unable to connect to any of the specified MySQL hosts.
   at MySqlConnector.Core.ServerSession.OpenTcpSocketAsync(ConnectionSettings cs, ILoadBalancer loadBalancer, Activity activity, IOBehavior ioBehavior, CancellationToken cancellationToken) in /_/src/MySqlConnector/Core/ServerSession.cs:line 1063
   at MySqlConnector.Core.ServerSession.ConnectAsync(ConnectionSettings cs, MySqlConnection connection, Int64 startingTimestamp, ILoadBalancer loadBalancer, Activity activity, IOBehavior ioBehavior, CancellationToken cancellationToken) in /_/src/MySqlConnector/Core/ServerSession.cs:line 425
   at MySqlConnector.Core.ConnectionPool.ConnectSessionAsync(MySqlConnection connection, Action`4 logMessage, Int64 startingTimestamp, Activity activity, IOBehavior ioBehavior, CancellationToken cancellationToken) in /_/src/MySqlConnector/Core/ConnectionPool.cs:line 428
   at MySqlConnector.Core.ConnectionPool.ConnectSessionAsync(MySqlConnection connection, Action`4 logMessage, Int64 startingTimestamp, Activity activity, IOBehavior ioBehavior, CancellationToken cancellationToken) in /_/src/MySqlConnector/Core/ConnectionPool.cs:line 433
   at MySqlConnector.Core.ConnectionPool.GetSessionAsync(MySqlConnection connection, Int64 startingTimestamp, Int32 timeoutMilliseconds, Activity activity, IOBehavior ioBehavior, CancellationToken cancellationToken) in /_/src/MySqlConnector/Core/ConnectionPool.cs:line 111
   at MySqlConnector.Core.ConnectionPool.GetSessionAsync(MySqlConnection connection, Int64 startingTimestamp, Int32 timeoutMilliseconds, Activity activity, IOBehavior ioBehavior, CancellationToken cancellationToken) in /_/src/MySqlConnector/Core/ConnectionPool.cs:line 144
   at MySqlConnector.MySqlConnection.CreateSessionAsync(ConnectionPool pool, Int64 startingTimestamp, Activity activity, Nullable`1 ioBehavior, CancellationToken cancellationToken) in /_/src/MySqlConnector/MySqlConnection.cs:line 919
   at MySqlConnector.MySqlConnection.OpenAsync(Nullable`1 ioBehavior, CancellationToken cancellationToken) in /_/src/MySqlConnector/MySqlConnection.cs:line 419
   at MySqlConnector.MySqlConnection.Open() in /_/src/MySqlConnector/MySqlConnection.cs:line 381
   at Microsoft.EntityFrameworkCore.Storage.RelationalConnection.OpenDbConnection(Boolean errorsExpected)
   at Microsoft.EntityFrameworkCore.Storage.RelationalConnection.OpenInternal(Boolean errorsExpected)
   at Microsoft.EntityFrameworkCore.Storage.RelationalConnection.Open(Boolean errorsExpected)
   at Pomelo.EntityFrameworkCore.MySql.Storage.Internal.MySqlRelationalConnection.Open(Boolean errorsExpected)
   at Microsoft.EntityFrameworkCore.Storage.RelationalCommand.ExecuteReader(RelationalCommandParameterObject parameterObject)
   at Microsoft.EntityFrameworkCore.Query.Internal.SingleQueryingEnumerable`1.Enumerator.InitializeReader(Enumerator enumerator)
   at Microsoft.EntityFrameworkCore.Query.Internal.SingleQueryingEnumerable`1.Enumerator.<>c.<MoveNext>b__21_0(DbContext _, Enumerator enumerator)
   at Microsoft.EntityFrameworkCore.Storage.ExecutionStrategy.<>c__DisplayClass28_0`2.<Execute>b__0(DbContext context, TState state)
   at Microsoft.EntityFrameworkCore.Storage.ExecutionStrategy.ExecuteImplementation[TState,TResult](Func`3 operation, Func`3 verifySucceeded, TState state)
   --- End of inner exception stack trace ---
   at Microsoft.EntityFrameworkCore.Storage.ExecutionStrategy.ExecuteImplementation[TState,TResult](Func`3 operation, Func`3 verifySucceeded, TState state)
   at Microsoft.EntityFrameworkCore.Storage.ExecutionStrategy.Execute[TState,TResult](TState state, Func`3 operation, Func`3 verifySucceeded)
   at Microsoft.EntityFrameworkCore.Query.Internal.SingleQueryingEnumerable`1.Enumerator.MoveNext()
]
[2025-05-27 10:21:50.595 +03:00] [INF] [] [] [] [Super admin seeding completed] []
[2025-05-27 10:21:50.931 +03:00] [WRN] [] [] [] [The WebRootPath was not found: C:\Users\ianga\source\repos\DarajaIntegration\DarajaAPI\wwwroot. Static files may be unavailable.] []
[2025-05-27 10:21:51.081 +03:00] [INF] [] [] [] [Now listening on: https://localhost:5003] []
[2025-05-27 10:21:51.216 +03:00] [INF] [] [] [] [Application started. Press Ctrl+C to shut down.] []
[2025-05-27 10:21:51.219 +03:00] [INF] [] [] [] [Hosting environment: Development] []
[2025-05-27 10:21:51.221 +03:00] [INF] [] [] [] [Content root path: C:\Users\ianga\source\repos\DarajaIntegration\DarajaAPI] []
[2025-05-27 10:21:52.851 +03:00] [INF] [] [0HNCSTSJ62FGA:00000001] [/swagger/index.html] [Request starting HTTP/2 GET https://localhost:5003/swagger/index.html - null null] []
[2025-05-27 10:21:53.466 +03:00] [INF] [] [0HNCSTSJ62FGA:00000001] [/swagger/index.html] [Request finished HTTP/2 GET https://localhost:5003/swagger/index.html - 200 null text/html;charset=utf-8 626.4799ms] []
[2025-05-27 10:21:53.485 +03:00] [INF] [] [0HNCSTSJ62FGB:00000003] [/_vs/browserLink] [Request starting HTTP/2 GET https://localhost:5003/_vs/browserLink - null null] []
[2025-05-27 10:21:53.485 +03:00] [INF] [] [0HNCSTSJ62FGB:00000001] [/_framework/aspnetcore-browser-refresh.js] [Request starting HTTP/2 GET https://localhost:5003/_framework/aspnetcore-browser-refresh.js - null null] []
[2025-05-27 10:21:53.607 +03:00] [INF] [] [0HNCSTSJ62FGB:00000001] [/_framework/aspnetcore-browser-refresh.js] [Request finished HTTP/2 GET https://localhost:5003/_framework/aspnetcore-browser-refresh.js - 200 16503 application/javascript; charset=utf-8 121.113ms] []
[2025-05-27 10:21:53.707 +03:00] [INF] [] [0HNCSTSJ62FGB:00000003] [/_vs/browserLink] [Request finished HTTP/2 GET https://localhost:5003/_vs/browserLink - 200 null text/javascript; charset=UTF-8 222.5041ms] []
[2025-05-27 10:21:53.810 +03:00] [INF] [] [0HNCSTSJ62FGB:00000005] [/swagger/v1/swagger.json] [Request starting HTTP/2 GET https://localhost:5003/swagger/v1/swagger.json - null null] []
[2025-05-27 10:21:53.856 +03:00] [INF] [] [0HNCSTSJ62FGB:00000005] [/swagger/v1/swagger.json] [Request finished HTTP/2 GET https://localhost:5003/swagger/v1/swagger.json - 200 null application/json;charset=utf-8 46.8638ms] []
[2025-05-27 10:21:54.873 +03:00] [ERR] [] [] [] [An error occurred using the connection to database 'DarajaDB' on server 'localhost'.] []
[2025-05-27 10:21:54.895 +03:00] [INF] [] [] [] [A transient exception occurred during execution. The operation will be retried after 0ms.
MySqlConnector.MySqlException (0x80004005): Unable to connect to any of the specified MySQL hosts.
   at MySqlConnector.Core.ServerSession.OpenTcpSocketAsync(ConnectionSettings cs, ILoadBalancer loadBalancer, Activity activity, IOBehavior ioBehavior, CancellationToken cancellationToken) in /_/src/MySqlConnector/Core/ServerSession.cs:line 1063
   at MySqlConnector.Core.ServerSession.ConnectAsync(ConnectionSettings cs, MySqlConnection connection, Int64 startingTimestamp, ILoadBalancer loadBalancer, Activity activity, IOBehavior ioBehavior, CancellationToken cancellationToken) in /_/src/MySqlConnector/Core/ServerSession.cs:line 425
   at MySqlConnector.Core.ConnectionPool.ConnectSessionAsync(MySqlConnection connection, Action`4 logMessage, Int64 startingTimestamp, Activity activity, IOBehavior ioBehavior, CancellationToken cancellationToken) in /_/src/MySqlConnector/Core/ConnectionPool.cs:line 428
   at MySqlConnector.Core.ConnectionPool.ConnectSessionAsync(MySqlConnection connection, Action`4 logMessage, Int64 startingTimestamp, Activity activity, IOBehavior ioBehavior, CancellationToken cancellationToken) in /_/src/MySqlConnector/Core/ConnectionPool.cs:line 433
   at MySqlConnector.Core.ConnectionPool.GetSessionAsync(MySqlConnection connection, Int64 startingTimestamp, Int32 timeoutMilliseconds, Activity activity, IOBehavior ioBehavior, CancellationToken cancellationToken) in /_/src/MySqlConnector/Core/ConnectionPool.cs:line 111
   at MySqlConnector.Core.ConnectionPool.GetSessionAsync(MySqlConnection connection, Int64 startingTimestamp, Int32 timeoutMilliseconds, Activity activity, IOBehavior ioBehavior, CancellationToken cancellationToken) in /_/src/MySqlConnector/Core/ConnectionPool.cs:line 144
   at MySqlConnector.MySqlConnection.CreateSessionAsync(ConnectionPool pool, Int64 startingTimestamp, Activity activity, Nullable`1 ioBehavior, CancellationToken cancellationToken) in /_/src/MySqlConnector/MySqlConnection.cs:line 919
   at MySqlConnector.MySqlConnection.OpenAsync(Nullable`1 ioBehavior, CancellationToken cancellationToken) in /_/src/MySqlConnector/MySqlConnection.cs:line 419
   at Microsoft.EntityFrameworkCore.Storage.RelationalConnection.OpenInternalAsync(Boolean errorsExpected, CancellationToken cancellationToken)
   at Microsoft.EntityFrameworkCore.Storage.RelationalConnection.OpenInternalAsync(Boolean errorsExpected, CancellationToken cancellationToken)
   at Microsoft.EntityFrameworkCore.Storage.RelationalConnection.OpenAsync(CancellationToken cancellationToken, Boolean errorsExpected)
   at Pomelo.EntityFrameworkCore.MySql.Storage.Internal.MySqlRelationalConnection.OpenAsync(CancellationToken cancellationToken, Boolean errorsExpected)
   at Microsoft.EntityFrameworkCore.Storage.RelationalCommand.ExecuteReaderAsync(RelationalCommandParameterObject parameterObject, CancellationToken cancellationToken)
   at Microsoft.EntityFrameworkCore.Query.Internal.SingleQueryingEnumerable`1.AsyncEnumerator.InitializeReaderAsync(AsyncEnumerator enumerator, CancellationToken cancellationToken)
   at Microsoft.EntityFrameworkCore.Storage.ExecutionStrategy.<>c__DisplayClass30_0`2.<<ExecuteAsync>b__0>d.MoveNext()
--- End of stack trace from previous location ---
   at Microsoft.EntityFrameworkCore.Storage.ExecutionStrategy.ExecuteImplementationAsync[TState,TResult](Func`4 operation, Func`4 verifySucceeded, TState state, CancellationToken cancellationToken)] [MySqlConnector.MySqlException (0x80004005): Unable to connect to any of the specified MySQL hosts.
   at MySqlConnector.Core.ServerSession.OpenTcpSocketAsync(ConnectionSettings cs, ILoadBalancer loadBalancer, Activity activity, IOBehavior ioBehavior, CancellationToken cancellationToken) in /_/src/MySqlConnector/Core/ServerSession.cs:line 1063
   at MySqlConnector.Core.ServerSession.ConnectAsync(ConnectionSettings cs, MySqlConnection connection, Int64 startingTimestamp, ILoadBalancer loadBalancer, Activity activity, IOBehavior ioBehavior, CancellationToken cancellationToken) in /_/src/MySqlConnector/Core/ServerSession.cs:line 425
   at MySqlConnector.Core.ConnectionPool.ConnectSessionAsync(MySqlConnection connection, Action`4 logMessage, Int64 startingTimestamp, Activity activity, IOBehavior ioBehavior, CancellationToken cancellationToken) in /_/src/MySqlConnector/Core/ConnectionPool.cs:line 428
   at MySqlConnector.Core.ConnectionPool.ConnectSessionAsync(MySqlConnection connection, Action`4 logMessage, Int64 startingTimestamp, Activity activity, IOBehavior ioBehavior, CancellationToken cancellationToken) in /_/src/MySqlConnector/Core/ConnectionPool.cs:line 433
   at MySqlConnector.Core.ConnectionPool.GetSessionAsync(MySqlConnection connection, Int64 startingTimestamp, Int32 timeoutMilliseconds, Activity activity, IOBehavior ioBehavior, CancellationToken cancellationToken) in /_/src/MySqlConnector/Core/ConnectionPool.cs:line 111
   at MySqlConnector.Core.ConnectionPool.GetSessionAsync(MySqlConnection connection, Int64 startingTimestamp, Int32 timeoutMilliseconds, Activity activity, IOBehavior ioBehavior, CancellationToken cancellationToken) in /_/src/MySqlConnector/Core/ConnectionPool.cs:line 144
   at MySqlConnector.MySqlConnection.CreateSessionAsync(ConnectionPool pool, Int64 startingTimestamp, Activity activity, Nullable`1 ioBehavior, CancellationToken cancellationToken) in /_/src/MySqlConnector/MySqlConnection.cs:line 919
   at MySqlConnector.MySqlConnection.OpenAsync(Nullable`1 ioBehavior, CancellationToken cancellationToken) in /_/src/MySqlConnector/MySqlConnection.cs:line 419
   at Microsoft.EntityFrameworkCore.Storage.RelationalConnection.OpenInternalAsync(Boolean errorsExpected, CancellationToken cancellationToken)
   at Microsoft.EntityFrameworkCore.Storage.RelationalConnection.OpenInternalAsync(Boolean errorsExpected, CancellationToken cancellationToken)
   at Microsoft.EntityFrameworkCore.Storage.RelationalConnection.OpenAsync(CancellationToken cancellationToken, Boolean errorsExpected)
   at Pomelo.EntityFrameworkCore.MySql.Storage.Internal.MySqlRelationalConnection.OpenAsync(CancellationToken cancellationToken, Boolean errorsExpected)
   at Microsoft.EntityFrameworkCore.Storage.RelationalCommand.ExecuteReaderAsync(RelationalCommandParameterObject parameterObject, CancellationToken cancellationToken)
   at Microsoft.EntityFrameworkCore.Query.Internal.SingleQueryingEnumerable`1.AsyncEnumerator.InitializeReaderAsync(AsyncEnumerator enumerator, CancellationToken cancellationToken)
   at Microsoft.EntityFrameworkCore.Storage.ExecutionStrategy.<>c__DisplayClass30_0`2.<<ExecuteAsync>b__0>d.MoveNext()
--- End of stack trace from previous location ---
   at Microsoft.EntityFrameworkCore.Storage.ExecutionStrategy.ExecuteImplementationAsync[TState,TResult](Func`4 operation, Func`4 verifySucceeded, TState state, CancellationToken cancellationToken)
]
[2025-05-27 10:21:56.925 +03:00] [INF] [] [0HNCSTSJ62FGC:00000001] [/swagger/index.html] [Request starting HTTP/1.1 GET https://69a8-197-232-41-24.ngrok-free.app/swagger/index.html - null null] []
[2025-05-27 10:21:56.963 +03:00] [INF] [] [0HNCSTSJ62FGC:00000001] [/swagger/index.html] [Request finished HTTP/1.1 GET https://69a8-197-232-41-24.ngrok-free.app/swagger/index.html - 200 null text/html;charset=utf-8 38.1091ms] []
[2025-05-27 10:21:57.275 +03:00] [INF] [] [0HNCSTSJ62FGC:00000002] [/_framework/aspnetcore-browser-refresh.js] [Request starting HTTP/1.1 GET https://69a8-197-232-41-24.ngrok-free.app/_framework/aspnetcore-browser-refresh.js - null null] []
[2025-05-27 10:21:57.304 +03:00] [INF] [] [0HNCSTSJ62FGC:00000002] [/_framework/aspnetcore-browser-refresh.js] [Request finished HTTP/1.1 GET https://69a8-197-232-41-24.ngrok-free.app/_framework/aspnetcore-browser-refresh.js - 200 16503 application/javascript; charset=utf-8 28.8974ms] []
[2025-05-27 10:21:57.338 +03:00] [INF] [] [0HNCSTSJ62FGD:00000001] [/_vs/browserLink] [Request starting HTTP/1.1 GET https://69a8-197-232-41-24.ngrok-free.app/_vs/browserLink - null null] []
[2025-05-27 10:21:57.380 +03:00] [INF] [] [0HNCSTSJ62FGD:00000001] [/_vs/browserLink] [Request finished HTTP/1.1 GET https://69a8-197-232-41-24.ngrok-free.app/_vs/browserLink - 200 null text/javascript; charset=UTF-8 42.0799ms] []
[2025-05-27 10:21:58.234 +03:00] [INF] [] [0HNCSTSJ62FGD:00000002] [/swagger/v1/swagger.json] [Request starting HTTP/1.1 GET https://69a8-197-232-41-24.ngrok-free.app/swagger/v1/swagger.json - null null] []
[2025-05-27 10:21:58.269 +03:00] [INF] [] [0HNCSTSJ62FGD:00000002] [/swagger/v1/swagger.json] [Request finished HTTP/1.1 GET https://69a8-197-232-41-24.ngrok-free.app/swagger/v1/swagger.json - 200 null application/json;charset=utf-8 35.26ms] []
[2025-05-27 10:21:59.674 +03:00] [ERR] [] [] [] [An error occurred using the connection to database 'DarajaDB' on server 'localhost'.] []
[2025-05-27 10:21:59.724 +03:00] [ERR] [] [] [] [An exception occurred while iterating over the results of a query for context type 'Daraja.DbContext.DarajaDbContext'.
Microsoft.EntityFrameworkCore.Storage.RetryLimitExceededException: The maximum number of retries (1) was exceeded while executing database operations with 'MySqlRetryingExecutionStrategy'. See the inner exception for the most recent failure.
 ---> MySqlConnector.MySqlException (0x80004005): Unable to connect to any of the specified MySQL hosts.
   at MySqlConnector.Core.ServerSession.OpenTcpSocketAsync(ConnectionSettings cs, ILoadBalancer loadBalancer, Activity activity, IOBehavior ioBehavior, CancellationToken cancellationToken) in /_/src/MySqlConnector/Core/ServerSession.cs:line 1063
   at MySqlConnector.Core.ServerSession.ConnectAsync(ConnectionSettings cs, MySqlConnection connection, Int64 startingTimestamp, ILoadBalancer loadBalancer, Activity activity, IOBehavior ioBehavior, CancellationToken cancellationToken) in /_/src/MySqlConnector/Core/ServerSession.cs:line 425
   at MySqlConnector.Core.ConnectionPool.ConnectSessionAsync(MySqlConnection connection, Action`4 logMessage, Int64 startingTimestamp, Activity activity, IOBehavior ioBehavior, CancellationToken cancellationToken) in /_/src/MySqlConnector/Core/ConnectionPool.cs:line 428
   at MySqlConnector.Core.ConnectionPool.ConnectSessionAsync(MySqlConnection connection, Action`4 logMessage, Int64 startingTimestamp, Activity activity, IOBehavior ioBehavior, CancellationToken cancellationToken) in /_/src/MySqlConnector/Core/ConnectionPool.cs:line 433
   at MySqlConnector.Core.ConnectionPool.GetSessionAsync(MySqlConnection connection, Int64 startingTimestamp, Int32 timeoutMilliseconds, Activity activity, IOBehavior ioBehavior, CancellationToken cancellationToken) in /_/src/MySqlConnector/Core/ConnectionPool.cs:line 111
   at MySqlConnector.Core.ConnectionPool.GetSessionAsync(MySqlConnection connection, Int64 startingTimestamp, Int32 timeoutMilliseconds, Activity activity, IOBehavior ioBehavior, CancellationToken cancellationToken) in /_/src/MySqlConnector/Core/ConnectionPool.cs:line 144
   at MySqlConnector.MySqlConnection.CreateSessionAsync(ConnectionPool pool, Int64 startingTimestamp, Activity activity, Nullable`1 ioBehavior, CancellationToken cancellationToken) in /_/src/MySqlConnector/MySqlConnection.cs:line 919
   at MySqlConnector.MySqlConnection.OpenAsync(Nullable`1 ioBehavior, CancellationToken cancellationToken) in /_/src/MySqlConnector/MySqlConnection.cs:line 419
   at Microsoft.EntityFrameworkCore.Storage.RelationalConnection.OpenInternalAsync(Boolean errorsExpected, CancellationToken cancellationToken)
   at Microsoft.EntityFrameworkCore.Storage.RelationalConnection.OpenInternalAsync(Boolean errorsExpected, CancellationToken cancellationToken)
   at Microsoft.EntityFrameworkCore.Storage.RelationalConnection.OpenAsync(CancellationToken cancellationToken, Boolean errorsExpected)
   at Pomelo.EntityFrameworkCore.MySql.Storage.Internal.MySqlRelationalConnection.OpenAsync(CancellationToken cancellationToken, Boolean errorsExpected)
   at Microsoft.EntityFrameworkCore.Storage.RelationalCommand.ExecuteReaderAsync(RelationalCommandParameterObject parameterObject, CancellationToken cancellationToken)
   at Microsoft.EntityFrameworkCore.Query.Internal.SingleQueryingEnumerable`1.AsyncEnumerator.InitializeReaderAsync(AsyncEnumerator enumerator, CancellationToken cancellationToken)
   at Microsoft.EntityFrameworkCore.Storage.ExecutionStrategy.<>c__DisplayClass30_0`2.<<ExecuteAsync>b__0>d.MoveNext()
--- End of stack trace from previous location ---
   at Microsoft.EntityFrameworkCore.Storage.ExecutionStrategy.ExecuteImplementationAsync[TState,TResult](Func`4 operation, Func`4 verifySucceeded, TState state, CancellationToken cancellationToken)
   --- End of inner exception stack trace ---
   at Microsoft.EntityFrameworkCore.Storage.ExecutionStrategy.ExecuteImplementationAsync[TState,TResult](Func`4 operation, Func`4 verifySucceeded, TState state, CancellationToken cancellationToken)
   at Microsoft.EntityFrameworkCore.Storage.ExecutionStrategy.ExecuteAsync[TState,TResult](TState state, Func`4 operation, Func`4 verifySucceeded, CancellationToken cancellationToken)
   at Microsoft.EntityFrameworkCore.Query.Internal.SingleQueryingEnumerable`1.AsyncEnumerator.MoveNextAsync()] [Microsoft.EntityFrameworkCore.Storage.RetryLimitExceededException: The maximum number of retries (1) was exceeded while executing database operations with 'MySqlRetryingExecutionStrategy'. See the inner exception for the most recent failure.
 ---> MySqlConnector.MySqlException (0x80004005): Unable to connect to any of the specified MySQL hosts.
   at MySqlConnector.Core.ServerSession.OpenTcpSocketAsync(ConnectionSettings cs, ILoadBalancer loadBalancer, Activity activity, IOBehavior ioBehavior, CancellationToken cancellationToken) in /_/src/MySqlConnector/Core/ServerSession.cs:line 1063
   at MySqlConnector.Core.ServerSession.ConnectAsync(ConnectionSettings cs, MySqlConnection connection, Int64 startingTimestamp, ILoadBalancer loadBalancer, Activity activity, IOBehavior ioBehavior, CancellationToken cancellationToken) in /_/src/MySqlConnector/Core/ServerSession.cs:line 425
   at MySqlConnector.Core.ConnectionPool.ConnectSessionAsync(MySqlConnection connection, Action`4 logMessage, Int64 startingTimestamp, Activity activity, IOBehavior ioBehavior, CancellationToken cancellationToken) in /_/src/MySqlConnector/Core/ConnectionPool.cs:line 428
   at MySqlConnector.Core.ConnectionPool.ConnectSessionAsync(MySqlConnection connection, Action`4 logMessage, Int64 startingTimestamp, Activity activity, IOBehavior ioBehavior, CancellationToken cancellationToken) in /_/src/MySqlConnector/Core/ConnectionPool.cs:line 433
   at MySqlConnector.Core.ConnectionPool.GetSessionAsync(MySqlConnection connection, Int64 startingTimestamp, Int32 timeoutMilliseconds, Activity activity, IOBehavior ioBehavior, CancellationToken cancellationToken) in /_/src/MySqlConnector/Core/ConnectionPool.cs:line 111
   at MySqlConnector.Core.ConnectionPool.GetSessionAsync(MySqlConnection connection, Int64 startingTimestamp, Int32 timeoutMilliseconds, Activity activity, IOBehavior ioBehavior, CancellationToken cancellationToken) in /_/src/MySqlConnector/Core/ConnectionPool.cs:line 144
   at MySqlConnector.MySqlConnection.CreateSessionAsync(ConnectionPool pool, Int64 startingTimestamp, Activity activity, Nullable`1 ioBehavior, CancellationToken cancellationToken) in /_/src/MySqlConnector/MySqlConnection.cs:line 919
   at MySqlConnector.MySqlConnection.OpenAsync(Nullable`1 ioBehavior, CancellationToken cancellationToken) in /_/src/MySqlConnector/MySqlConnection.cs:line 419
   at Microsoft.EntityFrameworkCore.Storage.RelationalConnection.OpenInternalAsync(Boolean errorsExpected, CancellationToken cancellationToken)
   at Microsoft.EntityFrameworkCore.Storage.RelationalConnection.OpenInternalAsync(Boolean errorsExpected, CancellationToken cancellationToken)
   at Microsoft.EntityFrameworkCore.Storage.RelationalConnection.OpenAsync(CancellationToken cancellationToken, Boolean errorsExpected)
   at Pomelo.EntityFrameworkCore.MySql.Storage.Internal.MySqlRelationalConnection.OpenAsync(CancellationToken cancellationToken, Boolean errorsExpected)
   at Microsoft.EntityFrameworkCore.Storage.RelationalCommand.ExecuteReaderAsync(RelationalCommandParameterObject parameterObject, CancellationToken cancellationToken)
   at Microsoft.EntityFrameworkCore.Query.Internal.SingleQueryingEnumerable`1.AsyncEnumerator.InitializeReaderAsync(AsyncEnumerator enumerator, CancellationToken cancellationToken)
   at Microsoft.EntityFrameworkCore.Storage.ExecutionStrategy.<>c__DisplayClass30_0`2.<<ExecuteAsync>b__0>d.MoveNext()
--- End of stack trace from previous location ---
   at Microsoft.EntityFrameworkCore.Storage.ExecutionStrategy.ExecuteImplementationAsync[TState,TResult](Func`4 operation, Func`4 verifySucceeded, TState state, CancellationToken cancellationToken)
   --- End of inner exception stack trace ---
   at Microsoft.EntityFrameworkCore.Storage.ExecutionStrategy.ExecuteImplementationAsync[TState,TResult](Func`4 operation, Func`4 verifySucceeded, TState state, CancellationToken cancellationToken)
   at Microsoft.EntityFrameworkCore.Storage.ExecutionStrategy.ExecuteAsync[TState,TResult](TState state, Func`4 operation, Func`4 verifySucceeded, CancellationToken cancellationToken)
   at Microsoft.EntityFrameworkCore.Query.Internal.SingleQueryingEnumerable`1.AsyncEnumerator.MoveNextAsync()
]
[2025-05-27 10:22:00.345 +03:00] [ERR] [] [] [] [Payment reconciliation failed] [Microsoft.EntityFrameworkCore.Storage.RetryLimitExceededException: The maximum number of retries (1) was exceeded while executing database operations with 'MySqlRetryingExecutionStrategy'. See the inner exception for the most recent failure.
 ---> MySqlConnector.MySqlException (0x80004005): Unable to connect to any of the specified MySQL hosts.
   at MySqlConnector.Core.ServerSession.OpenTcpSocketAsync(ConnectionSettings cs, ILoadBalancer loadBalancer, Activity activity, IOBehavior ioBehavior, CancellationToken cancellationToken) in /_/src/MySqlConnector/Core/ServerSession.cs:line 1063
   at MySqlConnector.Core.ServerSession.ConnectAsync(ConnectionSettings cs, MySqlConnection connection, Int64 startingTimestamp, ILoadBalancer loadBalancer, Activity activity, IOBehavior ioBehavior, CancellationToken cancellationToken) in /_/src/MySqlConnector/Core/ServerSession.cs:line 425
   at MySqlConnector.Core.ConnectionPool.ConnectSessionAsync(MySqlConnection connection, Action`4 logMessage, Int64 startingTimestamp, Activity activity, IOBehavior ioBehavior, CancellationToken cancellationToken) in /_/src/MySqlConnector/Core/ConnectionPool.cs:line 428
   at MySqlConnector.Core.ConnectionPool.ConnectSessionAsync(MySqlConnection connection, Action`4 logMessage, Int64 startingTimestamp, Activity activity, IOBehavior ioBehavior, CancellationToken cancellationToken) in /_/src/MySqlConnector/Core/ConnectionPool.cs:line 433
   at MySqlConnector.Core.ConnectionPool.GetSessionAsync(MySqlConnection connection, Int64 startingTimestamp, Int32 timeoutMilliseconds, Activity activity, IOBehavior ioBehavior, CancellationToken cancellationToken) in /_/src/MySqlConnector/Core/ConnectionPool.cs:line 111
   at MySqlConnector.Core.ConnectionPool.GetSessionAsync(MySqlConnection connection, Int64 startingTimestamp, Int32 timeoutMilliseconds, Activity activity, IOBehavior ioBehavior, CancellationToken cancellationToken) in /_/src/MySqlConnector/Core/ConnectionPool.cs:line 144
   at MySqlConnector.MySqlConnection.CreateSessionAsync(ConnectionPool pool, Int64 startingTimestamp, Activity activity, Nullable`1 ioBehavior, CancellationToken cancellationToken) in /_/src/MySqlConnector/MySqlConnection.cs:line 919
   at MySqlConnector.MySqlConnection.OpenAsync(Nullable`1 ioBehavior, CancellationToken cancellationToken) in /_/src/MySqlConnector/MySqlConnection.cs:line 419
   at Microsoft.EntityFrameworkCore.Storage.RelationalConnection.OpenInternalAsync(Boolean errorsExpected, CancellationToken cancellationToken)
   at Microsoft.EntityFrameworkCore.Storage.RelationalConnection.OpenInternalAsync(Boolean errorsExpected, CancellationToken cancellationToken)
   at Microsoft.EntityFrameworkCore.Storage.RelationalConnection.OpenAsync(CancellationToken cancellationToken, Boolean errorsExpected)
   at Pomelo.EntityFrameworkCore.MySql.Storage.Internal.MySqlRelationalConnection.OpenAsync(CancellationToken cancellationToken, Boolean errorsExpected)
   at Microsoft.EntityFrameworkCore.Storage.RelationalCommand.ExecuteReaderAsync(RelationalCommandParameterObject parameterObject, CancellationToken cancellationToken)
   at Microsoft.EntityFrameworkCore.Query.Internal.SingleQueryingEnumerable`1.AsyncEnumerator.InitializeReaderAsync(AsyncEnumerator enumerator, CancellationToken cancellationToken)
   at Microsoft.EntityFrameworkCore.Storage.ExecutionStrategy.<>c__DisplayClass30_0`2.<<ExecuteAsync>b__0>d.MoveNext()
--- End of stack trace from previous location ---
   at Microsoft.EntityFrameworkCore.Storage.ExecutionStrategy.ExecuteImplementationAsync[TState,TResult](Func`4 operation, Func`4 verifySucceeded, TState state, CancellationToken cancellationToken)
   --- End of inner exception stack trace ---
   at Microsoft.EntityFrameworkCore.Storage.ExecutionStrategy.ExecuteImplementationAsync[TState,TResult](Func`4 operation, Func`4 verifySucceeded, TState state, CancellationToken cancellationToken)
   at Microsoft.EntityFrameworkCore.Storage.ExecutionStrategy.ExecuteAsync[TState,TResult](TState state, Func`4 operation, Func`4 verifySucceeded, CancellationToken cancellationToken)
   at Microsoft.EntityFrameworkCore.Query.Internal.SingleQueryingEnumerable`1.AsyncEnumerator.MoveNextAsync()
   at Microsoft.EntityFrameworkCore.EntityFrameworkQueryableExtensions.ToListAsync[TSource](IQueryable`1 source, CancellationToken cancellationToken)
   at Microsoft.EntityFrameworkCore.EntityFrameworkQueryableExtensions.ToListAsync[TSource](IQueryable`1 source, CancellationToken cancellationToken)
   at DarajaAPI.Repositories.MpesaTransactionRepository.GetUnverifiedTransactionsAsync() in C:\Users\ianga\source\repos\DarajaIntegration\DarajaAPI\Repositories\MpesaTransactionRepository.cs:line 19
   at DarajaAPI.Services.Background.PaymentReconciliationService.ExecuteAsync(CancellationToken stoppingToken) in C:\Users\ianga\source\repos\DarajaIntegration\DarajaAPI\Services\Background\PaymentReconciliationService.cs:line 30
]
[2025-05-27 10:22:16.126 +03:00] [INF] [] [0HNCSTSJ62FGD:00000003] [/api/v1/mpesa/registration/urls] [Request starting HTTP/1.1 POST https://69a8-197-232-41-24.ngrok-free.app/api/v1/mpesa/registration/urls - null 0] []
[2025-05-27 10:22:16.208 +03:00] [INF] [] [0HNCSTSJ62FGD:00000003] [/api/v1/mpesa/registration/urls] [CORS policy execution successful.] []
[2025-05-27 10:22:16.225 +03:00] [INF] [] [0HNCSTSJ62FGD:00000003] [/api/v1/mpesa/registration/urls] [Executing endpoint 'DarajaAPI.Controllers.v1.MpesaRegistrationController.RegisterUrls (DarajaAPI)'] []
[2025-05-27 10:22:16.246 +03:00] [INF] [] [0HNCSTSJ62FGD:00000003] [/api/v1/mpesa/registration/urls] [Route matched with {action = "RegisterUrls", controller = "MpesaRegistration"}. Executing controller action with signature System.Threading.Tasks.Task`1[Microsoft.AspNetCore.Mvc.IActionResult] RegisterUrls() on controller DarajaAPI.Controllers.v1.MpesaRegistrationController (DarajaAPI).] []
[2025-05-27 10:22:21.070 +03:00] [INF] [] [0HNCSTSJ62FGD:00000003] [/api/v1/mpesa/registration/urls] [Start processing HTTP request GET https://sandbox.safaricom.co.ke/oauth/v1/generate?grant_type=client_credentials] []
[2025-05-27 10:22:21.077 +03:00] [INF] [] [0HNCSTSJ62FGD:00000003] [/api/v1/mpesa/registration/urls] [Sending HTTP request GET https://sandbox.safaricom.co.ke/oauth/v1/generate?grant_type=client_credentials] []
[2025-05-27 10:22:21.908 +03:00] [INF] [] [0HNCSTSJ62FGD:00000003] [/api/v1/mpesa/registration/urls] [Received HTTP response headers after 820.8013ms - 200] []
[2025-05-27 10:22:21.916 +03:00] [INF] [] [0HNCSTSJ62FGD:00000003] [/api/v1/mpesa/registration/urls] [End processing HTTP request after 847.4644ms - 200] []
