[2024-07-18 17:45:50.176 +03:00] [INF] [] [] [] [Starting role seeding] []
[2024-07-18 17:46:03.740 +03:00] [INF] [] [] [] [Executed DbCommand (819ms) [Parameters=[@__normalizedName_0='?' (Size = 256)], CommandType='"Text"', CommandTimeout='30']
SELECT `r`.`Id`, `r`.`ConcurrencyStamp`, `r`.`Name`, `r`.`NormalizedName`
FROM `Role` AS `r`
WHERE `r`.`NormalizedName` = @__normalizedName_0
LIMIT 1] []
[2024-07-18 17:46:05.185 +03:00] [INF] [] [] [] [Executed DbCommand (254ms) [Parameters=[@__normalizedName_0='?' (Size = 256)], CommandType='"Text"', CommandTimeout='30']
SELECT `r`.`Id`, `r`.`ConcurrencyStamp`, `r`.`Name`, `r`.`NormalizedName`
FROM `Role` AS `r`
WHERE `r`.`NormalizedName` = @__normalizedName_0
LIMIT 1] []
[2024-07-18 17:46:05.646 +03:00] [INF] [] [] [] [Executed DbCommand (15ms) [Parameters=[@__normalizedName_0='?' (Size = 256)], CommandType='"Text"', CommandTimeout='30']
SELECT `r`.`Id`, `r`.`ConcurrencyStamp`, `r`.`Name`, `r`.`NormalizedName`
FROM `Role` AS `r`
WHERE `r`.`NormalizedName` = @__normalizedName_0
LIMIT 1] []
[2024-07-18 17:46:06.059 +03:00] [INF] [] [] [] [Executed DbCommand (3ms) [Parameters=[@__normalizedName_0='?' (Size = 256)], CommandType='"Text"', CommandTimeout='30']
SELECT `r`.`Id`, `r`.`ConcurrencyStamp`, `r`.`Name`, `r`.`NormalizedName`
FROM `Role` AS `r`
WHERE `r`.`NormalizedName` = @__normalizedName_0
LIMIT 1] []
[2024-07-18 17:46:06.066 +03:00] [INF] [] [] [] [Role seeding completed] []
[2024-07-18 17:46:06.068 +03:00] [INF] [] [] [] [Starting super admin seeding] []
[2024-07-18 17:46:06.243 +03:00] [INF] [] [] [] [Executed DbCommand (15ms) [Parameters=[@__defaultUser_Email_0='?' (Size = 256)], CommandType='"Text"', CommandTimeout='30']
SELECT NOT EXISTS (
    SELECT 1
    FROM `User` AS `u`
    WHERE (`u`.`Email` = @__defaultUser_Email_0) AND `u`.`Email` IS NOT NULL)] []
[2024-07-18 17:46:06.259 +03:00] [INF] [] [] [] [Super admin seeding completed] []
[2024-07-18 17:46:06.612 +03:00] [WRN] [] [] [] [The WebRootPath was not found: C:\Users\Mwesh\source\repos\DarajaIntegration\DarajaAPI\wwwroot. Static files may be unavailable.] []
[2024-07-18 17:46:07.022 +03:00] [INF] [] [] [] [Now listening on: https://localhost:5003] []
[2024-07-18 17:46:07.443 +03:00] [INF] [] [] [] [Application started. Press Ctrl+C to shut down.] []
[2024-07-18 17:46:07.456 +03:00] [INF] [] [] [] [Hosting environment: Development] []
[2024-07-18 17:46:07.492 +03:00] [INF] [] [] [] [Content root path: C:\Users\Mwesh\source\repos\DarajaIntegration\DarajaAPI] []
[2024-07-18 17:46:11.768 +03:00] [INF] [] [0HN5771E4EOUR:00000001] [/swagger/index.html] [Request starting HTTP/2 GET https://localhost:5003/swagger/index.html - null null] []
[2024-07-18 17:46:14.773 +03:00] [INF] [] [0HN5771E4EOUR:00000001] [/swagger/index.html] [Request finished HTTP/2 GET https://localhost:5003/swagger/index.html - 200 null text/html;charset=utf-8 3025.9592ms] []
[2024-07-18 17:46:15.048 +03:00] [INF] [] [0HN5771E4EOUR:00000003] [/_framework/aspnetcore-browser-refresh.js] [Request starting HTTP/2 GET https://localhost:5003/_framework/aspnetcore-browser-refresh.js - null null] []
[2024-07-18 17:46:15.050 +03:00] [INF] [] [0HN5771E4EOUR:00000005] [/_vs/browserLink] [Request starting HTTP/2 GET https://localhost:5003/_vs/browserLink - null null] []
[2024-07-18 17:46:15.128 +03:00] [INF] [] [0HN5771E4EOUR:00000003] [/_framework/aspnetcore-browser-refresh.js] [Request finished HTTP/2 GET https://localhost:5003/_framework/aspnetcore-browser-refresh.js - 200 13754 application/javascript; charset=utf-8 79.7491ms] []
[2024-07-18 17:46:15.329 +03:00] [INF] [] [0HN5771E4EOUR:00000005] [/_vs/browserLink] [Request finished HTTP/2 GET https://localhost:5003/_vs/browserLink - 200 null text/javascript; charset=UTF-8 278.3277ms] []
[2024-07-18 17:46:15.639 +03:00] [INF] [] [0HN5771E4EOUR:00000007] [/swagger/v1/swagger.json] [Request starting HTTP/2 GET https://localhost:5003/swagger/v1/swagger.json - null null] []
[2024-07-18 17:46:16.310 +03:00] [INF] [] [0HN5771E4EOUR:00000007] [/swagger/v1/swagger.json] [Request finished HTTP/2 GET https://localhost:5003/swagger/v1/swagger.json - 200 null application/json;charset=utf-8 671.3644ms] []
