[2024-07-17 08:12:41.282 +03:00] [INF] [] [] [] [Starting role seeding] []
[2024-07-17 08:12:45.401 +03:00] [INF] [] [] [] [Executed DbCommand (164ms) [Parameters=[@__normalizedName_0='?' (Size = 256)], CommandType='"Text"', CommandTimeout='30']
SELECT `r`.`Id`, `r`.`ConcurrencyStamp`, `r`.`Name`, `r`.`NormalizedName`
FROM `Role` AS `r`
WHERE `r`.`NormalizedName` = @__normalizedName_0
LIMIT 1] []
[2024-07-17 08:12:46.128 +03:00] [INF] [] [] [] [Executed DbCommand (18ms) [Parameters=[@__normalizedName_0='?' (Size = 256)], CommandType='"Text"', CommandTimeout='30']
SELECT `r`.`Id`, `r`.`ConcurrencyStamp`, `r`.`Name`, `r`.`NormalizedName`
FROM `Role` AS `r`
WHERE `r`.`NormalizedName` = @__normalizedName_0
LIMIT 1] []
[2024-07-17 08:12:46.166 +03:00] [INF] [] [] [] [Executed DbCommand (6ms) [Parameters=[@__normalizedName_0='?' (Size = 256)], CommandType='"Text"', CommandTimeout='30']
SELECT `r`.`Id`, `r`.`ConcurrencyStamp`, `r`.`Name`, `r`.`NormalizedName`
FROM `Role` AS `r`
WHERE `r`.`NormalizedName` = @__normalizedName_0
LIMIT 1] []
[2024-07-17 08:12:46.211 +03:00] [INF] [] [] [] [Executed DbCommand (9ms) [Parameters=[@__normalizedName_0='?' (Size = 256)], CommandType='"Text"', CommandTimeout='30']
SELECT `r`.`Id`, `r`.`ConcurrencyStamp`, `r`.`Name`, `r`.`NormalizedName`
FROM `Role` AS `r`
WHERE `r`.`NormalizedName` = @__normalizedName_0
LIMIT 1] []
[2024-07-17 08:12:46.221 +03:00] [INF] [] [] [] [Role seeding completed] []
[2024-07-17 08:12:46.224 +03:00] [INF] [] [] [] [Starting super admin seeding] []
[2024-07-17 08:12:46.290 +03:00] [INF] [] [] [] [Executed DbCommand (4ms) [Parameters=[@__defaultUser_Email_0='?' (Size = 256)], CommandType='"Text"', CommandTimeout='30']
SELECT NOT EXISTS (
    SELECT 1
    FROM `User` AS `u`
    WHERE (`u`.`Email` = @__defaultUser_Email_0) AND `u`.`Email` IS NOT NULL)] []
[2024-07-17 08:12:46.303 +03:00] [INF] [] [] [] [Super admin seeding completed] []
[2024-07-17 08:12:46.576 +03:00] [WRN] [] [] [] [The WebRootPath was not found: C:\Users\Mwesh\source\repos\DarajaIntegration\DarajaAPI\wwwroot. Static files may be unavailable.] []
[2024-07-17 08:12:47.006 +03:00] [INF] [] [] [] [Now listening on: https://localhost:5003] []
[2024-07-17 08:12:47.087 +03:00] [INF] [] [] [] [Application started. Press Ctrl+C to shut down.] []
[2024-07-17 08:12:47.090 +03:00] [INF] [] [] [] [Hosting environment: Development] []
[2024-07-17 08:12:47.096 +03:00] [INF] [] [] [] [Content root path: C:\Users\Mwesh\source\repos\DarajaIntegration\DarajaAPI] []
[2024-07-17 08:12:50.496 +03:00] [INF] [] [0HN563SCG9NVB:00000001] [/swagger/index.html] [Request starting HTTP/2 GET https://localhost:5003/swagger/index.html - null null] []
[2024-07-17 08:12:51.461 +03:00] [INF] [] [0HN563SCG9NVB:00000001] [/swagger/index.html] [Request finished HTTP/2 GET https://localhost:5003/swagger/index.html - 200 null text/html;charset=utf-8 982.8904ms] []
[2024-07-17 08:12:52.585 +03:00] [INF] [] [0HN563SCG9NVB:00000003] [/_framework/aspnetcore-browser-refresh.js] [Request starting HTTP/2 GET https://localhost:5003/_framework/aspnetcore-browser-refresh.js - null null] []
[2024-07-17 08:12:52.608 +03:00] [INF] [] [0HN563SCG9NVB:00000003] [/_framework/aspnetcore-browser-refresh.js] [Request finished HTTP/2 GET https://localhost:5003/_framework/aspnetcore-browser-refresh.js - 200 13754 application/javascript; charset=utf-8 22.3966ms] []
[2024-07-17 08:12:53.299 +03:00] [INF] [] [0HN563SCG9NVB:00000005] [/_vs/browserLink] [Request starting HTTP/2 GET https://localhost:5003/_vs/browserLink - null null] []
[2024-07-17 08:12:53.526 +03:00] [INF] [] [0HN563SCG9NVB:00000005] [/_vs/browserLink] [Request finished HTTP/2 GET https://localhost:5003/_vs/browserLink - 200 null text/javascript; charset=UTF-8 226.656ms] []
[2024-07-17 08:12:55.031 +03:00] [INF] [] [0HN563SCG9NVB:00000007] [/swagger/v1/swagger.json] [Request starting HTTP/2 GET https://localhost:5003/swagger/v1/swagger.json - null null] []
[2024-07-17 08:12:55.463 +03:00] [INF] [] [0HN563SCG9NVB:00000007] [/swagger/v1/swagger.json] [Request finished HTTP/2 GET https://localhost:5003/swagger/v1/swagger.json - 200 null application/json;charset=utf-8 431.8128ms] []
