[2025-05-14 02:05:24.258 +03:00] [INF] [] [] [] [Starting role seeding] []
[2025-05-14 02:05:25.882 +03:00] [INF] [] [] [] [Executed DbCommand (38ms) [Parameters=[@__normalizedName_0='?' (Size = 256)], CommandType='"Text"', CommandTimeout='30']
SELECT `r`.`Id`, `r`.`ConcurrencyStamp`, `r`.`Name`, `r`.`NormalizedName`
FROM `Role` AS `r`
WHERE `r`.`NormalizedName` = @__normalizedName_0
LIMIT 1] []
[2025-05-14 02:05:26.002 +03:00] [INF] [] [] [] [Executed DbCommand (6ms) [Parameters=[@__normalizedName_0='?' (Size = 256)], CommandType='"Text"', CommandTimeout='30']
SELECT `r`.`Id`, `r`.`ConcurrencyStamp`, `r`.`Name`, `r`.`NormalizedName`
FROM `Role` AS `r`
WHERE `r`.`NormalizedName` = @__normalizedName_0
LIMIT 1] []
[2025-05-14 02:05:26.011 +03:00] [INF] [] [] [] [Executed DbCommand (2ms) [Parameters=[@__normalizedName_0='?' (Size = 256)], CommandType='"Text"', CommandTimeout='30']
SELECT `r`.`Id`, `r`.`ConcurrencyStamp`, `r`.`Name`, `r`.`NormalizedName`
FROM `Role` AS `r`
WHERE `r`.`NormalizedName` = @__normalizedName_0
LIMIT 1] []
[2025-05-14 02:05:26.019 +03:00] [INF] [] [] [] [Executed DbCommand (1ms) [Parameters=[@__normalizedName_0='?' (Size = 256)], CommandType='"Text"', CommandTimeout='30']
SELECT `r`.`Id`, `r`.`ConcurrencyStamp`, `r`.`Name`, `r`.`NormalizedName`
FROM `Role` AS `r`
WHERE `r`.`NormalizedName` = @__normalizedName_0
LIMIT 1] []
[2025-05-14 02:05:26.022 +03:00] [INF] [] [] [] [Role seeding completed] []
[2025-05-14 02:05:26.022 +03:00] [INF] [] [] [] [Starting super admin seeding] []
[2025-05-14 02:05:26.044 +03:00] [INF] [] [] [] [Executed DbCommand (2ms) [Parameters=[@__defaultUser_Email_0='?' (Size = 256)], CommandType='"Text"', CommandTimeout='30']
SELECT NOT EXISTS (
    SELECT 1
    FROM `User` AS `u`
    WHERE (`u`.`Email` = @__defaultUser_Email_0) AND `u`.`Email` IS NOT NULL)] []
[2025-05-14 02:05:26.051 +03:00] [INF] [] [] [] [Super admin seeding completed] []
[2025-05-14 02:05:26.139 +03:00] [WRN] [] [] [] [The WebRootPath was not found: C:\Users\ianga\source\repos\DarajaIntegration\DarajaAPI\wwwroot. Static files may be unavailable.] []
[2025-05-14 02:05:26.200 +03:00] [INF] [] [] [] [Now listening on: https://localhost:5003] []
[2025-05-14 02:05:26.279 +03:00] [INF] [] [] [] [Application started. Press Ctrl+C to shut down.] []
[2025-05-14 02:05:26.281 +03:00] [INF] [] [] [] [Hosting environment: Development] []
[2025-05-14 02:05:26.283 +03:00] [INF] [] [] [] [Content root path: C:\Users\ianga\source\repos\DarajaIntegration\DarajaAPI] []
[2025-05-14 02:05:27.412 +03:00] [INF] [] [0HNCIEAJ0U3CT:00000001] [/swagger/index.html] [Request starting HTTP/2 GET https://localhost:5003/swagger/index.html - null null] []
[2025-05-14 02:05:27.852 +03:00] [INF] [] [0HNCIEAJ0U3CT:00000001] [/swagger/index.html] [Request finished HTTP/2 GET https://localhost:5003/swagger/index.html - 200 null text/html;charset=utf-8 451.8993ms] []
[2025-05-14 02:05:27.877 +03:00] [INF] [] [0HNCIEAJ0U3CT:00000003] [/_framework/aspnetcore-browser-refresh.js] [Request starting HTTP/2 GET https://localhost:5003/_framework/aspnetcore-browser-refresh.js - null null] []
[2025-05-14 02:05:27.881 +03:00] [INF] [] [0HNCIEAJ0U3CT:00000005] [/_vs/browserLink] [Request starting HTTP/2 GET https://localhost:5003/_vs/browserLink - null null] []
[2025-05-14 02:05:28.002 +03:00] [INF] [] [0HNCIEAJ0U3CT:00000003] [/_framework/aspnetcore-browser-refresh.js] [Request finished HTTP/2 GET https://localhost:5003/_framework/aspnetcore-browser-refresh.js - 200 16503 application/javascript; charset=utf-8 124.8308ms] []
[2025-05-14 02:05:28.169 +03:00] [INF] [] [0HNCIEAJ0U3CT:00000005] [/_vs/browserLink] [Request finished HTTP/2 GET https://localhost:5003/_vs/browserLink - 200 null text/javascript; charset=UTF-8 287.951ms] []
[2025-05-14 02:05:28.252 +03:00] [INF] [] [0HNCIEAJ0U3CT:00000007] [/swagger/v1/swagger.json] [Request starting HTTP/2 GET https://localhost:5003/swagger/v1/swagger.json - null null] []
[2025-05-14 02:05:28.342 +03:00] [INF] [] [0HNCIEAJ0U3CT:00000007] [/swagger/v1/swagger.json] [Request finished HTTP/2 GET https://localhost:5003/swagger/v1/swagger.json - 200 null application/json;charset=utf-8 89.8501ms] []
[2025-05-14 02:06:14.819 +03:00] [INF] [] [0HNCIEAJ0U3CT:00000009] [/api/v1/Daraja/simulate-c2b-payment] [Request starting HTTP/2 POST https://localhost:5003/api/v1/Daraja/simulate-c2b-payment - application/json 77] []
[2025-05-14 02:06:14.882 +03:00] [INF] [] [0HNCIEAJ0U3CT:00000009] [/api/v1/Daraja/simulate-c2b-payment] [CORS policy execution successful.] []
[2025-05-14 02:06:14.898 +03:00] [INF] [] [0HNCIEAJ0U3CT:00000009] [/api/v1/Daraja/simulate-c2b-payment] [Executing endpoint 'DarajaAPI.Controllers.v1.DarajaController.SimulateC2BPayment (DarajaAPI)'] []
[2025-05-14 02:06:14.921 +03:00] [INF] [] [0HNCIEAJ0U3CT:00000009] [/api/v1/Daraja/simulate-c2b-payment] [Route matched with {action = "SimulateC2BPayment", controller = "Daraja"}. Executing controller action with signature System.Threading.Tasks.Task`1[Microsoft.AspNetCore.Mvc.IActionResult] SimulateC2BPayment(C2BRequest) on controller DarajaAPI.Controllers.v1.DarajaController (DarajaAPI).] []
[2025-05-14 02:06:14.984 +03:00] [INF] [] [0HNCIEAJ0U3CT:00000009] [/api/v1/Daraja/simulate-c2b-payment] [Start processing HTTP request GET https://sandbox.safaricom.co.ke/oauth/v1/generate?grant_type=client_credentials] []
[2025-05-14 02:06:14.988 +03:00] [INF] [] [0HNCIEAJ0U3CT:00000009] [/api/v1/Daraja/simulate-c2b-payment] [Sending HTTP request GET https://sandbox.safaricom.co.ke/oauth/v1/generate?grant_type=client_credentials] []
[2025-05-14 02:06:15.833 +03:00] [INF] [] [0HNCIEAJ0U3CT:00000009] [/api/v1/Daraja/simulate-c2b-payment] [Received HTTP response headers after 840.5881ms - 200] []
[2025-05-14 02:06:15.836 +03:00] [INF] [] [0HNCIEAJ0U3CT:00000009] [/api/v1/Daraja/simulate-c2b-payment] [End processing HTTP request after 853.8898ms - 200] []
[2025-05-14 02:06:15.968 +03:00] [INF] [] [0HNCIEAJ0U3CT:00000009] [/api/v1/Daraja/simulate-c2b-payment] [Start processing HTTP request POST https://sandbox.safaricom.co.ke/mpesa/c2b/v1/simulate] []
[2025-05-14 02:06:15.970 +03:00] [INF] [] [0HNCIEAJ0U3CT:00000009] [/api/v1/Daraja/simulate-c2b-payment] [Sending HTTP request POST https://sandbox.safaricom.co.ke/mpesa/c2b/v1/simulate] []
[2025-05-14 02:06:17.147 +03:00] [INF] [] [0HNCIEAJ0U3CT:00000009] [/api/v1/Daraja/simulate-c2b-payment] [Received HTTP response headers after 1175.033ms - 200] []
[2025-05-14 02:06:17.149 +03:00] [INF] [] [0HNCIEAJ0U3CT:00000009] [/api/v1/Daraja/simulate-c2b-payment] [End processing HTTP request after 1181.1432ms - 200] []
[2025-05-14 02:06:17.159 +03:00] [INF] [] [0HNCIEAJ0U3CT:00000009] [/api/v1/Daraja/simulate-c2b-payment] [Executing ObjectResult, writing value of type 'System.String'.] []
[2025-05-14 02:06:17.170 +03:00] [INF] [] [0HNCIEAJ0U3CT:00000009] [/api/v1/Daraja/simulate-c2b-payment] [Executed action DarajaAPI.Controllers.v1.DarajaController.SimulateC2BPayment (DarajaAPI) in 2239.6986ms] []
[2025-05-14 02:06:17.174 +03:00] [INF] [] [0HNCIEAJ0U3CT:00000009] [/api/v1/Daraja/simulate-c2b-payment] [Executed endpoint 'DarajaAPI.Controllers.v1.DarajaController.SimulateC2BPayment (DarajaAPI)'] []
[2025-05-14 02:06:17.179 +03:00] [INF] [] [0HNCIEAJ0U3CT:00000009] [/api/v1/Daraja/simulate-c2b-payment] [Request finished HTTP/2 POST https://localhost:5003/api/v1/Daraja/simulate-c2b-payment - 200 null text/plain; charset=utf-8 2360.0736ms] []
[2025-05-14 02:23:05.973 +03:00] [INF] [] [] [] [Starting role seeding] []
[2025-05-14 02:23:07.088 +03:00] [INF] [] [] [] [Executed DbCommand (37ms) [Parameters=[@__normalizedName_0='?' (Size = 256)], CommandType='"Text"', CommandTimeout='30']
SELECT `r`.`Id`, `r`.`ConcurrencyStamp`, `r`.`Name`, `r`.`NormalizedName`
FROM `Role` AS `r`
WHERE `r`.`NormalizedName` = @__normalizedName_0
LIMIT 1] []
[2025-05-14 02:23:07.198 +03:00] [INF] [] [] [] [Executed DbCommand (5ms) [Parameters=[@__normalizedName_0='?' (Size = 256)], CommandType='"Text"', CommandTimeout='30']
SELECT `r`.`Id`, `r`.`ConcurrencyStamp`, `r`.`Name`, `r`.`NormalizedName`
FROM `Role` AS `r`
WHERE `r`.`NormalizedName` = @__normalizedName_0
LIMIT 1] []
[2025-05-14 02:23:07.205 +03:00] [INF] [] [] [] [Executed DbCommand (1ms) [Parameters=[@__normalizedName_0='?' (Size = 256)], CommandType='"Text"', CommandTimeout='30']
SELECT `r`.`Id`, `r`.`ConcurrencyStamp`, `r`.`Name`, `r`.`NormalizedName`
FROM `Role` AS `r`
WHERE `r`.`NormalizedName` = @__normalizedName_0
LIMIT 1] []
[2025-05-14 02:23:07.211 +03:00] [INF] [] [] [] [Executed DbCommand (1ms) [Parameters=[@__normalizedName_0='?' (Size = 256)], CommandType='"Text"', CommandTimeout='30']
SELECT `r`.`Id`, `r`.`ConcurrencyStamp`, `r`.`Name`, `r`.`NormalizedName`
FROM `Role` AS `r`
WHERE `r`.`NormalizedName` = @__normalizedName_0
LIMIT 1] []
[2025-05-14 02:23:07.214 +03:00] [INF] [] [] [] [Role seeding completed] []
[2025-05-14 02:23:07.214 +03:00] [INF] [] [] [] [Starting super admin seeding] []
[2025-05-14 02:23:07.237 +03:00] [INF] [] [] [] [Executed DbCommand (2ms) [Parameters=[@__defaultUser_Email_0='?' (Size = 256)], CommandType='"Text"', CommandTimeout='30']
SELECT NOT EXISTS (
    SELECT 1
    FROM `User` AS `u`
    WHERE (`u`.`Email` = @__defaultUser_Email_0) AND `u`.`Email` IS NOT NULL)] []
[2025-05-14 02:23:07.244 +03:00] [INF] [] [] [] [Super admin seeding completed] []
[2025-05-14 02:23:07.336 +03:00] [WRN] [] [] [] [The WebRootPath was not found: C:\Users\ianga\source\repos\DarajaIntegration\DarajaAPI\wwwroot. Static files may be unavailable.] []
[2025-05-14 02:23:07.396 +03:00] [INF] [] [] [] [Now listening on: https://localhost:5003] []
[2025-05-14 02:23:07.461 +03:00] [INF] [] [] [] [Application started. Press Ctrl+C to shut down.] []
[2025-05-14 02:23:07.470 +03:00] [INF] [] [] [] [Hosting environment: Development] []
[2025-05-14 02:23:07.471 +03:00] [INF] [] [] [] [Content root path: C:\Users\ianga\source\repos\DarajaIntegration\DarajaAPI] []
[2025-05-14 02:23:08.264 +03:00] [INF] [] [0HNCIEKF7LQ4S:00000001] [/swagger/index.html] [Request starting HTTP/2 GET https://localhost:5003/swagger/index.html - null null] []
[2025-05-14 02:23:08.773 +03:00] [INF] [] [0HNCIEKF7LQ4S:00000001] [/swagger/index.html] [Request finished HTTP/2 GET https://localhost:5003/swagger/index.html - 200 null text/html;charset=utf-8 520.898ms] []
[2025-05-14 02:23:08.849 +03:00] [INF] [] [0HNCIEKF7LQ4S:00000003] [/_framework/aspnetcore-browser-refresh.js] [Request starting HTTP/2 GET https://localhost:5003/_framework/aspnetcore-browser-refresh.js - null null] []
[2025-05-14 02:23:08.852 +03:00] [INF] [] [0HNCIEKF7LQ4S:00000005] [/_vs/browserLink] [Request starting HTTP/2 GET https://localhost:5003/_vs/browserLink - null null] []
[2025-05-14 02:23:08.905 +03:00] [INF] [] [0HNCIEKF7LQ4S:00000003] [/_framework/aspnetcore-browser-refresh.js] [Request finished HTTP/2 GET https://localhost:5003/_framework/aspnetcore-browser-refresh.js - 200 16503 application/javascript; charset=utf-8 56.5765ms] []
[2025-05-14 02:23:09.109 +03:00] [INF] [] [0HNCIEKF7LQ4S:00000005] [/_vs/browserLink] [Request finished HTTP/2 GET https://localhost:5003/_vs/browserLink - 200 null text/javascript; charset=UTF-8 261.166ms] []
[2025-05-14 02:23:09.264 +03:00] [INF] [] [0HNCIEKF7LQ4S:00000007] [/swagger/v1/swagger.json] [Request starting HTTP/2 GET https://localhost:5003/swagger/v1/swagger.json - null null] []
[2025-05-14 02:23:09.324 +03:00] [INF] [] [0HNCIEKF7LQ4S:00000007] [/swagger/v1/swagger.json] [Request finished HTTP/2 GET https://localhost:5003/swagger/v1/swagger.json - 200 null application/json;charset=utf-8 76.3805ms] []
[2025-05-14 02:24:48.846 +03:00] [INF] [] [] [] [Executed DbCommand (7ms) [Parameters=[], CommandType='"Text"', CommandTimeout='30']
SELECT 1 FROM INFORMATION_SCHEMA.TABLES WHERE TABLE_SCHEMA='DarajaDB' AND TABLE_NAME='__EFMigrationsHistory';] []
[2025-05-14 02:24:48.948 +03:00] [INF] [] [] [] [Executed DbCommand (2ms) [Parameters=[], CommandType='"Text"', CommandTimeout='30']
SELECT 1 FROM INFORMATION_SCHEMA.TABLES WHERE TABLE_SCHEMA='DarajaDB' AND TABLE_NAME='__EFMigrationsHistory';] []
[2025-05-14 02:24:48.965 +03:00] [INF] [] [] [] [Executed DbCommand (2ms) [Parameters=[], CommandType='"Text"', CommandTimeout='30']
SELECT `MigrationId`, `ProductVersion`
FROM `__EFMigrationsHistory`
ORDER BY `MigrationId`;] []
[2025-05-14 02:24:48.978 +03:00] [INF] [] [] [] [Applying migration '20250513232436_FixMpesaC2BModel'.] []
[2025-05-14 02:24:49.041 +03:00] [INF] [] [] [] [Executed DbCommand (2ms) [Parameters=[], CommandType='"Text"', CommandTimeout='30']
UPDATE `MpesaC2Bs` SET `TransactionType` = ''
WHERE `TransactionType` IS NULL;
SELECT ROW_COUNT();] []
[2025-05-14 02:24:49.108 +03:00] [INF] [] [] [] [Executed DbCommand (67ms) [Parameters=[], CommandType='"Text"', CommandTimeout='30']
ALTER TABLE `MpesaC2Bs` MODIFY COLUMN `TransactionType` longtext CHARACTER SET utf8mb4 NOT NULL;] []
[2025-05-14 02:24:49.110 +03:00] [INF] [] [] [] [Executed DbCommand (1ms) [Parameters=[], CommandType='"Text"', CommandTimeout='30']
UPDATE `MpesaC2Bs` SET `ThirdPartyTransID` = ''
WHERE `ThirdPartyTransID` IS NULL;
SELECT ROW_COUNT();] []
[2025-05-14 02:24:49.172 +03:00] [INF] [] [] [] [Executed DbCommand (62ms) [Parameters=[], CommandType='"Text"', CommandTimeout='30']
ALTER TABLE `MpesaC2Bs` MODIFY COLUMN `ThirdPartyTransID` longtext CHARACTER SET utf8mb4 NOT NULL;] []
[2025-05-14 02:24:49.174 +03:00] [INF] [] [] [] [Executed DbCommand (2ms) [Parameters=[], CommandType='"Text"', CommandTimeout='30']
UPDATE `MpesaC2Bs` SET `OrgAccountBalance` = ''
WHERE `OrgAccountBalance` IS NULL;
SELECT ROW_COUNT();] []
[2025-05-14 02:24:49.253 +03:00] [INF] [] [] [] [Executed DbCommand (78ms) [Parameters=[], CommandType='"Text"', CommandTimeout='30']
ALTER TABLE `MpesaC2Bs` MODIFY COLUMN `OrgAccountBalance` longtext CHARACTER SET utf8mb4 NOT NULL;] []
[2025-05-14 02:24:49.255 +03:00] [INF] [] [] [] [Executed DbCommand (2ms) [Parameters=[], CommandType='"Text"', CommandTimeout='30']
UPDATE `MpesaC2Bs` SET `MiddleName` = ''
WHERE `MiddleName` IS NULL;
SELECT ROW_COUNT();] []
[2025-05-14 02:24:49.316 +03:00] [INF] [] [] [] [Executed DbCommand (61ms) [Parameters=[], CommandType='"Text"', CommandTimeout='30']
ALTER TABLE `MpesaC2Bs` MODIFY COLUMN `MiddleName` longtext CHARACTER SET utf8mb4 NOT NULL;] []
[2025-05-14 02:24:49.325 +03:00] [INF] [] [] [] [Executed DbCommand (2ms) [Parameters=[], CommandType='"Text"', CommandTimeout='30']
UPDATE `MpesaC2Bs` SET `MSISDN` = ''
WHERE `MSISDN` IS NULL;
SELECT ROW_COUNT();] []
[2025-05-14 02:24:49.391 +03:00] [INF] [] [] [] [Executed DbCommand (66ms) [Parameters=[], CommandType='"Text"', CommandTimeout='30']
ALTER TABLE `MpesaC2Bs` MODIFY COLUMN `MSISDN` longtext CHARACTER SET utf8mb4 NOT NULL;] []
[2025-05-14 02:24:49.393 +03:00] [INF] [] [] [] [Executed DbCommand (2ms) [Parameters=[], CommandType='"Text"', CommandTimeout='30']
UPDATE `MpesaC2Bs` SET `LastName` = ''
WHERE `LastName` IS NULL;
SELECT ROW_COUNT();] []
[2025-05-14 02:24:49.448 +03:00] [INF] [] [] [] [Executed DbCommand (54ms) [Parameters=[], CommandType='"Text"', CommandTimeout='30']
ALTER TABLE `MpesaC2Bs` MODIFY COLUMN `LastName` longtext CHARACTER SET utf8mb4 NOT NULL;] []
[2025-05-14 02:24:49.450 +03:00] [INF] [] [] [] [Executed DbCommand (1ms) [Parameters=[], CommandType='"Text"', CommandTimeout='30']
UPDATE `MpesaC2Bs` SET `InvoiceNumber` = ''
WHERE `InvoiceNumber` IS NULL;
SELECT ROW_COUNT();] []
[2025-05-14 02:24:49.504 +03:00] [INF] [] [] [] [Executed DbCommand (55ms) [Parameters=[], CommandType='"Text"', CommandTimeout='30']
ALTER TABLE `MpesaC2Bs` MODIFY COLUMN `InvoiceNumber` longtext CHARACTER SET utf8mb4 NOT NULL;] []
[2025-05-14 02:24:49.506 +03:00] [INF] [] [] [] [Executed DbCommand (2ms) [Parameters=[], CommandType='"Text"', CommandTimeout='30']
UPDATE `MpesaC2Bs` SET `FirstName` = ''
WHERE `FirstName` IS NULL;
SELECT ROW_COUNT();] []
[2025-05-14 02:24:49.563 +03:00] [INF] [] [] [] [Executed DbCommand (56ms) [Parameters=[], CommandType='"Text"', CommandTimeout='30']
ALTER TABLE `MpesaC2Bs` MODIFY COLUMN `FirstName` longtext CHARACTER SET utf8mb4 NOT NULL;] []
[2025-05-14 02:24:49.565 +03:00] [INF] [] [] [] [Executed DbCommand (2ms) [Parameters=[], CommandType='"Text"', CommandTimeout='30']
UPDATE `MpesaC2Bs` SET `BillRefNumber` = ''
WHERE `BillRefNumber` IS NULL;
SELECT ROW_COUNT();] []
[2025-05-14 02:24:49.625 +03:00] [INF] [] [] [] [Executed DbCommand (60ms) [Parameters=[], CommandType='"Text"', CommandTimeout='30']
ALTER TABLE `MpesaC2Bs` MODIFY COLUMN `BillRefNumber` longtext CHARACTER SET utf8mb4 NOT NULL;] []
[2025-05-14 02:24:49.631 +03:00] [INF] [] [] [] [Executed DbCommand (5ms) [Parameters=[], CommandType='"Text"', CommandTimeout='30']
INSERT INTO `__EFMigrationsHistory` (`MigrationId`, `ProductVersion`)
VALUES ('20250513232436_FixMpesaC2BModel', '8.0.2');] []
[2025-05-14 02:25:54.944 +03:00] [INF] [] [] [] [Starting role seeding] []
[2025-05-14 02:25:56.216 +03:00] [INF] [] [] [] [Executed DbCommand (42ms) [Parameters=[@__normalizedName_0='?' (Size = 256)], CommandType='"Text"', CommandTimeout='30']
SELECT `r`.`Id`, `r`.`ConcurrencyStamp`, `r`.`Name`, `r`.`NormalizedName`
FROM `Role` AS `r`
WHERE `r`.`NormalizedName` = @__normalizedName_0
LIMIT 1] []
[2025-05-14 02:25:56.323 +03:00] [INF] [] [] [] [Executed DbCommand (6ms) [Parameters=[@__normalizedName_0='?' (Size = 256)], CommandType='"Text"', CommandTimeout='30']
SELECT `r`.`Id`, `r`.`ConcurrencyStamp`, `r`.`Name`, `r`.`NormalizedName`
FROM `Role` AS `r`
WHERE `r`.`NormalizedName` = @__normalizedName_0
LIMIT 1] []
[2025-05-14 02:25:56.334 +03:00] [INF] [] [] [] [Executed DbCommand (5ms) [Parameters=[@__normalizedName_0='?' (Size = 256)], CommandType='"Text"', CommandTimeout='30']
SELECT `r`.`Id`, `r`.`ConcurrencyStamp`, `r`.`Name`, `r`.`NormalizedName`
FROM `Role` AS `r`
WHERE `r`.`NormalizedName` = @__normalizedName_0
LIMIT 1] []
[2025-05-14 02:25:56.340 +03:00] [INF] [] [] [] [Executed DbCommand (1ms) [Parameters=[@__normalizedName_0='?' (Size = 256)], CommandType='"Text"', CommandTimeout='30']
SELECT `r`.`Id`, `r`.`ConcurrencyStamp`, `r`.`Name`, `r`.`NormalizedName`
FROM `Role` AS `r`
WHERE `r`.`NormalizedName` = @__normalizedName_0
LIMIT 1] []
[2025-05-14 02:25:56.343 +03:00] [INF] [] [] [] [Role seeding completed] []
[2025-05-14 02:25:56.344 +03:00] [INF] [] [] [] [Starting super admin seeding] []
[2025-05-14 02:25:56.369 +03:00] [INF] [] [] [] [Executed DbCommand (2ms) [Parameters=[@__defaultUser_Email_0='?' (Size = 256)], CommandType='"Text"', CommandTimeout='30']
SELECT NOT EXISTS (
    SELECT 1
    FROM `User` AS `u`
    WHERE (`u`.`Email` = @__defaultUser_Email_0) AND `u`.`Email` IS NOT NULL)] []
[2025-05-14 02:25:56.375 +03:00] [INF] [] [] [] [Super admin seeding completed] []
[2025-05-14 02:25:56.462 +03:00] [WRN] [] [] [] [The WebRootPath was not found: C:\Users\ianga\source\repos\DarajaIntegration\DarajaAPI\wwwroot. Static files may be unavailable.] []
[2025-05-14 02:25:56.525 +03:00] [INF] [] [] [] [Now listening on: https://localhost:5003] []
[2025-05-14 02:25:56.604 +03:00] [INF] [] [] [] [Application started. Press Ctrl+C to shut down.] []
[2025-05-14 02:25:56.614 +03:00] [INF] [] [] [] [Hosting environment: Development] []
[2025-05-14 02:25:56.616 +03:00] [INF] [] [] [] [Content root path: C:\Users\ianga\source\repos\DarajaIntegration\DarajaAPI] []
[2025-05-14 02:25:57.406 +03:00] [INF] [] [0HNCIEM1IKDK3:00000001] [/swagger/index.html] [Request starting HTTP/2 GET https://localhost:5003/swagger/index.html - null null] []
[2025-05-14 02:25:57.813 +03:00] [INF] [] [0HNCIEM1IKDK3:00000001] [/swagger/index.html] [Request finished HTTP/2 GET https://localhost:5003/swagger/index.html - 200 null text/html;charset=utf-8 415.4955ms] []
[2025-05-14 02:25:57.852 +03:00] [INF] [] [0HNCIEM1IKDK3:00000003] [/_framework/aspnetcore-browser-refresh.js] [Request starting HTTP/2 GET https://localhost:5003/_framework/aspnetcore-browser-refresh.js - null null] []
[2025-05-14 02:25:57.855 +03:00] [INF] [] [0HNCIEM1IKDK3:00000005] [/_vs/browserLink] [Request starting HTTP/2 GET https://localhost:5003/_vs/browserLink - null null] []
[2025-05-14 02:25:57.881 +03:00] [INF] [] [0HNCIEM1IKDK3:00000003] [/_framework/aspnetcore-browser-refresh.js] [Request finished HTTP/2 GET https://localhost:5003/_framework/aspnetcore-browser-refresh.js - 200 16503 application/javascript; charset=utf-8 28.4989ms] []
[2025-05-14 02:25:57.990 +03:00] [INF] [] [0HNCIEM1IKDK3:00000005] [/_vs/browserLink] [Request finished HTTP/2 GET https://localhost:5003/_vs/browserLink - 200 null text/javascript; charset=UTF-8 135.4938ms] []
[2025-05-14 02:25:58.121 +03:00] [INF] [] [0HNCIEM1IKDK3:00000007] [/swagger/v1/swagger.json] [Request starting HTTP/2 GET https://localhost:5003/swagger/v1/swagger.json - null null] []
[2025-05-14 02:25:58.335 +03:00] [INF] [] [0HNCIEM1IKDK3:00000007] [/swagger/v1/swagger.json] [Request finished HTTP/2 GET https://localhost:5003/swagger/v1/swagger.json - 200 null application/json;charset=utf-8 213.1213ms] []
[2025-05-14 02:28:04.027 +03:00] [INF] [] [0HNCIEM1IKDK3:00000009] [/api/v1/Daraja/simulate-c2b-payment] [Request starting HTTP/2 POST https://localhost:5003/api/v1/Daraja/simulate-c2b-payment - application/json 77] []
[2025-05-14 02:28:04.087 +03:00] [INF] [] [0HNCIEM1IKDK3:00000009] [/api/v1/Daraja/simulate-c2b-payment] [CORS policy execution successful.] []
[2025-05-14 02:28:04.100 +03:00] [INF] [] [0HNCIEM1IKDK3:00000009] [/api/v1/Daraja/simulate-c2b-payment] [Executing endpoint 'DarajaAPI.Controllers.v1.DarajaController.SimulateC2BPayment (DarajaAPI)'] []
[2025-05-14 02:28:04.119 +03:00] [INF] [] [0HNCIEM1IKDK3:00000009] [/api/v1/Daraja/simulate-c2b-payment] [Route matched with {action = "SimulateC2BPayment", controller = "Daraja"}. Executing controller action with signature System.Threading.Tasks.Task`1[Microsoft.AspNetCore.Mvc.IActionResult] SimulateC2BPayment(C2BRequest) on controller DarajaAPI.Controllers.v1.DarajaController (DarajaAPI).] []
[2025-05-14 02:28:04.177 +03:00] [INF] [] [0HNCIEM1IKDK3:00000009] [/api/v1/Daraja/simulate-c2b-payment] [Start processing HTTP request GET https://sandbox.safaricom.co.ke/oauth/v1/generate?grant_type=client_credentials] []
[2025-05-14 02:28:04.182 +03:00] [INF] [] [0HNCIEM1IKDK3:00000009] [/api/v1/Daraja/simulate-c2b-payment] [Sending HTTP request GET https://sandbox.safaricom.co.ke/oauth/v1/generate?grant_type=client_credentials] []
[2025-05-14 02:28:05.062 +03:00] [INF] [] [0HNCIEM1IKDK3:00000009] [/api/v1/Daraja/simulate-c2b-payment] [Received HTTP response headers after 875.666ms - 200] []
[2025-05-14 02:28:05.066 +03:00] [INF] [] [0HNCIEM1IKDK3:00000009] [/api/v1/Daraja/simulate-c2b-payment] [End processing HTTP request after 891.4484ms - 200] []
[2025-05-14 02:28:05.176 +03:00] [INF] [] [0HNCIEM1IKDK3:00000009] [/api/v1/Daraja/simulate-c2b-payment] [Start processing HTTP request POST https://sandbox.safaricom.co.ke/mpesa/c2b/v1/simulate] []
[2025-05-14 02:28:05.179 +03:00] [INF] [] [0HNCIEM1IKDK3:00000009] [/api/v1/Daraja/simulate-c2b-payment] [Sending HTTP request POST https://sandbox.safaricom.co.ke/mpesa/c2b/v1/simulate] []
[2025-05-14 02:28:06.232 +03:00] [INF] [] [0HNCIEM1IKDK3:00000009] [/api/v1/Daraja/simulate-c2b-payment] [Received HTTP response headers after 1049.4628ms - 500] []
[2025-05-14 02:28:06.235 +03:00] [INF] [] [0HNCIEM1IKDK3:00000009] [/api/v1/Daraja/simulate-c2b-payment] [End processing HTTP request after 1059.3564ms - 500] []
[2025-05-14 02:28:06.247 +03:00] [INF] [] [0HNCIEM1IKDK3:00000009] [/api/v1/Daraja/simulate-c2b-payment] [Executing ObjectResult, writing value of type 'System.String'.] []
[2025-05-14 02:28:06.259 +03:00] [INF] [] [0HNCIEM1IKDK3:00000009] [/api/v1/Daraja/simulate-c2b-payment] [Executed action DarajaAPI.Controllers.v1.DarajaController.SimulateC2BPayment (DarajaAPI) in 2131.8916ms] []
[2025-05-14 02:28:06.264 +03:00] [INF] [] [0HNCIEM1IKDK3:00000009] [/api/v1/Daraja/simulate-c2b-payment] [Executed endpoint 'DarajaAPI.Controllers.v1.DarajaController.SimulateC2BPayment (DarajaAPI)'] []
[2025-05-14 02:28:06.271 +03:00] [INF] [] [0HNCIEM1IKDK3:00000009] [/api/v1/Daraja/simulate-c2b-payment] [Request finished HTTP/2 POST https://localhost:5003/api/v1/Daraja/simulate-c2b-payment - 500 null text/plain; charset=utf-8 2244.7791ms] []
[2025-05-14 02:34:18.851 +03:00] [INF] [] [] [] [Starting role seeding] []
[2025-05-14 02:34:19.422 +03:00] [INF] [] [] [] [Role seeding completed] []
[2025-05-14 02:34:19.423 +03:00] [INF] [] [] [] [Starting super admin seeding] []
[2025-05-14 02:34:19.499 +03:00] [INF] [] [] [] [Super admin seeding completed] []
[2025-05-14 02:34:19.606 +03:00] [WRN] [] [] [] [The WebRootPath was not found: C:\Users\ianga\source\repos\DarajaIntegration\DarajaAPI\wwwroot. Static files may be unavailable.] []
[2025-05-14 02:34:19.729 +03:00] [INF] [] [] [] [Now listening on: https://localhost:5003] []
[2025-05-14 02:34:19.811 +03:00] [INF] [] [] [] [Application started. Press Ctrl+C to shut down.] []
[2025-05-14 02:34:19.814 +03:00] [INF] [] [] [] [Hosting environment: Development] []
[2025-05-14 02:34:19.815 +03:00] [INF] [] [] [] [Content root path: C:\Users\ianga\source\repos\DarajaIntegration\DarajaAPI] []
[2025-05-14 02:34:20.729 +03:00] [INF] [] [0HNCIEQNJJKT0:00000001] [/swagger/index.html] [Request starting HTTP/2 GET https://localhost:5003/swagger/index.html - null null] []
[2025-05-14 02:34:21.210 +03:00] [INF] [] [0HNCIEQNJJKT0:00000001] [/swagger/index.html] [Request finished HTTP/2 GET https://localhost:5003/swagger/index.html - 200 null text/html;charset=utf-8 510.171ms] []
[2025-05-14 02:34:21.264 +03:00] [INF] [] [0HNCIEQNJJKT0:00000003] [/_framework/aspnetcore-browser-refresh.js] [Request starting HTTP/2 GET https://localhost:5003/_framework/aspnetcore-browser-refresh.js - null null] []
[2025-05-14 02:34:21.264 +03:00] [INF] [] [0HNCIEQNJJKT0:00000005] [/_vs/browserLink] [Request starting HTTP/2 GET https://localhost:5003/_vs/browserLink - null null] []
[2025-05-14 02:34:21.410 +03:00] [INF] [] [0HNCIEQNJJKT0:00000003] [/_framework/aspnetcore-browser-refresh.js] [Request finished HTTP/2 GET https://localhost:5003/_framework/aspnetcore-browser-refresh.js - 200 16503 application/javascript; charset=utf-8 146.4014ms] []
[2025-05-14 02:34:21.651 +03:00] [INF] [] [0HNCIEQNJJKT0:00000005] [/_vs/browserLink] [Request finished HTTP/2 GET https://localhost:5003/_vs/browserLink - 200 null text/javascript; charset=UTF-8 386.9114ms] []
[2025-05-14 02:34:21.723 +03:00] [INF] [] [0HNCIEQNJJKT0:00000007] [/swagger/v1/swagger.json] [Request starting HTTP/2 GET https://localhost:5003/swagger/v1/swagger.json - null null] []
[2025-05-14 02:34:21.772 +03:00] [INF] [] [0HNCIEQNJJKT0:00000007] [/swagger/v1/swagger.json] [Request finished HTTP/2 GET https://localhost:5003/swagger/v1/swagger.json - 200 null application/json;charset=utf-8 49.1686ms] []
[2025-05-14 02:35:13.480 +03:00] [INF] [] [0HNCIEQNJJKT0:00000009] [/api/v1/Daraja/simulate-c2b-payment] [Request starting HTTP/2 POST https://localhost:5003/api/v1/Daraja/simulate-c2b-payment - application/json 74] []
[2025-05-14 02:35:13.537 +03:00] [INF] [] [0HNCIEQNJJKT0:00000009] [/api/v1/Daraja/simulate-c2b-payment] [CORS policy execution successful.] []
[2025-05-14 02:35:13.551 +03:00] [INF] [] [0HNCIEQNJJKT0:00000009] [/api/v1/Daraja/simulate-c2b-payment] [Executing endpoint 'DarajaAPI.Controllers.v1.DarajaController.SimulateC2BPayment (DarajaAPI)'] []
[2025-05-14 02:35:13.579 +03:00] [INF] [] [0HNCIEQNJJKT0:00000009] [/api/v1/Daraja/simulate-c2b-payment] [Route matched with {action = "SimulateC2BPayment", controller = "Daraja"}. Executing controller action with signature System.Threading.Tasks.Task`1[Microsoft.AspNetCore.Mvc.IActionResult] SimulateC2BPayment(C2BRequest) on controller DarajaAPI.Controllers.v1.DarajaController (DarajaAPI).] []
[2025-05-14 02:35:13.625 +03:00] [INF] [] [0HNCIEQNJJKT0:00000009] [/api/v1/Daraja/simulate-c2b-payment] [Executing BadRequestObjectResult, writing value of type 'Microsoft.AspNetCore.Mvc.ValidationProblemDetails'.] []
[2025-05-14 02:35:13.644 +03:00] [INF] [] [0HNCIEQNJJKT0:00000009] [/api/v1/Daraja/simulate-c2b-payment] [Executed action DarajaAPI.Controllers.v1.DarajaController.SimulateC2BPayment (DarajaAPI) in 58.9426ms] []
[2025-05-14 02:35:13.647 +03:00] [INF] [] [0HNCIEQNJJKT0:00000009] [/api/v1/Daraja/simulate-c2b-payment] [Executed endpoint 'DarajaAPI.Controllers.v1.DarajaController.SimulateC2BPayment (DarajaAPI)'] []
[2025-05-14 02:35:13.650 +03:00] [INF] [] [0HNCIEQNJJKT0:00000009] [/api/v1/Daraja/simulate-c2b-payment] [Request finished HTTP/2 POST https://localhost:5003/api/v1/Daraja/simulate-c2b-payment - 400 null application/problem+json; charset=utf-8 169.9524ms] []
[2025-05-14 02:36:06.245 +03:00] [INF] [] [0HNCIEQNJJKT0:0000000B] [/api/v1/Daraja/simulate-c2b-payment] [Request starting HTTP/2 POST https://localhost:5003/api/v1/Daraja/simulate-c2b-payment - application/json 79] []
[2025-05-14 02:36:06.277 +03:00] [INF] [] [0HNCIEQNJJKT0:0000000B] [/api/v1/Daraja/simulate-c2b-payment] [CORS policy execution successful.] []
[2025-05-14 02:36:06.280 +03:00] [INF] [] [0HNCIEQNJJKT0:0000000B] [/api/v1/Daraja/simulate-c2b-payment] [Executing endpoint 'DarajaAPI.Controllers.v1.DarajaController.SimulateC2BPayment (DarajaAPI)'] []
[2025-05-14 02:36:06.283 +03:00] [INF] [] [0HNCIEQNJJKT0:0000000B] [/api/v1/Daraja/simulate-c2b-payment] [Route matched with {action = "SimulateC2BPayment", controller = "Daraja"}. Executing controller action with signature System.Threading.Tasks.Task`1[Microsoft.AspNetCore.Mvc.IActionResult] SimulateC2BPayment(C2BRequest) on controller DarajaAPI.Controllers.v1.DarajaController (DarajaAPI).] []
[2025-05-14 02:36:06.297 +03:00] [INF] [] [0HNCIEQNJJKT0:0000000B] [/api/v1/Daraja/simulate-c2b-payment] [Start processing HTTP request GET https://sandbox.safaricom.co.ke/oauth/v1/generate?grant_type=client_credentials] []
[2025-05-14 02:36:06.300 +03:00] [INF] [] [0HNCIEQNJJKT0:0000000B] [/api/v1/Daraja/simulate-c2b-payment] [Sending HTTP request GET https://sandbox.safaricom.co.ke/oauth/v1/generate?grant_type=client_credentials] []
[2025-05-14 02:36:07.109 +03:00] [INF] [] [0HNCIEQNJJKT0:0000000B] [/api/v1/Daraja/simulate-c2b-payment] [Received HTTP response headers after 805.2233ms - 200] []
[2025-05-14 02:36:07.113 +03:00] [INF] [] [0HNCIEQNJJKT0:0000000B] [/api/v1/Daraja/simulate-c2b-payment] [End processing HTTP request after 816.5637ms - 200] []
[2025-05-14 02:36:07.223 +03:00] [INF] [] [0HNCIEQNJJKT0:0000000B] [/api/v1/Daraja/simulate-c2b-payment] [Start processing HTTP request POST https://sandbox.safaricom.co.ke/mpesa/c2b/v1/simulate] []
[2025-05-14 02:36:07.226 +03:00] [INF] [] [0HNCIEQNJJKT0:0000000B] [/api/v1/Daraja/simulate-c2b-payment] [Sending HTTP request POST https://sandbox.safaricom.co.ke/mpesa/c2b/v1/simulate] []
[2025-05-14 02:36:08.694 +03:00] [INF] [] [0HNCIEQNJJKT0:0000000B] [/api/v1/Daraja/simulate-c2b-payment] [Received HTTP response headers after 1466.53ms - 200] []
[2025-05-14 02:36:08.696 +03:00] [INF] [] [0HNCIEQNJJKT0:0000000B] [/api/v1/Daraja/simulate-c2b-payment] [End processing HTTP request after 1473.8347ms - 200] []
[2025-05-14 02:36:08.700 +03:00] [INF] [] [0HNCIEQNJJKT0:0000000B] [/api/v1/Daraja/simulate-c2b-payment] [Executing ObjectResult, writing value of type 'System.String'.] []
[2025-05-14 02:36:08.706 +03:00] [INF] [] [0HNCIEQNJJKT0:0000000B] [/api/v1/Daraja/simulate-c2b-payment] [Executed action DarajaAPI.Controllers.v1.DarajaController.SimulateC2BPayment (DarajaAPI) in 2420.9235ms] []
[2025-05-14 02:36:08.709 +03:00] [INF] [] [0HNCIEQNJJKT0:0000000B] [/api/v1/Daraja/simulate-c2b-payment] [Executed endpoint 'DarajaAPI.Controllers.v1.DarajaController.SimulateC2BPayment (DarajaAPI)'] []
[2025-05-14 02:36:08.711 +03:00] [INF] [] [0HNCIEQNJJKT0:0000000B] [/api/v1/Daraja/simulate-c2b-payment] [Request finished HTTP/2 POST https://localhost:5003/api/v1/Daraja/simulate-c2b-payment - 200 null text/plain; charset=utf-8 2467.7185ms] []
[2025-05-14 02:37:15.159 +03:00] [INF] [] [0HNCIEQNJJKT0:0000000D] [/api/v1/Daraja/simulate-c2b-payment] [Request starting HTTP/2 POST https://localhost:5003/api/v1/Daraja/simulate-c2b-payment - application/json 79] []
[2025-05-14 02:37:15.172 +03:00] [INF] [] [0HNCIEQNJJKT0:0000000D] [/api/v1/Daraja/simulate-c2b-payment] [CORS policy execution successful.] []
[2025-05-14 02:37:15.176 +03:00] [INF] [] [0HNCIEQNJJKT0:0000000D] [/api/v1/Daraja/simulate-c2b-payment] [Executing endpoint 'DarajaAPI.Controllers.v1.DarajaController.SimulateC2BPayment (DarajaAPI)'] []
[2025-05-14 02:37:15.178 +03:00] [INF] [] [0HNCIEQNJJKT0:0000000D] [/api/v1/Daraja/simulate-c2b-payment] [Route matched with {action = "SimulateC2BPayment", controller = "Daraja"}. Executing controller action with signature System.Threading.Tasks.Task`1[Microsoft.AspNetCore.Mvc.IActionResult] SimulateC2BPayment(C2BRequest) on controller DarajaAPI.Controllers.v1.DarajaController (DarajaAPI).] []
[2025-05-14 02:37:15.182 +03:00] [INF] [] [0HNCIEQNJJKT0:0000000D] [/api/v1/Daraja/simulate-c2b-payment] [Start processing HTTP request GET https://sandbox.safaricom.co.ke/oauth/v1/generate?grant_type=client_credentials] []
[2025-05-14 02:37:15.183 +03:00] [INF] [] [0HNCIEQNJJKT0:0000000D] [/api/v1/Daraja/simulate-c2b-payment] [Sending HTTP request GET https://sandbox.safaricom.co.ke/oauth/v1/generate?grant_type=client_credentials] []
[2025-05-14 02:37:15.601 +03:00] [INF] [] [0HNCIEQNJJKT0:0000000D] [/api/v1/Daraja/simulate-c2b-payment] [Received HTTP response headers after 415.5845ms - 200] []
[2025-05-14 02:37:15.605 +03:00] [INF] [] [0HNCIEQNJJKT0:0000000D] [/api/v1/Daraja/simulate-c2b-payment] [End processing HTTP request after 422.8892ms - 200] []
[2025-05-14 02:37:15.606 +03:00] [INF] [] [0HNCIEQNJJKT0:0000000D] [/api/v1/Daraja/simulate-c2b-payment] [Start processing HTTP request POST https://sandbox.safaricom.co.ke/mpesa/c2b/v1/simulate] []
[2025-05-14 02:37:15.608 +03:00] [INF] [] [0HNCIEQNJJKT0:0000000D] [/api/v1/Daraja/simulate-c2b-payment] [Sending HTTP request POST https://sandbox.safaricom.co.ke/mpesa/c2b/v1/simulate] []
[2025-05-14 02:37:17.527 +03:00] [INF] [] [0HNCIEQNJJKT0:0000000D] [/api/v1/Daraja/simulate-c2b-payment] [Received HTTP response headers after 1917.4705ms - 200] []
[2025-05-14 02:37:17.530 +03:00] [INF] [] [0HNCIEQNJJKT0:0000000D] [/api/v1/Daraja/simulate-c2b-payment] [End processing HTTP request after 1923.8675ms - 200] []
[2025-05-14 02:37:17.532 +03:00] [INF] [] [0HNCIEQNJJKT0:0000000D] [/api/v1/Daraja/simulate-c2b-payment] [Executing ObjectResult, writing value of type 'System.String'.] []
[2025-05-14 02:37:17.533 +03:00] [INF] [] [0HNCIEQNJJKT0:0000000D] [/api/v1/Daraja/simulate-c2b-payment] [Executed action DarajaAPI.Controllers.v1.DarajaController.SimulateC2BPayment (DarajaAPI) in 2352.7999ms] []
[2025-05-14 02:37:17.541 +03:00] [INF] [] [0HNCIEQNJJKT0:0000000D] [/api/v1/Daraja/simulate-c2b-payment] [Executed endpoint 'DarajaAPI.Controllers.v1.DarajaController.SimulateC2BPayment (DarajaAPI)'] []
[2025-05-14 02:37:17.542 +03:00] [INF] [] [0HNCIEQNJJKT0:0000000D] [/api/v1/Daraja/simulate-c2b-payment] [Request finished HTTP/2 POST https://localhost:5003/api/v1/Daraja/simulate-c2b-payment - 200 null text/plain; charset=utf-8 2382.6694ms] []
[2025-05-14 02:41:09.794 +03:00] [INF] [] [0HNCIEQNJJKT0:0000000F] [/api/v1/Daraja/registerUrls] [Request starting HTTP/2 POST https://localhost:5003/api/v1/Daraja/registerUrls - null 0] []
[2025-05-14 02:41:09.808 +03:00] [INF] [] [0HNCIEQNJJKT0:0000000F] [/api/v1/Daraja/registerUrls] [CORS policy execution successful.] []
[2025-05-14 02:41:09.810 +03:00] [INF] [] [0HNCIEQNJJKT0:0000000F] [/api/v1/Daraja/registerUrls] [Executing endpoint 'DarajaAPI.Controllers.v1.DarajaController.RegisterMpesaUrlsAsync (DarajaAPI)'] []
[2025-05-14 02:41:09.814 +03:00] [INF] [] [0HNCIEQNJJKT0:0000000F] [/api/v1/Daraja/registerUrls] [Route matched with {action = "RegisterMpesaUrls", controller = "Daraja"}. Executing controller action with signature System.Threading.Tasks.Task`1[Microsoft.AspNetCore.Mvc.IActionResult] RegisterMpesaUrlsAsync() on controller DarajaAPI.Controllers.v1.DarajaController (DarajaAPI).] []
[2025-05-14 02:41:09.821 +03:00] [INF] [] [0HNCIEQNJJKT0:0000000F] [/api/v1/Daraja/registerUrls] [Start processing HTTP request GET https://sandbox.safaricom.co.ke/oauth/v1/generate?grant_type=client_credentials] []
[2025-05-14 02:41:09.825 +03:00] [INF] [] [0HNCIEQNJJKT0:0000000F] [/api/v1/Daraja/registerUrls] [Sending HTTP request GET https://sandbox.safaricom.co.ke/oauth/v1/generate?grant_type=client_credentials] []
[2025-05-14 02:41:10.571 +03:00] [INF] [] [0HNCIEQNJJKT0:0000000F] [/api/v1/Daraja/registerUrls] [Received HTTP response headers after 744.6841ms - 200] []
[2025-05-14 02:41:10.575 +03:00] [INF] [] [0HNCIEQNJJKT0:0000000F] [/api/v1/Daraja/registerUrls] [End processing HTTP request after 753.8831ms - 200] []
[2025-05-14 02:41:10.578 +03:00] [INF] [] [0HNCIEQNJJKT0:0000000F] [/api/v1/Daraja/registerUrls] [Start processing HTTP request POST https://sandbox.safaricom.co.ke/mpesa/c2b/v1/registerurl] []
[2025-05-14 02:41:10.579 +03:00] [INF] [] [0HNCIEQNJJKT0:0000000F] [/api/v1/Daraja/registerUrls] [Sending HTTP request POST https://sandbox.safaricom.co.ke/mpesa/c2b/v1/registerurl] []
[2025-05-14 02:41:11.895 +03:00] [INF] [] [0HNCIEQNJJKT0:0000000F] [/api/v1/Daraja/registerUrls] [Received HTTP response headers after 1314.4655ms - 500] []
[2025-05-14 02:41:11.906 +03:00] [INF] [] [0HNCIEQNJJKT0:0000000F] [/api/v1/Daraja/registerUrls] [End processing HTTP request after 1328.0198ms - 500] []
[2025-05-14 02:41:11.919 +03:00] [INF] [] [0HNCIEQNJJKT0:0000000F] [/api/v1/Daraja/registerUrls] [Executing ObjectResult, writing value of type 'System.String'.] []
[2025-05-14 02:41:11.934 +03:00] [INF] [] [0HNCIEQNJJKT0:0000000F] [/api/v1/Daraja/registerUrls] [Executed action DarajaAPI.Controllers.v1.DarajaController.RegisterMpesaUrlsAsync (DarajaAPI) in 2116.0946ms] []
[2025-05-14 02:41:11.949 +03:00] [INF] [] [0HNCIEQNJJKT0:0000000F] [/api/v1/Daraja/registerUrls] [Executed endpoint 'DarajaAPI.Controllers.v1.DarajaController.RegisterMpesaUrlsAsync (DarajaAPI)'] []
[2025-05-14 02:41:11.954 +03:00] [INF] [] [0HNCIEQNJJKT0:0000000F] [/api/v1/Daraja/registerUrls] [Request finished HTTP/2 POST https://localhost:5003/api/v1/Daraja/registerUrls - 500 null text/plain; charset=utf-8 2159.5614ms] []
[2025-05-14 02:42:01.145 +03:00] [INF] [] [0HNCIEQNJJKT0:00000011] [/api/v1/Daraja/simulate-c2b-payment] [Request starting HTTP/2 POST https://localhost:5003/api/v1/Daraja/simulate-c2b-payment - application/json 82] []
[2025-05-14 02:42:01.160 +03:00] [INF] [] [0HNCIEQNJJKT0:00000011] [/api/v1/Daraja/simulate-c2b-payment] [CORS policy execution successful.] []
[2025-05-14 02:42:01.162 +03:00] [INF] [] [0HNCIEQNJJKT0:00000011] [/api/v1/Daraja/simulate-c2b-payment] [Executing endpoint 'DarajaAPI.Controllers.v1.DarajaController.SimulateC2BPayment (DarajaAPI)'] []
[2025-05-14 02:42:01.163 +03:00] [INF] [] [0HNCIEQNJJKT0:00000011] [/api/v1/Daraja/simulate-c2b-payment] [Route matched with {action = "SimulateC2BPayment", controller = "Daraja"}. Executing controller action with signature System.Threading.Tasks.Task`1[Microsoft.AspNetCore.Mvc.IActionResult] SimulateC2BPayment(C2BRequest) on controller DarajaAPI.Controllers.v1.DarajaController (DarajaAPI).] []
[2025-05-14 02:42:01.166 +03:00] [INF] [] [0HNCIEQNJJKT0:00000011] [/api/v1/Daraja/simulate-c2b-payment] [Start processing HTTP request GET https://sandbox.safaricom.co.ke/oauth/v1/generate?grant_type=client_credentials] []
[2025-05-14 02:42:01.168 +03:00] [INF] [] [0HNCIEQNJJKT0:00000011] [/api/v1/Daraja/simulate-c2b-payment] [Sending HTTP request GET https://sandbox.safaricom.co.ke/oauth/v1/generate?grant_type=client_credentials] []
[2025-05-14 02:42:01.754 +03:00] [INF] [] [0HNCIEQNJJKT0:00000011] [/api/v1/Daraja/simulate-c2b-payment] [Received HTTP response headers after 584.636ms - 200] []
[2025-05-14 02:42:01.768 +03:00] [INF] [] [0HNCIEQNJJKT0:00000011] [/api/v1/Daraja/simulate-c2b-payment] [End processing HTTP request after 601.3973ms - 200] []
[2025-05-14 02:42:01.784 +03:00] [INF] [] [0HNCIEQNJJKT0:00000011] [/api/v1/Daraja/simulate-c2b-payment] [Start processing HTTP request POST https://sandbox.safaricom.co.ke/mpesa/c2b/v1/simulate] []
[2025-05-14 02:42:01.801 +03:00] [INF] [] [0HNCIEQNJJKT0:00000011] [/api/v1/Daraja/simulate-c2b-payment] [Sending HTTP request POST https://sandbox.safaricom.co.ke/mpesa/c2b/v1/simulate] []
[2025-05-14 02:42:03.623 +03:00] [INF] [] [0HNCIEQNJJKT0:00000011] [/api/v1/Daraja/simulate-c2b-payment] [Received HTTP response headers after 1813.9715ms - 200] []
[2025-05-14 02:42:03.626 +03:00] [INF] [] [0HNCIEQNJJKT0:00000011] [/api/v1/Daraja/simulate-c2b-payment] [End processing HTTP request after 1841.5045ms - 200] []
[2025-05-14 02:42:03.627 +03:00] [INF] [] [0HNCIEQNJJKT0:00000011] [/api/v1/Daraja/simulate-c2b-payment] [Executing ObjectResult, writing value of type 'System.String'.] []
[2025-05-14 02:42:03.629 +03:00] [INF] [] [0HNCIEQNJJKT0:00000011] [/api/v1/Daraja/simulate-c2b-payment] [Executed action DarajaAPI.Controllers.v1.DarajaController.SimulateC2BPayment (DarajaAPI) in 2463.486ms] []
[2025-05-14 02:42:03.630 +03:00] [INF] [] [0HNCIEQNJJKT0:00000011] [/api/v1/Daraja/simulate-c2b-payment] [Executed endpoint 'DarajaAPI.Controllers.v1.DarajaController.SimulateC2BPayment (DarajaAPI)'] []
[2025-05-14 02:42:03.632 +03:00] [INF] [] [0HNCIEQNJJKT0:00000011] [/api/v1/Daraja/simulate-c2b-payment] [Request finished HTTP/2 POST https://localhost:5003/api/v1/Daraja/simulate-c2b-payment - 200 null text/plain; charset=utf-8 2486.5464ms] []
[2025-05-14 02:44:21.314 +03:00] [INF] [] [] [] [Starting role seeding] []
[2025-05-14 02:44:22.510 +03:00] [INF] [] [] [] [Executed DbCommand (37ms) [Parameters=[@__normalizedName_0='?' (Size = 256)], CommandType='"Text"', CommandTimeout='30']
SELECT `r`.`Id`, `r`.`ConcurrencyStamp`, `r`.`Name`, `r`.`NormalizedName`
FROM `Role` AS `r`
WHERE `r`.`NormalizedName` = @__normalizedName_0
LIMIT 1] []
[2025-05-14 02:44:22.621 +03:00] [INF] [] [] [] [Executed DbCommand (7ms) [Parameters=[@__normalizedName_0='?' (Size = 256)], CommandType='"Text"', CommandTimeout='30']
SELECT `r`.`Id`, `r`.`ConcurrencyStamp`, `r`.`Name`, `r`.`NormalizedName`
FROM `Role` AS `r`
WHERE `r`.`NormalizedName` = @__normalizedName_0
LIMIT 1] []
[2025-05-14 02:44:22.629 +03:00] [INF] [] [] [] [Executed DbCommand (2ms) [Parameters=[@__normalizedName_0='?' (Size = 256)], CommandType='"Text"', CommandTimeout='30']
SELECT `r`.`Id`, `r`.`ConcurrencyStamp`, `r`.`Name`, `r`.`NormalizedName`
FROM `Role` AS `r`
WHERE `r`.`NormalizedName` = @__normalizedName_0
LIMIT 1] []
[2025-05-14 02:44:22.636 +03:00] [INF] [] [] [] [Executed DbCommand (1ms) [Parameters=[@__normalizedName_0='?' (Size = 256)], CommandType='"Text"', CommandTimeout='30']
SELECT `r`.`Id`, `r`.`ConcurrencyStamp`, `r`.`Name`, `r`.`NormalizedName`
FROM `Role` AS `r`
WHERE `r`.`NormalizedName` = @__normalizedName_0
LIMIT 1] []
[2025-05-14 02:44:22.638 +03:00] [INF] [] [] [] [Role seeding completed] []
[2025-05-14 02:44:22.639 +03:00] [INF] [] [] [] [Starting super admin seeding] []
[2025-05-14 02:44:22.663 +03:00] [INF] [] [] [] [Executed DbCommand (2ms) [Parameters=[@__defaultUser_Email_0='?' (Size = 256)], CommandType='"Text"', CommandTimeout='30']
SELECT NOT EXISTS (
    SELECT 1
    FROM `User` AS `u`
    WHERE (`u`.`Email` = @__defaultUser_Email_0) AND `u`.`Email` IS NOT NULL)] []
[2025-05-14 02:44:22.669 +03:00] [INF] [] [] [] [Super admin seeding completed] []
[2025-05-14 02:44:22.756 +03:00] [WRN] [] [] [] [The WebRootPath was not found: C:\Users\ianga\source\repos\DarajaIntegration\DarajaAPI\wwwroot. Static files may be unavailable.] []
[2025-05-14 02:44:22.814 +03:00] [INF] [] [] [] [Now listening on: https://localhost:5003] []
[2025-05-14 02:44:22.891 +03:00] [INF] [] [] [] [Application started. Press Ctrl+C to shut down.] []
[2025-05-14 02:44:22.899 +03:00] [INF] [] [] [] [Hosting environment: Development] []
[2025-05-14 02:44:22.900 +03:00] [INF] [] [] [] [Content root path: C:\Users\ianga\source\repos\DarajaIntegration\DarajaAPI] []
[2025-05-14 02:44:23.779 +03:00] [INF] [] [0HNCIF0BBLRNU:00000001] [/swagger/index.html] [Request starting HTTP/2 GET https://localhost:5003/swagger/index.html - null null] []
[2025-05-14 02:44:24.247 +03:00] [INF] [] [0HNCIF0BBLRNU:00000001] [/swagger/index.html] [Request finished HTTP/2 GET https://localhost:5003/swagger/index.html - 200 null text/html;charset=utf-8 478.2216ms] []
[2025-05-14 02:44:24.391 +03:00] [INF] [] [0HNCIF0BBLRNU:00000005] [/_vs/browserLink] [Request starting HTTP/2 GET https://localhost:5003/_vs/browserLink - null null] []
[2025-05-14 02:44:24.392 +03:00] [INF] [] [0HNCIF0BBLRNU:00000003] [/_framework/aspnetcore-browser-refresh.js] [Request starting HTTP/2 GET https://localhost:5003/_framework/aspnetcore-browser-refresh.js - null null] []
[2025-05-14 02:44:24.479 +03:00] [INF] [] [0HNCIF0BBLRNU:00000003] [/_framework/aspnetcore-browser-refresh.js] [Request finished HTTP/2 GET https://localhost:5003/_framework/aspnetcore-browser-refresh.js - 200 16503 application/javascript; charset=utf-8 87.1601ms] []
[2025-05-14 02:44:24.707 +03:00] [INF] [] [0HNCIF0BBLRNU:00000005] [/_vs/browserLink] [Request finished HTTP/2 GET https://localhost:5003/_vs/browserLink - 200 null text/javascript; charset=UTF-8 316.197ms] []
[2025-05-14 02:44:24.874 +03:00] [INF] [] [0HNCIF0BBLRNU:00000007] [/swagger/v1/swagger.json] [Request starting HTTP/2 GET https://localhost:5003/swagger/v1/swagger.json - null null] []
[2025-05-14 02:44:24.939 +03:00] [INF] [] [0HNCIF0BBLRNU:00000007] [/swagger/v1/swagger.json] [Request finished HTTP/2 GET https://localhost:5003/swagger/v1/swagger.json - 200 null application/json;charset=utf-8 64.9723ms] []
[2025-05-14 02:48:45.223 +03:00] [INF] [] [0HNCIF0BBLRNU:00000009] [/api/v1/Daraja/simulate-c2b-payment] [Request starting HTTP/2 POST https://localhost:5003/api/v1/Daraja/simulate-c2b-payment - application/json 82] []
[2025-05-14 02:48:45.288 +03:00] [INF] [] [0HNCIF0BBLRNU:00000009] [/api/v1/Daraja/simulate-c2b-payment] [CORS policy execution successful.] []
[2025-05-14 02:48:45.301 +03:00] [INF] [] [0HNCIF0BBLRNU:00000009] [/api/v1/Daraja/simulate-c2b-payment] [Executing endpoint 'DarajaAPI.Controllers.v1.DarajaController.SimulateC2BPayment (DarajaAPI)'] []
[2025-05-14 02:48:45.322 +03:00] [INF] [] [0HNCIF0BBLRNU:00000009] [/api/v1/Daraja/simulate-c2b-payment] [Route matched with {action = "SimulateC2BPayment", controller = "Daraja"}. Executing controller action with signature System.Threading.Tasks.Task`1[Microsoft.AspNetCore.Mvc.IActionResult] SimulateC2BPayment(C2BRequest) on controller DarajaAPI.Controllers.v1.DarajaController (DarajaAPI).] []
[2025-05-14 02:48:45.377 +03:00] [INF] [] [0HNCIF0BBLRNU:00000009] [/api/v1/Daraja/simulate-c2b-payment] [Start processing HTTP request GET https://sandbox.safaricom.co.ke/oauth/v1/generate?grant_type=client_credentials] []
[2025-05-14 02:48:45.382 +03:00] [INF] [] [0HNCIF0BBLRNU:00000009] [/api/v1/Daraja/simulate-c2b-payment] [Sending HTTP request GET https://sandbox.safaricom.co.ke/oauth/v1/generate?grant_type=client_credentials] []
[2025-05-14 02:48:46.191 +03:00] [INF] [] [0HNCIF0BBLRNU:00000009] [/api/v1/Daraja/simulate-c2b-payment] [Received HTTP response headers after 804.8157ms - 200] []
[2025-05-14 02:48:46.194 +03:00] [INF] [] [0HNCIF0BBLRNU:00000009] [/api/v1/Daraja/simulate-c2b-payment] [End processing HTTP request after 818.9522ms - 200] []
[2025-05-14 02:48:46.309 +03:00] [INF] [] [0HNCIF0BBLRNU:00000009] [/api/v1/Daraja/simulate-c2b-payment] [Start processing HTTP request POST https://sandbox.safaricom.co.ke/mpesa/c2b/v1/simulate] []
[2025-05-14 02:48:46.312 +03:00] [INF] [] [0HNCIF0BBLRNU:00000009] [/api/v1/Daraja/simulate-c2b-payment] [Sending HTTP request POST https://sandbox.safaricom.co.ke/mpesa/c2b/v1/simulate] []
[2025-05-14 02:48:47.404 +03:00] [INF] [] [0HNCIF0BBLRNU:00000009] [/api/v1/Daraja/simulate-c2b-payment] [Received HTTP response headers after 1090.7248ms - 200] []
[2025-05-14 02:48:47.413 +03:00] [INF] [] [0HNCIF0BBLRNU:00000009] [/api/v1/Daraja/simulate-c2b-payment] [End processing HTTP request after 1103.6943ms - 200] []
[2025-05-14 02:48:47.440 +03:00] [INF] [] [0HNCIF0BBLRNU:00000009] [/api/v1/Daraja/simulate-c2b-payment] [Executing ObjectResult, writing value of type 'System.String'.] []
[2025-05-14 02:48:47.451 +03:00] [INF] [] [0HNCIF0BBLRNU:00000009] [/api/v1/Daraja/simulate-c2b-payment] [Executed action DarajaAPI.Controllers.v1.DarajaController.SimulateC2BPayment (DarajaAPI) in 2119.6647ms] []
[2025-05-14 02:48:47.454 +03:00] [INF] [] [0HNCIF0BBLRNU:00000009] [/api/v1/Daraja/simulate-c2b-payment] [Executed endpoint 'DarajaAPI.Controllers.v1.DarajaController.SimulateC2BPayment (DarajaAPI)'] []
[2025-05-14 02:48:47.457 +03:00] [INF] [] [0HNCIF0BBLRNU:00000009] [/api/v1/Daraja/simulate-c2b-payment] [Request finished HTTP/2 POST https://localhost:5003/api/v1/Daraja/simulate-c2b-payment - 200 null text/plain; charset=utf-8 2234.8278ms] []
[2025-05-14 02:52:44.281 +03:00] [INF] [] [0HNCIF0BBLRNU:0000000B] [/api/v1/Daraja/simulate-c2b-payment] [Request starting HTTP/2 POST https://localhost:5003/api/v1/Daraja/simulate-c2b-payment - application/json 82] []
[2025-05-14 02:52:44.296 +03:00] [INF] [] [0HNCIF0BBLRNU:0000000B] [/api/v1/Daraja/simulate-c2b-payment] [CORS policy execution successful.] []
[2025-05-14 02:52:44.298 +03:00] [INF] [] [0HNCIF0BBLRNU:0000000B] [/api/v1/Daraja/simulate-c2b-payment] [Executing endpoint 'DarajaAPI.Controllers.v1.DarajaController.SimulateC2BPayment (DarajaAPI)'] []
[2025-05-14 02:52:44.300 +03:00] [INF] [] [0HNCIF0BBLRNU:0000000B] [/api/v1/Daraja/simulate-c2b-payment] [Route matched with {action = "SimulateC2BPayment", controller = "Daraja"}. Executing controller action with signature System.Threading.Tasks.Task`1[Microsoft.AspNetCore.Mvc.IActionResult] SimulateC2BPayment(C2BRequest) on controller DarajaAPI.Controllers.v1.DarajaController (DarajaAPI).] []
[2025-05-14 02:52:44.307 +03:00] [INF] [] [0HNCIF0BBLRNU:0000000B] [/api/v1/Daraja/simulate-c2b-payment] [Start processing HTTP request GET https://sandbox.safaricom.co.ke/oauth/v1/generate?grant_type=client_credentials] []
[2025-05-14 02:52:44.309 +03:00] [INF] [] [0HNCIF0BBLRNU:0000000B] [/api/v1/Daraja/simulate-c2b-payment] [Sending HTTP request GET https://sandbox.safaricom.co.ke/oauth/v1/generate?grant_type=client_credentials] []
[2025-05-14 02:52:44.933 +03:00] [INF] [] [0HNCIF0BBLRNU:0000000B] [/api/v1/Daraja/simulate-c2b-payment] [Received HTTP response headers after 622.177ms - 200] []
[2025-05-14 02:52:44.946 +03:00] [INF] [] [0HNCIF0BBLRNU:0000000B] [/api/v1/Daraja/simulate-c2b-payment] [End processing HTTP request after 639.4272ms - 200] []
[2025-05-14 02:52:44.962 +03:00] [INF] [] [0HNCIF0BBLRNU:0000000B] [/api/v1/Daraja/simulate-c2b-payment] [Start processing HTTP request POST https://sandbox.safaricom.co.ke/mpesa/c2b/v1/simulate] []
[2025-05-14 02:52:44.969 +03:00] [INF] [] [0HNCIF0BBLRNU:0000000B] [/api/v1/Daraja/simulate-c2b-payment] [Sending HTTP request POST https://sandbox.safaricom.co.ke/mpesa/c2b/v1/simulate] []
[2025-05-14 02:52:46.357 +03:00] [INF] [] [0HNCIF0BBLRNU:0000000B] [/api/v1/Daraja/simulate-c2b-payment] [Received HTTP response headers after 1377.5336ms - 500] []
[2025-05-14 02:52:46.364 +03:00] [INF] [] [0HNCIF0BBLRNU:0000000B] [/api/v1/Daraja/simulate-c2b-payment] [End processing HTTP request after 1402.5564ms - 500] []
[2025-05-14 02:52:46.369 +03:00] [INF] [] [0HNCIF0BBLRNU:0000000B] [/api/v1/Daraja/simulate-c2b-payment] [Executing ObjectResult, writing value of type 'System.String'.] []
[2025-05-14 02:52:46.371 +03:00] [INF] [] [0HNCIF0BBLRNU:0000000B] [/api/v1/Daraja/simulate-c2b-payment] [Executed action DarajaAPI.Controllers.v1.DarajaController.SimulateC2BPayment (DarajaAPI) in 2068.5686ms] []
[2025-05-14 02:52:46.380 +03:00] [INF] [] [0HNCIF0BBLRNU:0000000B] [/api/v1/Daraja/simulate-c2b-payment] [Executed endpoint 'DarajaAPI.Controllers.v1.DarajaController.SimulateC2BPayment (DarajaAPI)'] []
[2025-05-14 02:52:46.381 +03:00] [INF] [] [0HNCIF0BBLRNU:0000000B] [/api/v1/Daraja/simulate-c2b-payment] [Request finished HTTP/2 POST https://localhost:5003/api/v1/Daraja/simulate-c2b-payment - 500 null text/plain; charset=utf-8 2101.3246ms] []
[2025-05-14 02:53:08.899 +03:00] [INF] [] [0HNCIF0BBLRNU:0000000D] [/api/v1/Daraja/simulate-c2b-payment] [Request starting HTTP/2 POST https://localhost:5003/api/v1/Daraja/simulate-c2b-payment - application/json 82] []
[2025-05-14 02:53:08.913 +03:00] [INF] [] [0HNCIF0BBLRNU:0000000D] [/api/v1/Daraja/simulate-c2b-payment] [CORS policy execution successful.] []
[2025-05-14 02:53:08.915 +03:00] [INF] [] [0HNCIF0BBLRNU:0000000D] [/api/v1/Daraja/simulate-c2b-payment] [Executing endpoint 'DarajaAPI.Controllers.v1.DarajaController.SimulateC2BPayment (DarajaAPI)'] []
[2025-05-14 02:53:08.917 +03:00] [INF] [] [0HNCIF0BBLRNU:0000000D] [/api/v1/Daraja/simulate-c2b-payment] [Route matched with {action = "SimulateC2BPayment", controller = "Daraja"}. Executing controller action with signature System.Threading.Tasks.Task`1[Microsoft.AspNetCore.Mvc.IActionResult] SimulateC2BPayment(C2BRequest) on controller DarajaAPI.Controllers.v1.DarajaController (DarajaAPI).] []
[2025-05-14 02:53:08.922 +03:00] [INF] [] [0HNCIF0BBLRNU:0000000D] [/api/v1/Daraja/simulate-c2b-payment] [Start processing HTTP request GET https://sandbox.safaricom.co.ke/oauth/v1/generate?grant_type=client_credentials] []
[2025-05-14 02:53:08.925 +03:00] [INF] [] [0HNCIF0BBLRNU:0000000D] [/api/v1/Daraja/simulate-c2b-payment] [Sending HTTP request GET https://sandbox.safaricom.co.ke/oauth/v1/generate?grant_type=client_credentials] []
[2025-05-14 02:53:09.129 +03:00] [INF] [] [0HNCIF0BBLRNU:0000000D] [/api/v1/Daraja/simulate-c2b-payment] [Received HTTP response headers after 202.966ms - 200] []
[2025-05-14 02:53:09.143 +03:00] [INF] [] [0HNCIF0BBLRNU:0000000D] [/api/v1/Daraja/simulate-c2b-payment] [End processing HTTP request after 221.0644ms - 200] []
[2025-05-14 02:53:09.159 +03:00] [INF] [] [0HNCIF0BBLRNU:0000000D] [/api/v1/Daraja/simulate-c2b-payment] [Start processing HTTP request POST https://sandbox.safaricom.co.ke/mpesa/c2b/v1/simulate] []
[2025-05-14 02:53:09.175 +03:00] [INF] [] [0HNCIF0BBLRNU:0000000D] [/api/v1/Daraja/simulate-c2b-payment] [Sending HTTP request POST https://sandbox.safaricom.co.ke/mpesa/c2b/v1/simulate] []
[2025-05-14 02:53:10.331 +03:00] [INF] [] [0HNCIF0BBLRNU:0000000D] [/api/v1/Daraja/simulate-c2b-payment] [Received HTTP response headers after 1149.5454ms - 500] []
[2025-05-14 02:53:10.342 +03:00] [INF] [] [0HNCIF0BBLRNU:0000000D] [/api/v1/Daraja/simulate-c2b-payment] [End processing HTTP request after 1183.756ms - 500] []
[2025-05-14 02:53:10.351 +03:00] [INF] [] [0HNCIF0BBLRNU:0000000D] [/api/v1/Daraja/simulate-c2b-payment] [Executing ObjectResult, writing value of type 'System.String'.] []
[2025-05-14 02:53:10.354 +03:00] [INF] [] [0HNCIF0BBLRNU:0000000D] [/api/v1/Daraja/simulate-c2b-payment] [Executed action DarajaAPI.Controllers.v1.DarajaController.SimulateC2BPayment (DarajaAPI) in 1434.7784ms] []
[2025-05-14 02:53:10.357 +03:00] [INF] [] [0HNCIF0BBLRNU:0000000D] [/api/v1/Daraja/simulate-c2b-payment] [Executed endpoint 'DarajaAPI.Controllers.v1.DarajaController.SimulateC2BPayment (DarajaAPI)'] []
[2025-05-14 02:53:10.358 +03:00] [INF] [] [0HNCIF0BBLRNU:0000000D] [/api/v1/Daraja/simulate-c2b-payment] [Request finished HTTP/2 POST https://localhost:5003/api/v1/Daraja/simulate-c2b-payment - 500 null text/plain; charset=utf-8 1459.5999ms] []
[2025-05-14 02:56:33.988 +03:00] [INF] [] [0HNCIF0BBLRNU:0000000F] [/api/v1/Daraja/simulate-c2b-payment] [Request starting HTTP/2 POST https://localhost:5003/api/v1/Daraja/simulate-c2b-payment - application/json 77] []
[2025-05-14 02:56:34.022 +03:00] [INF] [] [0HNCIF0BBLRNU:0000000F] [/api/v1/Daraja/simulate-c2b-payment] [CORS policy execution successful.] []
[2025-05-14 02:56:34.023 +03:00] [INF] [] [0HNCIF0BBLRNU:0000000F] [/api/v1/Daraja/simulate-c2b-payment] [Executing endpoint 'DarajaAPI.Controllers.v1.DarajaController.SimulateC2BPayment (DarajaAPI)'] []
[2025-05-14 02:56:34.025 +03:00] [INF] [] [0HNCIF0BBLRNU:0000000F] [/api/v1/Daraja/simulate-c2b-payment] [Route matched with {action = "SimulateC2BPayment", controller = "Daraja"}. Executing controller action with signature System.Threading.Tasks.Task`1[Microsoft.AspNetCore.Mvc.IActionResult] SimulateC2BPayment(C2BRequest) on controller DarajaAPI.Controllers.v1.DarajaController (DarajaAPI).] []
[2025-05-14 02:56:34.036 +03:00] [INF] [] [0HNCIF0BBLRNU:0000000F] [/api/v1/Daraja/simulate-c2b-payment] [Executing BadRequestObjectResult, writing value of type 'Microsoft.AspNetCore.Mvc.ValidationProblemDetails'.] []
[2025-05-14 02:56:34.051 +03:00] [INF] [] [0HNCIF0BBLRNU:0000000F] [/api/v1/Daraja/simulate-c2b-payment] [Executed action DarajaAPI.Controllers.v1.DarajaController.SimulateC2BPayment (DarajaAPI) in 20.1082ms] []
[2025-05-14 02:56:34.054 +03:00] [INF] [] [0HNCIF0BBLRNU:0000000F] [/api/v1/Daraja/simulate-c2b-payment] [Executed endpoint 'DarajaAPI.Controllers.v1.DarajaController.SimulateC2BPayment (DarajaAPI)'] []
[2025-05-14 02:56:34.055 +03:00] [INF] [] [0HNCIF0BBLRNU:0000000F] [/api/v1/Daraja/simulate-c2b-payment] [Request finished HTTP/2 POST https://localhost:5003/api/v1/Daraja/simulate-c2b-payment - 400 null application/problem+json; charset=utf-8 67.5666ms] []
