[2025-05-18 12:11:37.080 +03:00] [INF] [] [] [] [Executed DbCommand (11ms) [Parameters=[], CommandType='"Text"', CommandTimeout='30']
SELECT `m`.`Id`, `m`.`BillRefNumber`, `m`.`BusinessShortCode`, `m`.`CreatedAt`, `m`.`FirstName`, `m`.`InvoiceNumber`, `m`.`IsVerified`, `m`.`LastName`, `m`.`MSISDN`, `m`.`MiddleName`, `m`.`OrgAccountBalance`, `m`.`RetryCount`, `m`.`ThirdPartyTransID`, `m`.`TransAmount`, `m`.`TransID`, `m`.`TransTime`, `m`.`TransactionType`, `m`.`VerificationDate`, `m`.`VerificationResult`
FROM `MpesaC2Bs` AS `m`
WHERE NOT (`m`.`IsVerified`) AND (`m`.`CreatedAt` > DATE_ADD(UTC_TIMESTAMP(), INTERVAL CAST(-7.0 AS signed) day))] []
[2025-05-18 12:12:36.188 +03:00] [INF] [] [0HNCLQNNGAUMA:00000001] [/swagger/index.html] [Request starting HTTP/1.1 GET https://a86e-41-81-46-57.ngrok-free.app/swagger/index.html - null null] []
[2025-05-18 12:12:36.270 +03:00] [INF] [] [0HNCLQNNGAUMA:00000001] [/swagger/index.html] [Request finished HTTP/1.1 GET https://a86e-41-81-46-57.ngrok-free.app/swagger/index.html - 200 null text/html;charset=utf-8 82.9672ms] []
[2025-05-18 12:12:37.024 +03:00] [INF] [] [0HNCLQNNGAUMA:00000002] [/swagger/swagger-ui.css] [Request starting HTTP/1.1 GET https://a86e-41-81-46-57.ngrok-free.app/swagger/swagger-ui.css - null null] []
[2025-05-18 12:12:37.153 +03:00] [INF] [] [0HNCLQNNGAUMB:00000001] [/swagger/swagger-ui-bundle.js] [Request starting HTTP/1.1 GET https://a86e-41-81-46-57.ngrok-free.app/swagger/swagger-ui-bundle.js - null null] []
[2025-05-18 12:12:37.184 +03:00] [INF] [] [0HNCLQNNGAUMD:00000001] [/_framework/aspnetcore-browser-refresh.js] [Request starting HTTP/1.1 GET https://a86e-41-81-46-57.ngrok-free.app/_framework/aspnetcore-browser-refresh.js - null null] []
[2025-05-18 12:12:37.184 +03:00] [INF] [] [0HNCLQNNGAUMC:00000001] [/swagger/swagger-ui-standalone-preset.js] [Request starting HTTP/1.1 GET https://a86e-41-81-46-57.ngrok-free.app/swagger/swagger-ui-standalone-preset.js - null null] []
[2025-05-18 12:12:37.197 +03:00] [INF] [] [0HNCLQNNGAUMD:00000001] [/_framework/aspnetcore-browser-refresh.js] [Request finished HTTP/1.1 GET https://a86e-41-81-46-57.ngrok-free.app/_framework/aspnetcore-browser-refresh.js - 200 16503 application/javascript; charset=utf-8 12.6068ms] []
[2025-05-18 12:12:37.240 +03:00] [INF] [] [0HNCLQNNGAUMC:00000001] [/swagger/swagger-ui-standalone-preset.js] [Sending file. Request path: '/swagger-ui-standalone-preset.js'. Physical path: 'N/A'] []
[2025-05-18 12:12:37.240 +03:00] [INF] [] [0HNCLQNNGAUMA:00000002] [/swagger/swagger-ui.css] [Sending file. Request path: '/swagger-ui.css'. Physical path: 'N/A'] []
[2025-05-18 12:12:37.240 +03:00] [INF] [] [0HNCLQNNGAUMB:00000001] [/swagger/swagger-ui-bundle.js] [Sending file. Request path: '/swagger-ui-bundle.js'. Physical path: 'N/A'] []
[2025-05-18 12:12:37.245 +03:00] [INF] [] [0HNCLQNNGAUMC:00000001] [/swagger/swagger-ui-standalone-preset.js] [Request finished HTTP/1.1 GET https://a86e-41-81-46-57.ngrok-free.app/swagger/swagger-ui-standalone-preset.js - 200 339486 text/javascript 60.9378ms] []
[2025-05-18 12:12:37.249 +03:00] [INF] [] [0HNCLQNNGAUMA:00000002] [/swagger/swagger-ui.css] [Request finished HTTP/1.1 GET https://a86e-41-81-46-57.ngrok-free.app/swagger/swagger-ui.css - 200 143943 text/css 225.3231ms] []
[2025-05-18 12:12:37.253 +03:00] [INF] [] [0HNCLQNNGAUMB:00000001] [/swagger/swagger-ui-bundle.js] [Request finished HTTP/1.1 GET https://a86e-41-81-46-57.ngrok-free.app/swagger/swagger-ui-bundle.js - 200 1096145 text/javascript 100.2729ms] []
[2025-05-18 12:12:58.512 +03:00] [INF] [] [0HNCLQNNGAUMA:00000003] [/_vs/browserLink] [Request starting HTTP/1.1 GET https://a86e-41-81-46-57.ngrok-free.app/_vs/browserLink - null null] []
[2025-05-18 12:12:58.656 +03:00] [INF] [] [0HNCLQNNGAUMA:00000003] [/_vs/browserLink] [Request finished HTTP/1.1 GET https://a86e-41-81-46-57.ngrok-free.app/_vs/browserLink - 200 null text/javascript; charset=UTF-8 144.0338ms] []
[2025-05-18 12:13:48.345 +03:00] [INF] [] [0HNCLQNNGAUMC:00000002] [/swagger/v1/swagger.json] [Request starting HTTP/1.1 GET https://a86e-41-81-46-57.ngrok-free.app/swagger/v1/swagger.json - null null] []
[2025-05-18 12:13:48.428 +03:00] [INF] [] [0HNCLQNNGAUMD:00000002] [/swagger/favicon-32x32.png] [Request starting HTTP/1.1 GET https://a86e-41-81-46-57.ngrok-free.app/swagger/favicon-32x32.png - null null] []
[2025-05-18 12:13:48.456 +03:00] [INF] [] [0HNCLQNNGAUMD:00000002] [/swagger/favicon-32x32.png] [Sending file. Request path: '/favicon-32x32.png'. Physical path: 'N/A'] []
[2025-05-18 12:13:48.463 +03:00] [INF] [] [0HNCLQNNGAUMD:00000002] [/swagger/favicon-32x32.png] [Request finished HTTP/1.1 GET https://a86e-41-81-46-57.ngrok-free.app/swagger/favicon-32x32.png - 200 628 image/png 36.3857ms] []
[2025-05-18 12:13:48.466 +03:00] [INF] [] [0HNCLQNNGAUMC:00000002] [/swagger/v1/swagger.json] [Request finished HTTP/1.1 GET https://a86e-41-81-46-57.ngrok-free.app/swagger/v1/swagger.json - 200 null application/json;charset=utf-8 120.9601ms] []
[2025-05-18 12:14:40.627 +03:00] [INF] [] [0HNCLQNNGAUMC:00000003] [/api/v1/mpesa/registration/urls] [Request starting HTTP/1.1 POST https://a86e-41-81-46-57.ngrok-free.app/api/v1/mpesa/registration/urls - null 0] []
[2025-05-18 12:14:40.663 +03:00] [INF] [] [0HNCLQNNGAUMC:00000003] [/api/v1/mpesa/registration/urls] [CORS policy execution successful.] []
[2025-05-18 12:14:40.679 +03:00] [INF] [] [0HNCLQNNGAUMC:00000003] [/api/v1/mpesa/registration/urls] [Executing endpoint 'DarajaAPI.Controllers.v1.MpesaRegistrationController.RegisterUrls (DarajaAPI)'] []
[2025-05-18 12:14:40.690 +03:00] [INF] [] [0HNCLQNNGAUMC:00000003] [/api/v1/mpesa/registration/urls] [Route matched with {action = "RegisterUrls", controller = "MpesaRegistration"}. Executing controller action with signature System.Threading.Tasks.Task`1[Microsoft.AspNetCore.Mvc.IActionResult] RegisterUrls() on controller DarajaAPI.Controllers.v1.MpesaRegistrationController (DarajaAPI).] []
[2025-05-18 12:15:34.808 +03:00] [INF] [] [0HNCLQNNGAUMC:00000003] [/api/v1/mpesa/registration/urls] [Start processing HTTP request GET https://sandbox.safaricom.co.ke/oauth/v1/generate?grant_type=client_credentials] []
[2025-05-18 12:15:34.908 +03:00] [INF] [] [0HNCLQNNGAUMC:00000003] [/api/v1/mpesa/registration/urls] [Sending HTTP request GET https://sandbox.safaricom.co.ke/oauth/v1/generate?grant_type=client_credentials] []
[2025-05-18 12:15:36.588 +03:00] [INF] [] [0HNCLQNNGAUMC:00000003] [/api/v1/mpesa/registration/urls] [Received HTTP response headers after 1664.7038ms - 200] []
[2025-05-18 12:15:36.601 +03:00] [INF] [] [0HNCLQNNGAUMC:00000003] [/api/v1/mpesa/registration/urls] [End processing HTTP request after 1807.1681ms - 200] []
[2025-05-18 12:15:37.160 +03:00] [INF] [] [0HNCLQNNGAUMC:00000003] [/api/v1/mpesa/registration/urls] [Executed action DarajaAPI.Controllers.v1.MpesaRegistrationController.RegisterUrls (DarajaAPI) in 56454.0547ms] []
[2025-05-18 12:15:37.174 +03:00] [INF] [] [0HNCLQNNGAUMC:00000003] [/api/v1/mpesa/registration/urls] [Executed endpoint 'DarajaAPI.Controllers.v1.MpesaRegistrationController.RegisterUrls (DarajaAPI)'] []
[2025-05-18 12:15:37.189 +03:00] [ERR] [] [0HNCLQNNGAUMC:00000003] [/api/v1/mpesa/registration/urls] [An unhandled exception has occurred while executing the request.] [System.ArgumentNullException: Value cannot be null. (Parameter 'uriString')
   at System.ArgumentNullException.Throw(String paramName)
   at System.ArgumentNullException.ThrowIfNull(Object argument, String paramName)
   at System.Uri..ctor(String uriString)
   at Program.<>c__DisplayClass0_0.<<Main>$>b__1(HttpClient client) in C:\Users\ianga\source\repos\DarajaIntegration\DarajaAPI\Program.cs:line 49
   at Microsoft.Extensions.Http.DefaultHttpClientFactory.CreateClient(String name)
   at DarajaAPI.Services.Daraja.DarajaRegistrationService.RegisterUrlsAsync() in C:\Users\ianga\source\repos\DarajaIntegration\DarajaAPI\Services\Daraja\DarajaRegistrationService.cs:line 25
   at DarajaAPI.Controllers.v1.MpesaRegistrationController.RegisterUrls() in C:\Users\ianga\source\repos\DarajaIntegration\DarajaAPI\Controllers\v1\MpesaRegistrationController.cs:line 31
   at Microsoft.AspNetCore.Mvc.Infrastructure.ActionMethodExecutor.TaskOfIActionResultExecutor.Execute(ActionContext actionContext, IActionResultTypeMapper mapper, ObjectMethodExecutor executor, Object controller, Object[] arguments)
   at Microsoft.AspNetCore.Mvc.Infrastructure.ControllerActionInvoker.<InvokeActionMethodAsync>g__Awaited|12_0(ControllerActionInvoker invoker, ValueTask`1 actionResultValueTask)
   at Microsoft.AspNetCore.Mvc.Infrastructure.ControllerActionInvoker.<InvokeNextActionFilterAsync>g__Awaited|10_0(ControllerActionInvoker invoker, Task lastTask, State next, Scope scope, Object state, Boolean isCompleted)
   at Microsoft.AspNetCore.Mvc.Infrastructure.ControllerActionInvoker.Rethrow(ActionExecutedContextSealed context)
   at Microsoft.AspNetCore.Mvc.Infrastructure.ControllerActionInvoker.Next(State& next, Scope& scope, Object& state, Boolean& isCompleted)
   at Microsoft.AspNetCore.Mvc.Infrastructure.ControllerActionInvoker.<InvokeInnerFilterAsync>g__Awaited|13_0(ControllerActionInvoker invoker, Task lastTask, State next, Scope scope, Object state, Boolean isCompleted)
   at Microsoft.AspNetCore.Mvc.Infrastructure.ResourceInvoker.<InvokeFilterPipelineAsync>g__Awaited|20_0(ResourceInvoker invoker, Task lastTask, State next, Scope scope, Object state, Boolean isCompleted)
   at Microsoft.AspNetCore.Mvc.Infrastructure.ResourceInvoker.<InvokeAsync>g__Logged|17_1(ResourceInvoker invoker)
   at Microsoft.AspNetCore.Mvc.Infrastructure.ResourceInvoker.<InvokeAsync>g__Logged|17_1(ResourceInvoker invoker)
   at Microsoft.AspNetCore.Routing.EndpointMiddleware.<Invoke>g__AwaitRequestTask|7_0(Endpoint endpoint, Task requestTask, ILogger logger)
   at Microsoft.AspNetCore.Authorization.AuthorizationMiddleware.Invoke(HttpContext context)
   at Microsoft.AspNetCore.Authentication.AuthenticationMiddleware.Invoke(HttpContext context)
   at Swashbuckle.AspNetCore.SwaggerUI.SwaggerUIMiddleware.Invoke(HttpContext httpContext)
   at Swashbuckle.AspNetCore.Swagger.SwaggerMiddleware.Invoke(HttpContext httpContext, ISwaggerProvider swaggerProvider)
   at Microsoft.AspNetCore.Diagnostics.DeveloperExceptionPageMiddlewareImpl.Invoke(HttpContext context)
]
[2025-05-18 12:15:37.433 +03:00] [INF] [] [0HNCLQNNGAUMC:00000003] [/api/v1/mpesa/registration/urls] [Request finished HTTP/1.1 POST https://a86e-41-81-46-57.ngrok-free.app/api/v1/mpesa/registration/urls - 500 null text/plain; charset=utf-8 56807.06ms] []
[2025-05-18 12:15:53.752 +03:00] [INF] [] [] [] [Starting role seeding] []
[2025-05-18 12:15:57.086 +03:00] [INF] [] [] [] [Executed DbCommand (134ms) [Parameters=[@__normalizedName_0='?' (Size = 256)], CommandType='"Text"', CommandTimeout='30']
SELECT `r`.`Id`, `r`.`ConcurrencyStamp`, `r`.`Name`, `r`.`NormalizedName`
FROM `Role` AS `r`
WHERE `r`.`NormalizedName` = @__normalizedName_0
LIMIT 1] []
[2025-05-18 12:15:57.426 +03:00] [INF] [] [] [] [Executed DbCommand (22ms) [Parameters=[@__normalizedName_0='?' (Size = 256)], CommandType='"Text"', CommandTimeout='30']
SELECT `r`.`Id`, `r`.`ConcurrencyStamp`, `r`.`Name`, `r`.`NormalizedName`
FROM `Role` AS `r`
WHERE `r`.`NormalizedName` = @__normalizedName_0
LIMIT 1] []
[2025-05-18 12:15:57.444 +03:00] [INF] [] [] [] [Executed DbCommand (3ms) [Parameters=[@__normalizedName_0='?' (Size = 256)], CommandType='"Text"', CommandTimeout='30']
SELECT `r`.`Id`, `r`.`ConcurrencyStamp`, `r`.`Name`, `r`.`NormalizedName`
FROM `Role` AS `r`
WHERE `r`.`NormalizedName` = @__normalizedName_0
LIMIT 1] []
[2025-05-18 12:15:57.460 +03:00] [INF] [] [] [] [Executed DbCommand (4ms) [Parameters=[@__normalizedName_0='?' (Size = 256)], CommandType='"Text"', CommandTimeout='30']
SELECT `r`.`Id`, `r`.`ConcurrencyStamp`, `r`.`Name`, `r`.`NormalizedName`
FROM `Role` AS `r`
WHERE `r`.`NormalizedName` = @__normalizedName_0
LIMIT 1] []
[2025-05-18 12:15:57.467 +03:00] [INF] [] [] [] [Role seeding completed] []
[2025-05-18 12:15:57.470 +03:00] [INF] [] [] [] [Starting super admin seeding] []
[2025-05-18 12:15:57.528 +03:00] [INF] [] [] [] [Executed DbCommand (5ms) [Parameters=[@__defaultUser_Email_0='?' (Size = 256)], CommandType='"Text"', CommandTimeout='30']
SELECT NOT EXISTS (
    SELECT 1
    FROM `User` AS `u`
    WHERE (`u`.`Email` = @__defaultUser_Email_0) AND `u`.`Email` IS NOT NULL)] []
[2025-05-18 12:15:57.544 +03:00] [INF] [] [] [] [Super admin seeding completed] []
[2025-05-18 12:16:01.613 +03:00] [INF] [] [] [] [Executed DbCommand (3ms) [Parameters=[], CommandType='"Text"', CommandTimeout='30']
SELECT `m`.`Id`, `m`.`BillRefNumber`, `m`.`BusinessShortCode`, `m`.`CreatedAt`, `m`.`FirstName`, `m`.`InvoiceNumber`, `m`.`IsVerified`, `m`.`LastName`, `m`.`MSISDN`, `m`.`MiddleName`, `m`.`OrgAccountBalance`, `m`.`RetryCount`, `m`.`ThirdPartyTransID`, `m`.`TransAmount`, `m`.`TransID`, `m`.`TransTime`, `m`.`TransactionType`, `m`.`VerificationDate`, `m`.`VerificationResult`
FROM `MpesaC2Bs` AS `m`
WHERE NOT (`m`.`IsVerified`) AND (`m`.`CreatedAt` > DATE_ADD(UTC_TIMESTAMP(), INTERVAL CAST(-7.0 AS signed) day))] []
[2025-05-18 12:16:01.840 +03:00] [WRN] [] [] [] [The WebRootPath was not found: C:\Users\ianga\source\repos\DarajaIntegration\DarajaAPI\wwwroot. Static files may be unavailable.] []
[2025-05-18 12:16:02.119 +03:00] [INF] [] [] [] [Now listening on: https://localhost:5003] []
[2025-05-18 12:16:02.460 +03:00] [INF] [] [] [] [Application started. Press Ctrl+C to shut down.] []
[2025-05-18 12:16:02.475 +03:00] [INF] [] [] [] [Hosting environment: Development] []
[2025-05-18 12:16:02.479 +03:00] [INF] [] [] [] [Content root path: C:\Users\ianga\source\repos\DarajaIntegration\DarajaAPI] []
[2025-05-18 12:16:03.466 +03:00] [INF] [] [0HNCLTIE36BPN:00000001] [/swagger/index.html] [Request starting HTTP/2 GET https://localhost:5003/swagger/index.html - null null] []
[2025-05-18 12:16:03.987 +03:00] [INF] [] [0HNCLTIE36BPN:00000001] [/swagger/index.html] [Request finished HTTP/2 GET https://localhost:5003/swagger/index.html - 200 null text/html;charset=utf-8 540.6306ms] []
[2025-05-18 12:16:04.008 +03:00] [INF] [] [0HNCLTIE36BPN:00000005] [/_vs/browserLink] [Request starting HTTP/2 GET https://localhost:5003/_vs/browserLink - null null] []
[2025-05-18 12:16:04.008 +03:00] [INF] [] [0HNCLTIE36BPN:00000003] [/_framework/aspnetcore-browser-refresh.js] [Request starting HTTP/2 GET https://localhost:5003/_framework/aspnetcore-browser-refresh.js - null null] []
[2025-05-18 12:16:04.065 +03:00] [INF] [] [0HNCLTIE36BPN:00000003] [/_framework/aspnetcore-browser-refresh.js] [Request finished HTTP/2 GET https://localhost:5003/_framework/aspnetcore-browser-refresh.js - 200 16503 application/javascript; charset=utf-8 59.2573ms] []
[2025-05-18 12:16:04.196 +03:00] [INF] [] [0HNCLTIE36BPN:00000005] [/_vs/browserLink] [Request finished HTTP/2 GET https://localhost:5003/_vs/browserLink - 200 null text/javascript; charset=UTF-8 188.9035ms] []
[2025-05-18 12:16:04.306 +03:00] [INF] [] [0HNCLTIE36BPN:00000007] [/swagger/v1/swagger.json] [Request starting HTTP/2 GET https://localhost:5003/swagger/v1/swagger.json - null null] []
[2025-05-18 12:16:04.376 +03:00] [INF] [] [0HNCLTIE36BPN:00000007] [/swagger/v1/swagger.json] [Request finished HTTP/2 GET https://localhost:5003/swagger/v1/swagger.json - 200 null application/json;charset=utf-8 79.1317ms] []
[2025-05-18 12:16:11.070 +03:00] [INF] [] [0HNCLTIE36BPO:00000001] [/swagger/index.html] [Request starting HTTP/1.1 GET https://a86e-41-81-46-57.ngrok-free.app/swagger/index.html - null null] []
[2025-05-18 12:16:11.109 +03:00] [INF] [] [0HNCLTIE36BPO:00000001] [/swagger/index.html] [Request finished HTTP/1.1 GET https://a86e-41-81-46-57.ngrok-free.app/swagger/index.html - 200 null text/html;charset=utf-8 39.9095ms] []
[2025-05-18 12:16:13.782 +03:00] [INF] [] [0HNCLTIE36BPO:00000002] [/_vs/browserLink] [Request starting HTTP/1.1 GET https://a86e-41-81-46-57.ngrok-free.app/_vs/browserLink - null null] []
[2025-05-18 12:16:13.813 +03:00] [INF] [] [0HNCLTIE36BPP:00000001] [/_framework/aspnetcore-browser-refresh.js] [Request starting HTTP/1.1 GET https://a86e-41-81-46-57.ngrok-free.app/_framework/aspnetcore-browser-refresh.js - null null] []
[2025-05-18 12:16:13.848 +03:00] [INF] [] [0HNCLTIE36BPP:00000001] [/_framework/aspnetcore-browser-refresh.js] [Request finished HTTP/1.1 GET https://a86e-41-81-46-57.ngrok-free.app/_framework/aspnetcore-browser-refresh.js - 200 16503 application/javascript; charset=utf-8 35.2502ms] []
[2025-05-18 12:16:13.880 +03:00] [INF] [] [0HNCLTIE36BPO:00000002] [/_vs/browserLink] [Request finished HTTP/1.1 GET https://a86e-41-81-46-57.ngrok-free.app/_vs/browserLink - 200 null text/javascript; charset=UTF-8 98.0827ms] []
[2025-05-18 12:16:34.494 +03:00] [INF] [] [0HNCLTIE36BPO:00000003] [/swagger/v1/swagger.json] [Request starting HTTP/1.1 GET https://a86e-41-81-46-57.ngrok-free.app/swagger/v1/swagger.json - null null] []
[2025-05-18 12:16:34.591 +03:00] [INF] [] [0HNCLTIE36BPO:00000003] [/swagger/v1/swagger.json] [Request finished HTTP/1.1 GET https://a86e-41-81-46-57.ngrok-free.app/swagger/v1/swagger.json - 200 null application/json;charset=utf-8 96.9139ms] []
[2025-05-18 12:17:11.815 +03:00] [INF] [] [0HNCLTIE36BPO:00000004] [/api/v1/mpesa/registration/urls] [Request starting HTTP/1.1 POST https://a86e-41-81-46-57.ngrok-free.app/api/v1/mpesa/registration/urls - null 0] []
[2025-05-18 12:17:12.162 +03:00] [INF] [] [0HNCLTIE36BPO:00000004] [/api/v1/mpesa/registration/urls] [CORS policy execution successful.] []
[2025-05-18 12:17:12.199 +03:00] [INF] [] [0HNCLTIE36BPO:00000004] [/api/v1/mpesa/registration/urls] [Executing endpoint 'DarajaAPI.Controllers.v1.MpesaRegistrationController.RegisterUrls (DarajaAPI)'] []
[2025-05-18 12:17:12.240 +03:00] [INF] [] [0HNCLTIE36BPO:00000004] [/api/v1/mpesa/registration/urls] [Route matched with {action = "RegisterUrls", controller = "MpesaRegistration"}. Executing controller action with signature System.Threading.Tasks.Task`1[Microsoft.AspNetCore.Mvc.IActionResult] RegisterUrls() on controller DarajaAPI.Controllers.v1.MpesaRegistrationController (DarajaAPI).] []
[2025-05-18 12:17:21.151 +03:00] [INF] [] [0HNCLTIE36BPO:00000004] [/api/v1/mpesa/registration/urls] [Executed action DarajaAPI.Controllers.v1.MpesaRegistrationController.RegisterUrls (DarajaAPI) in 8884.0104ms] []
[2025-05-18 12:17:21.184 +03:00] [INF] [] [0HNCLTIE36BPO:00000004] [/api/v1/mpesa/registration/urls] [Executed endpoint 'DarajaAPI.Controllers.v1.MpesaRegistrationController.RegisterUrls (DarajaAPI)'] []
[2025-05-18 12:17:21.279 +03:00] [ERR] [] [0HNCLTIE36BPO:00000004] [/api/v1/mpesa/registration/urls] [An unhandled exception has occurred while executing the request.] [System.ArgumentNullException: Value cannot be null. (Parameter 'uriString')
   at System.ArgumentNullException.Throw(String paramName)
   at System.ArgumentNullException.ThrowIfNull(Object argument, String paramName)
   at System.Uri..ctor(String uriString)
   at Program.<>c__DisplayClass0_0.<<Main>$>b__1(HttpClient client) in C:\Users\ianga\source\repos\DarajaIntegration\DarajaAPI\Program.cs:line 49
   at Microsoft.Extensions.Http.DefaultHttpClientFactory.CreateClient(String name)
   at DarajaAPI.Services.Daraja.DarajaAuthService.GetAccessTokenAsync() in C:\Users\ianga\source\repos\DarajaIntegration\DarajaAPI\Services\Daraja\DarajaAuthService.cs:line 22
   at DarajaAPI.Services.Daraja.DarajaRegistrationService.RegisterUrlsAsync() in C:\Users\ianga\source\repos\DarajaIntegration\DarajaAPI\Services\Daraja\DarajaRegistrationService.cs:line 24
   at DarajaAPI.Controllers.v1.MpesaRegistrationController.RegisterUrls() in C:\Users\ianga\source\repos\DarajaIntegration\DarajaAPI\Controllers\v1\MpesaRegistrationController.cs:line 31
   at Microsoft.AspNetCore.Mvc.Infrastructure.ActionMethodExecutor.TaskOfIActionResultExecutor.Execute(ActionContext actionContext, IActionResultTypeMapper mapper, ObjectMethodExecutor executor, Object controller, Object[] arguments)
   at Microsoft.AspNetCore.Mvc.Infrastructure.ControllerActionInvoker.<InvokeActionMethodAsync>g__Awaited|12_0(ControllerActionInvoker invoker, ValueTask`1 actionResultValueTask)
   at Microsoft.AspNetCore.Mvc.Infrastructure.ControllerActionInvoker.<InvokeNextActionFilterAsync>g__Awaited|10_0(ControllerActionInvoker invoker, Task lastTask, State next, Scope scope, Object state, Boolean isCompleted)
   at Microsoft.AspNetCore.Mvc.Infrastructure.ControllerActionInvoker.Rethrow(ActionExecutedContextSealed context)
   at Microsoft.AspNetCore.Mvc.Infrastructure.ControllerActionInvoker.Next(State& next, Scope& scope, Object& state, Boolean& isCompleted)
   at Microsoft.AspNetCore.Mvc.Infrastructure.ControllerActionInvoker.InvokeInnerFilterAsync()
--- End of stack trace from previous location ---
   at Microsoft.AspNetCore.Mvc.Infrastructure.ResourceInvoker.<InvokeFilterPipelineAsync>g__Awaited|20_0(ResourceInvoker invoker, Task lastTask, State next, Scope scope, Object state, Boolean isCompleted)
   at Microsoft.AspNetCore.Mvc.Infrastructure.ResourceInvoker.<InvokeAsync>g__Logged|17_1(ResourceInvoker invoker)
   at Microsoft.AspNetCore.Mvc.Infrastructure.ResourceInvoker.<InvokeAsync>g__Logged|17_1(ResourceInvoker invoker)
   at Microsoft.AspNetCore.Routing.EndpointMiddleware.<Invoke>g__AwaitRequestTask|7_0(Endpoint endpoint, Task requestTask, ILogger logger)
   at Microsoft.AspNetCore.Authorization.AuthorizationMiddleware.Invoke(HttpContext context)
   at Microsoft.AspNetCore.Authentication.AuthenticationMiddleware.Invoke(HttpContext context)
   at Swashbuckle.AspNetCore.SwaggerUI.SwaggerUIMiddleware.Invoke(HttpContext httpContext)
   at Swashbuckle.AspNetCore.Swagger.SwaggerMiddleware.Invoke(HttpContext httpContext, ISwaggerProvider swaggerProvider)
   at Microsoft.AspNetCore.Diagnostics.DeveloperExceptionPageMiddlewareImpl.Invoke(HttpContext context)
]
[2025-05-18 12:17:21.403 +03:00] [INF] [] [0HNCLTIE36BPO:00000004] [/api/v1/mpesa/registration/urls] [Request finished HTTP/1.1 POST https://a86e-41-81-46-57.ngrok-free.app/api/v1/mpesa/registration/urls - 500 null text/plain; charset=utf-8 9588.7698ms] []
[2025-05-18 12:17:49.617 +03:00] [INF] [] [] [] [Starting role seeding] []
[2025-05-18 12:17:52.787 +03:00] [INF] [] [] [] [Executed DbCommand (114ms) [Parameters=[@__normalizedName_0='?' (Size = 256)], CommandType='"Text"', CommandTimeout='30']
SELECT `r`.`Id`, `r`.`ConcurrencyStamp`, `r`.`Name`, `r`.`NormalizedName`
FROM `Role` AS `r`
WHERE `r`.`NormalizedName` = @__normalizedName_0
LIMIT 1] []
[2025-05-18 12:17:53.104 +03:00] [INF] [] [] [] [Executed DbCommand (38ms) [Parameters=[@__normalizedName_0='?' (Size = 256)], CommandType='"Text"', CommandTimeout='30']
SELECT `r`.`Id`, `r`.`ConcurrencyStamp`, `r`.`Name`, `r`.`NormalizedName`
FROM `Role` AS `r`
WHERE `r`.`NormalizedName` = @__normalizedName_0
LIMIT 1] []
[2025-05-18 12:17:53.131 +03:00] [INF] [] [] [] [Executed DbCommand (6ms) [Parameters=[@__normalizedName_0='?' (Size = 256)], CommandType='"Text"', CommandTimeout='30']
SELECT `r`.`Id`, `r`.`ConcurrencyStamp`, `r`.`Name`, `r`.`NormalizedName`
FROM `Role` AS `r`
WHERE `r`.`NormalizedName` = @__normalizedName_0
LIMIT 1] []
[2025-05-18 12:17:53.153 +03:00] [INF] [] [] [] [Executed DbCommand (4ms) [Parameters=[@__normalizedName_0='?' (Size = 256)], CommandType='"Text"', CommandTimeout='30']
SELECT `r`.`Id`, `r`.`ConcurrencyStamp`, `r`.`Name`, `r`.`NormalizedName`
FROM `Role` AS `r`
WHERE `r`.`NormalizedName` = @__normalizedName_0
LIMIT 1] []
[2025-05-18 12:17:53.167 +03:00] [INF] [] [] [] [Role seeding completed] []
[2025-05-18 12:17:53.172 +03:00] [INF] [] [] [] [Starting super admin seeding] []
[2025-05-18 12:17:53.229 +03:00] [INF] [] [] [] [Executed DbCommand (5ms) [Parameters=[@__defaultUser_Email_0='?' (Size = 256)], CommandType='"Text"', CommandTimeout='30']
SELECT NOT EXISTS (
    SELECT 1
    FROM `User` AS `u`
    WHERE (`u`.`Email` = @__defaultUser_Email_0) AND `u`.`Email` IS NOT NULL)] []
[2025-05-18 12:17:53.252 +03:00] [INF] [] [] [] [Super admin seeding completed] []
[2025-05-18 12:17:58.312 +03:00] [INF] [] [] [] [Executed DbCommand (9ms) [Parameters=[], CommandType='"Text"', CommandTimeout='30']
SELECT `m`.`Id`, `m`.`BillRefNumber`, `m`.`BusinessShortCode`, `m`.`CreatedAt`, `m`.`FirstName`, `m`.`InvoiceNumber`, `m`.`IsVerified`, `m`.`LastName`, `m`.`MSISDN`, `m`.`MiddleName`, `m`.`OrgAccountBalance`, `m`.`RetryCount`, `m`.`ThirdPartyTransID`, `m`.`TransAmount`, `m`.`TransID`, `m`.`TransTime`, `m`.`TransactionType`, `m`.`VerificationDate`, `m`.`VerificationResult`
FROM `MpesaC2Bs` AS `m`
WHERE NOT (`m`.`IsVerified`) AND (`m`.`CreatedAt` > DATE_ADD(UTC_TIMESTAMP(), INTERVAL CAST(-7.0 AS signed) day))] []
[2025-05-18 12:17:58.788 +03:00] [WRN] [] [] [] [The WebRootPath was not found: C:\Users\ianga\source\repos\DarajaIntegration\DarajaAPI\wwwroot. Static files may be unavailable.] []
[2025-05-18 12:17:59.040 +03:00] [INF] [] [] [] [Now listening on: https://localhost:5003] []
[2025-05-18 12:17:59.253 +03:00] [INF] [] [] [] [Application started. Press Ctrl+C to shut down.] []
[2025-05-18 12:17:59.257 +03:00] [INF] [] [] [] [Hosting environment: Development] []
[2025-05-18 12:17:59.260 +03:00] [INF] [] [] [] [Content root path: C:\Users\ianga\source\repos\DarajaIntegration\DarajaAPI] []
[2025-05-18 12:18:00.251 +03:00] [INF] [] [0HNCLTJGVSHGP:00000001] [/swagger/index.html] [Request starting HTTP/2 GET https://localhost:5003/swagger/index.html - null null] []
[2025-05-18 12:18:00.831 +03:00] [INF] [] [0HNCLTJGVSHGP:00000001] [/swagger/index.html] [Request finished HTTP/2 GET https://localhost:5003/swagger/index.html - 200 null text/html;charset=utf-8 596.6584ms] []
[2025-05-18 12:18:00.844 +03:00] [INF] [] [0HNCLTJGVSHGP:00000003] [/_framework/aspnetcore-browser-refresh.js] [Request starting HTTP/2 GET https://localhost:5003/_framework/aspnetcore-browser-refresh.js - null null] []
[2025-05-18 12:18:00.849 +03:00] [INF] [] [0HNCLTJGVSHGP:00000005] [/_vs/browserLink] [Request starting HTTP/2 GET https://localhost:5003/_vs/browserLink - null null] []
[2025-05-18 12:18:00.910 +03:00] [INF] [] [0HNCLTJGVSHGP:00000003] [/_framework/aspnetcore-browser-refresh.js] [Request finished HTTP/2 GET https://localhost:5003/_framework/aspnetcore-browser-refresh.js - 200 16503 application/javascript; charset=utf-8 66.4737ms] []
[2025-05-18 12:18:01.031 +03:00] [INF] [] [0HNCLTJGVSHGP:00000005] [/_vs/browserLink] [Request finished HTTP/2 GET https://localhost:5003/_vs/browserLink - 200 null text/javascript; charset=UTF-8 182.1811ms] []
[2025-05-18 12:18:01.108 +03:00] [INF] [] [0HNCLTJGVSHGP:00000007] [/swagger/v1/swagger.json] [Request starting HTTP/2 GET https://localhost:5003/swagger/v1/swagger.json - null null] []
[2025-05-18 12:18:01.158 +03:00] [INF] [] [0HNCLTJGVSHGP:00000007] [/swagger/v1/swagger.json] [Request finished HTTP/2 GET https://localhost:5003/swagger/v1/swagger.json - 200 null application/json;charset=utf-8 49.8652ms] []
[2025-05-18 12:18:03.189 +03:00] [INF] [] [0HNCLTJGVSHGQ:00000001] [/swagger/index.html] [Request starting HTTP/1.1 GET https://a86e-41-81-46-57.ngrok-free.app/swagger/index.html - null null] []
[2025-05-18 12:18:03.240 +03:00] [INF] [] [0HNCLTJGVSHGQ:00000001] [/swagger/index.html] [Request finished HTTP/1.1 GET https://a86e-41-81-46-57.ngrok-free.app/swagger/index.html - 200 null text/html;charset=utf-8 52.414ms] []
[2025-05-18 12:18:07.481 +03:00] [INF] [] [0HNCLTJGVSHGQ:00000002] [/_framework/aspnetcore-browser-refresh.js] [Request starting HTTP/1.1 GET https://a86e-41-81-46-57.ngrok-free.app/_framework/aspnetcore-browser-refresh.js - null null] []
[2025-05-18 12:18:07.513 +03:00] [INF] [] [0HNCLTJGVSHGQ:00000002] [/_framework/aspnetcore-browser-refresh.js] [Request finished HTTP/1.1 GET https://a86e-41-81-46-57.ngrok-free.app/_framework/aspnetcore-browser-refresh.js - 200 16503 application/javascript; charset=utf-8 31.7026ms] []
[2025-05-18 12:18:07.590 +03:00] [INF] [] [0HNCLTJGVSHGR:00000001] [/_vs/browserLink] [Request starting HTTP/1.1 GET https://a86e-41-81-46-57.ngrok-free.app/_vs/browserLink - null null] []
[2025-05-18 12:18:07.653 +03:00] [INF] [] [0HNCLTJGVSHGR:00000001] [/_vs/browserLink] [Request finished HTTP/1.1 GET https://a86e-41-81-46-57.ngrok-free.app/_vs/browserLink - 200 null text/javascript; charset=UTF-8 63.4454ms] []
[2025-05-18 12:18:24.290 +03:00] [INF] [] [0HNCLTJGVSHGR:00000002] [/swagger/v1/swagger.json] [Request starting HTTP/1.1 GET https://a86e-41-81-46-57.ngrok-free.app/swagger/v1/swagger.json - null null] []
[2025-05-18 12:18:24.391 +03:00] [INF] [] [0HNCLTJGVSHGR:00000002] [/swagger/v1/swagger.json] [Request finished HTTP/1.1 GET https://a86e-41-81-46-57.ngrok-free.app/swagger/v1/swagger.json - 200 null application/json;charset=utf-8 101.8204ms] []
[2025-05-18 12:18:47.432 +03:00] [INF] [] [0HNCLTJGVSHGR:00000003] [/api/v1/mpesa/registration/urls] [Request starting HTTP/1.1 POST https://a86e-41-81-46-57.ngrok-free.app/api/v1/mpesa/registration/urls - null 0] []
[2025-05-18 12:18:47.790 +03:00] [INF] [] [0HNCLTJGVSHGR:00000003] [/api/v1/mpesa/registration/urls] [CORS policy execution successful.] []
[2025-05-18 12:18:47.857 +03:00] [INF] [] [0HNCLTJGVSHGR:00000003] [/api/v1/mpesa/registration/urls] [Executing endpoint 'DarajaAPI.Controllers.v1.MpesaRegistrationController.RegisterUrls (DarajaAPI)'] []
[2025-05-18 12:18:47.967 +03:00] [INF] [] [0HNCLTJGVSHGR:00000003] [/api/v1/mpesa/registration/urls] [Route matched with {action = "RegisterUrls", controller = "MpesaRegistration"}. Executing controller action with signature System.Threading.Tasks.Task`1[Microsoft.AspNetCore.Mvc.IActionResult] RegisterUrls() on controller DarajaAPI.Controllers.v1.MpesaRegistrationController (DarajaAPI).] []
[2025-05-18 12:19:00.266 +03:00] [INF] [] [0HNCLTJGVSHGR:00000003] [/api/v1/mpesa/registration/urls] [Start processing HTTP request GET https://sandbox.safaricom.co.ke/oauth/v1/generate?grant_type=client_credentials] []
[2025-05-18 12:19:00.276 +03:00] [INF] [] [0HNCLTJGVSHGR:00000003] [/api/v1/mpesa/registration/urls] [Sending HTTP request GET https://sandbox.safaricom.co.ke/oauth/v1/generate?grant_type=client_credentials] []
[2025-05-18 12:19:01.809 +03:00] [INF] [] [0HNCLTJGVSHGR:00000003] [/api/v1/mpesa/registration/urls] [Received HTTP response headers after 1521.5422ms - 200] []
[2025-05-18 12:19:01.816 +03:00] [INF] [] [0HNCLTJGVSHGR:00000003] [/api/v1/mpesa/registration/urls] [End processing HTTP request after 1560.2019ms - 200] []
[2025-05-18 12:19:20.766 +03:00] [INF] [] [0HNCLTJGVSHGR:00000003] [/api/v1/mpesa/registration/urls] [Start processing HTTP request POST https://sandbox.safaricom.co.ke/] []
[2025-05-18 12:19:20.770 +03:00] [INF] [] [0HNCLTJGVSHGR:00000003] [/api/v1/mpesa/registration/urls] [Sending HTTP request POST https://sandbox.safaricom.co.ke/] []
[2025-05-18 12:19:21.255 +03:00] [INF] [] [0HNCLTJGVSHGR:00000003] [/api/v1/mpesa/registration/urls] [Received HTTP response headers after 480.3581ms - 404] []
[2025-05-18 12:19:21.268 +03:00] [INF] [] [0HNCLTJGVSHGR:00000003] [/api/v1/mpesa/registration/urls] [End processing HTTP request after 502.2627ms - 404] []
[2025-05-18 12:19:22.363 +03:00] [ERR] [] [0HNCLTJGVSHGR:00000003] [/api/v1/mpesa/registration/urls] [URL registration failed: ] []
[2025-05-18 12:19:24.937 +03:00] [INF] [] [0HNCLTJGVSHGR:00000003] [/api/v1/mpesa/registration/urls] [Executing OkObjectResult, writing value of type 'System.String'.] []
[2025-05-18 12:19:24.954 +03:00] [INF] [] [0HNCLTJGVSHGR:00000003] [/api/v1/mpesa/registration/urls] [Executed action DarajaAPI.Controllers.v1.MpesaRegistrationController.RegisterUrls (DarajaAPI) in 36964.9345ms] []
[2025-05-18 12:19:24.962 +03:00] [INF] [] [0HNCLTJGVSHGR:00000003] [/api/v1/mpesa/registration/urls] [Executed endpoint 'DarajaAPI.Controllers.v1.MpesaRegistrationController.RegisterUrls (DarajaAPI)'] []
[2025-05-18 12:19:24.973 +03:00] [INF] [] [0HNCLTJGVSHGR:00000003] [/api/v1/mpesa/registration/urls] [Request finished HTTP/1.1 POST https://a86e-41-81-46-57.ngrok-free.app/api/v1/mpesa/registration/urls - 200 0 text/plain; charset=utf-8 37541.2028ms] []
[2025-05-18 12:26:08.710 +03:00] [INF] [] [0HNCLTJGVSHGS:00000001] [/api/v1/mpesa/payments/simulate-lipa-na] [Request starting HTTP/1.1 POST https://a86e-41-81-46-57.ngrok-free.app/api/v1/mpesa/payments/simulate-lipa-na - application/json 117] []
[2025-05-18 12:26:08.748 +03:00] [INF] [] [0HNCLTJGVSHGS:00000001] [/api/v1/mpesa/payments/simulate-lipa-na] [CORS policy execution successful.] []
[2025-05-18 12:26:08.762 +03:00] [INF] [] [0HNCLTJGVSHGS:00000001] [/api/v1/mpesa/payments/simulate-lipa-na] [Executing endpoint 'DarajaAPI.Controllers.v1.MpesaPaymentController.SimulateLipaNaPayment (DarajaAPI)'] []
[2025-05-18 12:26:08.809 +03:00] [INF] [] [0HNCLTJGVSHGS:00000001] [/api/v1/mpesa/payments/simulate-lipa-na] [Route matched with {action = "SimulateLipaNaPayment", controller = "MpesaPayment"}. Executing controller action with signature System.Threading.Tasks.Task`1[Microsoft.AspNetCore.Mvc.IActionResult] SimulateLipaNaPayment(DarajaAPI.Models.Dto.LipaNaSimulationRequest) on controller DarajaAPI.Controllers.v1.MpesaPaymentController (DarajaAPI).] []
[2025-05-18 12:26:08.988 +03:00] [INF] [] [0HNCLTJGVSHGS:00000001] [/api/v1/mpesa/payments/simulate-lipa-na] [Executing BadRequestObjectResult, writing value of type 'Microsoft.AspNetCore.Mvc.ValidationProblemDetails'.] []
[2025-05-18 12:26:09.082 +03:00] [INF] [] [0HNCLTJGVSHGS:00000001] [/api/v1/mpesa/payments/simulate-lipa-na] [Executed action DarajaAPI.Controllers.v1.MpesaPaymentController.SimulateLipaNaPayment (DarajaAPI) in 257.9124ms] []
[2025-05-18 12:26:09.097 +03:00] [INF] [] [0HNCLTJGVSHGS:00000001] [/api/v1/mpesa/payments/simulate-lipa-na] [Executed endpoint 'DarajaAPI.Controllers.v1.MpesaPaymentController.SimulateLipaNaPayment (DarajaAPI)'] []
[2025-05-18 12:26:09.108 +03:00] [INF] [] [0HNCLTJGVSHGS:00000001] [/api/v1/mpesa/payments/simulate-lipa-na] [Request finished HTTP/1.1 POST https://a86e-41-81-46-57.ngrok-free.app/api/v1/mpesa/payments/simulate-lipa-na - 400 null application/problem+json; charset=utf-8 411.2833ms] []
[2025-05-18 12:26:59.106 +03:00] [INF] [] [0HNCLTJGVSHGS:00000002] [/api/v1/mpesa/payments/simulate-lipa-na] [Request starting HTTP/1.1 POST https://a86e-41-81-46-57.ngrok-free.app/api/v1/mpesa/payments/simulate-lipa-na - application/json 123] []
[2025-05-18 12:26:59.151 +03:00] [INF] [] [0HNCLTJGVSHGS:00000002] [/api/v1/mpesa/payments/simulate-lipa-na] [CORS policy execution successful.] []
[2025-05-18 12:26:59.168 +03:00] [INF] [] [0HNCLTJGVSHGS:00000002] [/api/v1/mpesa/payments/simulate-lipa-na] [Executing endpoint 'DarajaAPI.Controllers.v1.MpesaPaymentController.SimulateLipaNaPayment (DarajaAPI)'] []
[2025-05-18 12:26:59.180 +03:00] [INF] [] [0HNCLTJGVSHGS:00000002] [/api/v1/mpesa/payments/simulate-lipa-na] [Route matched with {action = "SimulateLipaNaPayment", controller = "MpesaPayment"}. Executing controller action with signature System.Threading.Tasks.Task`1[Microsoft.AspNetCore.Mvc.IActionResult] SimulateLipaNaPayment(DarajaAPI.Models.Dto.LipaNaSimulationRequest) on controller DarajaAPI.Controllers.v1.MpesaPaymentController (DarajaAPI).] []
[2025-05-18 12:27:26.362 +03:00] [INF] [] [0HNCLTJGVSHGS:00000002] [/api/v1/mpesa/payments/simulate-lipa-na] [Executing BadRequestObjectResult, writing value of type 'Microsoft.AspNetCore.Mvc.ValidationProblemDetails'.] []
[2025-05-18 12:27:26.367 +03:00] [INF] [] [0HNCLTJGVSHGS:00000002] [/api/v1/mpesa/payments/simulate-lipa-na] [Executed action DarajaAPI.Controllers.v1.MpesaPaymentController.SimulateLipaNaPayment (DarajaAPI) in 27165.1854ms] []
[2025-05-18 12:27:26.371 +03:00] [INF] [] [0HNCLTJGVSHGS:00000002] [/api/v1/mpesa/payments/simulate-lipa-na] [Executed endpoint 'DarajaAPI.Controllers.v1.MpesaPaymentController.SimulateLipaNaPayment (DarajaAPI)'] []
[2025-05-18 12:27:26.375 +03:00] [INF] [] [0HNCLTJGVSHGS:00000002] [/api/v1/mpesa/payments/simulate-lipa-na] [Request finished HTTP/1.1 POST https://a86e-41-81-46-57.ngrok-free.app/api/v1/mpesa/payments/simulate-lipa-na - 400 null application/problem+json; charset=utf-8 27286.3238ms] []
[2025-05-18 12:32:58.761 +03:00] [INF] [] [] [] [Executed DbCommand (9ms) [Parameters=[], CommandType='"Text"', CommandTimeout='30']
SELECT `m`.`Id`, `m`.`BillRefNumber`, `m`.`BusinessShortCode`, `m`.`CreatedAt`, `m`.`FirstName`, `m`.`InvoiceNumber`, `m`.`IsVerified`, `m`.`LastName`, `m`.`MSISDN`, `m`.`MiddleName`, `m`.`OrgAccountBalance`, `m`.`RetryCount`, `m`.`ThirdPartyTransID`, `m`.`TransAmount`, `m`.`TransID`, `m`.`TransTime`, `m`.`TransactionType`, `m`.`VerificationDate`, `m`.`VerificationResult`
FROM `MpesaC2Bs` AS `m`
WHERE NOT (`m`.`IsVerified`) AND (`m`.`CreatedAt` > DATE_ADD(UTC_TIMESTAMP(), INTERVAL CAST(-7.0 AS signed) day))] []
[2025-05-18 12:36:42.724 +03:00] [INF] [] [] [] [Starting role seeding] []
[2025-05-18 12:36:47.335 +03:00] [INF] [] [] [] [Executed DbCommand (153ms) [Parameters=[@__normalizedName_0='?' (Size = 256)], CommandType='"Text"', CommandTimeout='30']
SELECT `r`.`Id`, `r`.`ConcurrencyStamp`, `r`.`Name`, `r`.`NormalizedName`
FROM `Role` AS `r`
WHERE `r`.`NormalizedName` = @__normalizedName_0
LIMIT 1] []
[2025-05-18 12:36:47.718 +03:00] [INF] [] [] [] [Executed DbCommand (14ms) [Parameters=[@__normalizedName_0='?' (Size = 256)], CommandType='"Text"', CommandTimeout='30']
SELECT `r`.`Id`, `r`.`ConcurrencyStamp`, `r`.`Name`, `r`.`NormalizedName`
FROM `Role` AS `r`
WHERE `r`.`NormalizedName` = @__normalizedName_0
LIMIT 1] []
[2025-05-18 12:36:47.731 +03:00] [INF] [] [] [] [Executed DbCommand (3ms) [Parameters=[@__normalizedName_0='?' (Size = 256)], CommandType='"Text"', CommandTimeout='30']
SELECT `r`.`Id`, `r`.`ConcurrencyStamp`, `r`.`Name`, `r`.`NormalizedName`
FROM `Role` AS `r`
WHERE `r`.`NormalizedName` = @__normalizedName_0
LIMIT 1] []
[2025-05-18 12:36:47.744 +03:00] [INF] [] [] [] [Executed DbCommand (3ms) [Parameters=[@__normalizedName_0='?' (Size = 256)], CommandType='"Text"', CommandTimeout='30']
SELECT `r`.`Id`, `r`.`ConcurrencyStamp`, `r`.`Name`, `r`.`NormalizedName`
FROM `Role` AS `r`
WHERE `r`.`NormalizedName` = @__normalizedName_0
LIMIT 1] []
[2025-05-18 12:36:47.750 +03:00] [INF] [] [] [] [Role seeding completed] []
[2025-05-18 12:36:47.753 +03:00] [INF] [] [] [] [Starting super admin seeding] []
[2025-05-18 12:36:47.827 +03:00] [INF] [] [] [] [Executed DbCommand (6ms) [Parameters=[@__defaultUser_Email_0='?' (Size = 256)], CommandType='"Text"', CommandTimeout='30']
SELECT NOT EXISTS (
    SELECT 1
    FROM `User` AS `u`
    WHERE (`u`.`Email` = @__defaultUser_Email_0) AND `u`.`Email` IS NOT NULL)] []
[2025-05-18 12:36:47.853 +03:00] [INF] [] [] [] [Super admin seeding completed] []
[2025-05-18 12:37:56.941 +03:00] [INF] [] [] [] [Executed DbCommand (4ms) [Parameters=[], CommandType='"Text"', CommandTimeout='30']
SELECT `m`.`Id`, `m`.`BillRefNumber`, `m`.`BusinessShortCode`, `m`.`CreatedAt`, `m`.`FirstName`, `m`.`InvoiceNumber`, `m`.`IsVerified`, `m`.`LastName`, `m`.`MSISDN`, `m`.`MiddleName`, `m`.`OrgAccountBalance`, `m`.`RetryCount`, `m`.`ThirdPartyTransID`, `m`.`TransAmount`, `m`.`TransID`, `m`.`TransTime`, `m`.`TransactionType`, `m`.`VerificationDate`, `m`.`VerificationResult`
FROM `MpesaC2Bs` AS `m`
WHERE NOT (`m`.`IsVerified`) AND (`m`.`CreatedAt` > DATE_ADD(UTC_TIMESTAMP(), INTERVAL CAST(-7.0 AS signed) day))] []
[2025-05-18 12:37:57.205 +03:00] [WRN] [] [] [] [The WebRootPath was not found: C:\Users\ianga\source\repos\DarajaIntegration\DarajaAPI\wwwroot. Static files may be unavailable.] []
[2025-05-18 12:37:57.604 +03:00] [INF] [] [] [] [Now listening on: https://localhost:5003] []
[2025-05-18 12:37:57.779 +03:00] [INF] [] [] [] [Application started. Press Ctrl+C to shut down.] []
[2025-05-18 12:37:57.783 +03:00] [INF] [] [] [] [Hosting environment: Development] []
[2025-05-18 12:37:57.788 +03:00] [INF] [] [] [] [Content root path: C:\Users\ianga\source\repos\DarajaIntegration\DarajaAPI] []
[2025-05-18 12:37:59.102 +03:00] [INF] [] [0HNCLTUM8V3S3:00000001] [/swagger/index.html] [Request starting HTTP/2 GET https://localhost:5003/swagger/index.html - null null] []
[2025-05-18 12:37:59.603 +03:00] [INF] [] [0HNCLTUM8V3S3:00000001] [/swagger/index.html] [Request finished HTTP/2 GET https://localhost:5003/swagger/index.html - 200 null text/html;charset=utf-8 520.7489ms] []
[2025-05-18 12:37:59.616 +03:00] [INF] [] [0HNCLTUM8V3S3:00000003] [/_framework/aspnetcore-browser-refresh.js] [Request starting HTTP/2 GET https://localhost:5003/_framework/aspnetcore-browser-refresh.js - null null] []
[2025-05-18 12:37:59.620 +03:00] [INF] [] [0HNCLTUM8V3S3:00000005] [/_vs/browserLink] [Request starting HTTP/2 GET https://localhost:5003/_vs/browserLink - null null] []
[2025-05-18 12:37:59.652 +03:00] [INF] [] [0HNCLTUM8V3S3:00000003] [/_framework/aspnetcore-browser-refresh.js] [Request finished HTTP/2 GET https://localhost:5003/_framework/aspnetcore-browser-refresh.js - 200 16503 application/javascript; charset=utf-8 35.3668ms] []
[2025-05-18 12:37:59.838 +03:00] [INF] [] [0HNCLTUM8V3S3:00000005] [/_vs/browserLink] [Request finished HTTP/2 GET https://localhost:5003/_vs/browserLink - 200 null text/javascript; charset=UTF-8 218.136ms] []
[2025-05-18 12:37:59.936 +03:00] [INF] [] [0HNCLTUM8V3S3:00000007] [/swagger/v1/swagger.json] [Request starting HTTP/2 GET https://localhost:5003/swagger/v1/swagger.json - null null] []
[2025-05-18 12:38:00.001 +03:00] [INF] [] [0HNCLTUM8V3S3:00000007] [/swagger/v1/swagger.json] [Request finished HTTP/2 GET https://localhost:5003/swagger/v1/swagger.json - 200 null application/json;charset=utf-8 64.9949ms] []
[2025-05-18 12:39:27.208 +03:00] [INF] [] [0HNCLTUM8V3S4:00000001] [/api/v1/mpesa/payments/simulate-lipa-na] [Request starting HTTP/1.1 POST https://a86e-41-81-46-57.ngrok-free.app/api/v1/mpesa/payments/simulate-lipa-na - application/json 131] []
[2025-05-18 12:39:27.576 +03:00] [INF] [] [0HNCLTUM8V3S4:00000001] [/api/v1/mpesa/payments/simulate-lipa-na] [CORS policy execution successful.] []
[2025-05-18 12:39:27.676 +03:00] [INF] [] [0HNCLTUM8V3S4:00000001] [/api/v1/mpesa/payments/simulate-lipa-na] [Executing endpoint 'DarajaAPI.Controllers.v1.MpesaPaymentController.SimulateLipaNaPayment (DarajaAPI)'] []
[2025-05-18 12:39:27.746 +03:00] [INF] [] [0HNCLTUM8V3S4:00000001] [/api/v1/mpesa/payments/simulate-lipa-na] [Route matched with {action = "SimulateLipaNaPayment", controller = "MpesaPayment"}. Executing controller action with signature System.Threading.Tasks.Task`1[Microsoft.AspNetCore.Mvc.IActionResult] SimulateLipaNaPayment(DarajaAPI.Models.Dto.LipaNaSimulationRequest) on controller DarajaAPI.Controllers.v1.MpesaPaymentController (DarajaAPI).] []
[2025-05-18 12:43:59.174 +03:00] [INF] [] [0HNCLTUM8V3S4:00000001] [/api/v1/mpesa/payments/simulate-lipa-na] [Executing BadRequestObjectResult, writing value of type '<>f__AnonymousType1`3[[System.String, System.Private.CoreLib, Version=8.0.0.0, Culture=neutral, PublicKeyToken=7cec85d7bea7798e],[System.String, System.Private.CoreLib, Version=8.0.0.0, Culture=neutral, PublicKeyToken=7cec85d7bea7798e],[System.String, System.Private.CoreLib, Version=8.0.0.0, Culture=neutral, PublicKeyToken=7cec85d7bea7798e]]'.] []
[2025-05-18 12:43:59.281 +03:00] [INF] [] [0HNCLTUM8V3S4:00000001] [/api/v1/mpesa/payments/simulate-lipa-na] [Executed action DarajaAPI.Controllers.v1.MpesaPaymentController.SimulateLipaNaPayment (DarajaAPI) in 271483.4204ms] []
[2025-05-18 12:43:59.307 +03:00] [INF] [] [0HNCLTUM8V3S4:00000001] [/api/v1/mpesa/payments/simulate-lipa-na] [Executed endpoint 'DarajaAPI.Controllers.v1.MpesaPaymentController.SimulateLipaNaPayment (DarajaAPI)'] []
[2025-05-18 12:43:59.316 +03:00] [INF] [] [0HNCLTUM8V3S4:00000001] [/api/v1/mpesa/payments/simulate-lipa-na] [Request finished HTTP/1.1 POST https://a86e-41-81-46-57.ngrok-free.app/api/v1/mpesa/payments/simulate-lipa-na - 400 null application/json; charset=utf-8 272108.9167ms] []
[2025-05-18 12:49:40.372 +03:00] [INF] [] [0HNCLTUM8V3S5:00000001] [/api/v1/mpesa/payments/simulate-lipa-na] [Request starting HTTP/1.1 POST https://a86e-41-81-46-57.ngrok-free.app/api/v1/mpesa/payments/simulate-lipa-na - application/json 130] []
[2025-05-18 12:49:40.420 +03:00] [INF] [] [0HNCLTUM8V3S5:00000001] [/api/v1/mpesa/payments/simulate-lipa-na] [CORS policy execution successful.] []
[2025-05-18 12:49:40.431 +03:00] [INF] [] [0HNCLTUM8V3S5:00000001] [/api/v1/mpesa/payments/simulate-lipa-na] [Executing endpoint 'DarajaAPI.Controllers.v1.MpesaPaymentController.SimulateLipaNaPayment (DarajaAPI)'] []
[2025-05-18 12:49:40.435 +03:00] [INF] [] [0HNCLTUM8V3S5:00000001] [/api/v1/mpesa/payments/simulate-lipa-na] [Route matched with {action = "SimulateLipaNaPayment", controller = "MpesaPayment"}. Executing controller action with signature System.Threading.Tasks.Task`1[Microsoft.AspNetCore.Mvc.IActionResult] SimulateLipaNaPayment(DarajaAPI.Models.Dto.LipaNaSimulationRequest) on controller DarajaAPI.Controllers.v1.MpesaPaymentController (DarajaAPI).] []
[2025-05-18 12:49:40.464 +03:00] [INF] [] [0HNCLTUM8V3S5:00000001] [/api/v1/mpesa/payments/simulate-lipa-na] [Executing BadRequestObjectResult, writing value of type 'Microsoft.AspNetCore.Mvc.ValidationProblemDetails'.] []
[2025-05-18 12:49:40.530 +03:00] [INF] [] [0HNCLTUM8V3S5:00000001] [/api/v1/mpesa/payments/simulate-lipa-na] [Executed action DarajaAPI.Controllers.v1.MpesaPaymentController.SimulateLipaNaPayment (DarajaAPI) in 85.1207ms] []
[2025-05-18 12:49:40.535 +03:00] [INF] [] [0HNCLTUM8V3S5:00000001] [/api/v1/mpesa/payments/simulate-lipa-na] [Executed endpoint 'DarajaAPI.Controllers.v1.MpesaPaymentController.SimulateLipaNaPayment (DarajaAPI)'] []
[2025-05-18 12:49:40.539 +03:00] [INF] [] [0HNCLTUM8V3S5:00000001] [/api/v1/mpesa/payments/simulate-lipa-na] [Request finished HTTP/1.1 POST https://a86e-41-81-46-57.ngrok-free.app/api/v1/mpesa/payments/simulate-lipa-na - 400 null application/problem+json; charset=utf-8 168.1363ms] []
[2025-05-18 12:50:11.039 +03:00] [INF] [] [0HNCLTUM8V3S6:00000001] [/api/v1/mpesa/payments/simulate-lipa-na] [Request starting HTTP/1.1 POST https://a86e-41-81-46-57.ngrok-free.app/api/v1/mpesa/payments/simulate-lipa-na - application/json 130] []
[2025-05-18 12:50:11.098 +03:00] [INF] [] [0HNCLTUM8V3S6:00000001] [/api/v1/mpesa/payments/simulate-lipa-na] [CORS policy execution successful.] []
[2025-05-18 12:50:11.106 +03:00] [INF] [] [0HNCLTUM8V3S6:00000001] [/api/v1/mpesa/payments/simulate-lipa-na] [Executing endpoint 'DarajaAPI.Controllers.v1.MpesaPaymentController.SimulateLipaNaPayment (DarajaAPI)'] []
[2025-05-18 12:50:11.111 +03:00] [INF] [] [0HNCLTUM8V3S6:00000001] [/api/v1/mpesa/payments/simulate-lipa-na] [Route matched with {action = "SimulateLipaNaPayment", controller = "MpesaPayment"}. Executing controller action with signature System.Threading.Tasks.Task`1[Microsoft.AspNetCore.Mvc.IActionResult] SimulateLipaNaPayment(DarajaAPI.Models.Dto.LipaNaSimulationRequest) on controller DarajaAPI.Controllers.v1.MpesaPaymentController (DarajaAPI).] []
[2025-05-18 12:50:11.120 +03:00] [INF] [] [0HNCLTUM8V3S6:00000001] [/api/v1/mpesa/payments/simulate-lipa-na] [Executing BadRequestObjectResult, writing value of type 'Microsoft.AspNetCore.Mvc.ValidationProblemDetails'.] []
[2025-05-18 12:50:11.126 +03:00] [INF] [] [0HNCLTUM8V3S6:00000001] [/api/v1/mpesa/payments/simulate-lipa-na] [Executed action DarajaAPI.Controllers.v1.MpesaPaymentController.SimulateLipaNaPayment (DarajaAPI) in 8.5245ms] []
[2025-05-18 12:50:11.131 +03:00] [INF] [] [0HNCLTUM8V3S6:00000001] [/api/v1/mpesa/payments/simulate-lipa-na] [Executed endpoint 'DarajaAPI.Controllers.v1.MpesaPaymentController.SimulateLipaNaPayment (DarajaAPI)'] []
[2025-05-18 12:50:11.135 +03:00] [INF] [] [0HNCLTUM8V3S6:00000001] [/api/v1/mpesa/payments/simulate-lipa-na] [Request finished HTTP/1.1 POST https://a86e-41-81-46-57.ngrok-free.app/api/v1/mpesa/payments/simulate-lipa-na - 400 null application/problem+json; charset=utf-8 97.1032ms] []
[2025-05-18 12:50:41.274 +03:00] [INF] [] [] [] [Starting role seeding] []
[2025-05-18 12:50:45.848 +03:00] [INF] [] [] [] [Executed DbCommand (125ms) [Parameters=[@__normalizedName_0='?' (Size = 256)], CommandType='"Text"', CommandTimeout='30']
SELECT `r`.`Id`, `r`.`ConcurrencyStamp`, `r`.`Name`, `r`.`NormalizedName`
FROM `Role` AS `r`
WHERE `r`.`NormalizedName` = @__normalizedName_0
LIMIT 1] []
[2025-05-18 12:50:46.189 +03:00] [INF] [] [] [] [Executed DbCommand (51ms) [Parameters=[@__normalizedName_0='?' (Size = 256)], CommandType='"Text"', CommandTimeout='30']
SELECT `r`.`Id`, `r`.`ConcurrencyStamp`, `r`.`Name`, `r`.`NormalizedName`
FROM `Role` AS `r`
WHERE `r`.`NormalizedName` = @__normalizedName_0
LIMIT 1] []
[2025-05-18 12:50:46.209 +03:00] [INF] [] [] [] [Executed DbCommand (5ms) [Parameters=[@__normalizedName_0='?' (Size = 256)], CommandType='"Text"', CommandTimeout='30']
SELECT `r`.`Id`, `r`.`ConcurrencyStamp`, `r`.`Name`, `r`.`NormalizedName`
FROM `Role` AS `r`
WHERE `r`.`NormalizedName` = @__normalizedName_0
LIMIT 1] []
[2025-05-18 12:50:46.232 +03:00] [INF] [] [] [] [Executed DbCommand (5ms) [Parameters=[@__normalizedName_0='?' (Size = 256)], CommandType='"Text"', CommandTimeout='30']
SELECT `r`.`Id`, `r`.`ConcurrencyStamp`, `r`.`Name`, `r`.`NormalizedName`
FROM `Role` AS `r`
WHERE `r`.`NormalizedName` = @__normalizedName_0
LIMIT 1] []
[2025-05-18 12:50:46.248 +03:00] [INF] [] [] [] [Role seeding completed] []
[2025-05-18 12:50:46.255 +03:00] [INF] [] [] [] [Starting super admin seeding] []
[2025-05-18 12:50:46.336 +03:00] [INF] [] [] [] [Executed DbCommand (5ms) [Parameters=[@__defaultUser_Email_0='?' (Size = 256)], CommandType='"Text"', CommandTimeout='30']
SELECT NOT EXISTS (
    SELECT 1
    FROM `User` AS `u`
    WHERE (`u`.`Email` = @__defaultUser_Email_0) AND `u`.`Email` IS NOT NULL)] []
[2025-05-18 12:50:46.350 +03:00] [INF] [] [] [] [Super admin seeding completed] []
[2025-05-18 12:50:50.269 +03:00] [INF] [] [] [] [Executed DbCommand (11ms) [Parameters=[], CommandType='"Text"', CommandTimeout='30']
SELECT `m`.`Id`, `m`.`BillRefNumber`, `m`.`BusinessShortCode`, `m`.`CreatedAt`, `m`.`FirstName`, `m`.`InvoiceNumber`, `m`.`IsVerified`, `m`.`LastName`, `m`.`MSISDN`, `m`.`MiddleName`, `m`.`OrgAccountBalance`, `m`.`RetryCount`, `m`.`ThirdPartyTransID`, `m`.`TransAmount`, `m`.`TransID`, `m`.`TransTime`, `m`.`TransactionType`, `m`.`VerificationDate`, `m`.`VerificationResult`
FROM `MpesaC2Bs` AS `m`
WHERE NOT (`m`.`IsVerified`) AND (`m`.`CreatedAt` > DATE_ADD(UTC_TIMESTAMP(), INTERVAL CAST(-7.0 AS signed) day))] []
[2025-05-18 12:50:50.695 +03:00] [WRN] [] [] [] [The WebRootPath was not found: C:\Users\ianga\source\repos\DarajaIntegration\DarajaAPI\wwwroot. Static files may be unavailable.] []
[2025-05-18 12:50:51.059 +03:00] [INF] [] [] [] [Now listening on: https://localhost:5003] []
[2025-05-18 12:50:51.451 +03:00] [INF] [] [] [] [Application started. Press Ctrl+C to shut down.] []
[2025-05-18 12:50:51.454 +03:00] [INF] [] [] [] [Hosting environment: Development] []
[2025-05-18 12:50:51.458 +03:00] [INF] [] [] [] [Content root path: C:\Users\ianga\source\repos\DarajaIntegration\DarajaAPI] []
[2025-05-18 12:50:52.534 +03:00] [INF] [] [0HNCLU5SMUD3A:00000001] [/swagger/index.html] [Request starting HTTP/2 GET https://localhost:5003/swagger/index.html - null null] []
[2025-05-18 12:50:53.615 +03:00] [INF] [] [0HNCLU5SMUD3A:00000001] [/swagger/index.html] [Request finished HTTP/2 GET https://localhost:5003/swagger/index.html - 200 null text/html;charset=utf-8 1097.4912ms] []
[2025-05-18 12:50:53.728 +03:00] [INF] [] [0HNCLU5SMUD3A:00000003] [/_framework/aspnetcore-browser-refresh.js] [Request starting HTTP/2 GET https://localhost:5003/_framework/aspnetcore-browser-refresh.js - null null] []
[2025-05-18 12:50:53.728 +03:00] [INF] [] [0HNCLU5SMUD3A:00000005] [/_vs/browserLink] [Request starting HTTP/2 GET https://localhost:5003/_vs/browserLink - null null] []
[2025-05-18 12:50:53.761 +03:00] [INF] [] [0HNCLU5SMUD3A:00000003] [/_framework/aspnetcore-browser-refresh.js] [Request finished HTTP/2 GET https://localhost:5003/_framework/aspnetcore-browser-refresh.js - 200 16503 application/javascript; charset=utf-8 34.866ms] []
[2025-05-18 12:50:54.028 +03:00] [INF] [] [0HNCLU5SMUD3A:00000005] [/_vs/browserLink] [Request finished HTTP/2 GET https://localhost:5003/_vs/browserLink - 200 null text/javascript; charset=UTF-8 302.6433ms] []
[2025-05-18 12:50:54.381 +03:00] [INF] [] [0HNCLU5SMUD3A:00000007] [/swagger/v1/swagger.json] [Request starting HTTP/2 GET https://localhost:5003/swagger/v1/swagger.json - null null] []
[2025-05-18 12:50:54.563 +03:00] [INF] [] [0HNCLU5SMUD3A:00000007] [/swagger/v1/swagger.json] [Request finished HTTP/2 GET https://localhost:5003/swagger/v1/swagger.json - 200 null application/json;charset=utf-8 182.5887ms] []
[2025-05-18 12:51:15.959 +03:00] [INF] [] [0HNCLU5SMUD3B:00000001] [/api/v1/mpesa/payments/simulate-lipa-na] [Request starting HTTP/1.1 POST https://a86e-41-81-46-57.ngrok-free.app/api/v1/mpesa/payments/simulate-lipa-na - application/json 130] []
[2025-05-18 12:51:16.161 +03:00] [INF] [] [0HNCLU5SMUD3B:00000001] [/api/v1/mpesa/payments/simulate-lipa-na] [CORS policy execution successful.] []
[2025-05-18 12:51:16.194 +03:00] [INF] [] [0HNCLU5SMUD3B:00000001] [/api/v1/mpesa/payments/simulate-lipa-na] [Executing endpoint 'DarajaAPI.Controllers.v1.MpesaPaymentController.SimulateLipaNaPayment (DarajaAPI)'] []
[2025-05-18 12:51:16.260 +03:00] [INF] [] [0HNCLU5SMUD3B:00000001] [/api/v1/mpesa/payments/simulate-lipa-na] [Route matched with {action = "SimulateLipaNaPayment", controller = "MpesaPayment"}. Executing controller action with signature System.Threading.Tasks.Task`1[Microsoft.AspNetCore.Mvc.IActionResult] SimulateLipaNaPayment(DarajaAPI.Models.Dto.LipaNaSimulationRequest) on controller DarajaAPI.Controllers.v1.MpesaPaymentController (DarajaAPI).] []
[2025-05-18 12:51:50.941 +03:00] [INF] [] [0HNCLU5SMUD3B:00000001] [/api/v1/mpesa/payments/simulate-lipa-na] [Executing OkObjectResult, writing value of type '<>f__AnonymousType2`4[[System.String, System.Private.CoreLib, Version=8.0.0.0, Culture=neutral, PublicKeyToken=7cec85d7bea7798e],[System.Decimal, System.Private.CoreLib, Version=8.0.0.0, Culture=neutral, PublicKeyToken=7cec85d7bea7798e],[System.String, System.Private.CoreLib, Version=8.0.0.0, Culture=neutral, PublicKeyToken=7cec85d7bea7798e],[System.String, System.Private.CoreLib, Version=8.0.0.0, Culture=neutral, PublicKeyToken=7cec85d7bea7798e]]'.] []
[2025-05-18 12:51:51.699 +03:00] [INF] [] [0HNCLU5SMUD3B:00000001] [/api/v1/mpesa/payments/simulate-lipa-na] [Executed action DarajaAPI.Controllers.v1.MpesaPaymentController.SimulateLipaNaPayment (DarajaAPI) in 35420.4ms] []
[2025-05-18 12:51:51.706 +03:00] [INF] [] [0HNCLU5SMUD3B:00000001] [/api/v1/mpesa/payments/simulate-lipa-na] [Executed endpoint 'DarajaAPI.Controllers.v1.MpesaPaymentController.SimulateLipaNaPayment (DarajaAPI)'] []
[2025-05-18 12:51:51.720 +03:00] [INF] [] [0HNCLU5SMUD3B:00000001] [/api/v1/mpesa/payments/simulate-lipa-na] [Request finished HTTP/1.1 POST https://a86e-41-81-46-57.ngrok-free.app/api/v1/mpesa/payments/simulate-lipa-na - 499 null application/json; charset=utf-8 35761.4887ms] []
[2025-05-18 12:53:43.804 +03:00] [INF] [] [0HNCLU5SMUD3C:00000001] [/api/v1/mpesa/payments/simulate-lipa-na] [Request starting HTTP/1.1 POST https://a86e-41-81-46-57.ngrok-free.app/api/v1/mpesa/payments/simulate-lipa-na - application/json 130] []
[2025-05-18 12:53:43.875 +03:00] [INF] [] [0HNCLU5SMUD3C:00000001] [/api/v1/mpesa/payments/simulate-lipa-na] [CORS policy execution successful.] []
[2025-05-18 12:53:43.889 +03:00] [INF] [] [0HNCLU5SMUD3C:00000001] [/api/v1/mpesa/payments/simulate-lipa-na] [Executing endpoint 'DarajaAPI.Controllers.v1.MpesaPaymentController.SimulateLipaNaPayment (DarajaAPI)'] []
[2025-05-18 12:53:43.901 +03:00] [INF] [] [0HNCLU5SMUD3C:00000001] [/api/v1/mpesa/payments/simulate-lipa-na] [Route matched with {action = "SimulateLipaNaPayment", controller = "MpesaPayment"}. Executing controller action with signature System.Threading.Tasks.Task`1[Microsoft.AspNetCore.Mvc.IActionResult] SimulateLipaNaPayment(DarajaAPI.Models.Dto.LipaNaSimulationRequest) on controller DarajaAPI.Controllers.v1.MpesaPaymentController (DarajaAPI).] []
[2025-05-18 12:55:41.119 +03:00] [INF] [] [0HNCLU5SMUD3C:00000001] [/api/v1/mpesa/payments/simulate-lipa-na] [Executing OkObjectResult, writing value of type '<>f__AnonymousType2`4[[System.String, System.Private.CoreLib, Version=8.0.0.0, Culture=neutral, PublicKeyToken=7cec85d7bea7798e],[System.Decimal, System.Private.CoreLib, Version=8.0.0.0, Culture=neutral, PublicKeyToken=7cec85d7bea7798e],[System.String, System.Private.CoreLib, Version=8.0.0.0, Culture=neutral, PublicKeyToken=7cec85d7bea7798e],[System.String, System.Private.CoreLib, Version=8.0.0.0, Culture=neutral, PublicKeyToken=7cec85d7bea7798e]]'.] []
[2025-05-18 12:55:41.144 +03:00] [INF] [] [0HNCLU5SMUD3C:00000001] [/api/v1/mpesa/payments/simulate-lipa-na] [Executed action DarajaAPI.Controllers.v1.MpesaPaymentController.SimulateLipaNaPayment (DarajaAPI) in 117219.9222ms] []
[2025-05-18 12:55:41.160 +03:00] [INF] [] [0HNCLU5SMUD3C:00000001] [/api/v1/mpesa/payments/simulate-lipa-na] [Executed endpoint 'DarajaAPI.Controllers.v1.MpesaPaymentController.SimulateLipaNaPayment (DarajaAPI)'] []
[2025-05-18 12:55:41.175 +03:00] [INF] [] [0HNCLU5SMUD3C:00000001] [/api/v1/mpesa/payments/simulate-lipa-na] [Request finished HTTP/1.1 POST https://a86e-41-81-46-57.ngrok-free.app/api/v1/mpesa/payments/simulate-lipa-na - 200 null application/json; charset=utf-8 117374.6898ms] []
