[2025-05-14 01:02:10.229 +03:00] [INF] [] [] [] [Executed DbCommand (10ms) [Parameters=[], CommandType='"Text"', CommandTimeout='30']
SELECT 1 FROM INFORMATION_SCHEMA.TABLES WHERE TABLE_SCHEMA='DarajaDB' AND TABLE_NAME='__EFMigrationsHistory';] []
[2025-05-14 01:02:10.428 +03:00] [INF] [] [] [] [Executed DbCommand (35ms) [Parameters=[], CommandType='"Text"', CommandTimeout='30']
CREATE TABLE `__EFMigrationsHistory` (
    `MigrationId` varchar(150) CHARACTER SET utf8mb4 NOT NULL,
    `ProductVersion` varchar(32) CHARACTER SET utf8mb4 NOT NULL,
    CONSTRAINT `PK___EFMigrationsHistory` PRIMARY KEY (`MigrationId`)
) CHARACTER SET=utf8mb4;] []
[2025-05-14 01:02:10.495 +03:00] [INF] [] [] [] [Executed DbCommand (4ms) [Parameters=[], CommandType='"Text"', CommandTimeout='30']
SELECT 1 FROM INFORMATION_SCHEMA.TABLES WHERE TABLE_SCHEMA='DarajaDB' AND TABLE_NAME='__EFMigrationsHistory';] []
[2025-05-14 01:02:10.506 +03:00] [INF] [] [] [] [Executed DbCommand (8ms) [Parameters=[], CommandType='"Text"', CommandTimeout='30']
SELECT `MigrationId`, `ProductVersion`
FROM `__EFMigrationsHistory`
ORDER BY `MigrationId`;] []
[2025-05-14 01:02:10.519 +03:00] [INF] [] [] [] [Applying migration '20240716163430_Init'.] []
[2025-05-14 01:02:10.607 +03:00] [INF] [] [] [] [Executed DbCommand (8ms) [Parameters=[], CommandType='"Text"', CommandTimeout='30']
ALTER DATABASE CHARACTER SET utf8mb4;] []
[2025-05-14 01:02:10.636 +03:00] [INF] [] [] [] [Executed DbCommand (29ms) [Parameters=[], CommandType='"Text"', CommandTimeout='30']
CREATE TABLE `DarajaSettings` (
    `Id` int NOT NULL AUTO_INCREMENT,
    `ConsumerKey` longtext CHARACTER SET utf8mb4 NOT NULL,
    `ConsumerSecret` longtext CHARACTER SET utf8mb4 NOT NULL,
    `ShortCode` longtext CHARACTER SET utf8mb4 NOT NULL,
    `ResponseType` longtext CHARACTER SET utf8mb4 NOT NULL,
    `ConfirmationURL` longtext CHARACTER SET utf8mb4 NOT NULL,
    `ValidationURL` longtext CHARACTER SET utf8mb4 NOT NULL,
    `MpesaBaseUrl` longtext CHARACTER SET utf8mb4 NOT NULL,
    `RegisterUrlEndpoint` longtext CHARACTER SET utf8mb4 NOT NULL,
    CONSTRAINT `PK_DarajaSettings` PRIMARY KEY (`Id`)
) CHARACTER SET=utf8mb4;] []
[2025-05-14 01:02:10.666 +03:00] [INF] [] [] [] [Executed DbCommand (30ms) [Parameters=[], CommandType='"Text"', CommandTimeout='30']
CREATE TABLE `MailRequests` (
    `id` char(36) COLLATE ascii_general_ci NOT NULL,
    `ToEmail` longtext CHARACTER SET utf8mb4 NOT NULL,
    `Subject` longtext CHARACTER SET utf8mb4 NOT NULL,
    `Body` longtext CHARACTER SET utf8mb4 NOT NULL,
    CONSTRAINT `PK_MailRequests` PRIMARY KEY (`id`)
) CHARACTER SET=utf8mb4;] []
[2025-05-14 01:02:10.698 +03:00] [INF] [] [] [] [Executed DbCommand (31ms) [Parameters=[], CommandType='"Text"', CommandTimeout='30']
CREATE TABLE `MailSettings` (
    `Id` char(36) COLLATE ascii_general_ci NOT NULL,
    `Mail` longtext CHARACTER SET utf8mb4 NOT NULL,
    `DisplayName` longtext CHARACTER SET utf8mb4 NOT NULL,
    `Password` longtext CHARACTER SET utf8mb4 NOT NULL,
    `Host` longtext CHARACTER SET utf8mb4 NOT NULL,
    `Port` int NOT NULL,
    CONSTRAINT `PK_MailSettings` PRIMARY KEY (`Id`)
) CHARACTER SET=utf8mb4;] []
[2025-05-14 01:02:10.725 +03:00] [INF] [] [] [] [Executed DbCommand (27ms) [Parameters=[], CommandType='"Text"', CommandTimeout='30']
CREATE TABLE `MpesaC2Bs` (
    `Id` int NOT NULL AUTO_INCREMENT,
    `TransactionType` longtext CHARACTER SET utf8mb4 NOT NULL,
    `TransID` longtext CHARACTER SET utf8mb4 NOT NULL,
    `TransTime` longtext CHARACTER SET utf8mb4 NOT NULL,
    `TransAmount` longtext CHARACTER SET utf8mb4 NOT NULL,
    `BusinessShortCode` longtext CHARACTER SET utf8mb4 NOT NULL,
    `BillRefNumber` longtext CHARACTER SET utf8mb4 NOT NULL,
    `InvoiceNumber` longtext CHARACTER SET utf8mb4 NOT NULL,
    `OrgAccountBalance` longtext CHARACTER SET utf8mb4 NOT NULL,
    `ThirdPartyTransID` longtext CHARACTER SET utf8mb4 NOT NULL,
    `MSISDN` longtext CHARACTER SET utf8mb4 NOT NULL,
    `FirstName` longtext CHARACTER SET utf8mb4 NOT NULL,
    `MiddleName` longtext CHARACTER SET utf8mb4 NOT NULL,
    `LastName` longtext CHARACTER SET utf8mb4 NOT NULL,
    `CreatedAt` datetime(6) NOT NULL,
    CONSTRAINT `PK_MpesaC2Bs` PRIMARY KEY (`Id`)
) CHARACTER SET=utf8mb4;] []
[2025-05-14 01:02:10.748 +03:00] [INF] [] [] [] [Executed DbCommand (23ms) [Parameters=[], CommandType='"Text"', CommandTimeout='30']
CREATE TABLE `Payments` (
    `PaymentId` int NOT NULL AUTO_INCREMENT,
    CONSTRAINT `PK_Payments` PRIMARY KEY (`PaymentId`)
) CHARACTER SET=utf8mb4;] []
[2025-05-14 01:02:10.779 +03:00] [INF] [] [] [] [Executed DbCommand (24ms) [Parameters=[], CommandType='"Text"', CommandTimeout='30']
CREATE TABLE `Role` (
    `Id` varchar(255) CHARACTER SET utf8mb4 NOT NULL,
    `Name` varchar(256) CHARACTER SET utf8mb4 NULL,
    `NormalizedName` varchar(256) CHARACTER SET utf8mb4 NULL,
    `ConcurrencyStamp` longtext CHARACTER SET utf8mb4 NULL,
    CONSTRAINT `PK_Role` PRIMARY KEY (`Id`)
) CHARACTER SET=utf8mb4;] []
[2025-05-14 01:02:10.807 +03:00] [INF] [] [] [] [Executed DbCommand (28ms) [Parameters=[], CommandType='"Text"', CommandTimeout='30']
CREATE TABLE `Tenants` (
    `TenantId` int NOT NULL AUTO_INCREMENT,
    `Name` longtext CHARACTER SET utf8mb4 NOT NULL,
    `Host` longtext CHARACTER SET utf8mb4 NOT NULL,
    `ConnectionString` longtext CHARACTER SET utf8mb4 NOT NULL,
    CONSTRAINT `PK_Tenants` PRIMARY KEY (`TenantId`)
) CHARACTER SET=utf8mb4;] []
[2025-05-14 01:02:10.843 +03:00] [INF] [] [] [] [Executed DbCommand (35ms) [Parameters=[], CommandType='"Text"', CommandTimeout='30']
CREATE TABLE `User` (
    `Id` varchar(255) CHARACTER SET utf8mb4 NOT NULL,
    `FirstName` longtext CHARACTER SET utf8mb4 NULL,
    `MiddleName` longtext CHARACTER SET utf8mb4 NULL,
    `LastName` longtext CHARACTER SET utf8mb4 NULL,
    `UniversityName` longtext CHARACTER SET utf8mb4 NULL,
    `IntakeDate` longtext CHARACTER SET utf8mb4 NULL,
    `PhoneNumber` longtext CHARACTER SET utf8mb4 NULL,
    `UniversityRegistrationNumber` longtext CHARACTER SET utf8mb4 NULL,
    `RoomType` longtext CHARACTER SET utf8mb4 NULL,
    `OnboardingDate` datetime(6) NULL,
    `JoiningDate` datetime(6) NULL,
    `NextOfKinPhoneNumber` int NULL,
    `NextOfKinRelation` longtext CHARACTER SET utf8mb4 NULL,
    `Deposit` int NULL,
    `UserName` varchar(256) CHARACTER SET utf8mb4 NULL,
    `NormalizedUserName` varchar(256) CHARACTER SET utf8mb4 NULL,
    `Email` varchar(256) CHARACTER SET utf8mb4 NULL,
    `NormalizedEmail` varchar(256) CHARACTER SET utf8mb4 NULL,
    `EmailConfirmed` tinyint(1) NOT NULL,
    `PasswordHash` longtext CHARACTER SET utf8mb4 NULL,
    `SecurityStamp` longtext CHARACTER SET utf8mb4 NULL,
    `ConcurrencyStamp` longtext CHARACTER SET utf8mb4 NULL,
    `PhoneNumberConfirmed` tinyint(1) NOT NULL,
    `TwoFactorEnabled` tinyint(1) NOT NULL,
    `LockoutEnd` datetime(6) NULL,
    `LockoutEnabled` tinyint(1) NOT NULL,
    `AccessFailedCount` int NOT NULL,
    CONSTRAINT `PK_User` PRIMARY KEY (`Id`)
) CHARACTER SET=utf8mb4;] []
[2025-05-14 01:02:11.045 +03:00] [INF] [] [] [] [Executed DbCommand (27ms) [Parameters=[], CommandType='"Text"', CommandTimeout='30']
CREATE TABLE `WelcomeRequests` (
    `id` char(36) COLLATE ascii_general_ci NOT NULL,
    `ToEmail` longtext CHARACTER SET utf8mb4 NOT NULL,
    `UserName` longtext CHARACTER SET utf8mb4 NOT NULL,
    CONSTRAINT `PK_WelcomeRequests` PRIMARY KEY (`id`)
) CHARACTER SET=utf8mb4;] []
[2025-05-14 01:02:11.081 +03:00] [INF] [] [] [] [Executed DbCommand (35ms) [Parameters=[], CommandType='"Text"', CommandTimeout='30']
CREATE TABLE `RoleClaims` (
    `Id` int NOT NULL AUTO_INCREMENT,
    `RoleId` varchar(255) CHARACTER SET utf8mb4 NOT NULL,
    `ClaimType` longtext CHARACTER SET utf8mb4 NULL,
    `ClaimValue` longtext CHARACTER SET utf8mb4 NULL,
    CONSTRAINT `PK_RoleClaims` PRIMARY KEY (`Id`),
    CONSTRAINT `FK_RoleClaims_Role_RoleId` FOREIGN KEY (`RoleId`) REFERENCES `Role` (`Id`) ON DELETE CASCADE
) CHARACTER SET=utf8mb4;] []
[2025-05-14 01:02:11.115 +03:00] [INF] [] [] [] [Executed DbCommand (34ms) [Parameters=[], CommandType='"Text"', CommandTimeout='30']
CREATE TABLE `UserClaims` (
    `Id` int NOT NULL AUTO_INCREMENT,
    `UserId` varchar(255) CHARACTER SET utf8mb4 NOT NULL,
    `ClaimType` longtext CHARACTER SET utf8mb4 NULL,
    `ClaimValue` longtext CHARACTER SET utf8mb4 NULL,
    CONSTRAINT `PK_UserClaims` PRIMARY KEY (`Id`),
    CONSTRAINT `FK_UserClaims_User_UserId` FOREIGN KEY (`UserId`) REFERENCES `User` (`Id`) ON DELETE CASCADE
) CHARACTER SET=utf8mb4;] []
[2025-05-14 01:02:11.155 +03:00] [INF] [] [] [] [Executed DbCommand (39ms) [Parameters=[], CommandType='"Text"', CommandTimeout='30']
CREATE TABLE `UserLogins` (
    `LoginProvider` varchar(255) CHARACTER SET utf8mb4 NOT NULL,
    `ProviderKey` varchar(255) CHARACTER SET utf8mb4 NOT NULL,
    `ProviderDisplayName` longtext CHARACTER SET utf8mb4 NULL,
    `UserId` varchar(255) CHARACTER SET utf8mb4 NOT NULL,
    CONSTRAINT `PK_UserLogins` PRIMARY KEY (`LoginProvider`, `ProviderKey`),
    CONSTRAINT `FK_UserLogins_User_UserId` FOREIGN KEY (`UserId`) REFERENCES `User` (`Id`) ON DELETE CASCADE
) CHARACTER SET=utf8mb4;] []
[2025-05-14 01:02:11.203 +03:00] [INF] [] [] [] [Executed DbCommand (48ms) [Parameters=[], CommandType='"Text"', CommandTimeout='30']
CREATE TABLE `UserRoles` (
    `UserId` varchar(255) CHARACTER SET utf8mb4 NOT NULL,
    `RoleId` varchar(255) CHARACTER SET utf8mb4 NOT NULL,
    CONSTRAINT `PK_UserRoles` PRIMARY KEY (`UserId`, `RoleId`),
    CONSTRAINT `FK_UserRoles_Role_RoleId` FOREIGN KEY (`RoleId`) REFERENCES `Role` (`Id`) ON DELETE CASCADE,
    CONSTRAINT `FK_UserRoles_User_UserId` FOREIGN KEY (`UserId`) REFERENCES `User` (`Id`) ON DELETE CASCADE
) CHARACTER SET=utf8mb4;] []
[2025-05-14 01:02:11.262 +03:00] [INF] [] [] [] [Executed DbCommand (59ms) [Parameters=[], CommandType='"Text"', CommandTimeout='30']
CREATE TABLE `UserTokens` (
    `UserId` varchar(255) CHARACTER SET utf8mb4 NOT NULL,
    `LoginProvider` varchar(255) CHARACTER SET utf8mb4 NOT NULL,
    `Name` varchar(255) CHARACTER SET utf8mb4 NOT NULL,
    `Value` longtext CHARACTER SET utf8mb4 NULL,
    CONSTRAINT `PK_UserTokens` PRIMARY KEY (`UserId`, `LoginProvider`, `Name`),
    CONSTRAINT `FK_UserTokens_User_UserId` FOREIGN KEY (`UserId`) REFERENCES `User` (`Id`) ON DELETE CASCADE
) CHARACTER SET=utf8mb4;] []
[2025-05-14 01:02:14.136 +03:00] [INF] [] [] [] [Executed DbCommand (33ms) [Parameters=[], CommandType='"Text"', CommandTimeout='30']
CREATE UNIQUE INDEX `RoleNameIndex` ON `Role` (`NormalizedName`);] []
[2025-05-14 01:02:14.162 +03:00] [INF] [] [] [] [Executed DbCommand (26ms) [Parameters=[], CommandType='"Text"', CommandTimeout='30']
CREATE INDEX `IX_RoleClaims_RoleId` ON `RoleClaims` (`RoleId`);] []
[2025-05-14 01:02:14.204 +03:00] [INF] [] [] [] [Executed DbCommand (41ms) [Parameters=[], CommandType='"Text"', CommandTimeout='30']
CREATE INDEX `EmailIndex` ON `User` (`NormalizedEmail`);] []
[2025-05-14 01:02:14.255 +03:00] [INF] [] [] [] [Executed DbCommand (50ms) [Parameters=[], CommandType='"Text"', CommandTimeout='30']
CREATE UNIQUE INDEX `UserNameIndex` ON `User` (`NormalizedUserName`);] []
[2025-05-14 01:02:14.279 +03:00] [INF] [] [] [] [Executed DbCommand (24ms) [Parameters=[], CommandType='"Text"', CommandTimeout='30']
CREATE INDEX `IX_UserClaims_UserId` ON `UserClaims` (`UserId`);] []
[2025-05-14 01:02:14.309 +03:00] [INF] [] [] [] [Executed DbCommand (29ms) [Parameters=[], CommandType='"Text"', CommandTimeout='30']
CREATE INDEX `IX_UserLogins_UserId` ON `UserLogins` (`UserId`);] []
[2025-05-14 01:02:14.331 +03:00] [INF] [] [] [] [Executed DbCommand (22ms) [Parameters=[], CommandType='"Text"', CommandTimeout='30']
CREATE INDEX `IX_UserRoles_RoleId` ON `UserRoles` (`RoleId`);] []
[2025-05-14 01:02:14.338 +03:00] [INF] [] [] [] [Executed DbCommand (7ms) [Parameters=[], CommandType='"Text"', CommandTimeout='30']
INSERT INTO `__EFMigrationsHistory` (`MigrationId`, `ProductVersion`)
VALUES ('20240716163430_Init', '8.0.2');] []
[2025-05-14 01:02:14.343 +03:00] [INF] [] [] [] [Applying migration '20240716171203_Nullable'.] []
[2025-05-14 01:02:14.421 +03:00] [INF] [] [] [] [Executed DbCommand (52ms) [Parameters=[], CommandType='"Text"', CommandTimeout='30']
ALTER TABLE `MpesaC2Bs` MODIFY COLUMN `TransactionType` longtext CHARACTER SET utf8mb4 NULL;] []
[2025-05-14 01:02:14.470 +03:00] [INF] [] [] [] [Executed DbCommand (49ms) [Parameters=[], CommandType='"Text"', CommandTimeout='30']
ALTER TABLE `MpesaC2Bs` MODIFY COLUMN `ThirdPartyTransID` longtext CHARACTER SET utf8mb4 NULL;] []
[2025-05-14 01:02:14.526 +03:00] [INF] [] [] [] [Executed DbCommand (55ms) [Parameters=[], CommandType='"Text"', CommandTimeout='30']
ALTER TABLE `MpesaC2Bs` MODIFY COLUMN `OrgAccountBalance` longtext CHARACTER SET utf8mb4 NULL;] []
[2025-05-14 01:02:14.579 +03:00] [INF] [] [] [] [Executed DbCommand (53ms) [Parameters=[], CommandType='"Text"', CommandTimeout='30']
ALTER TABLE `MpesaC2Bs` MODIFY COLUMN `MiddleName` longtext CHARACTER SET utf8mb4 NULL;] []
[2025-05-14 01:02:14.630 +03:00] [INF] [] [] [] [Executed DbCommand (50ms) [Parameters=[], CommandType='"Text"', CommandTimeout='30']
ALTER TABLE `MpesaC2Bs` MODIFY COLUMN `InvoiceNumber` longtext CHARACTER SET utf8mb4 NULL;] []
[2025-05-14 01:02:14.637 +03:00] [INF] [] [] [] [Executed DbCommand (7ms) [Parameters=[], CommandType='"Text"', CommandTimeout='30']
INSERT INTO `__EFMigrationsHistory` (`MigrationId`, `ProductVersion`)
VALUES ('20240716171203_Nullable', '8.0.2');] []
[2025-05-14 01:02:14.639 +03:00] [INF] [] [] [] [Applying migration '20240717045336_Nullable_2'.] []
[2025-05-14 01:02:14.663 +03:00] [INF] [] [] [] [Executed DbCommand (1ms) [Parameters=[], CommandType='"Text"', CommandTimeout='30']
INSERT INTO `__EFMigrationsHistory` (`MigrationId`, `ProductVersion`)
VALUES ('20240717045336_Nullable_2', '8.0.2');] []
[2025-05-14 01:02:14.668 +03:00] [INF] [] [] [] [Applying migration '20240717065318_mpesa_updates'.] []
[2025-05-14 01:02:14.710 +03:00] [INF] [] [] [] [Executed DbCommand (18ms) [Parameters=[], CommandType='"Text"', CommandTimeout='30']
DROP TABLE `Payments`;] []
[2025-05-14 01:02:14.729 +03:00] [INF] [] [] [] [Executed DbCommand (18ms) [Parameters=[], CommandType='"Text"', CommandTimeout='30']
DROP TABLE `Tenants`;] []
[2025-05-14 01:02:14.777 +03:00] [INF] [] [] [] [Executed DbCommand (48ms) [Parameters=[], CommandType='"Text"', CommandTimeout='30']
ALTER TABLE `MpesaC2Bs` MODIFY COLUMN `MSISDN` longtext CHARACTER SET utf8mb4 NULL;] []
[2025-05-14 01:02:14.828 +03:00] [INF] [] [] [] [Executed DbCommand (51ms) [Parameters=[], CommandType='"Text"', CommandTimeout='30']
ALTER TABLE `MpesaC2Bs` MODIFY COLUMN `LastName` longtext CHARACTER SET utf8mb4 NULL;] []
[2025-05-14 01:02:16.844 +03:00] [INF] [] [] [] [Executed DbCommand (73ms) [Parameters=[], CommandType='"Text"', CommandTimeout='30']
ALTER TABLE `MpesaC2Bs` MODIFY COLUMN `FirstName` longtext CHARACTER SET utf8mb4 NULL;] []
[2025-05-14 01:02:16.893 +03:00] [INF] [] [] [] [Executed DbCommand (49ms) [Parameters=[], CommandType='"Text"', CommandTimeout='30']
ALTER TABLE `MpesaC2Bs` MODIFY COLUMN `BillRefNumber` longtext CHARACTER SET utf8mb4 NULL;] []
[2025-05-14 01:02:16.933 +03:00] [INF] [] [] [] [Executed DbCommand (39ms) [Parameters=[], CommandType='"Text"', CommandTimeout='30']
CREATE TABLE `Rooms` (
    `Id` int NOT NULL AUTO_INCREMENT,
    `RoomNumber` longtext CHARACTER SET utf8mb4 NOT NULL,
    `RoomType` longtext CHARACTER SET utf8mb4 NOT NULL,
    `Description` longtext CHARACTER SET utf8mb4 NOT NULL,
    `Capacity` int NOT NULL,
    `Price` int NOT NULL,
    CONSTRAINT `PK_Rooms` PRIMARY KEY (`Id`)
) CHARACTER SET=utf8mb4;] []
[2025-05-14 01:02:16.939 +03:00] [INF] [] [] [] [Executed DbCommand (6ms) [Parameters=[], CommandType='"Text"', CommandTimeout='30']
INSERT INTO `__EFMigrationsHistory` (`MigrationId`, `ProductVersion`)
VALUES ('20240717065318_mpesa_updates', '8.0.2');] []
[2025-05-14 01:02:16.941 +03:00] [INF] [] [] [] [Applying migration '20240717091429_RoomStatus'.] []
[2025-05-14 01:02:17.010 +03:00] [INF] [] [] [] [Executed DbCommand (47ms) [Parameters=[], CommandType='"Text"', CommandTimeout='30']
ALTER TABLE `Rooms` ADD `RoomStatus` longtext CHARACTER SET utf8mb4 NOT NULL;] []
[2025-05-14 01:02:17.016 +03:00] [INF] [] [] [] [Executed DbCommand (5ms) [Parameters=[], CommandType='"Text"', CommandTimeout='30']
INSERT INTO `__EFMigrationsHistory` (`MigrationId`, `ProductVersion`)
VALUES ('20240717091429_RoomStatus', '8.0.2');] []
[2025-05-14 01:02:17.018 +03:00] [INF] [] [] [] [Applying migration '20250513220153_AddMpesaC2BEntity'.] []
[2025-05-14 01:02:17.047 +03:00] [INF] [] [] [] [Executed DbCommand (2ms) [Parameters=[], CommandType='"Text"', CommandTimeout='30']
INSERT INTO `__EFMigrationsHistory` (`MigrationId`, `ProductVersion`)
VALUES ('20250513220153_AddMpesaC2BEntity', '8.0.2');] []
[2025-05-14 01:04:45.444 +03:00] [INF] [] [] [] [Starting role seeding] []
[2025-05-14 01:04:46.495 +03:00] [INF] [] [] [] [Executed DbCommand (35ms) [Parameters=[@__normalizedName_0='?' (Size = 256)], CommandType='"Text"', CommandTimeout='30']
SELECT `r`.`Id`, `r`.`ConcurrencyStamp`, `r`.`Name`, `r`.`NormalizedName`
FROM `Role` AS `r`
WHERE `r`.`NormalizedName` = @__normalizedName_0
LIMIT 1] []
[2025-05-14 01:04:46.570 +03:00] [INF] [] [] [] [Executed DbCommand (11ms) [Parameters=[@__normalizedName_0='?' (Size = 256)], CommandType='"Text"', CommandTimeout='30']
SELECT `r`.`Id`, `r`.`ConcurrencyStamp`, `r`.`Name`, `r`.`NormalizedName`
FROM `Role` AS `r`
WHERE `r`.`NormalizedName` = @__normalizedName_0
LIMIT 1] []
[2025-05-14 01:04:46.704 +03:00] [INF] [] [] [] [Executed DbCommand (11ms) [Parameters=[@p0='?' (Size = 255), @p1='?' (Size = 4000), @p2='?' (Size = 256), @p3='?' (Size = 256)], CommandType='"Text"', CommandTimeout='30']
SET AUTOCOMMIT = 1;
INSERT INTO `Role` (`Id`, `ConcurrencyStamp`, `Name`, `NormalizedName`)
VALUES (@p0, @p1, @p2, @p3);] []
[2025-05-14 01:04:46.721 +03:00] [INF] [] [] [] [Executed DbCommand (1ms) [Parameters=[@__normalizedName_0='?' (Size = 256)], CommandType='"Text"', CommandTimeout='30']
SELECT `r`.`Id`, `r`.`ConcurrencyStamp`, `r`.`Name`, `r`.`NormalizedName`
FROM `Role` AS `r`
WHERE `r`.`NormalizedName` = @__normalizedName_0
LIMIT 1] []
[2025-05-14 01:04:46.728 +03:00] [INF] [] [] [] [Executed DbCommand (1ms) [Parameters=[@__normalizedName_0='?' (Size = 256)], CommandType='"Text"', CommandTimeout='30']
SELECT `r`.`Id`, `r`.`ConcurrencyStamp`, `r`.`Name`, `r`.`NormalizedName`
FROM `Role` AS `r`
WHERE `r`.`NormalizedName` = @__normalizedName_0
LIMIT 1] []
[2025-05-14 01:04:46.740 +03:00] [INF] [] [] [] [Executed DbCommand (5ms) [Parameters=[@p0='?' (Size = 255), @p1='?' (Size = 4000), @p2='?' (Size = 256), @p3='?' (Size = 256)], CommandType='"Text"', CommandTimeout='30']
SET AUTOCOMMIT = 1;
INSERT INTO `Role` (`Id`, `ConcurrencyStamp`, `Name`, `NormalizedName`)
VALUES (@p0, @p1, @p2, @p3);] []
[2025-05-14 01:04:46.747 +03:00] [INF] [] [] [] [Executed DbCommand (1ms) [Parameters=[@__normalizedName_0='?' (Size = 256)], CommandType='"Text"', CommandTimeout='30']
SELECT `r`.`Id`, `r`.`ConcurrencyStamp`, `r`.`Name`, `r`.`NormalizedName`
FROM `Role` AS `r`
WHERE `r`.`NormalizedName` = @__normalizedName_0
LIMIT 1] []
[2025-05-14 01:04:46.754 +03:00] [INF] [] [] [] [Executed DbCommand (2ms) [Parameters=[@__normalizedName_0='?' (Size = 256)], CommandType='"Text"', CommandTimeout='30']
SELECT `r`.`Id`, `r`.`ConcurrencyStamp`, `r`.`Name`, `r`.`NormalizedName`
FROM `Role` AS `r`
WHERE `r`.`NormalizedName` = @__normalizedName_0
LIMIT 1] []
[2025-05-14 01:04:46.764 +03:00] [INF] [] [] [] [Executed DbCommand (4ms) [Parameters=[@p0='?' (Size = 255), @p1='?' (Size = 4000), @p2='?' (Size = 256), @p3='?' (Size = 256)], CommandType='"Text"', CommandTimeout='30']
SET AUTOCOMMIT = 1;
INSERT INTO `Role` (`Id`, `ConcurrencyStamp`, `Name`, `NormalizedName`)
VALUES (@p0, @p1, @p2, @p3);] []
[2025-05-14 01:04:46.771 +03:00] [INF] [] [] [] [Executed DbCommand (1ms) [Parameters=[@__normalizedName_0='?' (Size = 256)], CommandType='"Text"', CommandTimeout='30']
SELECT `r`.`Id`, `r`.`ConcurrencyStamp`, `r`.`Name`, `r`.`NormalizedName`
FROM `Role` AS `r`
WHERE `r`.`NormalizedName` = @__normalizedName_0
LIMIT 1] []
[2025-05-14 01:04:46.778 +03:00] [INF] [] [] [] [Executed DbCommand (1ms) [Parameters=[@__normalizedName_0='?' (Size = 256)], CommandType='"Text"', CommandTimeout='30']
SELECT `r`.`Id`, `r`.`ConcurrencyStamp`, `r`.`Name`, `r`.`NormalizedName`
FROM `Role` AS `r`
WHERE `r`.`NormalizedName` = @__normalizedName_0
LIMIT 1] []
[2025-05-14 01:04:46.790 +03:00] [INF] [] [] [] [Executed DbCommand (6ms) [Parameters=[@p0='?' (Size = 255), @p1='?' (Size = 4000), @p2='?' (Size = 256), @p3='?' (Size = 256)], CommandType='"Text"', CommandTimeout='30']
SET AUTOCOMMIT = 1;
INSERT INTO `Role` (`Id`, `ConcurrencyStamp`, `Name`, `NormalizedName`)
VALUES (@p0, @p1, @p2, @p3);] []
[2025-05-14 01:04:46.794 +03:00] [INF] [] [] [] [Role seeding completed] []
[2025-05-14 01:04:46.796 +03:00] [INF] [] [] [] [Starting super admin seeding] []
[2025-05-14 01:04:46.822 +03:00] [INF] [] [] [] [Executed DbCommand (2ms) [Parameters=[@__defaultUser_Email_0='?' (Size = 256)], CommandType='"Text"', CommandTimeout='30']
SELECT NOT EXISTS (
    SELECT 1
    FROM `User` AS `u`
    WHERE (`u`.`Email` = @__defaultUser_Email_0) AND `u`.`Email` IS NOT NULL)] []
[2025-05-14 01:04:46.848 +03:00] [INF] [] [] [] [Executed DbCommand (2ms) [Parameters=[@__normalizedEmail_0='?' (Size = 256)], CommandType='"Text"', CommandTimeout='30']
SELECT `u`.`Id`, `u`.`AccessFailedCount`, `u`.`ConcurrencyStamp`, `u`.`Deposit`, `u`.`Email`, `u`.`EmailConfirmed`, `u`.`FirstName`, `u`.`IntakeDate`, `u`.`JoiningDate`, `u`.`LastName`, `u`.`LockoutEnabled`, `u`.`LockoutEnd`, `u`.`MiddleName`, `u`.`NextOfKinPhoneNumber`, `u`.`NextOfKinRelation`, `u`.`NormalizedEmail`, `u`.`NormalizedUserName`, `u`.`OnboardingDate`, `u`.`PasswordHash`, `u`.`PhoneNumber`, `u`.`PhoneNumberConfirmed`, `u`.`RoomType`, `u`.`SecurityStamp`, `u`.`TwoFactorEnabled`, `u`.`UniversityName`, `u`.`UniversityRegistrationNumber`, `u`.`UserName`
FROM `User` AS `u`
WHERE `u`.`NormalizedEmail` = @__normalizedEmail_0
LIMIT 2] []
[2025-05-14 01:04:46.956 +03:00] [INF] [] [] [] [Executed DbCommand (2ms) [Parameters=[@__normalizedUserName_0='?' (Size = 256)], CommandType='"Text"', CommandTimeout='30']
SELECT `u`.`Id`, `u`.`AccessFailedCount`, `u`.`ConcurrencyStamp`, `u`.`Deposit`, `u`.`Email`, `u`.`EmailConfirmed`, `u`.`FirstName`, `u`.`IntakeDate`, `u`.`JoiningDate`, `u`.`LastName`, `u`.`LockoutEnabled`, `u`.`LockoutEnd`, `u`.`MiddleName`, `u`.`NextOfKinPhoneNumber`, `u`.`NextOfKinRelation`, `u`.`NormalizedEmail`, `u`.`NormalizedUserName`, `u`.`OnboardingDate`, `u`.`PasswordHash`, `u`.`PhoneNumber`, `u`.`PhoneNumberConfirmed`, `u`.`RoomType`, `u`.`SecurityStamp`, `u`.`TwoFactorEnabled`, `u`.`UniversityName`, `u`.`UniversityRegistrationNumber`, `u`.`UserName`
FROM `User` AS `u`
WHERE `u`.`NormalizedUserName` = @__normalizedUserName_0
LIMIT 1] []
[2025-05-14 01:04:47.053 +03:00] [INF] [] [] [] [Executed DbCommand (8ms) [Parameters=[@p0='?' (Size = 255), @p1='?' (DbType = Int32), @p2='?' (Size = 4000), @p3='?' (DbType = Int32), @p4='?' (Size = 256), @p5='?' (DbType = Boolean), @p6='?' (Size = 4000), @p7='?' (Size = 4000), @p8='?' (DbType = DateTime), @p9='?' (Size = 4000), @p10='?' (DbType = Boolean), @p11='?' (DbType = DateTimeOffset), @p12='?' (Size = 4000), @p13='?' (DbType = Int32), @p14='?' (Size = 4000), @p15='?' (Size = 256), @p16='?' (Size = 256), @p17='?' (DbType = DateTime), @p18='?' (Size = 4000), @p19='?' (Size = 4000), @p20='?' (DbType = Boolean), @p21='?' (Size = 4000), @p22='?' (Size = 4000), @p23='?' (DbType = Boolean), @p24='?' (Size = 4000), @p25='?' (Size = 4000), @p26='?' (Size = 256)], CommandType='"Text"', CommandTimeout='30']
SET AUTOCOMMIT = 1;
INSERT INTO `User` (`Id`, `AccessFailedCount`, `ConcurrencyStamp`, `Deposit`, `Email`, `EmailConfirmed`, `FirstName`, `IntakeDate`, `JoiningDate`, `LastName`, `LockoutEnabled`, `LockoutEnd`, `MiddleName`, `NextOfKinPhoneNumber`, `NextOfKinRelation`, `NormalizedEmail`, `NormalizedUserName`, `OnboardingDate`, `PasswordHash`, `PhoneNumber`, `PhoneNumberConfirmed`, `RoomType`, `SecurityStamp`, `TwoFactorEnabled`, `UniversityName`, `UniversityRegistrationNumber`, `UserName`)
VALUES (@p0, @p1, @p2, @p3, @p4, @p5, @p6, @p7, @p8, @p9, @p10, @p11, @p12, @p13, @p14, @p15, @p16, @p17, @p18, @p19, @p20, @p21, @p22, @p23, @p24, @p25, @p26);] []
[2025-05-14 01:04:47.070 +03:00] [INF] [] [] [] [Executed DbCommand (1ms) [Parameters=[@__normalizedRoleName_0='?' (Size = 256)], CommandType='"Text"', CommandTimeout='30']
SELECT `r`.`Id`, `r`.`ConcurrencyStamp`, `r`.`Name`, `r`.`NormalizedName`
FROM `Role` AS `r`
WHERE `r`.`NormalizedName` = @__normalizedRoleName_0
LIMIT 2] []
[2025-05-14 01:04:47.099 +03:00] [INF] [] [] [] [Executed DbCommand (2ms) [Parameters=[@__p_0='?' (Size = 255), @__p_1='?' (Size = 255)], CommandType='"Text"', CommandTimeout='30']
SELECT `u`.`UserId`, `u`.`RoleId`
FROM `UserRoles` AS `u`
WHERE (`u`.`UserId` = @__p_0) AND (`u`.`RoleId` = @__p_1)
LIMIT 1] []
[2025-05-14 01:04:47.110 +03:00] [INF] [] [] [] [Executed DbCommand (2ms) [Parameters=[@__normalizedRoleName_0='?' (Size = 256)], CommandType='"Text"', CommandTimeout='30']
SELECT `r`.`Id`, `r`.`ConcurrencyStamp`, `r`.`Name`, `r`.`NormalizedName`
FROM `Role` AS `r`
WHERE `r`.`NormalizedName` = @__normalizedRoleName_0
LIMIT 2] []
[2025-05-14 01:04:47.127 +03:00] [INF] [] [] [] [Executed DbCommand (2ms) [Parameters=[@__normalizedUserName_0='?' (Size = 256)], CommandType='"Text"', CommandTimeout='30']
SELECT `u`.`Id`, `u`.`AccessFailedCount`, `u`.`ConcurrencyStamp`, `u`.`Deposit`, `u`.`Email`, `u`.`EmailConfirmed`, `u`.`FirstName`, `u`.`IntakeDate`, `u`.`JoiningDate`, `u`.`LastName`, `u`.`LockoutEnabled`, `u`.`LockoutEnd`, `u`.`MiddleName`, `u`.`NextOfKinPhoneNumber`, `u`.`NextOfKinRelation`, `u`.`NormalizedEmail`, `u`.`NormalizedUserName`, `u`.`OnboardingDate`, `u`.`PasswordHash`, `u`.`PhoneNumber`, `u`.`PhoneNumberConfirmed`, `u`.`RoomType`, `u`.`SecurityStamp`, `u`.`TwoFactorEnabled`, `u`.`UniversityName`, `u`.`UniversityRegistrationNumber`, `u`.`UserName`
FROM `User` AS `u`
WHERE `u`.`NormalizedUserName` = @__normalizedUserName_0
LIMIT 1] []
[2025-05-14 01:04:47.166 +03:00] [INF] [] [] [] [Executed DbCommand (2ms) [Parameters=[@p26='?' (Size = 255), @p0='?' (DbType = Int32), @p1='?' (Size = 4000), @p27='?' (Size = 4000), @p2='?' (DbType = Int32), @p3='?' (Size = 256), @p4='?' (DbType = Boolean), @p5='?' (Size = 4000), @p6='?' (Size = 4000), @p7='?' (DbType = DateTime), @p8='?' (Size = 4000), @p9='?' (DbType = Boolean), @p10='?' (DbType = DateTimeOffset), @p11='?' (Size = 4000), @p12='?' (DbType = Int32), @p13='?' (Size = 4000), @p14='?' (Size = 256), @p15='?' (Size = 256), @p16='?' (DbType = DateTime), @p17='?' (Size = 4000), @p18='?' (Size = 4000), @p19='?' (DbType = Boolean), @p20='?' (Size = 4000), @p21='?' (Size = 4000), @p22='?' (DbType = Boolean), @p23='?' (Size = 4000), @p24='?' (Size = 4000), @p25='?' (Size = 256), @p28='?' (Size = 255), @p29='?' (Size = 255)], CommandType='"Text"', CommandTimeout='30']
UPDATE `User` SET `AccessFailedCount` = @p0, `ConcurrencyStamp` = @p1, `Deposit` = @p2, `Email` = @p3, `EmailConfirmed` = @p4, `FirstName` = @p5, `IntakeDate` = @p6, `JoiningDate` = @p7, `LastName` = @p8, `LockoutEnabled` = @p9, `LockoutEnd` = @p10, `MiddleName` = @p11, `NextOfKinPhoneNumber` = @p12, `NextOfKinRelation` = @p13, `NormalizedEmail` = @p14, `NormalizedUserName` = @p15, `OnboardingDate` = @p16, `PasswordHash` = @p17, `PhoneNumber` = @p18, `PhoneNumberConfirmed` = @p19, `RoomType` = @p20, `SecurityStamp` = @p21, `TwoFactorEnabled` = @p22, `UniversityName` = @p23, `UniversityRegistrationNumber` = @p24, `UserName` = @p25
WHERE `Id` = @p26 AND `ConcurrencyStamp` = @p27;
SELECT ROW_COUNT();

INSERT INTO `UserRoles` (`RoleId`, `UserId`)
VALUES (@p28, @p29);] []
[2025-05-14 01:04:47.203 +03:00] [INF] [] [] [] [Executed DbCommand (1ms) [Parameters=[@__normalizedRoleName_0='?' (Size = 256)], CommandType='"Text"', CommandTimeout='30']
SELECT `r`.`Id`, `r`.`ConcurrencyStamp`, `r`.`Name`, `r`.`NormalizedName`
FROM `Role` AS `r`
WHERE `r`.`NormalizedName` = @__normalizedRoleName_0
LIMIT 2] []
[2025-05-14 01:04:47.211 +03:00] [INF] [] [] [] [Executed DbCommand (1ms) [Parameters=[@__p_0='?' (Size = 255), @__p_1='?' (Size = 255)], CommandType='"Text"', CommandTimeout='30']
SELECT `u`.`UserId`, `u`.`RoleId`
FROM `UserRoles` AS `u`
WHERE (`u`.`UserId` = @__p_0) AND (`u`.`RoleId` = @__p_1)
LIMIT 1] []
[2025-05-14 01:04:47.220 +03:00] [INF] [] [] [] [Executed DbCommand (2ms) [Parameters=[@__normalizedRoleName_0='?' (Size = 256)], CommandType='"Text"', CommandTimeout='30']
SELECT `r`.`Id`, `r`.`ConcurrencyStamp`, `r`.`Name`, `r`.`NormalizedName`
FROM `Role` AS `r`
WHERE `r`.`NormalizedName` = @__normalizedRoleName_0
LIMIT 2] []
[2025-05-14 01:04:47.229 +03:00] [INF] [] [] [] [Executed DbCommand (1ms) [Parameters=[@__normalizedUserName_0='?' (Size = 256)], CommandType='"Text"', CommandTimeout='30']
SELECT `u`.`Id`, `u`.`AccessFailedCount`, `u`.`ConcurrencyStamp`, `u`.`Deposit`, `u`.`Email`, `u`.`EmailConfirmed`, `u`.`FirstName`, `u`.`IntakeDate`, `u`.`JoiningDate`, `u`.`LastName`, `u`.`LockoutEnabled`, `u`.`LockoutEnd`, `u`.`MiddleName`, `u`.`NextOfKinPhoneNumber`, `u`.`NextOfKinRelation`, `u`.`NormalizedEmail`, `u`.`NormalizedUserName`, `u`.`OnboardingDate`, `u`.`PasswordHash`, `u`.`PhoneNumber`, `u`.`PhoneNumberConfirmed`, `u`.`RoomType`, `u`.`SecurityStamp`, `u`.`TwoFactorEnabled`, `u`.`UniversityName`, `u`.`UniversityRegistrationNumber`, `u`.`UserName`
FROM `User` AS `u`
WHERE `u`.`NormalizedUserName` = @__normalizedUserName_0
LIMIT 1] []
[2025-05-14 01:04:47.239 +03:00] [INF] [] [] [] [Executed DbCommand (1ms) [Parameters=[@p26='?' (Size = 255), @p0='?' (DbType = Int32), @p1='?' (Size = 4000), @p27='?' (Size = 4000), @p2='?' (DbType = Int32), @p3='?' (Size = 256), @p4='?' (DbType = Boolean), @p5='?' (Size = 4000), @p6='?' (Size = 4000), @p7='?' (DbType = DateTime), @p8='?' (Size = 4000), @p9='?' (DbType = Boolean), @p10='?' (DbType = DateTimeOffset), @p11='?' (Size = 4000), @p12='?' (DbType = Int32), @p13='?' (Size = 4000), @p14='?' (Size = 256), @p15='?' (Size = 256), @p16='?' (DbType = DateTime), @p17='?' (Size = 4000), @p18='?' (Size = 4000), @p19='?' (DbType = Boolean), @p20='?' (Size = 4000), @p21='?' (Size = 4000), @p22='?' (DbType = Boolean), @p23='?' (Size = 4000), @p24='?' (Size = 4000), @p25='?' (Size = 256), @p28='?' (Size = 255), @p29='?' (Size = 255)], CommandType='"Text"', CommandTimeout='30']
UPDATE `User` SET `AccessFailedCount` = @p0, `ConcurrencyStamp` = @p1, `Deposit` = @p2, `Email` = @p3, `EmailConfirmed` = @p4, `FirstName` = @p5, `IntakeDate` = @p6, `JoiningDate` = @p7, `LastName` = @p8, `LockoutEnabled` = @p9, `LockoutEnd` = @p10, `MiddleName` = @p11, `NextOfKinPhoneNumber` = @p12, `NextOfKinRelation` = @p13, `NormalizedEmail` = @p14, `NormalizedUserName` = @p15, `OnboardingDate` = @p16, `PasswordHash` = @p17, `PhoneNumber` = @p18, `PhoneNumberConfirmed` = @p19, `RoomType` = @p20, `SecurityStamp` = @p21, `TwoFactorEnabled` = @p22, `UniversityName` = @p23, `UniversityRegistrationNumber` = @p24, `UserName` = @p25
WHERE `Id` = @p26 AND `ConcurrencyStamp` = @p27;
SELECT ROW_COUNT();

INSERT INTO `UserRoles` (`RoleId`, `UserId`)
VALUES (@p28, @p29);] []
[2025-05-14 01:04:47.252 +03:00] [INF] [] [] [] [Executed DbCommand (1ms) [Parameters=[@__normalizedRoleName_0='?' (Size = 256)], CommandType='"Text"', CommandTimeout='30']
SELECT `r`.`Id`, `r`.`ConcurrencyStamp`, `r`.`Name`, `r`.`NormalizedName`
FROM `Role` AS `r`
WHERE `r`.`NormalizedName` = @__normalizedRoleName_0
LIMIT 2] []
[2025-05-14 01:04:47.260 +03:00] [INF] [] [] [] [Executed DbCommand (2ms) [Parameters=[@__p_0='?' (Size = 255), @__p_1='?' (Size = 255)], CommandType='"Text"', CommandTimeout='30']
SELECT `u`.`UserId`, `u`.`RoleId`
FROM `UserRoles` AS `u`
WHERE (`u`.`UserId` = @__p_0) AND (`u`.`RoleId` = @__p_1)
LIMIT 1] []
[2025-05-14 01:04:47.266 +03:00] [INF] [] [] [] [Executed DbCommand (1ms) [Parameters=[@__normalizedRoleName_0='?' (Size = 256)], CommandType='"Text"', CommandTimeout='30']
SELECT `r`.`Id`, `r`.`ConcurrencyStamp`, `r`.`Name`, `r`.`NormalizedName`
FROM `Role` AS `r`
WHERE `r`.`NormalizedName` = @__normalizedRoleName_0
LIMIT 2] []
[2025-05-14 01:04:47.273 +03:00] [INF] [] [] [] [Executed DbCommand (2ms) [Parameters=[@__normalizedUserName_0='?' (Size = 256)], CommandType='"Text"', CommandTimeout='30']
SELECT `u`.`Id`, `u`.`AccessFailedCount`, `u`.`ConcurrencyStamp`, `u`.`Deposit`, `u`.`Email`, `u`.`EmailConfirmed`, `u`.`FirstName`, `u`.`IntakeDate`, `u`.`JoiningDate`, `u`.`LastName`, `u`.`LockoutEnabled`, `u`.`LockoutEnd`, `u`.`MiddleName`, `u`.`NextOfKinPhoneNumber`, `u`.`NextOfKinRelation`, `u`.`NormalizedEmail`, `u`.`NormalizedUserName`, `u`.`OnboardingDate`, `u`.`PasswordHash`, `u`.`PhoneNumber`, `u`.`PhoneNumberConfirmed`, `u`.`RoomType`, `u`.`SecurityStamp`, `u`.`TwoFactorEnabled`, `u`.`UniversityName`, `u`.`UniversityRegistrationNumber`, `u`.`UserName`
FROM `User` AS `u`
WHERE `u`.`NormalizedUserName` = @__normalizedUserName_0
LIMIT 1] []
[2025-05-14 01:04:47.284 +03:00] [INF] [] [] [] [Executed DbCommand (1ms) [Parameters=[@p26='?' (Size = 255), @p0='?' (DbType = Int32), @p1='?' (Size = 4000), @p27='?' (Size = 4000), @p2='?' (DbType = Int32), @p3='?' (Size = 256), @p4='?' (DbType = Boolean), @p5='?' (Size = 4000), @p6='?' (Size = 4000), @p7='?' (DbType = DateTime), @p8='?' (Size = 4000), @p9='?' (DbType = Boolean), @p10='?' (DbType = DateTimeOffset), @p11='?' (Size = 4000), @p12='?' (DbType = Int32), @p13='?' (Size = 4000), @p14='?' (Size = 256), @p15='?' (Size = 256), @p16='?' (DbType = DateTime), @p17='?' (Size = 4000), @p18='?' (Size = 4000), @p19='?' (DbType = Boolean), @p20='?' (Size = 4000), @p21='?' (Size = 4000), @p22='?' (DbType = Boolean), @p23='?' (Size = 4000), @p24='?' (Size = 4000), @p25='?' (Size = 256), @p28='?' (Size = 255), @p29='?' (Size = 255)], CommandType='"Text"', CommandTimeout='30']
UPDATE `User` SET `AccessFailedCount` = @p0, `ConcurrencyStamp` = @p1, `Deposit` = @p2, `Email` = @p3, `EmailConfirmed` = @p4, `FirstName` = @p5, `IntakeDate` = @p6, `JoiningDate` = @p7, `LastName` = @p8, `LockoutEnabled` = @p9, `LockoutEnd` = @p10, `MiddleName` = @p11, `NextOfKinPhoneNumber` = @p12, `NextOfKinRelation` = @p13, `NormalizedEmail` = @p14, `NormalizedUserName` = @p15, `OnboardingDate` = @p16, `PasswordHash` = @p17, `PhoneNumber` = @p18, `PhoneNumberConfirmed` = @p19, `RoomType` = @p20, `SecurityStamp` = @p21, `TwoFactorEnabled` = @p22, `UniversityName` = @p23, `UniversityRegistrationNumber` = @p24, `UserName` = @p25
WHERE `Id` = @p26 AND `ConcurrencyStamp` = @p27;
SELECT ROW_COUNT();

INSERT INTO `UserRoles` (`RoleId`, `UserId`)
VALUES (@p28, @p29);] []
[2025-05-14 01:04:47.298 +03:00] [INF] [] [] [] [Executed DbCommand (1ms) [Parameters=[@__normalizedRoleName_0='?' (Size = 256)], CommandType='"Text"', CommandTimeout='30']
SELECT `r`.`Id`, `r`.`ConcurrencyStamp`, `r`.`Name`, `r`.`NormalizedName`
FROM `Role` AS `r`
WHERE `r`.`NormalizedName` = @__normalizedRoleName_0
LIMIT 2] []
[2025-05-14 01:04:47.304 +03:00] [INF] [] [] [] [Executed DbCommand (1ms) [Parameters=[@__p_0='?' (Size = 255), @__p_1='?' (Size = 255)], CommandType='"Text"', CommandTimeout='30']
SELECT `u`.`UserId`, `u`.`RoleId`
FROM `UserRoles` AS `u`
WHERE (`u`.`UserId` = @__p_0) AND (`u`.`RoleId` = @__p_1)
LIMIT 1] []
[2025-05-14 01:04:47.311 +03:00] [INF] [] [] [] [Executed DbCommand (1ms) [Parameters=[@__normalizedRoleName_0='?' (Size = 256)], CommandType='"Text"', CommandTimeout='30']
SELECT `r`.`Id`, `r`.`ConcurrencyStamp`, `r`.`Name`, `r`.`NormalizedName`
FROM `Role` AS `r`
WHERE `r`.`NormalizedName` = @__normalizedRoleName_0
LIMIT 2] []
[2025-05-14 01:04:47.318 +03:00] [INF] [] [] [] [Executed DbCommand (2ms) [Parameters=[@__normalizedUserName_0='?' (Size = 256)], CommandType='"Text"', CommandTimeout='30']
SELECT `u`.`Id`, `u`.`AccessFailedCount`, `u`.`ConcurrencyStamp`, `u`.`Deposit`, `u`.`Email`, `u`.`EmailConfirmed`, `u`.`FirstName`, `u`.`IntakeDate`, `u`.`JoiningDate`, `u`.`LastName`, `u`.`LockoutEnabled`, `u`.`LockoutEnd`, `u`.`MiddleName`, `u`.`NextOfKinPhoneNumber`, `u`.`NextOfKinRelation`, `u`.`NormalizedEmail`, `u`.`NormalizedUserName`, `u`.`OnboardingDate`, `u`.`PasswordHash`, `u`.`PhoneNumber`, `u`.`PhoneNumberConfirmed`, `u`.`RoomType`, `u`.`SecurityStamp`, `u`.`TwoFactorEnabled`, `u`.`UniversityName`, `u`.`UniversityRegistrationNumber`, `u`.`UserName`
FROM `User` AS `u`
WHERE `u`.`NormalizedUserName` = @__normalizedUserName_0
LIMIT 1] []
[2025-05-14 01:04:47.328 +03:00] [INF] [] [] [] [Executed DbCommand (1ms) [Parameters=[@p26='?' (Size = 255), @p0='?' (DbType = Int32), @p1='?' (Size = 4000), @p27='?' (Size = 4000), @p2='?' (DbType = Int32), @p3='?' (Size = 256), @p4='?' (DbType = Boolean), @p5='?' (Size = 4000), @p6='?' (Size = 4000), @p7='?' (DbType = DateTime), @p8='?' (Size = 4000), @p9='?' (DbType = Boolean), @p10='?' (DbType = DateTimeOffset), @p11='?' (Size = 4000), @p12='?' (DbType = Int32), @p13='?' (Size = 4000), @p14='?' (Size = 256), @p15='?' (Size = 256), @p16='?' (DbType = DateTime), @p17='?' (Size = 4000), @p18='?' (Size = 4000), @p19='?' (DbType = Boolean), @p20='?' (Size = 4000), @p21='?' (Size = 4000), @p22='?' (DbType = Boolean), @p23='?' (Size = 4000), @p24='?' (Size = 4000), @p25='?' (Size = 256), @p28='?' (Size = 255), @p29='?' (Size = 255)], CommandType='"Text"', CommandTimeout='30']
UPDATE `User` SET `AccessFailedCount` = @p0, `ConcurrencyStamp` = @p1, `Deposit` = @p2, `Email` = @p3, `EmailConfirmed` = @p4, `FirstName` = @p5, `IntakeDate` = @p6, `JoiningDate` = @p7, `LastName` = @p8, `LockoutEnabled` = @p9, `LockoutEnd` = @p10, `MiddleName` = @p11, `NextOfKinPhoneNumber` = @p12, `NextOfKinRelation` = @p13, `NormalizedEmail` = @p14, `NormalizedUserName` = @p15, `OnboardingDate` = @p16, `PasswordHash` = @p17, `PhoneNumber` = @p18, `PhoneNumberConfirmed` = @p19, `RoomType` = @p20, `SecurityStamp` = @p21, `TwoFactorEnabled` = @p22, `UniversityName` = @p23, `UniversityRegistrationNumber` = @p24, `UserName` = @p25
WHERE `Id` = @p26 AND `ConcurrencyStamp` = @p27;
SELECT ROW_COUNT();

INSERT INTO `UserRoles` (`RoleId`, `UserId`)
VALUES (@p28, @p29);] []
[2025-05-14 01:04:47.338 +03:00] [INF] [] [] [] [Super admin seeding completed] []
[2025-05-14 01:04:47.472 +03:00] [WRN] [] [] [] [The WebRootPath was not found: C:\Users\ianga\source\repos\DarajaIntegration\DarajaAPI\wwwroot. Static files may be unavailable.] []
[2025-05-14 01:04:47.565 +03:00] [INF] [] [] [] [Now listening on: https://localhost:5003] []
[2025-05-14 01:04:47.677 +03:00] [INF] [] [] [] [Application started. Press Ctrl+C to shut down.] []
[2025-05-14 01:04:47.685 +03:00] [INF] [] [] [] [Hosting environment: Development] []
[2025-05-14 01:04:47.692 +03:00] [INF] [] [] [] [Content root path: C:\Users\ianga\source\repos\DarajaIntegration\DarajaAPI] []
[2025-05-14 01:04:48.927 +03:00] [INF] [] [0HNCID8MI7MAG:00000001] [/swagger/index.html] [Request starting HTTP/2 GET https://localhost:5003/swagger/index.html - null null] []
[2025-05-14 01:04:49.478 +03:00] [INF] [] [0HNCID8MI7MAG:00000001] [/swagger/index.html] [Request finished HTTP/2 GET https://localhost:5003/swagger/index.html - 200 null text/html;charset=utf-8 558.1605ms] []
[2025-05-14 01:04:49.490 +03:00] [INF] [] [0HNCID8MI7MAG:00000003] [/_framework/aspnetcore-browser-refresh.js] [Request starting HTTP/2 GET https://localhost:5003/_framework/aspnetcore-browser-refresh.js - null null] []
[2025-05-14 01:04:49.497 +03:00] [INF] [] [0HNCID8MI7MAG:00000005] [/_vs/browserLink] [Request starting HTTP/2 GET https://localhost:5003/_vs/browserLink - null null] []
[2025-05-14 01:04:49.613 +03:00] [INF] [] [0HNCID8MI7MAG:00000003] [/_framework/aspnetcore-browser-refresh.js] [Request finished HTTP/2 GET https://localhost:5003/_framework/aspnetcore-browser-refresh.js - 200 16503 application/javascript; charset=utf-8 122.9454ms] []
[2025-05-14 01:04:49.912 +03:00] [INF] [] [0HNCID8MI7MAG:00000005] [/_vs/browserLink] [Request finished HTTP/2 GET https://localhost:5003/_vs/browserLink - 200 null text/javascript; charset=UTF-8 414.3163ms] []
[2025-05-14 01:04:50.038 +03:00] [INF] [] [0HNCID8MI7MAG:00000007] [/swagger/v1/swagger.json] [Request starting HTTP/2 GET https://localhost:5003/swagger/v1/swagger.json - null null] []
[2025-05-14 01:04:50.188 +03:00] [INF] [] [0HNCID8MI7MAG:00000007] [/swagger/v1/swagger.json] [Request finished HTTP/2 GET https://localhost:5003/swagger/v1/swagger.json - 200 null application/json;charset=utf-8 149.9513ms] []
[2025-05-14 01:19:56.105 +03:00] [INF] [] [0HNCID8MI7MAG:00000009] [/api/v1/Daraja/confirmation] [Request starting HTTP/2 POST https://localhost:5003/api/v1/Daraja/confirmation - application/json 416] []
[2025-05-14 01:19:56.167 +03:00] [INF] [] [0HNCID8MI7MAG:00000009] [/api/v1/Daraja/confirmation] [CORS policy execution successful.] []
[2025-05-14 01:19:56.184 +03:00] [INF] [] [0HNCID8MI7MAG:00000009] [/api/v1/Daraja/confirmation] [Executing endpoint 'DarajaAPI.Controllers.v1.DarajaController.Confirmation (DarajaAPI)'] []
[2025-05-14 01:19:56.205 +03:00] [INF] [] [0HNCID8MI7MAG:00000009] [/api/v1/Daraja/confirmation] [Route matched with {action = "Confirmation", controller = "Daraja"}. Executing controller action with signature System.Threading.Tasks.Task`1[Microsoft.AspNetCore.Mvc.IActionResult] Confirmation(DarajaAPI.Models.Domain.MpesaC2B) on controller DarajaAPI.Controllers.v1.DarajaController (DarajaAPI).] []
[2025-05-14 01:19:56.407 +03:00] [INF] [] [0HNCID8MI7MAG:00000009] [/api/v1/Daraja/confirmation] [Executed DbCommand (3ms) [Parameters=[@p0='?' (Size = 4000), @p1='?' (Size = 4000), @p2='?' (DbType = DateTime), @p3='?' (Size = 4000), @p4='?' (Size = 4000), @p5='?' (Size = 4000), @p6='?' (Size = 4000), @p7='?' (Size = 4000), @p8='?' (Size = 4000), @p9='?' (Size = 4000), @p10='?' (Size = 4000), @p11='?' (Size = 4000), @p12='?' (Size = 4000), @p13='?' (Size = 4000)], CommandType='"Text"', CommandTimeout='30']
INSERT INTO `MpesaC2Bs` (`BillRefNumber`, `BusinessShortCode`, `CreatedAt`, `FirstName`, `InvoiceNumber`, `LastName`, `MSISDN`, `MiddleName`, `OrgAccountBalance`, `ThirdPartyTransID`, `TransAmount`, `TransID`, `TransTime`, `TransactionType`)
VALUES (@p0, @p1, @p2, @p3, @p4, @p5, @p6, @p7, @p8, @p9, @p10, @p11, @p12, @p13);
SELECT `Id`
FROM `MpesaC2Bs`
WHERE ROW_COUNT() = 1 AND `Id` = LAST_INSERT_ID();] []
[2025-05-14 01:19:56.440 +03:00] [INF] [] [0HNCID8MI7MAG:00000009] [/api/v1/Daraja/confirmation] [Executing OkObjectResult, writing value of type '<>f__AnonymousType1`2[[System.Int32, System.Private.CoreLib, Version=8.0.0.0, Culture=neutral, PublicKeyToken=7cec85d7bea7798e],[System.String, System.Private.CoreLib, Version=8.0.0.0, Culture=neutral, PublicKeyToken=7cec85d7bea7798e]]'.] []
[2025-05-14 01:19:56.453 +03:00] [INF] [] [0HNCID8MI7MAG:00000009] [/api/v1/Daraja/confirmation] [Executed action DarajaAPI.Controllers.v1.DarajaController.Confirmation (DarajaAPI) in 241.0175ms] []
[2025-05-14 01:19:56.456 +03:00] [INF] [] [0HNCID8MI7MAG:00000009] [/api/v1/Daraja/confirmation] [Executed endpoint 'DarajaAPI.Controllers.v1.DarajaController.Confirmation (DarajaAPI)'] []
[2025-05-14 01:19:56.462 +03:00] [INF] [] [0HNCID8MI7MAG:00000009] [/api/v1/Daraja/confirmation] [Request finished HTTP/2 POST https://localhost:5003/api/v1/Daraja/confirmation - 200 null application/json; charset=utf-8 357.4057ms] []
[2025-05-14 01:20:36.545 +03:00] [INF] [] [0HNCID8MI7MAG:0000000B] [/api/v1/Daraja/validation] [Request starting HTTP/2 POST https://localhost:5003/api/v1/Daraja/validation - application/json 416] []
[2025-05-14 01:20:36.564 +03:00] [INF] [] [0HNCID8MI7MAG:0000000B] [/api/v1/Daraja/validation] [CORS policy execution successful.] []
[2025-05-14 01:20:36.567 +03:00] [INF] [] [0HNCID8MI7MAG:0000000B] [/api/v1/Daraja/validation] [Executing endpoint 'DarajaAPI.Controllers.v1.DarajaController.Validation (DarajaAPI)'] []
[2025-05-14 01:20:36.570 +03:00] [INF] [] [0HNCID8MI7MAG:0000000B] [/api/v1/Daraja/validation] [Route matched with {action = "Validation", controller = "Daraja"}. Executing controller action with signature Microsoft.AspNetCore.Mvc.IActionResult Validation(DarajaAPI.Models.Domain.MpesaC2B) on controller DarajaAPI.Controllers.v1.DarajaController (DarajaAPI).] []
[2025-05-14 01:20:36.575 +03:00] [INF] [] [0HNCID8MI7MAG:0000000B] [/api/v1/Daraja/validation] [Executing OkObjectResult, writing value of type '<>f__AnonymousType1`2[[System.Int32, System.Private.CoreLib, Version=8.0.0.0, Culture=neutral, PublicKeyToken=7cec85d7bea7798e],[System.String, System.Private.CoreLib, Version=8.0.0.0, Culture=neutral, PublicKeyToken=7cec85d7bea7798e]]'.] []
[2025-05-14 01:20:36.577 +03:00] [INF] [] [0HNCID8MI7MAG:0000000B] [/api/v1/Daraja/validation] [Executed action DarajaAPI.Controllers.v1.DarajaController.Validation (DarajaAPI) in 5.0238ms] []
[2025-05-14 01:20:36.581 +03:00] [INF] [] [0HNCID8MI7MAG:0000000B] [/api/v1/Daraja/validation] [Executed endpoint 'DarajaAPI.Controllers.v1.DarajaController.Validation (DarajaAPI)'] []
[2025-05-14 01:20:36.583 +03:00] [INF] [] [0HNCID8MI7MAG:0000000B] [/api/v1/Daraja/validation] [Request finished HTTP/2 POST https://localhost:5003/api/v1/Daraja/validation - 200 null application/json; charset=utf-8 38.1611ms] []
[2025-05-14 01:22:05.539 +03:00] [INF] [] [0HNCID8MI7MAG:0000000D] [/api/v1/Daraja/registerUrls] [Request starting HTTP/2 POST https://localhost:5003/api/v1/Daraja/registerUrls - null 0] []
[2025-05-14 01:22:05.553 +03:00] [INF] [] [0HNCID8MI7MAG:0000000D] [/api/v1/Daraja/registerUrls] [CORS policy execution successful.] []
[2025-05-14 01:22:05.556 +03:00] [INF] [] [0HNCID8MI7MAG:0000000D] [/api/v1/Daraja/registerUrls] [Executing endpoint 'DarajaAPI.Controllers.v1.DarajaController.RegisterMpesaUrlsAsync (DarajaAPI)'] []
[2025-05-14 01:22:05.563 +03:00] [INF] [] [0HNCID8MI7MAG:0000000D] [/api/v1/Daraja/registerUrls] [Route matched with {action = "RegisterMpesaUrls", controller = "Daraja"}. Executing controller action with signature System.Threading.Tasks.Task`1[Microsoft.AspNetCore.Mvc.IActionResult] RegisterMpesaUrlsAsync() on controller DarajaAPI.Controllers.v1.DarajaController (DarajaAPI).] []
[2025-05-14 01:22:05.604 +03:00] [INF] [] [0HNCID8MI7MAG:0000000D] [/api/v1/Daraja/registerUrls] [Start processing HTTP request GET https://sandbox.safaricom.co.ke/oauth/v1/generate?grant_type=client_credentials] []
[2025-05-14 01:22:05.609 +03:00] [INF] [] [0HNCID8MI7MAG:0000000D] [/api/v1/Daraja/registerUrls] [Sending HTTP request GET https://sandbox.safaricom.co.ke/oauth/v1/generate?grant_type=client_credentials] []
[2025-05-14 01:22:06.457 +03:00] [INF] [] [0HNCID8MI7MAG:0000000D] [/api/v1/Daraja/registerUrls] [Received HTTP response headers after 836.635ms - 200] []
[2025-05-14 01:22:06.465 +03:00] [INF] [] [0HNCID8MI7MAG:0000000D] [/api/v1/Daraja/registerUrls] [End processing HTTP request after 861.7026ms - 200] []
[2025-05-14 01:22:06.658 +03:00] [INF] [] [0HNCID8MI7MAG:0000000D] [/api/v1/Daraja/registerUrls] [Executed action DarajaAPI.Controllers.v1.DarajaController.RegisterMpesaUrlsAsync (DarajaAPI) in 1090.2357ms] []
[2025-05-14 01:22:06.663 +03:00] [INF] [] [0HNCID8MI7MAG:0000000D] [/api/v1/Daraja/registerUrls] [Executed endpoint 'DarajaAPI.Controllers.v1.DarajaController.RegisterMpesaUrlsAsync (DarajaAPI)'] []
[2025-05-14 01:22:06.666 +03:00] [ERR] [] [0HNCID8MI7MAG:0000000D] [/api/v1/Daraja/registerUrls] [An unhandled exception has occurred while executing the request.] [System.InvalidOperationException: An invalid request URI was provided. Either the request URI must be an absolute URI or BaseAddress must be set.
   at System.Net.Http.HttpClient.PrepareRequestMessage(HttpRequestMessage request)
   at System.Net.Http.HttpClient.SendAsync(HttpRequestMessage request, HttpCompletionOption completionOption, CancellationToken cancellationToken)
   at DarajaAPI.Controllers.v1.DarajaController.RegisterMpesaUrlsAsync() in C:\Users\ianga\source\repos\DarajaIntegration\DarajaAPI\Controllers\v1\DarajaController.cs:line 54
   at Microsoft.AspNetCore.Mvc.Infrastructure.ActionMethodExecutor.TaskOfIActionResultExecutor.Execute(ActionContext actionContext, IActionResultTypeMapper mapper, ObjectMethodExecutor executor, Object controller, Object[] arguments)
   at Microsoft.AspNetCore.Mvc.Infrastructure.ControllerActionInvoker.<InvokeActionMethodAsync>g__Awaited|12_0(ControllerActionInvoker invoker, ValueTask`1 actionResultValueTask)
   at Microsoft.AspNetCore.Mvc.Infrastructure.ControllerActionInvoker.<InvokeNextActionFilterAsync>g__Awaited|10_0(ControllerActionInvoker invoker, Task lastTask, State next, Scope scope, Object state, Boolean isCompleted)
   at Microsoft.AspNetCore.Mvc.Infrastructure.ControllerActionInvoker.Rethrow(ActionExecutedContextSealed context)
   at Microsoft.AspNetCore.Mvc.Infrastructure.ControllerActionInvoker.Next(State& next, Scope& scope, Object& state, Boolean& isCompleted)
   at Microsoft.AspNetCore.Mvc.Infrastructure.ControllerActionInvoker.<InvokeInnerFilterAsync>g__Awaited|13_0(ControllerActionInvoker invoker, Task lastTask, State next, Scope scope, Object state, Boolean isCompleted)
   at Microsoft.AspNetCore.Mvc.Infrastructure.ResourceInvoker.<InvokeFilterPipelineAsync>g__Awaited|20_0(ResourceInvoker invoker, Task lastTask, State next, Scope scope, Object state, Boolean isCompleted)
   at Microsoft.AspNetCore.Mvc.Infrastructure.ResourceInvoker.<InvokeAsync>g__Logged|17_1(ResourceInvoker invoker)
   at Microsoft.AspNetCore.Mvc.Infrastructure.ResourceInvoker.<InvokeAsync>g__Logged|17_1(ResourceInvoker invoker)
   at Microsoft.AspNetCore.Routing.EndpointMiddleware.<Invoke>g__AwaitRequestTask|7_0(Endpoint endpoint, Task requestTask, ILogger logger)
   at Microsoft.AspNetCore.Authorization.AuthorizationMiddleware.Invoke(HttpContext context)
   at Microsoft.AspNetCore.Authentication.AuthenticationMiddleware.Invoke(HttpContext context)
   at Swashbuckle.AspNetCore.SwaggerUI.SwaggerUIMiddleware.Invoke(HttpContext httpContext)
   at Swashbuckle.AspNetCore.Swagger.SwaggerMiddleware.Invoke(HttpContext httpContext, ISwaggerProvider swaggerProvider)
   at Microsoft.AspNetCore.Diagnostics.DeveloperExceptionPageMiddlewareImpl.Invoke(HttpContext context)
]
[2025-05-14 01:22:06.744 +03:00] [INF] [] [0HNCID8MI7MAG:0000000D] [/api/v1/Daraja/registerUrls] [Request finished HTTP/2 POST https://localhost:5003/api/v1/Daraja/registerUrls - 500 null text/plain; charset=utf-8 1205.202ms] []
[2025-05-14 01:22:57.924 +03:00] [INF] [] [0HNCID8MI7MAG:0000000F] [/api/v1/Daraja/registerUrls] [Request starting HTTP/2 POST https://localhost:5003/api/v1/Daraja/registerUrls - null 0] []
[2025-05-14 01:22:57.934 +03:00] [INF] [] [0HNCID8MI7MAG:0000000F] [/api/v1/Daraja/registerUrls] [CORS policy execution successful.] []
[2025-05-14 01:22:57.936 +03:00] [INF] [] [0HNCID8MI7MAG:0000000F] [/api/v1/Daraja/registerUrls] [Executing endpoint 'DarajaAPI.Controllers.v1.DarajaController.RegisterMpesaUrlsAsync (DarajaAPI)'] []
[2025-05-14 01:22:57.939 +03:00] [INF] [] [0HNCID8MI7MAG:0000000F] [/api/v1/Daraja/registerUrls] [Route matched with {action = "RegisterMpesaUrls", controller = "Daraja"}. Executing controller action with signature System.Threading.Tasks.Task`1[Microsoft.AspNetCore.Mvc.IActionResult] RegisterMpesaUrlsAsync() on controller DarajaAPI.Controllers.v1.DarajaController (DarajaAPI).] []
[2025-05-14 01:22:57.944 +03:00] [INF] [] [0HNCID8MI7MAG:0000000F] [/api/v1/Daraja/registerUrls] [Start processing HTTP request GET https://sandbox.safaricom.co.ke/oauth/v1/generate?grant_type=client_credentials] []
[2025-05-14 01:22:57.946 +03:00] [INF] [] [0HNCID8MI7MAG:0000000F] [/api/v1/Daraja/registerUrls] [Sending HTTP request GET https://sandbox.safaricom.co.ke/oauth/v1/generate?grant_type=client_credentials] []
[2025-05-14 01:22:58.347 +03:00] [INF] [] [0HNCID8MI7MAG:0000000F] [/api/v1/Daraja/registerUrls] [Received HTTP response headers after 400.3264ms - 200] []
[2025-05-14 01:22:58.351 +03:00] [INF] [] [0HNCID8MI7MAG:0000000F] [/api/v1/Daraja/registerUrls] [End processing HTTP request after 407.0647ms - 200] []
[2025-05-14 01:22:58.406 +03:00] [INF] [] [0HNCID8MI7MAG:0000000F] [/api/v1/Daraja/registerUrls] [Executed action DarajaAPI.Controllers.v1.DarajaController.RegisterMpesaUrlsAsync (DarajaAPI) in 462.707ms] []
[2025-05-14 01:22:58.409 +03:00] [INF] [] [0HNCID8MI7MAG:0000000F] [/api/v1/Daraja/registerUrls] [Executed endpoint 'DarajaAPI.Controllers.v1.DarajaController.RegisterMpesaUrlsAsync (DarajaAPI)'] []
[2025-05-14 01:22:58.411 +03:00] [ERR] [] [0HNCID8MI7MAG:0000000F] [/api/v1/Daraja/registerUrls] [An unhandled exception has occurred while executing the request.] [System.InvalidOperationException: An invalid request URI was provided. Either the request URI must be an absolute URI or BaseAddress must be set.
   at System.Net.Http.HttpClient.PrepareRequestMessage(HttpRequestMessage request)
   at System.Net.Http.HttpClient.SendAsync(HttpRequestMessage request, HttpCompletionOption completionOption, CancellationToken cancellationToken)
   at DarajaAPI.Controllers.v1.DarajaController.RegisterMpesaUrlsAsync() in C:\Users\ianga\source\repos\DarajaIntegration\DarajaAPI\Controllers\v1\DarajaController.cs:line 54
   at Microsoft.AspNetCore.Mvc.Infrastructure.ActionMethodExecutor.TaskOfIActionResultExecutor.Execute(ActionContext actionContext, IActionResultTypeMapper mapper, ObjectMethodExecutor executor, Object controller, Object[] arguments)
   at Microsoft.AspNetCore.Mvc.Infrastructure.ControllerActionInvoker.<InvokeActionMethodAsync>g__Awaited|12_0(ControllerActionInvoker invoker, ValueTask`1 actionResultValueTask)
   at Microsoft.AspNetCore.Mvc.Infrastructure.ControllerActionInvoker.<InvokeNextActionFilterAsync>g__Awaited|10_0(ControllerActionInvoker invoker, Task lastTask, State next, Scope scope, Object state, Boolean isCompleted)
   at Microsoft.AspNetCore.Mvc.Infrastructure.ControllerActionInvoker.Rethrow(ActionExecutedContextSealed context)
   at Microsoft.AspNetCore.Mvc.Infrastructure.ControllerActionInvoker.Next(State& next, Scope& scope, Object& state, Boolean& isCompleted)
   at Microsoft.AspNetCore.Mvc.Infrastructure.ControllerActionInvoker.<InvokeInnerFilterAsync>g__Awaited|13_0(ControllerActionInvoker invoker, Task lastTask, State next, Scope scope, Object state, Boolean isCompleted)
   at Microsoft.AspNetCore.Mvc.Infrastructure.ResourceInvoker.<InvokeFilterPipelineAsync>g__Awaited|20_0(ResourceInvoker invoker, Task lastTask, State next, Scope scope, Object state, Boolean isCompleted)
   at Microsoft.AspNetCore.Mvc.Infrastructure.ResourceInvoker.<InvokeAsync>g__Logged|17_1(ResourceInvoker invoker)
   at Microsoft.AspNetCore.Mvc.Infrastructure.ResourceInvoker.<InvokeAsync>g__Logged|17_1(ResourceInvoker invoker)
   at Microsoft.AspNetCore.Routing.EndpointMiddleware.<Invoke>g__AwaitRequestTask|7_0(Endpoint endpoint, Task requestTask, ILogger logger)
   at Microsoft.AspNetCore.Authorization.AuthorizationMiddleware.Invoke(HttpContext context)
   at Microsoft.AspNetCore.Authentication.AuthenticationMiddleware.Invoke(HttpContext context)
   at Swashbuckle.AspNetCore.SwaggerUI.SwaggerUIMiddleware.Invoke(HttpContext httpContext)
   at Swashbuckle.AspNetCore.Swagger.SwaggerMiddleware.Invoke(HttpContext httpContext, ISwaggerProvider swaggerProvider)
   at Microsoft.AspNetCore.Diagnostics.DeveloperExceptionPageMiddlewareImpl.Invoke(HttpContext context)
]
[2025-05-14 01:22:58.432 +03:00] [INF] [] [0HNCID8MI7MAG:0000000F] [/api/v1/Daraja/registerUrls] [Request finished HTTP/2 POST https://localhost:5003/api/v1/Daraja/registerUrls - 500 null text/plain; charset=utf-8 507.8638ms] []
[2025-05-14 01:31:07.201 +03:00] [INF] [] [] [] [Starting role seeding] []
[2025-05-14 01:31:08.629 +03:00] [INF] [] [] [] [Executed DbCommand (39ms) [Parameters=[@__normalizedName_0='?' (Size = 256)], CommandType='"Text"', CommandTimeout='30']
SELECT `r`.`Id`, `r`.`ConcurrencyStamp`, `r`.`Name`, `r`.`NormalizedName`
FROM `Role` AS `r`
WHERE `r`.`NormalizedName` = @__normalizedName_0
LIMIT 1] []
[2025-05-14 01:31:08.767 +03:00] [INF] [] [] [] [Executed DbCommand (22ms) [Parameters=[@__normalizedName_0='?' (Size = 256)], CommandType='"Text"', CommandTimeout='30']
SELECT `r`.`Id`, `r`.`ConcurrencyStamp`, `r`.`Name`, `r`.`NormalizedName`
FROM `Role` AS `r`
WHERE `r`.`NormalizedName` = @__normalizedName_0
LIMIT 1] []
[2025-05-14 01:31:08.786 +03:00] [INF] [] [] [] [Executed DbCommand (6ms) [Parameters=[@__normalizedName_0='?' (Size = 256)], CommandType='"Text"', CommandTimeout='30']
SELECT `r`.`Id`, `r`.`ConcurrencyStamp`, `r`.`Name`, `r`.`NormalizedName`
FROM `Role` AS `r`
WHERE `r`.`NormalizedName` = @__normalizedName_0
LIMIT 1] []
[2025-05-14 01:31:08.803 +03:00] [INF] [] [] [] [Executed DbCommand (5ms) [Parameters=[@__normalizedName_0='?' (Size = 256)], CommandType='"Text"', CommandTimeout='30']
SELECT `r`.`Id`, `r`.`ConcurrencyStamp`, `r`.`Name`, `r`.`NormalizedName`
FROM `Role` AS `r`
WHERE `r`.`NormalizedName` = @__normalizedName_0
LIMIT 1] []
[2025-05-14 01:31:08.811 +03:00] [INF] [] [] [] [Role seeding completed] []
[2025-05-14 01:31:08.825 +03:00] [INF] [] [] [] [Starting super admin seeding] []
[2025-05-14 01:31:08.896 +03:00] [INF] [] [] [] [Executed DbCommand (2ms) [Parameters=[@__defaultUser_Email_0='?' (Size = 256)], CommandType='"Text"', CommandTimeout='30']
SELECT NOT EXISTS (
    SELECT 1
    FROM `User` AS `u`
    WHERE (`u`.`Email` = @__defaultUser_Email_0) AND `u`.`Email` IS NOT NULL)] []
[2025-05-14 01:31:08.906 +03:00] [INF] [] [] [] [Super admin seeding completed] []
[2025-05-14 01:31:09.016 +03:00] [WRN] [] [] [] [The WebRootPath was not found: C:\Users\ianga\source\repos\DarajaIntegration\DarajaAPI\wwwroot. Static files may be unavailable.] []
[2025-05-14 01:31:09.086 +03:00] [INF] [] [] [] [Now listening on: https://localhost:5003] []
[2025-05-14 01:31:09.155 +03:00] [INF] [] [] [] [Application started. Press Ctrl+C to shut down.] []
[2025-05-14 01:31:09.157 +03:00] [INF] [] [] [] [Hosting environment: Development] []
[2025-05-14 01:31:09.158 +03:00] [INF] [] [] [] [Content root path: C:\Users\ianga\source\repos\DarajaIntegration\DarajaAPI] []
[2025-05-14 01:31:10.080 +03:00] [INF] [] [0HNCIDNDUD47L:00000001] [/swagger/index.html] [Request starting HTTP/2 GET https://localhost:5003/swagger/index.html - null null] []
[2025-05-14 01:31:10.713 +03:00] [INF] [] [0HNCIDNDUD47L:00000001] [/swagger/index.html] [Request finished HTTP/2 GET https://localhost:5003/swagger/index.html - 200 null text/html;charset=utf-8 644.9121ms] []
[2025-05-14 01:31:10.736 +03:00] [INF] [] [0HNCIDNDUD47L:00000005] [/_vs/browserLink] [Request starting HTTP/2 GET https://localhost:5003/_vs/browserLink - null null] []
[2025-05-14 01:31:10.736 +03:00] [INF] [] [0HNCIDNDUD47L:00000003] [/_framework/aspnetcore-browser-refresh.js] [Request starting HTTP/2 GET https://localhost:5003/_framework/aspnetcore-browser-refresh.js - null null] []
[2025-05-14 01:31:10.819 +03:00] [INF] [] [0HNCIDNDUD47L:00000003] [/_framework/aspnetcore-browser-refresh.js] [Request finished HTTP/2 GET https://localhost:5003/_framework/aspnetcore-browser-refresh.js - 200 16503 application/javascript; charset=utf-8 83.1549ms] []
[2025-05-14 01:31:10.908 +03:00] [INF] [] [0HNCIDNDUD47L:00000005] [/_vs/browserLink] [Request finished HTTP/2 GET https://localhost:5003/_vs/browserLink - 200 null text/javascript; charset=UTF-8 172.5492ms] []
[2025-05-14 01:31:10.994 +03:00] [INF] [] [0HNCIDNDUD47L:00000007] [/swagger/v1/swagger.json] [Request starting HTTP/2 GET https://localhost:5003/swagger/v1/swagger.json - null null] []
[2025-05-14 01:31:11.072 +03:00] [INF] [] [0HNCIDNDUD47L:00000007] [/swagger/v1/swagger.json] [Request finished HTTP/2 GET https://localhost:5003/swagger/v1/swagger.json - 200 null application/json;charset=utf-8 78.3282ms] []
[2025-05-14 01:32:23.915 +03:00] [INF] [] [0HNCIDNDUD47L:00000009] [/api/v1/Daraja/registerUrls] [Request starting HTTP/2 POST https://localhost:5003/api/v1/Daraja/registerUrls - null 0] []
[2025-05-14 01:32:24.005 +03:00] [INF] [] [0HNCIDNDUD47L:00000009] [/api/v1/Daraja/registerUrls] [CORS policy execution successful.] []
[2025-05-14 01:32:24.019 +03:00] [INF] [] [0HNCIDNDUD47L:00000009] [/api/v1/Daraja/registerUrls] [Executing endpoint 'DarajaAPI.Controllers.v1.DarajaController.RegisterMpesaUrlsAsync (DarajaAPI)'] []
[2025-05-14 01:32:24.035 +03:00] [INF] [] [0HNCIDNDUD47L:00000009] [/api/v1/Daraja/registerUrls] [Route matched with {action = "RegisterMpesaUrls", controller = "Daraja"}. Executing controller action with signature System.Threading.Tasks.Task`1[Microsoft.AspNetCore.Mvc.IActionResult] RegisterMpesaUrlsAsync() on controller DarajaAPI.Controllers.v1.DarajaController (DarajaAPI).] []
[2025-05-14 01:32:24.067 +03:00] [INF] [] [0HNCIDNDUD47L:00000009] [/api/v1/Daraja/registerUrls] [Start processing HTTP request GET https://sandbox.safaricom.co.ke/oauth/v1/generate?grant_type=client_credentials] []
[2025-05-14 01:32:24.071 +03:00] [INF] [] [0HNCIDNDUD47L:00000009] [/api/v1/Daraja/registerUrls] [Sending HTTP request GET https://sandbox.safaricom.co.ke/oauth/v1/generate?grant_type=client_credentials] []
[2025-05-14 01:32:24.990 +03:00] [INF] [] [0HNCIDNDUD47L:00000009] [/api/v1/Daraja/registerUrls] [Received HTTP response headers after 913.5538ms - 200] []
[2025-05-14 01:32:24.996 +03:00] [INF] [] [0HNCIDNDUD47L:00000009] [/api/v1/Daraja/registerUrls] [End processing HTTP request after 931.3904ms - 200] []
[2025-05-14 01:32:25.080 +03:00] [INF] [] [0HNCIDNDUD47L:00000009] [/api/v1/Daraja/registerUrls] [Start processing HTTP request POST https://sandbox.safaricom.co.ke/mpesa/c2b/v1/registerurl] []
[2025-05-14 01:32:25.084 +03:00] [INF] [] [0HNCIDNDUD47L:00000009] [/api/v1/Daraja/registerUrls] [Sending HTTP request POST https://sandbox.safaricom.co.ke/mpesa/c2b/v1/registerurl] []
[2025-05-14 01:32:26.503 +03:00] [INF] [] [0HNCIDNDUD47L:00000009] [/api/v1/Daraja/registerUrls] [Received HTTP response headers after 1417.5283ms - 500] []
[2025-05-14 01:32:26.512 +03:00] [INF] [] [0HNCIDNDUD47L:00000009] [/api/v1/Daraja/registerUrls] [End processing HTTP request after 1431.9376ms - 500] []
[2025-05-14 01:32:26.534 +03:00] [INF] [] [0HNCIDNDUD47L:00000009] [/api/v1/Daraja/registerUrls] [Executing ObjectResult, writing value of type 'System.String'.] []
[2025-05-14 01:32:26.544 +03:00] [INF] [] [0HNCIDNDUD47L:00000009] [/api/v1/Daraja/registerUrls] [Executed action DarajaAPI.Controllers.v1.DarajaController.RegisterMpesaUrlsAsync (DarajaAPI) in 2501.9899ms] []
[2025-05-14 01:32:26.547 +03:00] [INF] [] [0HNCIDNDUD47L:00000009] [/api/v1/Daraja/registerUrls] [Executed endpoint 'DarajaAPI.Controllers.v1.DarajaController.RegisterMpesaUrlsAsync (DarajaAPI)'] []
[2025-05-14 01:32:26.551 +03:00] [INF] [] [0HNCIDNDUD47L:00000009] [/api/v1/Daraja/registerUrls] [Request finished HTTP/2 POST https://localhost:5003/api/v1/Daraja/registerUrls - 500 null text/plain; charset=utf-8 2635.6196ms] []
[2025-05-14 01:54:59.758 +03:00] [INF] [] [] [] [Starting role seeding] []
[2025-05-14 01:55:01.041 +03:00] [INF] [] [] [] [Executed DbCommand (41ms) [Parameters=[@__normalizedName_0='?' (Size = 256)], CommandType='"Text"', CommandTimeout='30']
SELECT `r`.`Id`, `r`.`ConcurrencyStamp`, `r`.`Name`, `r`.`NormalizedName`
FROM `Role` AS `r`
WHERE `r`.`NormalizedName` = @__normalizedName_0
LIMIT 1] []
[2025-05-14 01:55:01.154 +03:00] [INF] [] [] [] [Executed DbCommand (5ms) [Parameters=[@__normalizedName_0='?' (Size = 256)], CommandType='"Text"', CommandTimeout='30']
SELECT `r`.`Id`, `r`.`ConcurrencyStamp`, `r`.`Name`, `r`.`NormalizedName`
FROM `Role` AS `r`
WHERE `r`.`NormalizedName` = @__normalizedName_0
LIMIT 1] []
[2025-05-14 01:55:01.162 +03:00] [INF] [] [] [] [Executed DbCommand (2ms) [Parameters=[@__normalizedName_0='?' (Size = 256)], CommandType='"Text"', CommandTimeout='30']
SELECT `r`.`Id`, `r`.`ConcurrencyStamp`, `r`.`Name`, `r`.`NormalizedName`
FROM `Role` AS `r`
WHERE `r`.`NormalizedName` = @__normalizedName_0
LIMIT 1] []
[2025-05-14 01:55:01.169 +03:00] [INF] [] [] [] [Executed DbCommand (1ms) [Parameters=[@__normalizedName_0='?' (Size = 256)], CommandType='"Text"', CommandTimeout='30']
SELECT `r`.`Id`, `r`.`ConcurrencyStamp`, `r`.`Name`, `r`.`NormalizedName`
FROM `Role` AS `r`
WHERE `r`.`NormalizedName` = @__normalizedName_0
LIMIT 1] []
[2025-05-14 01:55:01.172 +03:00] [INF] [] [] [] [Role seeding completed] []
[2025-05-14 01:55:01.172 +03:00] [INF] [] [] [] [Starting super admin seeding] []
[2025-05-14 01:55:01.195 +03:00] [INF] [] [] [] [Executed DbCommand (3ms) [Parameters=[@__defaultUser_Email_0='?' (Size = 256)], CommandType='"Text"', CommandTimeout='30']
SELECT NOT EXISTS (
    SELECT 1
    FROM `User` AS `u`
    WHERE (`u`.`Email` = @__defaultUser_Email_0) AND `u`.`Email` IS NOT NULL)] []
[2025-05-14 01:55:01.201 +03:00] [INF] [] [] [] [Super admin seeding completed] []
[2025-05-14 01:55:01.298 +03:00] [WRN] [] [] [] [The WebRootPath was not found: C:\Users\ianga\source\repos\DarajaIntegration\DarajaAPI\wwwroot. Static files may be unavailable.] []
[2025-05-14 01:55:01.390 +03:00] [INF] [] [] [] [Now listening on: https://localhost:5003] []
[2025-05-14 01:55:01.489 +03:00] [INF] [] [] [] [Application started. Press Ctrl+C to shut down.] []
[2025-05-14 01:55:01.491 +03:00] [INF] [] [] [] [Hosting environment: Development] []
[2025-05-14 01:55:01.493 +03:00] [INF] [] [] [] [Content root path: C:\Users\ianga\source\repos\DarajaIntegration\DarajaAPI] []
[2025-05-14 01:55:02.432 +03:00] [INF] [] [0HNCIE4OO1K1L:00000001] [/swagger/index.html] [Request starting HTTP/2 GET https://localhost:5003/swagger/index.html - null null] []
[2025-05-14 01:55:02.950 +03:00] [INF] [] [0HNCIE4OO1K1L:00000001] [/swagger/index.html] [Request finished HTTP/2 GET https://localhost:5003/swagger/index.html - 200 null text/html;charset=utf-8 532.6998ms] []
[2025-05-14 01:55:02.956 +03:00] [INF] [] [0HNCIE4OO1K1L:00000003] [/_framework/aspnetcore-browser-refresh.js] [Request starting HTTP/2 GET https://localhost:5003/_framework/aspnetcore-browser-refresh.js - null null] []
[2025-05-14 01:55:02.957 +03:00] [INF] [] [0HNCIE4OO1K1L:00000005] [/_vs/browserLink] [Request starting HTTP/2 GET https://localhost:5003/_vs/browserLink - null null] []
[2025-05-14 01:55:03.014 +03:00] [INF] [] [0HNCIE4OO1K1L:00000003] [/_framework/aspnetcore-browser-refresh.js] [Request finished HTTP/2 GET https://localhost:5003/_framework/aspnetcore-browser-refresh.js - 200 16503 application/javascript; charset=utf-8 28.2466ms] []
[2025-05-14 01:55:03.118 +03:00] [INF] [] [0HNCIE4OO1K1L:00000005] [/_vs/browserLink] [Request finished HTTP/2 GET https://localhost:5003/_vs/browserLink - 200 null text/javascript; charset=UTF-8 161.42ms] []
[2025-05-14 01:55:03.332 +03:00] [INF] [] [0HNCIE4OO1K1L:00000007] [/swagger/v1/swagger.json] [Request starting HTTP/2 GET https://localhost:5003/swagger/v1/swagger.json - null null] []
[2025-05-14 01:55:03.434 +03:00] [INF] [] [0HNCIE4OO1K1L:00000007] [/swagger/v1/swagger.json] [Request finished HTTP/2 GET https://localhost:5003/swagger/v1/swagger.json - 200 null application/json;charset=utf-8 101.7408ms] []
[2025-05-14 01:56:21.889 +03:00] [INF] [] [0HNCIE4OO1K1L:00000009] [/api/v1/Daraja/registerUrls] [Request starting HTTP/2 POST https://localhost:5003/api/v1/Daraja/registerUrls - null 0] []
[2025-05-14 01:56:21.957 +03:00] [INF] [] [0HNCIE4OO1K1L:00000009] [/api/v1/Daraja/registerUrls] [CORS policy execution successful.] []
[2025-05-14 01:56:21.971 +03:00] [INF] [] [0HNCIE4OO1K1L:00000009] [/api/v1/Daraja/registerUrls] [Executing endpoint 'DarajaAPI.Controllers.v1.DarajaController.RegisterMpesaUrlsAsync (DarajaAPI)'] []
[2025-05-14 01:56:21.986 +03:00] [INF] [] [0HNCIE4OO1K1L:00000009] [/api/v1/Daraja/registerUrls] [Route matched with {action = "RegisterMpesaUrls", controller = "Daraja"}. Executing controller action with signature System.Threading.Tasks.Task`1[Microsoft.AspNetCore.Mvc.IActionResult] RegisterMpesaUrlsAsync() on controller DarajaAPI.Controllers.v1.DarajaController (DarajaAPI).] []
[2025-05-14 01:56:22.019 +03:00] [INF] [] [0HNCIE4OO1K1L:00000009] [/api/v1/Daraja/registerUrls] [Start processing HTTP request GET https://sandbox.safaricom.co.ke/oauth/v1/generate?grant_type=client_credentials] []
[2025-05-14 01:56:22.024 +03:00] [INF] [] [0HNCIE4OO1K1L:00000009] [/api/v1/Daraja/registerUrls] [Sending HTTP request GET https://sandbox.safaricom.co.ke/oauth/v1/generate?grant_type=client_credentials] []
[2025-05-14 01:56:22.848 +03:00] [INF] [] [0HNCIE4OO1K1L:00000009] [/api/v1/Daraja/registerUrls] [Received HTTP response headers after 817.2392ms - 200] []
[2025-05-14 01:56:22.855 +03:00] [INF] [] [0HNCIE4OO1K1L:00000009] [/api/v1/Daraja/registerUrls] [End processing HTTP request after 838.5748ms - 200] []
[2025-05-14 01:56:22.942 +03:00] [INF] [] [0HNCIE4OO1K1L:00000009] [/api/v1/Daraja/registerUrls] [Start processing HTTP request POST https://sandbox.safaricom.co.ke/mpesa/c2b/v1/registerurl] []
[2025-05-14 01:56:22.946 +03:00] [INF] [] [0HNCIE4OO1K1L:00000009] [/api/v1/Daraja/registerUrls] [Sending HTTP request POST https://sandbox.safaricom.co.ke/mpesa/c2b/v1/registerurl] []
[2025-05-14 01:56:23.790 +03:00] [INF] [] [0HNCIE4OO1K1L:00000009] [/api/v1/Daraja/registerUrls] [Received HTTP response headers after 842.5541ms - 500] []
[2025-05-14 01:56:23.793 +03:00] [INF] [] [0HNCIE4OO1K1L:00000009] [/api/v1/Daraja/registerUrls] [End processing HTTP request after 851.0965ms - 500] []
[2025-05-14 01:56:23.801 +03:00] [INF] [] [0HNCIE4OO1K1L:00000009] [/api/v1/Daraja/registerUrls] [Executing ObjectResult, writing value of type 'System.String'.] []
[2025-05-14 01:56:23.812 +03:00] [INF] [] [0HNCIE4OO1K1L:00000009] [/api/v1/Daraja/registerUrls] [Executed action DarajaAPI.Controllers.v1.DarajaController.RegisterMpesaUrlsAsync (DarajaAPI) in 1817.6914ms] []
[2025-05-14 01:56:23.815 +03:00] [INF] [] [0HNCIE4OO1K1L:00000009] [/api/v1/Daraja/registerUrls] [Executed endpoint 'DarajaAPI.Controllers.v1.DarajaController.RegisterMpesaUrlsAsync (DarajaAPI)'] []
[2025-05-14 01:56:23.819 +03:00] [INF] [] [0HNCIE4OO1K1L:00000009] [/api/v1/Daraja/registerUrls] [Request finished HTTP/2 POST https://localhost:5003/api/v1/Daraja/registerUrls - 500 null text/plain; charset=utf-8 1931.4434ms] []
[2025-05-14 01:57:32.951 +03:00] [INF] [] [0HNCIE4OO1K1L:0000000B] [/api/v1/Daraja/simulate-c2b-payment] [Request starting HTTP/2 POST https://localhost:5003/api/v1/Daraja/simulate-c2b-payment - application/json 83] []
[2025-05-14 01:57:32.971 +03:00] [INF] [] [0HNCIE4OO1K1L:0000000B] [/api/v1/Daraja/simulate-c2b-payment] [CORS policy execution successful.] []
[2025-05-14 01:57:32.975 +03:00] [INF] [] [0HNCIE4OO1K1L:0000000B] [/api/v1/Daraja/simulate-c2b-payment] [Executing endpoint 'DarajaAPI.Controllers.v1.DarajaController.SimulateC2BPayment (DarajaAPI)'] []
[2025-05-14 01:57:32.987 +03:00] [INF] [] [0HNCIE4OO1K1L:0000000B] [/api/v1/Daraja/simulate-c2b-payment] [Route matched with {action = "SimulateC2BPayment", controller = "Daraja"}. Executing controller action with signature System.Threading.Tasks.Task`1[Microsoft.AspNetCore.Mvc.IActionResult] SimulateC2BPayment(C2BRequest) on controller DarajaAPI.Controllers.v1.DarajaController (DarajaAPI).] []
[2025-05-14 01:57:33.031 +03:00] [INF] [] [0HNCIE4OO1K1L:0000000B] [/api/v1/Daraja/simulate-c2b-payment] [Start processing HTTP request GET https://sandbox.safaricom.co.ke/oauth/v1/generate?grant_type=client_credentials] []
[2025-05-14 01:57:33.034 +03:00] [INF] [] [0HNCIE4OO1K1L:0000000B] [/api/v1/Daraja/simulate-c2b-payment] [Sending HTTP request GET https://sandbox.safaricom.co.ke/oauth/v1/generate?grant_type=client_credentials] []
[2025-05-14 01:57:33.460 +03:00] [INF] [] [0HNCIE4OO1K1L:0000000B] [/api/v1/Daraja/simulate-c2b-payment] [Received HTTP response headers after 424.4091ms - 200] []
[2025-05-14 01:57:33.468 +03:00] [INF] [] [0HNCIE4OO1K1L:0000000B] [/api/v1/Daraja/simulate-c2b-payment] [End processing HTTP request after 436.9139ms - 200] []
[2025-05-14 01:57:33.511 +03:00] [INF] [] [0HNCIE4OO1K1L:0000000B] [/api/v1/Daraja/simulate-c2b-payment] [Start processing HTTP request POST https://sandbox.safaricom.co.ke/mpesa/c2b/v1/simulate] []
[2025-05-14 01:57:33.514 +03:00] [INF] [] [0HNCIE4OO1K1L:0000000B] [/api/v1/Daraja/simulate-c2b-payment] [Sending HTTP request POST https://sandbox.safaricom.co.ke/mpesa/c2b/v1/simulate] []
[2025-05-14 01:57:33.781 +03:00] [INF] [] [0HNCIE4OO1K1L:0000000B] [/api/v1/Daraja/simulate-c2b-payment] [Received HTTP response headers after 265.4561ms - 400] []
[2025-05-14 01:57:33.784 +03:00] [INF] [] [0HNCIE4OO1K1L:0000000B] [/api/v1/Daraja/simulate-c2b-payment] [End processing HTTP request after 272.4189ms - 400] []
[2025-05-14 01:57:33.787 +03:00] [INF] [] [0HNCIE4OO1K1L:0000000B] [/api/v1/Daraja/simulate-c2b-payment] [Executing ObjectResult, writing value of type 'System.String'.] []
[2025-05-14 01:57:33.789 +03:00] [INF] [] [0HNCIE4OO1K1L:0000000B] [/api/v1/Daraja/simulate-c2b-payment] [Executed action DarajaAPI.Controllers.v1.DarajaController.SimulateC2BPayment (DarajaAPI) in 798.0395ms] []
[2025-05-14 01:57:33.791 +03:00] [INF] [] [0HNCIE4OO1K1L:0000000B] [/api/v1/Daraja/simulate-c2b-payment] [Executed endpoint 'DarajaAPI.Controllers.v1.DarajaController.SimulateC2BPayment (DarajaAPI)'] []
[2025-05-14 01:57:33.792 +03:00] [INF] [] [0HNCIE4OO1K1L:0000000B] [/api/v1/Daraja/simulate-c2b-payment] [Request finished HTTP/2 POST https://localhost:5003/api/v1/Daraja/simulate-c2b-payment - 400 null text/plain; charset=utf-8 844.4523ms] []
[2025-05-14 01:59:36.668 +03:00] [INF] [] [0HNCIE4OO1K1L:0000000D] [/api/v1/Daraja/simulate-c2b-payment] [Request starting HTTP/2 POST https://localhost:5003/api/v1/Daraja/simulate-c2b-payment - application/json 82] []
[2025-05-14 01:59:36.682 +03:00] [INF] [] [0HNCIE4OO1K1L:0000000D] [/api/v1/Daraja/simulate-c2b-payment] [CORS policy execution successful.] []
[2025-05-14 01:59:36.686 +03:00] [INF] [] [0HNCIE4OO1K1L:0000000D] [/api/v1/Daraja/simulate-c2b-payment] [Executing endpoint 'DarajaAPI.Controllers.v1.DarajaController.SimulateC2BPayment (DarajaAPI)'] []
[2025-05-14 01:59:36.688 +03:00] [INF] [] [0HNCIE4OO1K1L:0000000D] [/api/v1/Daraja/simulate-c2b-payment] [Route matched with {action = "SimulateC2BPayment", controller = "Daraja"}. Executing controller action with signature System.Threading.Tasks.Task`1[Microsoft.AspNetCore.Mvc.IActionResult] SimulateC2BPayment(C2BRequest) on controller DarajaAPI.Controllers.v1.DarajaController (DarajaAPI).] []
[2025-05-14 01:59:36.693 +03:00] [INF] [] [0HNCIE4OO1K1L:0000000D] [/api/v1/Daraja/simulate-c2b-payment] [Start processing HTTP request GET https://sandbox.safaricom.co.ke/oauth/v1/generate?grant_type=client_credentials] []
[2025-05-14 01:59:36.695 +03:00] [INF] [] [0HNCIE4OO1K1L:0000000D] [/api/v1/Daraja/simulate-c2b-payment] [Sending HTTP request GET https://sandbox.safaricom.co.ke/oauth/v1/generate?grant_type=client_credentials] []
[2025-05-14 01:59:37.321 +03:00] [INF] [] [0HNCIE4OO1K1L:0000000D] [/api/v1/Daraja/simulate-c2b-payment] [Received HTTP response headers after 623.5155ms - 200] []
[2025-05-14 01:59:37.324 +03:00] [INF] [] [0HNCIE4OO1K1L:0000000D] [/api/v1/Daraja/simulate-c2b-payment] [End processing HTTP request after 630.8001ms - 200] []
[2025-05-14 01:59:37.328 +03:00] [INF] [] [0HNCIE4OO1K1L:0000000D] [/api/v1/Daraja/simulate-c2b-payment] [Start processing HTTP request POST https://sandbox.safaricom.co.ke/mpesa/c2b/v1/simulate] []
[2025-05-14 01:59:37.331 +03:00] [INF] [] [0HNCIE4OO1K1L:0000000D] [/api/v1/Daraja/simulate-c2b-payment] [Sending HTTP request POST https://sandbox.safaricom.co.ke/mpesa/c2b/v1/simulate] []
[2025-05-14 01:59:37.958 +03:00] [INF] [] [0HNCIE4OO1K1L:0000000D] [/api/v1/Daraja/simulate-c2b-payment] [Received HTTP response headers after 623.9671ms - 500] []
[2025-05-14 01:59:37.963 +03:00] [INF] [] [0HNCIE4OO1K1L:0000000D] [/api/v1/Daraja/simulate-c2b-payment] [End processing HTTP request after 635.6167ms - 500] []
[2025-05-14 01:59:37.968 +03:00] [INF] [] [0HNCIE4OO1K1L:0000000D] [/api/v1/Daraja/simulate-c2b-payment] [Executing ObjectResult, writing value of type 'System.String'.] []
[2025-05-14 01:59:37.972 +03:00] [INF] [] [0HNCIE4OO1K1L:0000000D] [/api/v1/Daraja/simulate-c2b-payment] [Executed action DarajaAPI.Controllers.v1.DarajaController.SimulateC2BPayment (DarajaAPI) in 1281.8361ms] []
[2025-05-14 01:59:37.987 +03:00] [INF] [] [0HNCIE4OO1K1L:0000000D] [/api/v1/Daraja/simulate-c2b-payment] [Executed endpoint 'DarajaAPI.Controllers.v1.DarajaController.SimulateC2BPayment (DarajaAPI)'] []
[2025-05-14 01:59:37.988 +03:00] [INF] [] [0HNCIE4OO1K1L:0000000D] [/api/v1/Daraja/simulate-c2b-payment] [Request finished HTTP/2 POST https://localhost:5003/api/v1/Daraja/simulate-c2b-payment - 500 null text/plain; charset=utf-8 1320.3393ms] []
