[2024-07-17 07:09:19.036 +03:00] [INF] [] [] [] [Starting role seeding] []
[2024-07-17 07:09:24.793 +03:00] [INF] [] [] [] [Executed DbCommand (131ms) [Parameters=[@__normalizedName_0='?' (Size = 256)], CommandType='"Text"', CommandTimeout='30']
SELECT `r`.`Id`, `r`.`ConcurrencyStamp`, `r`.`Name`, `r`.`NormalizedName`
FROM `Role` AS `r`
WHERE `r`.`NormalizedName` = @__normalizedName_0
LIMIT 1] []
[2024-07-17 07:09:25.236 +03:00] [INF] [] [] [] [Executed DbCommand (66ms) [Parameters=[@__normalizedName_0='?' (Size = 256)], CommandType='"Text"', CommandTimeout='30']
SELECT `r`.`Id`, `r`.`ConcurrencyStamp`, `r`.`Name`, `r`.`NormalizedName`
FROM `Role` AS `r`
WHERE `r`.`NormalizedName` = @__normalizedName_0
LIMIT 1] []
[2024-07-17 07:09:25.262 +03:00] [INF] [] [] [] [Executed DbCommand (3ms) [Parameters=[@__normalizedName_0='?' (Size = 256)], CommandType='"Text"', CommandTimeout='30']
SELECT `r`.`Id`, `r`.`ConcurrencyStamp`, `r`.`Name`, `r`.`NormalizedName`
FROM `Role` AS `r`
WHERE `r`.`NormalizedName` = @__normalizedName_0
LIMIT 1] []
[2024-07-17 07:09:25.281 +03:00] [INF] [] [] [] [Executed DbCommand (3ms) [Parameters=[@__normalizedName_0='?' (Size = 256)], CommandType='"Text"', CommandTimeout='30']
SELECT `r`.`Id`, `r`.`ConcurrencyStamp`, `r`.`Name`, `r`.`NormalizedName`
FROM `Role` AS `r`
WHERE `r`.`NormalizedName` = @__normalizedName_0
LIMIT 1] []
[2024-07-17 07:09:25.287 +03:00] [INF] [] [] [] [Role seeding completed] []
[2024-07-17 07:09:25.290 +03:00] [INF] [] [] [] [Starting super admin seeding] []
[2024-07-17 07:09:25.368 +03:00] [INF] [] [] [] [Executed DbCommand (4ms) [Parameters=[@__defaultUser_Email_0='?' (Size = 256)], CommandType='"Text"', CommandTimeout='30']
SELECT NOT EXISTS (
    SELECT 1
    FROM `User` AS `u`
    WHERE (`u`.`Email` = @__defaultUser_Email_0) AND `u`.`Email` IS NOT NULL)] []
[2024-07-17 07:09:25.382 +03:00] [INF] [] [] [] [Super admin seeding completed] []
[2024-07-17 07:09:25.721 +03:00] [WRN] [] [] [] [The WebRootPath was not found: C:\Users\Mwesh\source\repos\DarajaIntegration\DarajaAPI\wwwroot. Static files may be unavailable.] []
[2024-07-17 07:09:25.992 +03:00] [INF] [] [] [] [Now listening on: https://localhost:5003] []
[2024-07-17 07:09:25.995 +03:00] [INF] [] [] [] [Application started. Press Ctrl+C to shut down.] []
[2024-07-17 07:09:25.998 +03:00] [INF] [] [] [] [Hosting environment: Development] []
[2024-07-17 07:09:26.001 +03:00] [INF] [] [] [] [Content root path: C:\Users\Mwesh\source\repos\DarajaIntegration\DarajaAPI] []
[2024-07-17 07:09:27.477 +03:00] [INF] [] [0HN562OVKR5NV:00000001] [/swagger/index.html] [Request starting HTTP/2 GET https://localhost:5003/swagger/index.html - null null] []
[2024-07-17 07:09:28.250 +03:00] [INF] [] [0HN562OVKR5NV:00000001] [/swagger/index.html] [Request finished HTTP/2 GET https://localhost:5003/swagger/index.html - 200 null text/html;charset=utf-8 789.5707ms] []
[2024-07-17 07:09:28.282 +03:00] [INF] [] [0HN562OVKR5NV:00000005] [/_vs/browserLink] [Request starting HTTP/2 GET https://localhost:5003/_vs/browserLink - null null] []
[2024-07-17 07:09:28.283 +03:00] [INF] [] [0HN562OVKR5NV:00000003] [/_framework/aspnetcore-browser-refresh.js] [Request starting HTTP/2 GET https://localhost:5003/_framework/aspnetcore-browser-refresh.js - null null] []
[2024-07-17 07:09:28.379 +03:00] [INF] [] [0HN562OVKR5NV:00000003] [/_framework/aspnetcore-browser-refresh.js] [Request finished HTTP/2 GET https://localhost:5003/_framework/aspnetcore-browser-refresh.js - 200 13754 application/javascript; charset=utf-8 57.867ms] []
[2024-07-17 07:09:28.547 +03:00] [INF] [] [0HN562OVKR5NV:00000005] [/_vs/browserLink] [Request finished HTTP/2 GET https://localhost:5003/_vs/browserLink - 200 null text/javascript; charset=UTF-8 265.3388ms] []
[2024-07-17 07:09:28.693 +03:00] [INF] [] [0HN562OVKR5NV:00000007] [/swagger/v1/swagger.json] [Request starting HTTP/2 GET https://localhost:5003/swagger/v1/swagger.json - null null] []
[2024-07-17 07:09:29.209 +03:00] [INF] [] [0HN562OVKR5NV:00000007] [/swagger/v1/swagger.json] [Request finished HTTP/2 GET https://localhost:5003/swagger/v1/swagger.json - 200 null application/json;charset=utf-8 515.2364ms] []
[2024-07-17 07:12:31.723 +03:00] [INF] [] [] [] [Starting role seeding] []
[2024-07-17 07:12:36.036 +03:00] [INF] [] [] [] [Executed DbCommand (141ms) [Parameters=[@__normalizedName_0='?' (Size = 256)], CommandType='"Text"', CommandTimeout='30']
SELECT `r`.`Id`, `r`.`ConcurrencyStamp`, `r`.`Name`, `r`.`NormalizedName`
FROM `Role` AS `r`
WHERE `r`.`NormalizedName` = @__normalizedName_0
LIMIT 1] []
[2024-07-17 07:12:36.416 +03:00] [INF] [] [] [] [Executed DbCommand (33ms) [Parameters=[@__normalizedName_0='?' (Size = 256)], CommandType='"Text"', CommandTimeout='30']
SELECT `r`.`Id`, `r`.`ConcurrencyStamp`, `r`.`Name`, `r`.`NormalizedName`
FROM `Role` AS `r`
WHERE `r`.`NormalizedName` = @__normalizedName_0
LIMIT 1] []
[2024-07-17 07:12:36.445 +03:00] [INF] [] [] [] [Executed DbCommand (8ms) [Parameters=[@__normalizedName_0='?' (Size = 256)], CommandType='"Text"', CommandTimeout='30']
SELECT `r`.`Id`, `r`.`ConcurrencyStamp`, `r`.`Name`, `r`.`NormalizedName`
FROM `Role` AS `r`
WHERE `r`.`NormalizedName` = @__normalizedName_0
LIMIT 1] []
[2024-07-17 07:12:36.466 +03:00] [INF] [] [] [] [Executed DbCommand (4ms) [Parameters=[@__normalizedName_0='?' (Size = 256)], CommandType='"Text"', CommandTimeout='30']
SELECT `r`.`Id`, `r`.`ConcurrencyStamp`, `r`.`Name`, `r`.`NormalizedName`
FROM `Role` AS `r`
WHERE `r`.`NormalizedName` = @__normalizedName_0
LIMIT 1] []
[2024-07-17 07:12:36.473 +03:00] [INF] [] [] [] [Role seeding completed] []
[2024-07-17 07:12:36.475 +03:00] [INF] [] [] [] [Starting super admin seeding] []
[2024-07-17 07:12:36.539 +03:00] [INF] [] [] [] [Executed DbCommand (3ms) [Parameters=[@__defaultUser_Email_0='?' (Size = 256)], CommandType='"Text"', CommandTimeout='30']
SELECT NOT EXISTS (
    SELECT 1
    FROM `User` AS `u`
    WHERE (`u`.`Email` = @__defaultUser_Email_0) AND `u`.`Email` IS NOT NULL)] []
[2024-07-17 07:12:36.550 +03:00] [INF] [] [] [] [Super admin seeding completed] []
[2024-07-17 07:12:36.949 +03:00] [WRN] [] [] [] [The WebRootPath was not found: C:\Users\Mwesh\source\repos\DarajaIntegration\DarajaAPI\wwwroot. Static files may be unavailable.] []
[2024-07-17 07:12:38.913 +03:00] [INF] [] [] [] [Now listening on: https://localhost:5003] []
[2024-07-17 07:12:38.919 +03:00] [INF] [] [] [] [Application started. Press Ctrl+C to shut down.] []
[2024-07-17 07:12:38.930 +03:00] [INF] [] [] [] [Hosting environment: Development] []
[2024-07-17 07:12:38.934 +03:00] [INF] [] [] [] [Content root path: C:\Users\Mwesh\source\repos\DarajaIntegration\DarajaAPI] []
[2024-07-17 07:12:40.704 +03:00] [INF] [] [0HN562QP61NLB:00000001] [/swagger/index.html] [Request starting HTTP/2 GET https://localhost:5003/swagger/index.html - null null] []
[2024-07-17 07:12:41.895 +03:00] [INF] [] [0HN562QP61NLB:00000001] [/swagger/index.html] [Request finished HTTP/2 GET https://localhost:5003/swagger/index.html - 200 null text/html;charset=utf-8 1207.9771ms] []
[2024-07-17 07:12:41.982 +03:00] [INF] [] [0HN562QP61NLB:00000003] [/_framework/aspnetcore-browser-refresh.js] [Request starting HTTP/2 GET https://localhost:5003/_framework/aspnetcore-browser-refresh.js - null null] []
[2024-07-17 07:12:41.983 +03:00] [INF] [] [0HN562QP61NLB:00000005] [/_vs/browserLink] [Request starting HTTP/2 GET https://localhost:5003/_vs/browserLink - null null] []
[2024-07-17 07:12:42.809 +03:00] [INF] [] [0HN562QP61NLB:00000003] [/_framework/aspnetcore-browser-refresh.js] [Request finished HTTP/2 GET https://localhost:5003/_framework/aspnetcore-browser-refresh.js - 200 13754 application/javascript; charset=utf-8 821.4893ms] []
[2024-07-17 07:12:43.101 +03:00] [INF] [] [0HN562QP61NLB:00000005] [/_vs/browserLink] [Request finished HTTP/2 GET https://localhost:5003/_vs/browserLink - 200 null text/javascript; charset=UTF-8 1117.1349ms] []
[2024-07-17 07:12:43.276 +03:00] [INF] [] [0HN562QP61NLB:00000007] [/swagger/v1/swagger.json] [Request starting HTTP/2 GET https://localhost:5003/swagger/v1/swagger.json - null null] []
[2024-07-17 07:12:44.331 +03:00] [INF] [] [0HN562QP61NLB:00000007] [/swagger/v1/swagger.json] [Request finished HTTP/2 GET https://localhost:5003/swagger/v1/swagger.json - 200 null application/json;charset=utf-8 1054.9772ms] []
[2024-07-17 07:15:55.076 +03:00] [INF] [] [] [] [Starting role seeding] []
[2024-07-17 07:16:01.458 +03:00] [INF] [] [] [] [Executed DbCommand (155ms) [Parameters=[@__normalizedName_0='?' (Size = 256)], CommandType='"Text"', CommandTimeout='30']
SELECT `r`.`Id`, `r`.`ConcurrencyStamp`, `r`.`Name`, `r`.`NormalizedName`
FROM `Role` AS `r`
WHERE `r`.`NormalizedName` = @__normalizedName_0
LIMIT 1] []
[2024-07-17 07:16:03.311 +03:00] [INF] [] [] [] [Executed DbCommand (18ms) [Parameters=[@__normalizedName_0='?' (Size = 256)], CommandType='"Text"', CommandTimeout='30']
SELECT `r`.`Id`, `r`.`ConcurrencyStamp`, `r`.`Name`, `r`.`NormalizedName`
FROM `Role` AS `r`
WHERE `r`.`NormalizedName` = @__normalizedName_0
LIMIT 1] []
[2024-07-17 07:16:03.332 +03:00] [INF] [] [] [] [Executed DbCommand (6ms) [Parameters=[@__normalizedName_0='?' (Size = 256)], CommandType='"Text"', CommandTimeout='30']
SELECT `r`.`Id`, `r`.`ConcurrencyStamp`, `r`.`Name`, `r`.`NormalizedName`
FROM `Role` AS `r`
WHERE `r`.`NormalizedName` = @__normalizedName_0
LIMIT 1] []
[2024-07-17 07:16:03.362 +03:00] [INF] [] [] [] [Executed DbCommand (3ms) [Parameters=[@__normalizedName_0='?' (Size = 256)], CommandType='"Text"', CommandTimeout='30']
SELECT `r`.`Id`, `r`.`ConcurrencyStamp`, `r`.`Name`, `r`.`NormalizedName`
FROM `Role` AS `r`
WHERE `r`.`NormalizedName` = @__normalizedName_0
LIMIT 1] []
[2024-07-17 07:16:03.373 +03:00] [INF] [] [] [] [Role seeding completed] []
[2024-07-17 07:16:03.378 +03:00] [INF] [] [] [] [Starting super admin seeding] []
[2024-07-17 07:16:03.454 +03:00] [INF] [] [] [] [Executed DbCommand (4ms) [Parameters=[@__defaultUser_Email_0='?' (Size = 256)], CommandType='"Text"', CommandTimeout='30']
SELECT NOT EXISTS (
    SELECT 1
    FROM `User` AS `u`
    WHERE (`u`.`Email` = @__defaultUser_Email_0) AND `u`.`Email` IS NOT NULL)] []
[2024-07-17 07:16:03.468 +03:00] [INF] [] [] [] [Super admin seeding completed] []
[2024-07-17 07:16:03.827 +03:00] [WRN] [] [] [] [The WebRootPath was not found: C:\Users\Mwesh\source\repos\DarajaIntegration\DarajaAPI\wwwroot. Static files may be unavailable.] []
[2024-07-17 07:16:04.123 +03:00] [INF] [] [] [] [Now listening on: https://localhost:5003] []
[2024-07-17 07:16:04.163 +03:00] [INF] [] [] [] [Application started. Press Ctrl+C to shut down.] []
[2024-07-17 07:16:04.176 +03:00] [INF] [] [] [] [Hosting environment: Development] []
[2024-07-17 07:16:04.182 +03:00] [INF] [] [] [] [Content root path: C:\Users\Mwesh\source\repos\DarajaIntegration\DarajaAPI] []
[2024-07-17 07:16:05.617 +03:00] [INF] [] [0HN562SMBKTGO:00000001] [/swagger/index.html] [Request starting HTTP/2 GET https://localhost:5003/swagger/index.html - null null] []
[2024-07-17 07:16:06.875 +03:00] [INF] [] [0HN562SMBKTGO:00000001] [/swagger/index.html] [Request finished HTTP/2 GET https://localhost:5003/swagger/index.html - 200 null text/html;charset=utf-8 1273.6471ms] []
[2024-07-17 07:16:06.897 +03:00] [INF] [] [0HN562SMBKTGO:00000003] [/_framework/aspnetcore-browser-refresh.js] [Request starting HTTP/2 GET https://localhost:5003/_framework/aspnetcore-browser-refresh.js - null null] []
[2024-07-17 07:16:06.900 +03:00] [INF] [] [0HN562SMBKTGO:00000005] [/_vs/browserLink] [Request starting HTTP/2 GET https://localhost:5003/_vs/browserLink - null null] []
[2024-07-17 07:16:06.953 +03:00] [INF] [] [0HN562SMBKTGO:00000003] [/_framework/aspnetcore-browser-refresh.js] [Request finished HTTP/2 GET https://localhost:5003/_framework/aspnetcore-browser-refresh.js - 200 13754 application/javascript; charset=utf-8 55.8278ms] []
[2024-07-17 07:16:07.160 +03:00] [INF] [] [0HN562SMBKTGO:00000005] [/_vs/browserLink] [Request finished HTTP/2 GET https://localhost:5003/_vs/browserLink - 200 null text/javascript; charset=UTF-8 259.6846ms] []
[2024-07-17 07:16:07.315 +03:00] [INF] [] [0HN562SMBKTGP:00000001] [/swagger/v1/swagger.json] [Request starting HTTP/2 GET https://localhost:5003/swagger/v1/swagger.json - null null] []
[2024-07-17 07:16:07.847 +03:00] [INF] [] [0HN562SMBKTGP:00000001] [/swagger/v1/swagger.json] [Request finished HTTP/2 GET https://localhost:5003/swagger/v1/swagger.json - 200 null application/json;charset=utf-8 532.1553ms] []
[2024-07-17 07:20:58.651 +03:00] [INF] [] [] [] [Starting role seeding] []
[2024-07-17 07:21:02.522 +03:00] [INF] [] [] [] [Executed DbCommand (157ms) [Parameters=[@__normalizedName_0='?' (Size = 256)], CommandType='"Text"', CommandTimeout='30']
SELECT `r`.`Id`, `r`.`ConcurrencyStamp`, `r`.`Name`, `r`.`NormalizedName`
FROM `Role` AS `r`
WHERE `r`.`NormalizedName` = @__normalizedName_0
LIMIT 1] []
[2024-07-17 07:21:02.904 +03:00] [INF] [] [] [] [Executed DbCommand (18ms) [Parameters=[@__normalizedName_0='?' (Size = 256)], CommandType='"Text"', CommandTimeout='30']
SELECT `r`.`Id`, `r`.`ConcurrencyStamp`, `r`.`Name`, `r`.`NormalizedName`
FROM `Role` AS `r`
WHERE `r`.`NormalizedName` = @__normalizedName_0
LIMIT 1] []
[2024-07-17 07:21:02.919 +03:00] [INF] [] [] [] [Executed DbCommand (3ms) [Parameters=[@__normalizedName_0='?' (Size = 256)], CommandType='"Text"', CommandTimeout='30']
SELECT `r`.`Id`, `r`.`ConcurrencyStamp`, `r`.`Name`, `r`.`NormalizedName`
FROM `Role` AS `r`
WHERE `r`.`NormalizedName` = @__normalizedName_0
LIMIT 1] []
[2024-07-17 07:21:02.934 +03:00] [INF] [] [] [] [Executed DbCommand (3ms) [Parameters=[@__normalizedName_0='?' (Size = 256)], CommandType='"Text"', CommandTimeout='30']
SELECT `r`.`Id`, `r`.`ConcurrencyStamp`, `r`.`Name`, `r`.`NormalizedName`
FROM `Role` AS `r`
WHERE `r`.`NormalizedName` = @__normalizedName_0
LIMIT 1] []
[2024-07-17 07:21:02.940 +03:00] [INF] [] [] [] [Role seeding completed] []
[2024-07-17 07:21:02.944 +03:00] [INF] [] [] [] [Starting super admin seeding] []
[2024-07-17 07:21:03.009 +03:00] [INF] [] [] [] [Executed DbCommand (4ms) [Parameters=[@__defaultUser_Email_0='?' (Size = 256)], CommandType='"Text"', CommandTimeout='30']
SELECT NOT EXISTS (
    SELECT 1
    FROM `User` AS `u`
    WHERE (`u`.`Email` = @__defaultUser_Email_0) AND `u`.`Email` IS NOT NULL)] []
[2024-07-17 07:21:03.022 +03:00] [INF] [] [] [] [Super admin seeding completed] []
[2024-07-17 07:21:03.288 +03:00] [WRN] [] [] [] [The WebRootPath was not found: C:\Users\Mwesh\source\repos\DarajaIntegration\DarajaAPI\wwwroot. Static files may be unavailable.] []
[2024-07-17 07:21:03.494 +03:00] [INF] [] [] [] [Now listening on: https://localhost:5003] []
[2024-07-17 07:21:03.500 +03:00] [INF] [] [] [] [Application started. Press Ctrl+C to shut down.] []
[2024-07-17 07:21:03.503 +03:00] [INF] [] [] [] [Hosting environment: Development] []
[2024-07-17 07:21:03.506 +03:00] [INF] [] [] [] [Content root path: C:\Users\Mwesh\source\repos\DarajaIntegration\DarajaAPI] []
[2024-07-17 07:21:05.941 +03:00] [INF] [] [0HN562VFIQUNR:00000001] [/swagger/index.html] [Request starting HTTP/2 GET https://localhost:5003/swagger/index.html - null null] []
[2024-07-17 07:21:06.717 +03:00] [INF] [] [0HN562VFIQUNR:00000001] [/swagger/index.html] [Request finished HTTP/2 GET https://localhost:5003/swagger/index.html - 200 null text/html;charset=utf-8 787.6734ms] []
[2024-07-17 07:21:06.802 +03:00] [INF] [] [0HN562VFIQUNR:00000003] [/_framework/aspnetcore-browser-refresh.js] [Request starting HTTP/2 GET https://localhost:5003/_framework/aspnetcore-browser-refresh.js - null null] []
[2024-07-17 07:21:06.861 +03:00] [INF] [] [0HN562VFIQUNR:00000005] [/_vs/browserLink] [Request starting HTTP/2 GET https://localhost:5003/_vs/browserLink - null null] []
[2024-07-17 07:21:07.120 +03:00] [INF] [] [0HN562VFIQUNR:00000003] [/_framework/aspnetcore-browser-refresh.js] [Request finished HTTP/2 GET https://localhost:5003/_framework/aspnetcore-browser-refresh.js - 200 13754 application/javascript; charset=utf-8 317.5933ms] []
[2024-07-17 07:21:07.334 +03:00] [INF] [] [0HN562VFIQUNR:00000005] [/_vs/browserLink] [Request finished HTTP/2 GET https://localhost:5003/_vs/browserLink - 200 null text/javascript; charset=UTF-8 472.726ms] []
[2024-07-17 07:21:07.695 +03:00] [INF] [] [0HN562VFIQUNR:00000007] [/swagger/v1/swagger.json] [Request starting HTTP/2 GET https://localhost:5003/swagger/v1/swagger.json - null null] []
[2024-07-17 07:21:08.365 +03:00] [INF] [] [0HN562VFIQUNR:00000007] [/swagger/v1/swagger.json] [Request finished HTTP/2 GET https://localhost:5003/swagger/v1/swagger.json - 200 null application/json;charset=utf-8 669.7157ms] []
[2024-07-17 07:54:03.137 +03:00] [INF] [] [] [] [Executed DbCommand (16ms) [Parameters=[], CommandType='"Text"', CommandTimeout='30']
SELECT 1 FROM INFORMATION_SCHEMA.TABLES WHERE TABLE_SCHEMA='DarajaDB' AND TABLE_NAME='__EFMigrationsHistory';] []
[2024-07-17 07:54:03.401 +03:00] [INF] [] [] [] [Executed DbCommand (4ms) [Parameters=[], CommandType='"Text"', CommandTimeout='30']
SELECT 1 FROM INFORMATION_SCHEMA.TABLES WHERE TABLE_SCHEMA='DarajaDB' AND TABLE_NAME='__EFMigrationsHistory';] []
[2024-07-17 07:54:03.446 +03:00] [INF] [] [] [] [Executed DbCommand (6ms) [Parameters=[], CommandType='"Text"', CommandTimeout='30']
SELECT `MigrationId`, `ProductVersion`
FROM `__EFMigrationsHistory`
ORDER BY `MigrationId`;] []
[2024-07-17 07:54:03.470 +03:00] [INF] [] [] [] [Applying migration '20240717045336_Nullable_2'.] []
[2024-07-17 07:54:03.580 +03:00] [INF] [] [] [] [Executed DbCommand (3ms) [Parameters=[], CommandType='"Text"', CommandTimeout='30']
INSERT INTO `__EFMigrationsHistory` (`MigrationId`, `ProductVersion`)
VALUES ('20240717045336_Nullable_2', '8.0.2');] []
