[2025-05-17 21:35:10.484 +03:00] [INF] [] [] [] [Starting role seeding] []
[2025-05-17 21:35:12.753 +03:00] [INF] [] [] [] [Executed DbCommand (98ms) [Parameters=[@__normalizedName_0='?' (Size = 256)], CommandType='"Text"', CommandTimeout='30']
SELECT `r`.`Id`, `r`.`ConcurrencyStamp`, `r`.`Name`, `r`.`NormalizedName`
FROM `Role` AS `r`
WHERE `r`.`NormalizedName` = @__normalizedName_0
LIMIT 1] []
[2025-05-17 21:35:12.948 +03:00] [INF] [] [] [] [Executed DbCommand (3ms) [Parameters=[@__normalizedName_0='?' (Size = 256)], CommandType='"Text"', CommandTimeout='30']
SELECT `r`.`Id`, `r`.`ConcurrencyStamp`, `r`.`Name`, `r`.`NormalizedName`
FROM `Role` AS `r`
WHERE `r`.`NormalizedName` = @__normalizedName_0
LIMIT 1] []
[2025-05-17 21:35:12.967 +03:00] [INF] [] [] [] [Executed DbCommand (2ms) [Parameters=[@__normalizedName_0='?' (Size = 256)], CommandType='"Text"', CommandTimeout='30']
SELECT `r`.`Id`, `r`.`ConcurrencyStamp`, `r`.`Name`, `r`.`NormalizedName`
FROM `Role` AS `r`
WHERE `r`.`NormalizedName` = @__normalizedName_0
LIMIT 1] []
[2025-05-17 21:35:12.979 +03:00] [INF] [] [] [] [Executed DbCommand (2ms) [Parameters=[@__normalizedName_0='?' (Size = 256)], CommandType='"Text"', CommandTimeout='30']
SELECT `r`.`Id`, `r`.`ConcurrencyStamp`, `r`.`Name`, `r`.`NormalizedName`
FROM `Role` AS `r`
WHERE `r`.`NormalizedName` = @__normalizedName_0
LIMIT 1] []
[2025-05-17 21:35:12.983 +03:00] [INF] [] [] [] [Role seeding completed] []
[2025-05-17 21:35:12.985 +03:00] [INF] [] [] [] [Starting super admin seeding] []
[2025-05-17 21:35:13.040 +03:00] [INF] [] [] [] [Executed DbCommand (17ms) [Parameters=[@__defaultUser_Email_0='?' (Size = 256)], CommandType='"Text"', CommandTimeout='30']
SELECT NOT EXISTS (
    SELECT 1
    FROM `User` AS `u`
    WHERE (`u`.`Email` = @__defaultUser_Email_0) AND `u`.`Email` IS NOT NULL)] []
[2025-05-17 21:35:13.050 +03:00] [INF] [] [] [] [Super admin seeding completed] []
[2025-05-17 21:35:13.254 +03:00] [ERR] [] [] [] [Failed executing DbCommand (35ms) [Parameters=[], CommandType='"Text"', CommandTimeout='30']
SELECT `m`.`Id`, `m`.`BillRefNumber`, `m`.`BusinessShortCode`, `m`.`CreatedAt`, `m`.`FirstName`, `m`.`InvoiceNumber`, `m`.`IsVerified`, `m`.`LastName`, `m`.`MSISDN`, `m`.`MiddleName`, `m`.`OrgAccountBalance`, `m`.`RetryCount`, `m`.`ThirdPartyTransID`, `m`.`TransAmount`, `m`.`TransID`, `m`.`TransTime`, `m`.`TransactionType`, `m`.`VerificationDate`, `m`.`VerificationResult`
FROM `MpesaC2Bs` AS `m`
WHERE NOT (`m`.`IsVerified`) AND (`m`.`CreatedAt` > DATE_ADD(UTC_TIMESTAMP(), INTERVAL CAST(-7.0 AS signed) day))] []
[2025-05-17 21:35:13.370 +03:00] [ERR] [] [] [] [An exception occurred while iterating over the results of a query for context type 'Daraja.DbContext.DarajaDbContext'.
MySqlConnector.MySqlException (0x80004005): Unknown column 'm.IsVerified' in 'field list'
   at MySqlConnector.Core.ServerSession.ReceiveReplyAsync(IOBehavior ioBehavior, CancellationToken cancellationToken) in /_/src/MySqlConnector/Core/ServerSession.cs:line 894
   at MySqlConnector.Core.ResultSet.ReadResultSetHeaderAsync(IOBehavior ioBehavior) in /_/src/MySqlConnector/Core/ResultSet.cs:line 37
   at MySqlConnector.MySqlDataReader.ActivateResultSet(CancellationToken cancellationToken) in /_/src/MySqlConnector/MySqlDataReader.cs:line 130
   at MySqlConnector.MySqlDataReader.InitAsync(CommandListPosition commandListPosition, ICommandPayloadCreator payloadCreator, IDictionary`2 cachedProcedures, IMySqlCommand command, CommandBehavior behavior, Activity activity, IOBehavior ioBehavior, CancellationToken cancellationToken) in /_/src/MySqlConnector/MySqlDataReader.cs:line 483
   at MySqlConnector.Core.CommandExecutor.ExecuteReaderAsync(CommandListPosition commandListPosition, ICommandPayloadCreator payloadCreator, CommandBehavior behavior, Activity activity, IOBehavior ioBehavior, CancellationToken cancellationToken) in /_/src/MySqlConnector/Core/CommandExecutor.cs:line 56
   at MySqlConnector.MySqlCommand.ExecuteReaderAsync(CommandBehavior behavior, IOBehavior ioBehavior, CancellationToken cancellationToken) in /_/src/MySqlConnector/MySqlCommand.cs:line 357
   at MySqlConnector.MySqlCommand.ExecuteDbDataReaderAsync(CommandBehavior behavior, CancellationToken cancellationToken) in /_/src/MySqlConnector/MySqlCommand.cs:line 350
   at Microsoft.EntityFrameworkCore.Storage.RelationalCommand.ExecuteReaderAsync(RelationalCommandParameterObject parameterObject, CancellationToken cancellationToken)
   at Microsoft.EntityFrameworkCore.Storage.RelationalCommand.ExecuteReaderAsync(RelationalCommandParameterObject parameterObject, CancellationToken cancellationToken)
   at Microsoft.EntityFrameworkCore.Query.Internal.SingleQueryingEnumerable`1.AsyncEnumerator.InitializeReaderAsync(AsyncEnumerator enumerator, CancellationToken cancellationToken)
   at Microsoft.EntityFrameworkCore.Storage.ExecutionStrategy.<>c__DisplayClass30_0`2.<<ExecuteAsync>b__0>d.MoveNext()
--- End of stack trace from previous location ---
   at Microsoft.EntityFrameworkCore.Storage.ExecutionStrategy.ExecuteImplementationAsync[TState,TResult](Func`4 operation, Func`4 verifySucceeded, TState state, CancellationToken cancellationToken)
   at Microsoft.EntityFrameworkCore.Storage.ExecutionStrategy.ExecuteImplementationAsync[TState,TResult](Func`4 operation, Func`4 verifySucceeded, TState state, CancellationToken cancellationToken)
   at Microsoft.EntityFrameworkCore.Storage.ExecutionStrategy.ExecuteAsync[TState,TResult](TState state, Func`4 operation, Func`4 verifySucceeded, CancellationToken cancellationToken)
   at Microsoft.EntityFrameworkCore.Query.Internal.SingleQueryingEnumerable`1.AsyncEnumerator.MoveNextAsync()] [MySqlConnector.MySqlException (0x80004005): Unknown column 'm.IsVerified' in 'field list'
   at MySqlConnector.Core.ServerSession.ReceiveReplyAsync(IOBehavior ioBehavior, CancellationToken cancellationToken) in /_/src/MySqlConnector/Core/ServerSession.cs:line 894
   at MySqlConnector.Core.ResultSet.ReadResultSetHeaderAsync(IOBehavior ioBehavior) in /_/src/MySqlConnector/Core/ResultSet.cs:line 37
   at MySqlConnector.MySqlDataReader.ActivateResultSet(CancellationToken cancellationToken) in /_/src/MySqlConnector/MySqlDataReader.cs:line 130
   at MySqlConnector.MySqlDataReader.InitAsync(CommandListPosition commandListPosition, ICommandPayloadCreator payloadCreator, IDictionary`2 cachedProcedures, IMySqlCommand command, CommandBehavior behavior, Activity activity, IOBehavior ioBehavior, CancellationToken cancellationToken) in /_/src/MySqlConnector/MySqlDataReader.cs:line 483
   at MySqlConnector.Core.CommandExecutor.ExecuteReaderAsync(CommandListPosition commandListPosition, ICommandPayloadCreator payloadCreator, CommandBehavior behavior, Activity activity, IOBehavior ioBehavior, CancellationToken cancellationToken) in /_/src/MySqlConnector/Core/CommandExecutor.cs:line 56
   at MySqlConnector.MySqlCommand.ExecuteReaderAsync(CommandBehavior behavior, IOBehavior ioBehavior, CancellationToken cancellationToken) in /_/src/MySqlConnector/MySqlCommand.cs:line 357
   at MySqlConnector.MySqlCommand.ExecuteDbDataReaderAsync(CommandBehavior behavior, CancellationToken cancellationToken) in /_/src/MySqlConnector/MySqlCommand.cs:line 350
   at Microsoft.EntityFrameworkCore.Storage.RelationalCommand.ExecuteReaderAsync(RelationalCommandParameterObject parameterObject, CancellationToken cancellationToken)
   at Microsoft.EntityFrameworkCore.Storage.RelationalCommand.ExecuteReaderAsync(RelationalCommandParameterObject parameterObject, CancellationToken cancellationToken)
   at Microsoft.EntityFrameworkCore.Query.Internal.SingleQueryingEnumerable`1.AsyncEnumerator.InitializeReaderAsync(AsyncEnumerator enumerator, CancellationToken cancellationToken)
   at Microsoft.EntityFrameworkCore.Storage.ExecutionStrategy.<>c__DisplayClass30_0`2.<<ExecuteAsync>b__0>d.MoveNext()
--- End of stack trace from previous location ---
   at Microsoft.EntityFrameworkCore.Storage.ExecutionStrategy.ExecuteImplementationAsync[TState,TResult](Func`4 operation, Func`4 verifySucceeded, TState state, CancellationToken cancellationToken)
   at Microsoft.EntityFrameworkCore.Storage.ExecutionStrategy.ExecuteImplementationAsync[TState,TResult](Func`4 operation, Func`4 verifySucceeded, TState state, CancellationToken cancellationToken)
   at Microsoft.EntityFrameworkCore.Storage.ExecutionStrategy.ExecuteAsync[TState,TResult](TState state, Func`4 operation, Func`4 verifySucceeded, CancellationToken cancellationToken)
   at Microsoft.EntityFrameworkCore.Query.Internal.SingleQueryingEnumerable`1.AsyncEnumerator.MoveNextAsync()
]
[2025-05-17 21:35:13.739 +03:00] [ERR] [] [] [] [Payment reconciliation failed] [MySqlConnector.MySqlException (0x80004005): Unknown column 'm.IsVerified' in 'field list'
   at MySqlConnector.Core.ServerSession.ReceiveReplyAsync(IOBehavior ioBehavior, CancellationToken cancellationToken) in /_/src/MySqlConnector/Core/ServerSession.cs:line 894
   at MySqlConnector.Core.ResultSet.ReadResultSetHeaderAsync(IOBehavior ioBehavior) in /_/src/MySqlConnector/Core/ResultSet.cs:line 37
   at MySqlConnector.MySqlDataReader.ActivateResultSet(CancellationToken cancellationToken) in /_/src/MySqlConnector/MySqlDataReader.cs:line 130
   at MySqlConnector.MySqlDataReader.InitAsync(CommandListPosition commandListPosition, ICommandPayloadCreator payloadCreator, IDictionary`2 cachedProcedures, IMySqlCommand command, CommandBehavior behavior, Activity activity, IOBehavior ioBehavior, CancellationToken cancellationToken) in /_/src/MySqlConnector/MySqlDataReader.cs:line 483
   at MySqlConnector.Core.CommandExecutor.ExecuteReaderAsync(CommandListPosition commandListPosition, ICommandPayloadCreator payloadCreator, CommandBehavior behavior, Activity activity, IOBehavior ioBehavior, CancellationToken cancellationToken) in /_/src/MySqlConnector/Core/CommandExecutor.cs:line 56
   at MySqlConnector.MySqlCommand.ExecuteReaderAsync(CommandBehavior behavior, IOBehavior ioBehavior, CancellationToken cancellationToken) in /_/src/MySqlConnector/MySqlCommand.cs:line 357
   at MySqlConnector.MySqlCommand.ExecuteDbDataReaderAsync(CommandBehavior behavior, CancellationToken cancellationToken) in /_/src/MySqlConnector/MySqlCommand.cs:line 350
   at Microsoft.EntityFrameworkCore.Storage.RelationalCommand.ExecuteReaderAsync(RelationalCommandParameterObject parameterObject, CancellationToken cancellationToken)
   at Microsoft.EntityFrameworkCore.Storage.RelationalCommand.ExecuteReaderAsync(RelationalCommandParameterObject parameterObject, CancellationToken cancellationToken)
   at Microsoft.EntityFrameworkCore.Query.Internal.SingleQueryingEnumerable`1.AsyncEnumerator.InitializeReaderAsync(AsyncEnumerator enumerator, CancellationToken cancellationToken)
   at Microsoft.EntityFrameworkCore.Storage.ExecutionStrategy.<>c__DisplayClass30_0`2.<<ExecuteAsync>b__0>d.MoveNext()
--- End of stack trace from previous location ---
   at Microsoft.EntityFrameworkCore.Storage.ExecutionStrategy.ExecuteImplementationAsync[TState,TResult](Func`4 operation, Func`4 verifySucceeded, TState state, CancellationToken cancellationToken)
   at Microsoft.EntityFrameworkCore.Storage.ExecutionStrategy.ExecuteImplementationAsync[TState,TResult](Func`4 operation, Func`4 verifySucceeded, TState state, CancellationToken cancellationToken)
   at Microsoft.EntityFrameworkCore.Storage.ExecutionStrategy.ExecuteAsync[TState,TResult](TState state, Func`4 operation, Func`4 verifySucceeded, CancellationToken cancellationToken)
   at Microsoft.EntityFrameworkCore.Query.Internal.SingleQueryingEnumerable`1.AsyncEnumerator.MoveNextAsync()
   at Microsoft.EntityFrameworkCore.EntityFrameworkQueryableExtensions.ToListAsync[TSource](IQueryable`1 source, CancellationToken cancellationToken)
   at Microsoft.EntityFrameworkCore.EntityFrameworkQueryableExtensions.ToListAsync[TSource](IQueryable`1 source, CancellationToken cancellationToken)
   at DarajaAPI.Repositories.MpesaTransactionRepository.GetUnverifiedTransactionsAsync() in C:\Users\ianga\source\repos\DarajaIntegration\DarajaAPI\Repositories\MpesaTransactionRepository.cs:line 19
   at DarajaAPI.Services.Background.PaymentReconciliationService.ExecuteAsync(CancellationToken stoppingToken) in C:\Users\ianga\source\repos\DarajaIntegration\DarajaAPI\Services\Background\PaymentReconciliationService.cs:line 30
]
[2025-05-17 21:35:13.819 +03:00] [WRN] [] [] [] [The WebRootPath was not found: C:\Users\ianga\source\repos\DarajaIntegration\DarajaAPI\wwwroot. Static files may be unavailable.] []
[2025-05-17 21:35:14.037 +03:00] [INF] [] [] [] [Now listening on: https://localhost:5003] []
[2025-05-17 21:35:14.213 +03:00] [INF] [] [] [] [Application started. Press Ctrl+C to shut down.] []
[2025-05-17 21:35:14.216 +03:00] [INF] [] [] [] [Hosting environment: Development] []
[2025-05-17 21:35:14.219 +03:00] [INF] [] [] [] [Content root path: C:\Users\ianga\source\repos\DarajaIntegration\DarajaAPI] []
[2025-05-17 21:35:16.169 +03:00] [INF] [] [0HNCLE684MNE0:00000001] [/swagger] [Request starting HTTP/2 GET https://localhost:5003/swagger - null null] []
[2025-05-17 21:35:17.759 +03:00] [INF] [] [0HNCLE684MNE0:00000001] [/swagger] [Request finished HTTP/2 GET https://localhost:5003/swagger - 301 0 null 1634.9719ms] []
[2025-05-17 21:35:17.829 +03:00] [INF] [] [0HNCLE684MNE1:00000001] [/swagger/index.html] [Request starting HTTP/2 GET https://localhost:5003/swagger/index.html - null null] []
[2025-05-17 21:35:18.119 +03:00] [INF] [] [0HNCLE684MNE1:00000001] [/swagger/index.html] [Request finished HTTP/2 GET https://localhost:5003/swagger/index.html - 200 null text/html;charset=utf-8 291.7468ms] []
[2025-05-17 21:35:18.126 +03:00] [INF] [] [0HNCLE684MNE1:00000007] [/swagger/swagger-ui-standalone-preset.js] [Request starting HTTP/2 GET https://localhost:5003/swagger/swagger-ui-standalone-preset.js - null null] []
[2025-05-17 21:35:18.125 +03:00] [INF] [] [0HNCLE684MNE1:00000003] [/swagger/swagger-ui.css] [Request starting HTTP/2 GET https://localhost:5003/swagger/swagger-ui.css - null null] []
[2025-05-17 21:35:18.139 +03:00] [INF] [] [0HNCLE684MNE1:00000009] [/_framework/aspnetcore-browser-refresh.js] [Request starting HTTP/2 GET https://localhost:5003/_framework/aspnetcore-browser-refresh.js - null null] []
[2025-05-17 21:35:18.126 +03:00] [INF] [] [0HNCLE684MNE1:00000005] [/swagger/swagger-ui-bundle.js] [Request starting HTTP/2 GET https://localhost:5003/swagger/swagger-ui-bundle.js - null null] []
[2025-05-17 21:35:18.143 +03:00] [INF] [] [0HNCLE684MNE1:0000000B] [/_vs/browserLink] [Request starting HTTP/2 GET https://localhost:5003/_vs/browserLink - null null] []
[2025-05-17 21:35:18.308 +03:00] [INF] [] [0HNCLE684MNE1:00000009] [/_framework/aspnetcore-browser-refresh.js] [Request finished HTTP/2 GET https://localhost:5003/_framework/aspnetcore-browser-refresh.js - 200 16503 application/javascript; charset=utf-8 169.4484ms] []
[2025-05-17 21:35:18.376 +03:00] [INF] [] [0HNCLE684MNE1:00000003] [/swagger/swagger-ui.css] [Sending file. Request path: '/swagger-ui.css'. Physical path: 'N/A'] []
[2025-05-17 21:35:18.432 +03:00] [INF] [] [0HNCLE684MNE1:00000007] [/swagger/swagger-ui-standalone-preset.js] [Sending file. Request path: '/swagger-ui-standalone-preset.js'. Physical path: 'N/A'] []
[2025-05-17 21:35:18.595 +03:00] [INF] [] [0HNCLE684MNE1:00000003] [/swagger/swagger-ui.css] [Request finished HTTP/2 GET https://localhost:5003/swagger/swagger-ui.css - 200 143943 text/css 470.1964ms] []
[2025-05-17 21:35:18.602 +03:00] [INF] [] [0HNCLE684MNE1:00000007] [/swagger/swagger-ui-standalone-preset.js] [Request finished HTTP/2 GET https://localhost:5003/swagger/swagger-ui-standalone-preset.js - 200 339486 text/javascript 475.4441ms] []
[2025-05-17 21:35:18.664 +03:00] [INF] [] [0HNCLE684MNE1:00000005] [/swagger/swagger-ui-bundle.js] [Sending file. Request path: '/swagger-ui-bundle.js'. Physical path: 'N/A'] []
[2025-05-17 21:35:18.713 +03:00] [INF] [] [0HNCLE684MNE1:00000005] [/swagger/swagger-ui-bundle.js] [Request finished HTTP/2 GET https://localhost:5003/swagger/swagger-ui-bundle.js - 200 1096145 text/javascript 587.2333ms] []
[2025-05-17 21:35:18.726 +03:00] [INF] [] [0HNCLE684MNE1:0000000B] [/_vs/browserLink] [Request finished HTTP/2 GET https://localhost:5003/_vs/browserLink - 200 null text/javascript; charset=UTF-8 585.3002ms] []
[2025-05-17 21:35:19.393 +03:00] [INF] [] [0HNCLE684MNE1:0000000D] [/swagger/v1/swagger.json] [Request starting HTTP/2 GET https://localhost:5003/swagger/v1/swagger.json - null null] []
[2025-05-17 21:35:19.544 +03:00] [INF] [] [0HNCLE684MNE1:0000000F] [/swagger/favicon-32x32.png] [Request starting HTTP/2 GET https://localhost:5003/swagger/favicon-32x32.png - null null] []
[2025-05-17 21:35:19.596 +03:00] [INF] [] [0HNCLE684MNE1:0000000F] [/swagger/favicon-32x32.png] [Sending file. Request path: '/favicon-32x32.png'. Physical path: 'N/A'] []
[2025-05-17 21:35:19.601 +03:00] [INF] [] [0HNCLE684MNE1:0000000F] [/swagger/favicon-32x32.png] [Request finished HTTP/2 GET https://localhost:5003/swagger/favicon-32x32.png - 200 628 image/png 57.1839ms] []
[2025-05-17 21:35:19.631 +03:00] [INF] [] [0HNCLE684MNE1:0000000D] [/swagger/v1/swagger.json] [Request finished HTTP/2 GET https://localhost:5003/swagger/v1/swagger.json - 200 null application/json;charset=utf-8 237.887ms] []
[2025-05-17 21:46:37.322 +03:00] [INF] [] [0HNCLE684MNE2:00000001] [/] [Request starting HTTP/1.1 GET https://e462-197-232-41-24.ngrok-free.app/ - null null] []
[2025-05-17 21:46:37.479 +03:00] [INF] [] [0HNCLE684MNE2:00000001] [/] [Request finished HTTP/1.1 GET https://e462-197-232-41-24.ngrok-free.app/ - 404 0 null 157.4536ms] []
[2025-05-17 21:46:37.489 +03:00] [INF] [] [0HNCLE684MNE2:00000001] [/] [Request reached the end of the middleware pipeline without being handled by application code. Request path: GET https://e462-197-232-41-24.ngrok-free.app/, Response status code: 404] []
[2025-05-17 21:46:43.808 +03:00] [INF] [] [0HNCLE684MNE2:00000002] [/] [Request starting HTTP/1.1 GET https://e462-197-232-41-24.ngrok-free.app/ - null null] []
[2025-05-17 21:46:43.824 +03:00] [INF] [] [0HNCLE684MNE2:00000002] [/] [Request finished HTTP/1.1 GET https://e462-197-232-41-24.ngrok-free.app/ - 404 0 null 15.8671ms] []
[2025-05-17 21:46:43.834 +03:00] [INF] [] [0HNCLE684MNE2:00000002] [/] [Request reached the end of the middleware pipeline without being handled by application code. Request path: GET https://e462-197-232-41-24.ngrok-free.app/, Response status code: 404] []
[2025-05-17 21:46:53.810 +03:00] [INF] [] [0HNCLE684MNE3:00000001] [/] [Request starting HTTP/1.1 GET https://e462-197-232-41-24.ngrok-free.app/ - null null] []
[2025-05-17 21:46:53.825 +03:00] [INF] [] [0HNCLE684MNE3:00000001] [/] [Request finished HTTP/1.1 GET https://e462-197-232-41-24.ngrok-free.app/ - 404 0 null 15.2472ms] []
[2025-05-17 21:46:53.832 +03:00] [INF] [] [0HNCLE684MNE3:00000001] [/] [Request reached the end of the middleware pipeline without being handled by application code. Request path: GET https://e462-197-232-41-24.ngrok-free.app/, Response status code: 404] []
[2025-05-17 21:46:56.758 +03:00] [INF] [] [0HNCLE684MNE3:00000002] [/] [Request starting HTTP/1.1 GET https://e462-197-232-41-24.ngrok-free.app/ - null null] []
[2025-05-17 21:46:56.775 +03:00] [INF] [] [0HNCLE684MNE3:00000002] [/] [Request finished HTTP/1.1 GET https://e462-197-232-41-24.ngrok-free.app/ - 404 0 null 18.3391ms] []
[2025-05-17 21:46:56.784 +03:00] [INF] [] [0HNCLE684MNE3:00000002] [/] [Request reached the end of the middleware pipeline without being handled by application code. Request path: GET https://e462-197-232-41-24.ngrok-free.app/, Response status code: 404] []
[2025-05-17 21:47:20.886 +03:00] [INF] [] [0HNCLE684MNE3:00000003] [/] [Request starting HTTP/1.1 GET https://e462-197-232-41-24.ngrok-free.app/ - null null] []
[2025-05-17 21:47:20.897 +03:00] [INF] [] [0HNCLE684MNE3:00000003] [/] [Request finished HTTP/1.1 GET https://e462-197-232-41-24.ngrok-free.app/ - 404 0 null 7.4494ms] []
[2025-05-17 21:47:20.906 +03:00] [INF] [] [0HNCLE684MNE3:00000003] [/] [Request reached the end of the middleware pipeline without being handled by application code. Request path: GET https://e462-197-232-41-24.ngrok-free.app/, Response status code: 404] []
[2025-05-17 21:47:24.608 +03:00] [INF] [] [0HNCLE684MNE3:00000004] [/] [Request starting HTTP/1.1 GET https://e462-197-232-41-24.ngrok-free.app/ - null null] []
[2025-05-17 21:47:24.618 +03:00] [INF] [] [0HNCLE684MNE3:00000004] [/] [Request finished HTTP/1.1 GET https://e462-197-232-41-24.ngrok-free.app/ - 404 0 null 9.9582ms] []
[2025-05-17 21:47:24.622 +03:00] [INF] [] [0HNCLE684MNE3:00000004] [/] [Request reached the end of the middleware pipeline without being handled by application code. Request path: GET https://e462-197-232-41-24.ngrok-free.app/, Response status code: 404] []
[2025-05-17 21:48:17.400 +03:00] [INF] [] [0HNCLE684MNE3:00000005] [/swagger/index.html] [Request starting HTTP/1.1 GET https://e462-197-232-41-24.ngrok-free.app/swagger/index.html - null null] []
[2025-05-17 21:48:17.447 +03:00] [INF] [] [0HNCLE684MNE3:00000005] [/swagger/index.html] [Request finished HTTP/1.1 GET https://e462-197-232-41-24.ngrok-free.app/swagger/index.html - 200 null text/html;charset=utf-8 47.6161ms] []
[2025-05-17 21:48:17.779 +03:00] [INF] [] [0HNCLE684MNE3:00000006] [/swagger/swagger-ui.css] [Request starting HTTP/1.1 GET https://e462-197-232-41-24.ngrok-free.app/swagger/swagger-ui.css - null null] []
[2025-05-17 21:48:17.804 +03:00] [INF] [] [0HNCLE684MNE3:00000006] [/swagger/swagger-ui.css] [Sending file. Request path: '/swagger-ui.css'. Physical path: 'N/A'] []
[2025-05-17 21:48:17.819 +03:00] [INF] [] [0HNCLE684MNE3:00000006] [/swagger/swagger-ui.css] [Request finished HTTP/1.1 GET https://e462-197-232-41-24.ngrok-free.app/swagger/swagger-ui.css - 200 143943 text/css 40.1386ms] []
[2025-05-17 21:48:17.838 +03:00] [INF] [] [0HNCLE684MNE4:00000001] [/swagger/swagger-ui-bundle.js] [Request starting HTTP/1.1 GET https://e462-197-232-41-24.ngrok-free.app/swagger/swagger-ui-bundle.js - null null] []
[2025-05-17 21:48:17.856 +03:00] [INF] [] [0HNCLE684MNE7:00000001] [/_vs/browserLink] [Request starting HTTP/1.1 GET https://e462-197-232-41-24.ngrok-free.app/_vs/browserLink - null null] []
[2025-05-17 21:48:17.849 +03:00] [INF] [] [0HNCLE684MNE6:00000001] [/_framework/aspnetcore-browser-refresh.js] [Request starting HTTP/1.1 GET https://e462-197-232-41-24.ngrok-free.app/_framework/aspnetcore-browser-refresh.js - null null] []
[2025-05-17 21:48:17.840 +03:00] [INF] [] [0HNCLE684MNE5:00000001] [/swagger/swagger-ui-standalone-preset.js] [Request starting HTTP/1.1 GET https://e462-197-232-41-24.ngrok-free.app/swagger/swagger-ui-standalone-preset.js - null null] []
[2025-05-17 21:48:17.865 +03:00] [INF] [] [0HNCLE684MNE6:00000001] [/_framework/aspnetcore-browser-refresh.js] [Request finished HTTP/1.1 GET https://e462-197-232-41-24.ngrok-free.app/_framework/aspnetcore-browser-refresh.js - 200 16503 application/javascript; charset=utf-8 16.8206ms] []
[2025-05-17 21:48:17.870 +03:00] [INF] [] [0HNCLE684MNE5:00000001] [/swagger/swagger-ui-standalone-preset.js] [Sending file. Request path: '/swagger-ui-standalone-preset.js'. Physical path: 'N/A'] []
[2025-05-17 21:48:17.862 +03:00] [INF] [] [0HNCLE684MNE4:00000001] [/swagger/swagger-ui-bundle.js] [Sending file. Request path: '/swagger-ui-bundle.js'. Physical path: 'N/A'] []
[2025-05-17 21:48:17.877 +03:00] [INF] [] [0HNCLE684MNE5:00000001] [/swagger/swagger-ui-standalone-preset.js] [Request finished HTTP/1.1 GET https://e462-197-232-41-24.ngrok-free.app/swagger/swagger-ui-standalone-preset.js - 200 339486 text/javascript 37.3889ms] []
[2025-05-17 21:48:17.878 +03:00] [INF] [] [0HNCLE684MNE7:00000001] [/_vs/browserLink] [Request finished HTTP/1.1 GET https://e462-197-232-41-24.ngrok-free.app/_vs/browserLink - 200 null text/javascript; charset=UTF-8 21.7521ms] []
[2025-05-17 21:48:17.879 +03:00] [INF] [] [0HNCLE684MNE4:00000001] [/swagger/swagger-ui-bundle.js] [Request finished HTTP/1.1 GET https://e462-197-232-41-24.ngrok-free.app/swagger/swagger-ui-bundle.js - 200 1096145 text/javascript 41.6054ms] []
[2025-05-17 21:48:19.962 +03:00] [INF] [] [0HNCLE684MNE3:00000007] [/swagger/v1/swagger.json] [Request starting HTTP/1.1 GET https://e462-197-232-41-24.ngrok-free.app/swagger/v1/swagger.json - null null] []
[2025-05-17 21:48:19.982 +03:00] [INF] [] [0HNCLE684MNE3:00000007] [/swagger/v1/swagger.json] [Request finished HTTP/1.1 GET https://e462-197-232-41-24.ngrok-free.app/swagger/v1/swagger.json - 200 null application/json;charset=utf-8 19.9561ms] []
[2025-05-17 21:48:19.996 +03:00] [INF] [] [0HNCLE684MNE6:00000002] [/swagger/favicon-32x32.png] [Request starting HTTP/1.1 GET https://e462-197-232-41-24.ngrok-free.app/swagger/favicon-32x32.png - null null] []
[2025-05-17 21:48:20.002 +03:00] [INF] [] [0HNCLE684MNE6:00000002] [/swagger/favicon-32x32.png] [Sending file. Request path: '/favicon-32x32.png'. Physical path: 'N/A'] []
[2025-05-17 21:48:20.005 +03:00] [INF] [] [0HNCLE684MNE6:00000002] [/swagger/favicon-32x32.png] [Request finished HTTP/1.1 GET https://e462-197-232-41-24.ngrok-free.app/swagger/favicon-32x32.png - 200 628 image/png 8.9815ms] []
[2025-05-17 21:50:13.958 +03:00] [ERR] [] [] [] [Failed executing DbCommand (7ms) [Parameters=[], CommandType='"Text"', CommandTimeout='30']
SELECT `m`.`Id`, `m`.`BillRefNumber`, `m`.`BusinessShortCode`, `m`.`CreatedAt`, `m`.`FirstName`, `m`.`InvoiceNumber`, `m`.`IsVerified`, `m`.`LastName`, `m`.`MSISDN`, `m`.`MiddleName`, `m`.`OrgAccountBalance`, `m`.`RetryCount`, `m`.`ThirdPartyTransID`, `m`.`TransAmount`, `m`.`TransID`, `m`.`TransTime`, `m`.`TransactionType`, `m`.`VerificationDate`, `m`.`VerificationResult`
FROM `MpesaC2Bs` AS `m`
WHERE NOT (`m`.`IsVerified`) AND (`m`.`CreatedAt` > DATE_ADD(UTC_TIMESTAMP(), INTERVAL CAST(-7.0 AS signed) day))] []
[2025-05-17 21:50:13.973 +03:00] [ERR] [] [] [] [An exception occurred while iterating over the results of a query for context type 'Daraja.DbContext.DarajaDbContext'.
MySqlConnector.MySqlException (0x80004005): Unknown column 'm.IsVerified' in 'field list'
   at MySqlConnector.Core.ServerSession.ReceiveReplyAsync(IOBehavior ioBehavior, CancellationToken cancellationToken) in /_/src/MySqlConnector/Core/ServerSession.cs:line 894
   at MySqlConnector.Core.ResultSet.ReadResultSetHeaderAsync(IOBehavior ioBehavior) in /_/src/MySqlConnector/Core/ResultSet.cs:line 37
   at MySqlConnector.MySqlDataReader.ActivateResultSet(CancellationToken cancellationToken) in /_/src/MySqlConnector/MySqlDataReader.cs:line 130
   at MySqlConnector.MySqlDataReader.InitAsync(CommandListPosition commandListPosition, ICommandPayloadCreator payloadCreator, IDictionary`2 cachedProcedures, IMySqlCommand command, CommandBehavior behavior, Activity activity, IOBehavior ioBehavior, CancellationToken cancellationToken) in /_/src/MySqlConnector/MySqlDataReader.cs:line 483
   at MySqlConnector.Core.CommandExecutor.ExecuteReaderAsync(CommandListPosition commandListPosition, ICommandPayloadCreator payloadCreator, CommandBehavior behavior, Activity activity, IOBehavior ioBehavior, CancellationToken cancellationToken) in /_/src/MySqlConnector/Core/CommandExecutor.cs:line 56
   at MySqlConnector.MySqlCommand.ExecuteReaderAsync(CommandBehavior behavior, IOBehavior ioBehavior, CancellationToken cancellationToken) in /_/src/MySqlConnector/MySqlCommand.cs:line 357
   at MySqlConnector.MySqlCommand.ExecuteDbDataReaderAsync(CommandBehavior behavior, CancellationToken cancellationToken) in /_/src/MySqlConnector/MySqlCommand.cs:line 350
   at Microsoft.EntityFrameworkCore.Storage.RelationalCommand.ExecuteReaderAsync(RelationalCommandParameterObject parameterObject, CancellationToken cancellationToken)
   at Microsoft.EntityFrameworkCore.Storage.RelationalCommand.ExecuteReaderAsync(RelationalCommandParameterObject parameterObject, CancellationToken cancellationToken)
   at Microsoft.EntityFrameworkCore.Query.Internal.SingleQueryingEnumerable`1.AsyncEnumerator.InitializeReaderAsync(AsyncEnumerator enumerator, CancellationToken cancellationToken)
   at Microsoft.EntityFrameworkCore.Storage.ExecutionStrategy.<>c__DisplayClass30_0`2.<<ExecuteAsync>b__0>d.MoveNext()
--- End of stack trace from previous location ---
   at Microsoft.EntityFrameworkCore.Storage.ExecutionStrategy.ExecuteImplementationAsync[TState,TResult](Func`4 operation, Func`4 verifySucceeded, TState state, CancellationToken cancellationToken)
   at Microsoft.EntityFrameworkCore.Storage.ExecutionStrategy.ExecuteImplementationAsync[TState,TResult](Func`4 operation, Func`4 verifySucceeded, TState state, CancellationToken cancellationToken)
   at Microsoft.EntityFrameworkCore.Storage.ExecutionStrategy.ExecuteAsync[TState,TResult](TState state, Func`4 operation, Func`4 verifySucceeded, CancellationToken cancellationToken)
   at Microsoft.EntityFrameworkCore.Query.Internal.SingleQueryingEnumerable`1.AsyncEnumerator.MoveNextAsync()] [MySqlConnector.MySqlException (0x80004005): Unknown column 'm.IsVerified' in 'field list'
   at MySqlConnector.Core.ServerSession.ReceiveReplyAsync(IOBehavior ioBehavior, CancellationToken cancellationToken) in /_/src/MySqlConnector/Core/ServerSession.cs:line 894
   at MySqlConnector.Core.ResultSet.ReadResultSetHeaderAsync(IOBehavior ioBehavior) in /_/src/MySqlConnector/Core/ResultSet.cs:line 37
   at MySqlConnector.MySqlDataReader.ActivateResultSet(CancellationToken cancellationToken) in /_/src/MySqlConnector/MySqlDataReader.cs:line 130
   at MySqlConnector.MySqlDataReader.InitAsync(CommandListPosition commandListPosition, ICommandPayloadCreator payloadCreator, IDictionary`2 cachedProcedures, IMySqlCommand command, CommandBehavior behavior, Activity activity, IOBehavior ioBehavior, CancellationToken cancellationToken) in /_/src/MySqlConnector/MySqlDataReader.cs:line 483
   at MySqlConnector.Core.CommandExecutor.ExecuteReaderAsync(CommandListPosition commandListPosition, ICommandPayloadCreator payloadCreator, CommandBehavior behavior, Activity activity, IOBehavior ioBehavior, CancellationToken cancellationToken) in /_/src/MySqlConnector/Core/CommandExecutor.cs:line 56
   at MySqlConnector.MySqlCommand.ExecuteReaderAsync(CommandBehavior behavior, IOBehavior ioBehavior, CancellationToken cancellationToken) in /_/src/MySqlConnector/MySqlCommand.cs:line 357
   at MySqlConnector.MySqlCommand.ExecuteDbDataReaderAsync(CommandBehavior behavior, CancellationToken cancellationToken) in /_/src/MySqlConnector/MySqlCommand.cs:line 350
   at Microsoft.EntityFrameworkCore.Storage.RelationalCommand.ExecuteReaderAsync(RelationalCommandParameterObject parameterObject, CancellationToken cancellationToken)
   at Microsoft.EntityFrameworkCore.Storage.RelationalCommand.ExecuteReaderAsync(RelationalCommandParameterObject parameterObject, CancellationToken cancellationToken)
   at Microsoft.EntityFrameworkCore.Query.Internal.SingleQueryingEnumerable`1.AsyncEnumerator.InitializeReaderAsync(AsyncEnumerator enumerator, CancellationToken cancellationToken)
   at Microsoft.EntityFrameworkCore.Storage.ExecutionStrategy.<>c__DisplayClass30_0`2.<<ExecuteAsync>b__0>d.MoveNext()
--- End of stack trace from previous location ---
   at Microsoft.EntityFrameworkCore.Storage.ExecutionStrategy.ExecuteImplementationAsync[TState,TResult](Func`4 operation, Func`4 verifySucceeded, TState state, CancellationToken cancellationToken)
   at Microsoft.EntityFrameworkCore.Storage.ExecutionStrategy.ExecuteImplementationAsync[TState,TResult](Func`4 operation, Func`4 verifySucceeded, TState state, CancellationToken cancellationToken)
   at Microsoft.EntityFrameworkCore.Storage.ExecutionStrategy.ExecuteAsync[TState,TResult](TState state, Func`4 operation, Func`4 verifySucceeded, CancellationToken cancellationToken)
   at Microsoft.EntityFrameworkCore.Query.Internal.SingleQueryingEnumerable`1.AsyncEnumerator.MoveNextAsync()
]
[2025-05-17 21:50:14.536 +03:00] [ERR] [] [] [] [Payment reconciliation failed] [MySqlConnector.MySqlException (0x80004005): Unknown column 'm.IsVerified' in 'field list'
   at MySqlConnector.Core.ServerSession.ReceiveReplyAsync(IOBehavior ioBehavior, CancellationToken cancellationToken) in /_/src/MySqlConnector/Core/ServerSession.cs:line 894
   at MySqlConnector.Core.ResultSet.ReadResultSetHeaderAsync(IOBehavior ioBehavior) in /_/src/MySqlConnector/Core/ResultSet.cs:line 37
   at MySqlConnector.MySqlDataReader.ActivateResultSet(CancellationToken cancellationToken) in /_/src/MySqlConnector/MySqlDataReader.cs:line 130
   at MySqlConnector.MySqlDataReader.InitAsync(CommandListPosition commandListPosition, ICommandPayloadCreator payloadCreator, IDictionary`2 cachedProcedures, IMySqlCommand command, CommandBehavior behavior, Activity activity, IOBehavior ioBehavior, CancellationToken cancellationToken) in /_/src/MySqlConnector/MySqlDataReader.cs:line 483
   at MySqlConnector.Core.CommandExecutor.ExecuteReaderAsync(CommandListPosition commandListPosition, ICommandPayloadCreator payloadCreator, CommandBehavior behavior, Activity activity, IOBehavior ioBehavior, CancellationToken cancellationToken) in /_/src/MySqlConnector/Core/CommandExecutor.cs:line 56
   at MySqlConnector.MySqlCommand.ExecuteReaderAsync(CommandBehavior behavior, IOBehavior ioBehavior, CancellationToken cancellationToken) in /_/src/MySqlConnector/MySqlCommand.cs:line 357
   at MySqlConnector.MySqlCommand.ExecuteDbDataReaderAsync(CommandBehavior behavior, CancellationToken cancellationToken) in /_/src/MySqlConnector/MySqlCommand.cs:line 350
   at Microsoft.EntityFrameworkCore.Storage.RelationalCommand.ExecuteReaderAsync(RelationalCommandParameterObject parameterObject, CancellationToken cancellationToken)
   at Microsoft.EntityFrameworkCore.Storage.RelationalCommand.ExecuteReaderAsync(RelationalCommandParameterObject parameterObject, CancellationToken cancellationToken)
   at Microsoft.EntityFrameworkCore.Query.Internal.SingleQueryingEnumerable`1.AsyncEnumerator.InitializeReaderAsync(AsyncEnumerator enumerator, CancellationToken cancellationToken)
   at Microsoft.EntityFrameworkCore.Storage.ExecutionStrategy.<>c__DisplayClass30_0`2.<<ExecuteAsync>b__0>d.MoveNext()
--- End of stack trace from previous location ---
   at Microsoft.EntityFrameworkCore.Storage.ExecutionStrategy.ExecuteImplementationAsync[TState,TResult](Func`4 operation, Func`4 verifySucceeded, TState state, CancellationToken cancellationToken)
   at Microsoft.EntityFrameworkCore.Storage.ExecutionStrategy.ExecuteImplementationAsync[TState,TResult](Func`4 operation, Func`4 verifySucceeded, TState state, CancellationToken cancellationToken)
   at Microsoft.EntityFrameworkCore.Storage.ExecutionStrategy.ExecuteAsync[TState,TResult](TState state, Func`4 operation, Func`4 verifySucceeded, CancellationToken cancellationToken)
   at Microsoft.EntityFrameworkCore.Query.Internal.SingleQueryingEnumerable`1.AsyncEnumerator.MoveNextAsync()
   at Microsoft.EntityFrameworkCore.EntityFrameworkQueryableExtensions.ToListAsync[TSource](IQueryable`1 source, CancellationToken cancellationToken)
   at Microsoft.EntityFrameworkCore.EntityFrameworkQueryableExtensions.ToListAsync[TSource](IQueryable`1 source, CancellationToken cancellationToken)
   at DarajaAPI.Repositories.MpesaTransactionRepository.GetUnverifiedTransactionsAsync() in C:\Users\ianga\source\repos\DarajaIntegration\DarajaAPI\Repositories\MpesaTransactionRepository.cs:line 19
   at DarajaAPI.Services.Background.PaymentReconciliationService.ExecuteAsync(CancellationToken stoppingToken) in C:\Users\ianga\source\repos\DarajaIntegration\DarajaAPI\Services\Background\PaymentReconciliationService.cs:line 30
]
[2025-05-17 21:56:18.700 +03:00] [INF] [] [0HNCLE684MNE8:00000001] [/swagger/index.html] [Request starting HTTP/1.1 GET https://e462-197-232-41-24.ngrok-free.app/swagger/index.html - null null] []
[2025-05-17 21:56:18.728 +03:00] [INF] [] [0HNCLE684MNE8:00000001] [/swagger/index.html] [Request finished HTTP/1.1 GET https://e462-197-232-41-24.ngrok-free.app/swagger/index.html - 200 null text/html;charset=utf-8 30.4722ms] []
[2025-05-17 21:57:00.200 +03:00] [INF] [] [0HNCLE684MNE9:00000001] [/swagger/index.html] [Request starting HTTP/1.1 GET https://e462-197-232-41-24.ngrok-free.app/swagger/index.html - null null] []
[2025-05-17 21:57:00.217 +03:00] [INF] [] [0HNCLE684MNE9:00000001] [/swagger/index.html] [Request finished HTTP/1.1 GET https://e462-197-232-41-24.ngrok-free.app/swagger/index.html - 200 null text/html;charset=utf-8 17.1272ms] []
[2025-05-17 21:57:01.090 +03:00] [INF] [] [0HNCLE684MNE9:00000002] [/swagger/swagger-ui.css] [Request starting HTTP/1.1 GET https://e462-197-232-41-24.ngrok-free.app/swagger/swagger-ui.css - null null] []
[2025-05-17 21:57:01.147 +03:00] [INF] [] [0HNCLE684MNE9:00000002] [/swagger/swagger-ui.css] [Sending file. Request path: '/swagger-ui.css'. Physical path: 'N/A'] []
[2025-05-17 21:57:01.167 +03:00] [INF] [] [0HNCLE684MNE9:00000002] [/swagger/swagger-ui.css] [Request finished HTTP/1.1 GET https://e462-197-232-41-24.ngrok-free.app/swagger/swagger-ui.css - 200 143943 text/css 76.5013ms] []
[2025-05-17 21:57:01.299 +03:00] [INF] [] [0HNCLE684MNEA:00000001] [/_vs/browserLink] [Request starting HTTP/1.1 GET https://e462-197-232-41-24.ngrok-free.app/_vs/browserLink - null null] []
[2025-05-17 21:57:01.346 +03:00] [INF] [] [0HNCLE684MNEB:00000001] [/swagger/swagger-ui-standalone-preset.js] [Request starting HTTP/1.1 GET https://e462-197-232-41-24.ngrok-free.app/swagger/swagger-ui-standalone-preset.js - null null] []
[2025-05-17 21:57:01.363 +03:00] [INF] [] [0HNCLE684MNEA:00000001] [/_vs/browserLink] [Request finished HTTP/1.1 GET https://e462-197-232-41-24.ngrok-free.app/_vs/browserLink - 200 null text/javascript; charset=UTF-8 65.009ms] []
[2025-05-17 21:57:01.373 +03:00] [INF] [] [0HNCLE684MNEB:00000001] [/swagger/swagger-ui-standalone-preset.js] [Sending file. Request path: '/swagger-ui-standalone-preset.js'. Physical path: 'N/A'] []
[2025-05-17 21:57:01.388 +03:00] [INF] [] [0HNCLE684MNEB:00000001] [/swagger/swagger-ui-standalone-preset.js] [Request finished HTTP/1.1 GET https://e462-197-232-41-24.ngrok-free.app/swagger/swagger-ui-standalone-preset.js - 200 339486 text/javascript 41.5427ms] []
[2025-05-17 21:57:01.432 +03:00] [INF] [] [0HNCLE684MNEC:00000001] [/swagger/swagger-ui-bundle.js] [Request starting HTTP/1.1 GET https://e462-197-232-41-24.ngrok-free.app/swagger/swagger-ui-bundle.js - null null] []
[2025-05-17 21:57:01.453 +03:00] [INF] [] [0HNCLE684MNEC:00000001] [/swagger/swagger-ui-bundle.js] [Sending file. Request path: '/swagger-ui-bundle.js'. Physical path: 'N/A'] []
[2025-05-17 21:57:01.458 +03:00] [INF] [] [0HNCLE684MNEC:00000001] [/swagger/swagger-ui-bundle.js] [Request finished HTTP/1.1 GET https://e462-197-232-41-24.ngrok-free.app/swagger/swagger-ui-bundle.js - 200 1096145 text/javascript 25.4557ms] []
[2025-05-17 21:57:01.660 +03:00] [INF] [] [0HNCLE684MNED:00000001] [/_framework/aspnetcore-browser-refresh.js] [Request starting HTTP/1.1 GET https://e462-197-232-41-24.ngrok-free.app/_framework/aspnetcore-browser-refresh.js - null null] []
[2025-05-17 21:57:01.668 +03:00] [INF] [] [0HNCLE684MNED:00000001] [/_framework/aspnetcore-browser-refresh.js] [Request finished HTTP/1.1 GET https://e462-197-232-41-24.ngrok-free.app/_framework/aspnetcore-browser-refresh.js - 200 16503 application/javascript; charset=utf-8 8.0085ms] []
[2025-05-17 21:58:16.296 +03:00] [INF] [] [0HNCLE684MNEE:00000001] [/swagger/index.html] [Request starting HTTP/1.1 GET https://e462-197-232-41-24.ngrok-free.app/swagger/index.html - null null] []
[2025-05-17 21:58:16.315 +03:00] [INF] [] [0HNCLE684MNEE:00000001] [/swagger/index.html] [Request finished HTTP/1.1 GET https://e462-197-232-41-24.ngrok-free.app/swagger/index.html - 200 null text/html;charset=utf-8 18.3124ms] []
[2025-05-17 21:58:17.828 +03:00] [INF] [] [0HNCLE684MNEE:00000002] [/swagger/swagger-ui-bundle.js] [Request starting HTTP/1.1 GET https://e462-197-232-41-24.ngrok-free.app/swagger/swagger-ui-bundle.js - null null] []
[2025-05-17 21:58:17.853 +03:00] [INF] [] [0HNCLE684MNEE:00000002] [/swagger/swagger-ui-bundle.js] [Sending file. Request path: '/swagger-ui-bundle.js'. Physical path: 'N/A'] []
[2025-05-17 21:58:17.868 +03:00] [INF] [] [0HNCLE684MNEE:00000002] [/swagger/swagger-ui-bundle.js] [Request finished HTTP/1.1 GET https://e462-197-232-41-24.ngrok-free.app/swagger/swagger-ui-bundle.js - 200 1096145 text/javascript 40.1516ms] []
[2025-05-17 21:58:18.313 +03:00] [INF] [] [0HNCLE684MNEF:00000001] [/_framework/aspnetcore-browser-refresh.js] [Request starting HTTP/1.1 GET https://e462-197-232-41-24.ngrok-free.app/_framework/aspnetcore-browser-refresh.js - null null] []
[2025-05-17 21:58:18.327 +03:00] [INF] [] [0HNCLE684MNEG:00000001] [/_vs/browserLink] [Request starting HTTP/1.1 GET https://e462-197-232-41-24.ngrok-free.app/_vs/browserLink - null null] []
[2025-05-17 21:58:18.366 +03:00] [INF] [] [0HNCLE684MNEF:00000001] [/_framework/aspnetcore-browser-refresh.js] [Request finished HTTP/1.1 GET https://e462-197-232-41-24.ngrok-free.app/_framework/aspnetcore-browser-refresh.js - 200 16503 application/javascript; charset=utf-8 53.6757ms] []
[2025-05-17 21:58:18.395 +03:00] [INF] [] [0HNCLE684MNEG:00000001] [/_vs/browserLink] [Request finished HTTP/1.1 GET https://e462-197-232-41-24.ngrok-free.app/_vs/browserLink - 200 null text/javascript; charset=UTF-8 69.2191ms] []
